1.8787 	ERROR 	Support for the `sounddevice` audio backend is not available this session. Please install `psychopy-sounddevice` and restart the session to enable support.
4.9360 	WARNING 	User requested fullscreen with size [2048 1280], but screen is actually [1920, 1080]. Using actual size
5.4477 	EXP 	Created window1 = Window(allowGUI=True, allowStencil=False, autoLog=True, backendConf=UNKNOWN, backgroundFit=<method-wrapper '__getattribute__' of attributeSetter object at 0x000001C0DE112EB0>, backgroundImage=<method-wrapper '__getattribute__' of attributeSetter object at 0x000001C0DE112E50>, bitsMode=UNKNOWN, blendMode='avg', bpc=(8, 8, 8), color=array([0, 0, 0]), colorSpace='rgb', depthBits=8, fullscr=<method-wrapper '__getattribute__' of attributeSetter object at 0x000001C0DE112B50>, gamma=None, gammaErrorPolicy='raise', lms=UNKNOWN, monitor=<psychopy.monitors.calibTools.Monitor object at 0x000001C0E4928A00>, multiSample=False, name='window1', numSamples=2, pos=(0, 0), screen=1, size=array([1920, 1080]), stencilBits=0, stereo=False, units='height', useFBO=True, useRetina=False, viewOri=0.0, viewPos=None, viewScale=None, waitBlanking=True, winType='pyglet')
5.4477 	EXP 	window1: mouseVisible = True
5.4478 	EXP 	window1: backgroundImage = ''
5.4478 	EXP 	window1: backgroundFit = 'none'
5.4478 	EXP 	window1: mouseVisible = False
5.4479 	EXP 	window1: Attempting to measure frame rate of screen (1) ...
5.4479 	EXP 	window1: recordFrameIntervals = False
5.6141 	EXP 	window1: recordFrameIntervals = True
5.7975 	EXP 	Screen (1) actual frame rate measured at 59.98Hz
5.7975 	EXP 	window1: recordFrameIntervals = False
7.3548 	EXP 	Created text_2 = TextStim(__class__=<class 'psychopy.visual.text.TextStim'>, alignHoriz=method-wrapper(...), alignText='center', alignVert=method-wrapper(...), anchorHoriz='center', anchorVert='center', antialias=True, autoDraw=False, autoLog=True, bold=False, color=array([1., 1., 1.]), colorSpace='rgb', contrast=1.0, depth=-1.0, flipHoriz=False, flipVert=False, font='Open Sans', fontFiles=[], height=0.05, italic=False, languageStyle='LTR', name='text_2', opacity=1.0, ori=0.0, pos=array([0., 0.]), rgb=UNKNOWN, text=str(...), units='height', win=Window(...), wrapWidth=1)
7.3618 	EXP 	Created text_3 = TextStim(__class__=<class 'psychopy.visual.text.TextStim'>, alignHoriz=method-wrapper(...), alignText='center', alignVert=method-wrapper(...), anchorHoriz='center', anchorVert='center', antialias=True, autoDraw=False, autoLog=True, bold=False, color=array([1., 1., 1.]), colorSpace='rgb', contrast=1.0, depth=-1.0, flipHoriz=False, flipVert=False, font='Open Sans', fontFiles=[], height=0.03, italic=False, languageStyle='LTR', name='text_3', opacity=1.0, ori=0.0, pos=array([0.  , 0.47]), rgb=UNKNOWN, text='Choose a card. Press space to continue', units='height', win=Window(...), wrapWidth=1)
7.3743 	EXP 	Created card_1 = ImageStim(__class__=<class 'psychopy.visual.image.ImageStim'>, anchor=('center', 'center'), autoLog=True, color=array([1., 1., 1.]), colorSpace='rgb', contrast=1.0, depth=-3.0, flipHoriz=False, flipVert=False, image='default.png', interpolate=True, mask=None, maskParams=None, name='card_1', opacity=1.0, ori=0.0, pos=array([0., 0.]), size=array([0.2  , 0.266]), texRes=128.0, units='height', win=Window(...))
7.3840 	EXP 	Created card_2 = ImageStim(__class__=<class 'psychopy.visual.image.ImageStim'>, anchor=('center', 'center'), autoLog=True, color=array([1., 1., 1.]), colorSpace='rgb', contrast=1.0, depth=-4.0, flipHoriz=False, flipVert=False, image='default.png', interpolate=True, mask=None, maskParams=None, name='card_2', opacity=1.0, ori=0.0, pos=array([0., 0.]), size=array([0.2  , 0.266]), texRes=128.0, units='height', win=Window(...))
7.3967 	EXP 	Created card_3 = ImageStim(__class__=<class 'psychopy.visual.image.ImageStim'>, anchor=('center', 'center'), autoLog=True, color=array([1., 1., 1.]), colorSpace='rgb', contrast=1.0, depth=-5.0, flipHoriz=False, flipVert=False, image='default.png', interpolate=True, mask=None, maskParams=None, name='card_3', opacity=1.0, ori=0.0, pos=array([0., 0.]), size=array([0.2  , 0.266]), texRes=128.0, units='height', win=Window(...))
7.4082 	EXP 	Created card_4 = ImageStim(__class__=<class 'psychopy.visual.image.ImageStim'>, anchor=('center', 'center'), autoLog=True, color=array([1., 1., 1.]), colorSpace='rgb', contrast=1.0, depth=-6.0, flipHoriz=False, flipVert=False, image='default.png', interpolate=True, mask=None, maskParams=None, name='card_4', opacity=1.0, ori=0.0, pos=array([0., 0.]), size=array([0.2  , 0.266]), texRes=128.0, units='height', win=Window(...))
7.4198 	EXP 	Created card_5 = ImageStim(__class__=<class 'psychopy.visual.image.ImageStim'>, anchor=('center', 'center'), autoLog=True, color=array([1., 1., 1.]), colorSpace='rgb', contrast=1.0, depth=-7.0, flipHoriz=False, flipVert=False, image='default.png', interpolate=True, mask=None, maskParams=None, name='card_5', opacity=1.0, ori=0.0, pos=array([0., 0.]), size=array([0.2  , 0.266]), texRes=128.0, units='height', win=Window(...))
7.4324 	EXP 	Created card_6 = ImageStim(__class__=<class 'psychopy.visual.image.ImageStim'>, anchor=('center', 'center'), autoLog=True, color=array([1., 1., 1.]), colorSpace='rgb', contrast=1.0, depth=-8.0, flipHoriz=False, flipVert=False, image='default.png', interpolate=True, mask=None, maskParams=None, name='card_6', opacity=1.0, ori=0.0, pos=array([0., 0.]), size=array([0.2  , 0.266]), texRes=128.0, units='height', win=Window(...))
7.4438 	EXP 	Created card_7 = ImageStim(__class__=<class 'psychopy.visual.image.ImageStim'>, anchor=('center', 'center'), autoLog=True, color=array([1., 1., 1.]), colorSpace='rgb', contrast=1.0, depth=-9.0, flipHoriz=False, flipVert=False, image='default.png', interpolate=True, mask=None, maskParams=None, name='card_7', opacity=1.0, ori=0.0, pos=array([0., 0.]), size=array([0.2  , 0.266]), texRes=128.0, units='height', win=Window(...))
7.4547 	EXP 	Created card_8 = ImageStim(__class__=<class 'psychopy.visual.image.ImageStim'>, anchor=('center', 'center'), autoLog=True, color=array([1., 1., 1.]), colorSpace='rgb', contrast=1.0, depth=-10.0, flipHoriz=False, flipVert=False, image='default.png', interpolate=True, mask=None, maskParams=None, name='card_8', opacity=1.0, ori=0.0, pos=array([0., 0.]), size=array([0.2  , 0.266]), texRes=128.0, units='height', win=Window(...))
7.4661 	EXP 	Created card_9 = ImageStim(__class__=<class 'psychopy.visual.image.ImageStim'>, anchor=('center', 'center'), autoLog=True, color=array([1., 1., 1.]), colorSpace='rgb', contrast=1.0, depth=-11.0, flipHoriz=False, flipVert=False, image='default.png', interpolate=True, mask=None, maskParams=None, name='card_9', opacity=1.0, ori=0.0, pos=array([0., 0.]), size=array([0.2  , 0.266]), texRes=128.0, units='height', win=Window(...))
7.4834 	EXP 	Created text_4 = TextStim(__class__=<class 'psychopy.visual.text.TextStim'>, alignHoriz=method-wrapper(...), alignText='center', alignVert=method-wrapper(...), anchorHoriz='center', anchorVert='center', antialias=True, autoDraw=False, autoLog=True, bold=False, color=array([1., 1., 1.]), colorSpace='rgb', contrast=1.0, depth=0.0, flipHoriz=False, flipVert=False, font='Open Sans', fontFiles=[], height=0.05, italic=False, languageStyle='LTR', name='text_4', opacity=1.0, ori=0.0, pos=array([0., 0.]), rgb=UNKNOWN, text=str(...), units='height', win=Window(...), wrapWidth=1)
7.4862 	EXP 	Created polygon = ShapeStim(__class__=<class 'psychopy.visual.shape.ShapeStim'>, anchor=('center', 'center'), autoDraw=False, autoLog=True, closeShape=True, color=method-wrapper(...), colorSpace='rgb', contrast=None, depth=0.0, fillColor=array([1, 1, 1]), fillColorSpace='rgb', fillRGB=array([1, 1, 1]), interpolate=True, lineColor=array([1., 1., 1.]), lineColorSpace='rgb', lineRGB=array([1, 1, 1]), lineWidth=1.0, name='polygon', opacity=1.0, ori=0.0, pos=array([0., 0.]), size=array([0.1, 0.1]), units='height', vertices=ndarray(...), win=Window(...), windingRule=None)
7.4873 	EXP 	Created text = TextStim(__class__=<class 'psychopy.visual.text.TextStim'>, alignHoriz=method-wrapper(...), alignText='center', alignVert=method-wrapper(...), anchorHoriz='center', anchorVert='center', antialias=True, autoDraw=False, autoLog=True, bold=False, color=array([1., 1., 1.]), colorSpace='rgb', contrast=1.0, depth=0.0, flipHoriz=False, flipVert=False, font='Open Sans', fontFiles=[], height=0.05, italic=False, languageStyle='LTR', name='text', opacity=1.0, ori=0.0, pos=array([0., 0.]), rgb=UNKNOWN, text='', units='height', win=Window(...), wrapWidth=1)
7.5034 	EXP 	Created card_shown = ImageStim(__class__=<class 'psychopy.visual.image.ImageStim'>, anchor=('center', 'center'), autoLog=True, color=array([1., 1., 1.]), colorSpace='rgb', contrast=1.0, depth=-2.0, flipHoriz=False, flipVert=False, image='default.png', interpolate=True, mask=None, maskParams=None, name='card_shown', opacity=1.0, ori=0.0, pos=array([0., 0.]), size=array([0.2  , 0.266]), texRes=128.0, units='height', win=Window(...))
7.5925 	EXP 	text_2: autoDraw = True
8.3659 	WARNING 	Requested image '4_of_hearts' not found but similar filename '4_of_hearts.png' exists. This will be used instead but changing the filename is advised.
8.3865 	WARNING 	Requested image 'jack_of_hearts' not found but similar filename 'jack_of_hearts.png' exists. This will be used instead but changing the filename is advised.
8.4099 	WARNING 	Requested image '8_of_diamonds' not found but similar filename '8_of_diamonds.png' exists. This will be used instead but changing the filename is advised.
8.4301 	WARNING 	Requested image '9_of_clubs' not found but similar filename '9_of_clubs.png' exists. This will be used instead but changing the filename is advised.
8.4478 	WARNING 	Requested image 'king_of_hearts' not found but similar filename 'king_of_hearts.png' exists. This will be used instead but changing the filename is advised.
8.4703 	WARNING 	Requested image '3_of_diamonds' not found but similar filename '3_of_diamonds.png' exists. This will be used instead but changing the filename is advised.
8.4892 	WARNING 	Requested image '7_of_spades' not found but similar filename '7_of_spades.png' exists. This will be used instead but changing the filename is advised.
8.5078 	WARNING 	Requested image '2_of_spades' not found but similar filename '2_of_spades.png' exists. This will be used instead but changing the filename is advised.
8.5262 	WARNING 	Requested image '4_of_diamonds' not found but similar filename '4_of_diamonds.png' exists. This will be used instead but changing the filename is advised.
8.5474 	DATA 	Keypress: space
8.5650 	EXP 	text_2: autoDraw = False
8.5650 	EXP 	card_1: image = '4_of_hearts'
8.5650 	EXP 	card_2: image = 'jack_of_hearts'
8.5650 	EXP 	card_3: image = '8_of_diamonds'
8.5650 	EXP 	card_4: image = '9_of_clubs'
8.5650 	EXP 	card_5: image = 'king_of_hearts'
8.5650 	EXP 	card_6: image = '3_of_diamonds'
8.5650 	EXP 	card_7: image = '7_of_spades'
8.5650 	EXP 	card_8: image = '2_of_spades'
8.5650 	EXP 	card_9: image = '4_of_diamonds'
8.5650 	EXP 	text_3: autoDraw = True
8.5650 	EXP 	card_1: autoDraw = True
8.5650 	EXP 	card_2: autoDraw = True
8.5650 	EXP 	card_3: autoDraw = True
8.5650 	EXP 	card_4: autoDraw = True
8.5650 	EXP 	card_5: autoDraw = True
8.5650 	EXP 	card_6: autoDraw = True
8.5650 	EXP 	card_7: autoDraw = True
8.5650 	EXP 	card_8: autoDraw = True
8.5650 	EXP 	card_9: autoDraw = True
9.4828 	DATA 	Keypress: space
9.4980 	EXP 	text_3: autoDraw = False
9.4980 	EXP 	card_1: autoDraw = False
9.4980 	EXP 	card_2: autoDraw = False
9.4980 	EXP 	card_3: autoDraw = False
9.4980 	EXP 	card_4: autoDraw = False
9.4980 	EXP 	card_5: autoDraw = False
9.4980 	EXP 	card_6: autoDraw = False
9.4980 	EXP 	card_7: autoDraw = False
9.4980 	EXP 	card_8: autoDraw = False
9.4980 	EXP 	card_9: autoDraw = False
9.4980 	EXP 	text_4: autoDraw = True
10.3035 	DATA 	Keypress: space
10.3145 	EXP 	text_4: autoDraw = False
10.3145 	EXP 	polygon: autoDraw = True
12.3006 	EXP 	Created sequence: random, trialTypes=1, nReps=180, seed=None
12.3011 	EXP 	New trial (rep=0, index=0): None
12.3147 	EXP 	polygon: autoDraw = False
12.3147 	EXP 	polygon: autoDraw = False
12.3147 	EXP 	text: autoDraw = True
12.7990 	WARNING 	Requested image '7_of_spades' not found but similar filename '7_of_spades.png' exists. This will be used instead but changing the filename is advised.
12.8316 	EXP 	text: autoDraw = False
12.8316 	EXP 	text: autoDraw = False
12.8316 	EXP 	card_shown: image = '7_of_spades'
12.8316 	EXP 	card_shown: autoDraw = True
13.8152 	EXP 	New trial (rep=1, index=0): None
13.8313 	EXP 	card_shown: autoDraw = False
13.8313 	EXP 	text: autoDraw = True
14.3151 	WARNING 	Requested image 'king_of_hearts' not found but similar filename 'king_of_hearts.png' exists. This will be used instead but changing the filename is advised.
14.3314 	EXP 	text: autoDraw = False
14.3314 	EXP 	card_shown: image = 'king_of_hearts'
14.3314 	EXP 	card_shown: autoDraw = True
15.3153 	EXP 	New trial (rep=2, index=0): None
15.3314 	EXP 	card_shown: autoDraw = False
15.3314 	EXP 	text: autoDraw = True
15.8150 	WARNING 	Requested image '3_of_diamonds' not found but similar filename '3_of_diamonds.png' exists. This will be used instead but changing the filename is advised.
15.8312 	EXP 	text: autoDraw = False
15.8312 	EXP 	card_shown: image = '3_of_diamonds'
15.8312 	EXP 	card_shown: autoDraw = True
16.2153 	DATA 	Keypress: escape
16.8522 	EXP 	window1: mouseVisible = True
