2.9171 	WARNING 	We strongly recommend you activate the PTB sound engine in PsychoPy prefs as the preferred audio engine. Its timing is vastly superior. Your prefs are currently set to use ['sounddevice', 'PTB', 'pyo', 'pygame'] (in that order).
7.8861 	WARNING 	User requested fullscreen with size [1707 1067], but screen is actually [2560, 1600]. Using actual size
8.5068 	EXP 	Created window1 = Window(allowGUI=True, allowStencil=False, autoLog=True, backendConf=UNKNOWN, bitsMode=UNKNOWN, blendMode='avg', bpc=(8, 8, 8), color=array([0, 0, 0]), colorSpace='rgb', depthBits=8, fullscr=<method-wrapper '__getattribute__' of attributeSetter object at 0x000002397822F280>, gamma=None, gammaErrorPolicy='raise', lms=UNKNOWN, monitor=<psychopy.monitors.calibTools.Monitor object at 0x0000023979549490>, multiSample=False, name='window1', numSamples=2, pos=(0, 0), screen=0, size=array([2560, 1600]), stencilBits=0, stereo=False, units='height', useFBO=True, useRetina=False, viewOri=0.0, viewPos=None, viewScale=None, waitBlanking=True, winType='pyglet')
8.5070 	EXP 	window1: mouseVisible = True
8.5072 	EXP 	window1: mouseVisible = False
8.5072 	EXP 	window1: Attempting to measure frame rate of screen (0) ...
8.5072 	EXP 	window1: recordFrameIntervals = False
8.6261 	EXP 	window1: recordFrameIntervals = True
8.7602 	EXP 	Screen (0) actual frame rate measured at 82.41Hz
8.7603 	EXP 	window1: recordFrameIntervals = False
12.2795 	EXP 	Created text_2 = TextStim(__class__=<class 'psychopy.visual.text.TextStim'>, alignHoriz=method-wrapper(...), alignText='center', alignVert=method-wrapper(...), anchorHoriz='center', anchorVert='center', antialias=True, autoDraw=False, autoLog=True, bold=False, color=array([1, 1, 1]), colorSpace='rgb', contrast=1.0, depth=-1.0, flipHoriz=False, flipVert=False, font='Open Sans', fontFiles=[], height=0.05, italic=False, languageStyle='LTR', name='text_2', opacity=1.0, ori=0.0, pos=array([0., 0.]), rgb=UNKNOWN, text='press to begin\n', units='height', win=Window(...), wrapWidth=1)
12.2890 	EXP 	Created image = ImageStim(__class__=<class 'psychopy.visual.image.ImageStim'>, anchor=('center', 'center'), autoLog=True, color=array([1, 1, 1]), colorSpace='rgb', contrast=1.0, depth=-2.0, flipHoriz=False, flipVert=False, image='sin', interpolate=True, mask=None, maskParams=None, name='image', opacity=1.0, ori=0.0, pos=array([0., 0.]), size=array([300., 400.]), texRes=128.0, units='pix', win=Window(...))
12.2929 	EXP 	Created image_2 = ImageStim(__class__=<class 'psychopy.visual.image.ImageStim'>, anchor=('center', 'center'), autoLog=True, color=array([1, 1, 1]), colorSpace='rgb', contrast=1.0, depth=-3.0, flipHoriz=False, flipVert=False, image='sin', interpolate=True, mask=None, maskParams=None, name='image_2', opacity=1.0, ori=0.0, pos=array([0., 0.]), size=array([300., 400.]), texRes=128.0, units='pix', win=Window(...))
12.2969 	EXP 	Created image_3 = ImageStim(__class__=<class 'psychopy.visual.image.ImageStim'>, anchor=('center', 'center'), autoLog=True, color=array([1, 1, 1]), colorSpace='rgb', contrast=1.0, depth=-4.0, flipHoriz=False, flipVert=False, image='sin', interpolate=True, mask=None, maskParams=None, name='image_3', opacity=1.0, ori=0.0, pos=array([0., 0.]), size=array([300., 400.]), texRes=128.0, units='pix', win=Window(...))
12.3009 	EXP 	Created image_4 = ImageStim(__class__=<class 'psychopy.visual.image.ImageStim'>, anchor=('center', 'center'), autoLog=True, color=array([1, 1, 1]), colorSpace='rgb', contrast=1.0, depth=-5.0, flipHoriz=False, flipVert=False, image='sin', interpolate=True, mask=None, maskParams=None, name='image_4', opacity=1.0, ori=0.0, pos=array([0., 0.]), size=array([300., 400.]), texRes=128.0, units='pix', win=Window(...))
12.3046 	EXP 	Created image_5 = ImageStim(__class__=<class 'psychopy.visual.image.ImageStim'>, anchor=('center', 'center'), autoLog=True, color=array([1, 1, 1]), colorSpace='rgb', contrast=1.0, depth=-6.0, flipHoriz=False, flipVert=False, image='sin', interpolate=True, mask=None, maskParams=None, name='image_5', opacity=1.0, ori=0.0, pos=array([0., 0.]), size=array([300., 400.]), texRes=128.0, units='pix', win=Window(...))
12.3088 	EXP 	Created image_6 = ImageStim(__class__=<class 'psychopy.visual.image.ImageStim'>, anchor=('center', 'center'), autoLog=True, color=array([1, 1, 1]), colorSpace='rgb', contrast=1.0, depth=-7.0, flipHoriz=False, flipVert=False, image='sin', interpolate=True, mask=None, maskParams=None, name='image_6', opacity=1.0, ori=0.0, pos=array([0., 0.]), size=array([300., 400.]), texRes=128.0, units='pix', win=Window(...))
12.3127 	EXP 	Created image_7 = ImageStim(__class__=<class 'psychopy.visual.image.ImageStim'>, anchor=('center', 'center'), autoLog=True, color=array([1, 1, 1]), colorSpace='rgb', contrast=1.0, depth=-8.0, flipHoriz=False, flipVert=False, image='sin', interpolate=True, mask=None, maskParams=None, name='image_7', opacity=1.0, ori=0.0, pos=array([0., 0.]), size=array([300., 400.]), texRes=128.0, units='pix', win=Window(...))
12.3175 	EXP 	Created image_8 = ImageStim(__class__=<class 'psychopy.visual.image.ImageStim'>, anchor=('center', 'center'), autoLog=True, color=array([1, 1, 1]), colorSpace='rgb', contrast=1.0, depth=-9.0, flipHoriz=False, flipVert=False, image='sin', interpolate=True, mask=None, maskParams=None, name='image_8', opacity=1.0, ori=0.0, pos=array([0., 0.]), size=array([300., 400.]), texRes=128.0, units='pix', win=Window(...))
12.3228 	EXP 	Created image_9 = ImageStim(__class__=<class 'psychopy.visual.image.ImageStim'>, anchor=('center', 'center'), autoLog=True, color=array([1, 1, 1]), colorSpace='rgb', contrast=1.0, depth=-10.0, flipHoriz=False, flipVert=False, image='sin', interpolate=True, mask=None, maskParams=None, name='image_9', opacity=1.0, ori=0.0, pos=array([0., 0.]), size=array([300., 400.]), texRes=128.0, units='pix', win=Window(...))
12.3273 	EXP 	Created image_10 = ImageStim(__class__=<class 'psychopy.visual.image.ImageStim'>, anchor=('center', 'center'), autoLog=True, color=array([1, 1, 1]), colorSpace='rgb', contrast=1.0, depth=0.0, flipHoriz=False, flipVert=False, image='sin', interpolate=True, mask=None, maskParams=None, name='image_10', opacity=1.0, ori=0.0, pos=array([0., 0.]), size=array([300., 400.]), texRes=128.0, units='pix', win=Window(...))
12.3471 	EXP 	text_2: autoDraw = True
14.2869 	WARNING 	Requested image 'ace_of_spades' not found but similar filename 'ace_of_spades.png' exists. This will be used instead but changing the filename is advised.
14.3016 	WARNING 	Requested image '10_of_diamonds' not found but similar filename '10_of_diamonds.png' exists. This will be used instead but changing the filename is advised.
14.3132 	WARNING 	Requested image 'jack_of_clubs' not found but similar filename 'jack_of_clubs.png' exists. This will be used instead but changing the filename is advised.
14.3256 	WARNING 	Requested image '5_of_clubs' not found but similar filename '5_of_clubs.png' exists. This will be used instead but changing the filename is advised.
14.3380 	WARNING 	Requested image 'king_of_spades' not found but similar filename 'king_of_spades.png' exists. This will be used instead but changing the filename is advised.
14.3502 	WARNING 	Requested image 'queen_of_clubs' not found but similar filename 'queen_of_clubs.png' exists. This will be used instead but changing the filename is advised.
14.3626 	WARNING 	Requested image 'jack_of_diamonds' not found but similar filename 'jack_of_diamonds.png' exists. This will be used instead but changing the filename is advised.
14.3751 	WARNING 	Requested image '4_of_spades' not found but similar filename '4_of_spades.png' exists. This will be used instead but changing the filename is advised.
14.3865 	WARNING 	Requested image 'ace_of_hearts' not found but similar filename 'ace_of_hearts.png' exists. This will be used instead but changing the filename is advised.
14.4152 	DATA 	Keypress: space
14.4211 	EXP 	text_2: autoDraw = False
14.4211 	EXP 	image: image = 'ace_of_spades'
14.4211 	EXP 	image_2: image = '10_of_diamonds'
14.4211 	EXP 	image_3: image = 'jack_of_clubs'
14.4211 	EXP 	image_4: image = '5_of_clubs'
14.4211 	EXP 	image_5: image = 'king_of_spades'
14.4211 	EXP 	image_6: image = 'queen_of_clubs'
14.4211 	EXP 	image_7: image = 'jack_of_diamonds'
14.4211 	EXP 	image_8: image = '4_of_spades'
14.4211 	EXP 	image_9: image = 'ace_of_hearts'
14.4211 	EXP 	image: autoDraw = True
14.4211 	EXP 	image_2: autoDraw = True
14.4211 	EXP 	image_3: autoDraw = True
14.4211 	EXP 	image_4: autoDraw = True
14.4211 	EXP 	image_5: autoDraw = True
14.4211 	EXP 	image_6: autoDraw = True
14.4211 	EXP 	image_7: autoDraw = True
14.4211 	EXP 	image_8: autoDraw = True
14.4211 	EXP 	image_9: autoDraw = True
22.5977 	EXP 	Created sequence: random, trialTypes=1, nReps=50, seed=None
22.5982 	EXP 	New trial (rep=0, index=0): None
22.6810 	EXP 	window1: mouseVisible = True
