1.8598 	ERROR 	Support for the `sounddevice` audio backend is not available this session. Please install `psychopy-sounddevice` and restart the session to enable support.
5.2041 	EXP 	Created window1 = Window(allowGUI=True, allowStencil=False, autoLog=True, backendConf=UNKNOWN, backgroundFit=<method-wrapper '__getattribute__' of attributeSetter object at 0x00000151B6626D60>, backgroundImage=<method-wrapper '__getattribute__' of attributeSetter object at 0x00000151B6626D00>, bitsMode=UNKNOWN, blendMode='avg', bpc=(8, 8, 8), color=array([-1., -1., -1.]), colorSpace='rgb', depthBits=8, fullscr=<method-wrapper '__getattribute__' of attributeSetter object at 0x00000151B6626A00>, gamma=None, gammaErrorPolicy='raise', lms=UNKNOWN, monitor=<psychopy.monitors.calibTools.Monitor object at 0x00000151B7A73220>, multiSample=False, name='window1', numSamples=2, pos=(0, 0), screen=1, size=array([1920, 1080]), stencilBits=0, stereo=False, units='height', useFBO=True, useRetina=False, viewOri=0.0, viewPos=None, viewScale=None, waitBlanking=True, winType='pyglet')
5.2042 	EXP 	window1: mouseVisible = True
5.2042 	EXP 	window1: backgroundImage = ''
5.2042 	EXP 	window1: backgroundFit = 'none'
5.2043 	EXP 	window1: mouseVisible = False
5.2043 	EXP 	window1: Attempting to measure frame rate of screen (1) ...
5.2043 	EXP 	window1: recordFrameIntervals = False
5.3704 	EXP 	window1: recordFrameIntervals = True
5.5537 	EXP 	Screen (1) actual frame rate measured at 60.14Hz
5.5537 	EXP 	window1: recordFrameIntervals = False
7.1066 	EXP 	Created text_2 = TextStim(__class__=<class 'psychopy.visual.text.TextStim'>, alignHoriz=method-wrapper(...), alignText='center', alignVert=method-wrapper(...), anchorHoriz='center', anchorVert='center', antialias=True, autoDraw=False, autoLog=True, bold=False, color=array([1., 1., 1.]), colorSpace='rgb', contrast=1.0, depth=-1.0, flipHoriz=False, flipVert=False, font='Open Sans', fontFiles=[], height=0.05, italic=False, languageStyle='LTR', name='text_2', opacity=1.0, ori=0.0, pos=array([0., 0.]), rgb=UNKNOWN, text=str(...), units='height', win=Window(...), wrapWidth=1)
7.1132 	EXP 	Created text_3 = TextStim(__class__=<class 'psychopy.visual.text.TextStim'>, alignHoriz=method-wrapper(...), alignText='center', alignVert=method-wrapper(...), anchorHoriz='center', anchorVert='center', antialias=True, autoDraw=False, autoLog=True, bold=False, color=array([1., 1., 1.]), colorSpace='rgb', contrast=1.0, depth=-1.0, flipHoriz=False, flipVert=False, font='Open Sans', fontFiles=[], height=0.03, italic=False, languageStyle='LTR', name='text_3', opacity=1.0, ori=0.0, pos=array([0.  , 0.47]), rgb=UNKNOWN, text='Choose a card. Press space to continue', units='height', win=Window(...), wrapWidth=1)
7.1256 	EXP 	Created card_1 = ImageStim(__class__=<class 'psychopy.visual.image.ImageStim'>, anchor=('center', 'center'), autoLog=True, color=array([1., 1., 1.]), colorSpace='rgb', contrast=1.0, depth=-3.0, flipHoriz=False, flipVert=False, image='default.png', interpolate=True, mask=None, maskParams=None, name='card_1', opacity=1.0, ori=0.0, pos=array([0., 0.]), size=array([0.2  , 0.266]), texRes=128.0, units='height', win=Window(...))
7.1353 	EXP 	Created card_2 = ImageStim(__class__=<class 'psychopy.visual.image.ImageStim'>, anchor=('center', 'center'), autoLog=True, color=array([1., 1., 1.]), colorSpace='rgb', contrast=1.0, depth=-4.0, flipHoriz=False, flipVert=False, image='default.png', interpolate=True, mask=None, maskParams=None, name='card_2', opacity=1.0, ori=0.0, pos=array([0., 0.]), size=array([0.2  , 0.266]), texRes=128.0, units='height', win=Window(...))
7.1478 	EXP 	Created card_3 = ImageStim(__class__=<class 'psychopy.visual.image.ImageStim'>, anchor=('center', 'center'), autoLog=True, color=array([1., 1., 1.]), colorSpace='rgb', contrast=1.0, depth=-5.0, flipHoriz=False, flipVert=False, image='default.png', interpolate=True, mask=None, maskParams=None, name='card_3', opacity=1.0, ori=0.0, pos=array([0., 0.]), size=array([0.2  , 0.266]), texRes=128.0, units='height', win=Window(...))
7.1606 	EXP 	Created card_4 = ImageStim(__class__=<class 'psychopy.visual.image.ImageStim'>, anchor=('center', 'center'), autoLog=True, color=array([1., 1., 1.]), colorSpace='rgb', contrast=1.0, depth=-6.0, flipHoriz=False, flipVert=False, image='default.png', interpolate=True, mask=None, maskParams=None, name='card_4', opacity=1.0, ori=0.0, pos=array([0., 0.]), size=array([0.2  , 0.266]), texRes=128.0, units='height', win=Window(...))
7.1728 	EXP 	Created card_5 = ImageStim(__class__=<class 'psychopy.visual.image.ImageStim'>, anchor=('center', 'center'), autoLog=True, color=array([1., 1., 1.]), colorSpace='rgb', contrast=1.0, depth=-7.0, flipHoriz=False, flipVert=False, image='default.png', interpolate=True, mask=None, maskParams=None, name='card_5', opacity=1.0, ori=0.0, pos=array([0., 0.]), size=array([0.2  , 0.266]), texRes=128.0, units='height', win=Window(...))
7.1855 	EXP 	Created card_6 = ImageStim(__class__=<class 'psychopy.visual.image.ImageStim'>, anchor=('center', 'center'), autoLog=True, color=array([1., 1., 1.]), colorSpace='rgb', contrast=1.0, depth=-8.0, flipHoriz=False, flipVert=False, image='default.png', interpolate=True, mask=None, maskParams=None, name='card_6', opacity=1.0, ori=0.0, pos=array([0., 0.]), size=array([0.2  , 0.266]), texRes=128.0, units='height', win=Window(...))
7.1978 	EXP 	Created card_7 = ImageStim(__class__=<class 'psychopy.visual.image.ImageStim'>, anchor=('center', 'center'), autoLog=True, color=array([1., 1., 1.]), colorSpace='rgb', contrast=1.0, depth=-9.0, flipHoriz=False, flipVert=False, image='default.png', interpolate=True, mask=None, maskParams=None, name='card_7', opacity=1.0, ori=0.0, pos=array([0., 0.]), size=array([0.2  , 0.266]), texRes=128.0, units='height', win=Window(...))
7.2096 	EXP 	Created card_8 = ImageStim(__class__=<class 'psychopy.visual.image.ImageStim'>, anchor=('center', 'center'), autoLog=True, color=array([1., 1., 1.]), colorSpace='rgb', contrast=1.0, depth=-10.0, flipHoriz=False, flipVert=False, image='default.png', interpolate=True, mask=None, maskParams=None, name='card_8', opacity=1.0, ori=0.0, pos=array([0., 0.]), size=array([0.2  , 0.266]), texRes=128.0, units='height', win=Window(...))
7.2224 	EXP 	Created card_9 = ImageStim(__class__=<class 'psychopy.visual.image.ImageStim'>, anchor=('center', 'center'), autoLog=True, color=array([1., 1., 1.]), colorSpace='rgb', contrast=1.0, depth=-11.0, flipHoriz=False, flipVert=False, image='default.png', interpolate=True, mask=None, maskParams=None, name='card_9', opacity=1.0, ori=0.0, pos=array([0., 0.]), size=array([0.2  , 0.266]), texRes=128.0, units='height', win=Window(...))
7.2399 	EXP 	Created text_4 = TextStim(__class__=<class 'psychopy.visual.text.TextStim'>, alignHoriz=method-wrapper(...), alignText='center', alignVert=method-wrapper(...), anchorHoriz='center', anchorVert='center', antialias=True, autoDraw=False, autoLog=True, bold=False, color=array([1., 1., 1.]), colorSpace='rgb', contrast=1.0, depth=0.0, flipHoriz=False, flipVert=False, font='Open Sans', fontFiles=[], height=0.05, italic=False, languageStyle='LTR', name='text_4', opacity=1.0, ori=0.0, pos=array([0., 0.]), rgb=UNKNOWN, text=str(...), units='height', win=Window(...), wrapWidth=1)
7.2425 	EXP 	Created polygon = ShapeStim(__class__=<class 'psychopy.visual.shape.ShapeStim'>, anchor=('center', 'center'), autoDraw=False, autoLog=True, closeShape=True, color=method-wrapper(...), colorSpace='rgb', contrast=None, depth=0.0, fillColor=array([1, 1, 1]), fillColorSpace='rgb', fillRGB=array([1, 1, 1]), interpolate=True, lineColor=array([1., 1., 1.]), lineColorSpace='rgb', lineRGB=array([1, 1, 1]), lineWidth=1.0, name='polygon', opacity=1.0, ori=0.0, pos=array([0., 0.]), size=array([0.25, 0.25]), units='height', vertices=ndarray(...), win=Window(...), windingRule=None)
7.2435 	EXP 	Created text = TextStim(__class__=<class 'psychopy.visual.text.TextStim'>, alignHoriz=method-wrapper(...), alignText='center', alignVert=method-wrapper(...), anchorHoriz='center', anchorVert='center', antialias=True, autoDraw=False, autoLog=True, bold=False, color=array([1., 1., 1.]), colorSpace='rgb', contrast=1.0, depth=0.0, flipHoriz=False, flipVert=False, font='Open Sans', fontFiles=[], height=0.05, italic=False, languageStyle='LTR', name='text', opacity=1.0, ori=0.0, pos=array([0., 0.]), rgb=UNKNOWN, text='', units='height', win=Window(...), wrapWidth=1)
7.2597 	EXP 	Created card_shown = ImageStim(__class__=<class 'psychopy.visual.image.ImageStim'>, anchor=('center', 'center'), autoLog=True, color=array([1., 1., 1.]), colorSpace='rgb', contrast=1.0, depth=-2.0, flipHoriz=False, flipVert=False, image='default.png', interpolate=True, mask=None, maskParams=None, name='card_shown', opacity=1.0, ori=0.0, pos=array([0., 0.]), size=array([0.2  , 0.266]), texRes=128.0, units='height', win=Window(...))
7.2659 	EXP 	Created text_5 = TextStim(__class__=<class 'psychopy.visual.text.TextStim'>, alignHoriz=method-wrapper(...), alignText='center', alignVert=method-wrapper(...), anchorHoriz='center', anchorVert='center', antialias=True, autoDraw=False, autoLog=True, bold=False, color=array([1., 1., 1.]), colorSpace='rgb', contrast=1.0, depth=0.0, flipHoriz=False, flipVert=False, font='Open Sans', fontFiles=[], height=0.05, italic=False, languageStyle='LTR', name='text_5', opacity=1.0, ori=0.0, pos=array([0., 0.]), rgb=UNKNOWN, text=str(...), units='height', win=Window(...), wrapWidth=1)
7.3548 	EXP 	text_2: autoDraw = True
7.9893 	WARNING 	Requested image '9_of_clubs' not found but similar filename '9_of_clubs.png' exists. This will be used instead but changing the filename is advised.
8.0046 	WARNING 	Requested image '2_of_diamonds' not found but similar filename '2_of_diamonds.png' exists. This will be used instead but changing the filename is advised.
8.0222 	WARNING 	Requested image '2_of_hearts' not found but similar filename '2_of_hearts.png' exists. This will be used instead but changing the filename is advised.
8.0397 	WARNING 	Requested image '6_of_hearts' not found but similar filename '6_of_hearts.png' exists. This will be used instead but changing the filename is advised.
8.0573 	WARNING 	Requested image '2_of_spades' not found but similar filename '2_of_spades.png' exists. This will be used instead but changing the filename is advised.
8.0749 	WARNING 	Requested image '4_of_spades' not found but similar filename '4_of_spades.png' exists. This will be used instead but changing the filename is advised.
8.0922 	WARNING 	Requested image '8_of_clubs' not found but similar filename '8_of_clubs.png' exists. This will be used instead but changing the filename is advised.
8.1097 	WARNING 	Requested image 'queen_of_clubs' not found but similar filename 'queen_of_clubs.png' exists. This will be used instead but changing the filename is advised.
8.1272 	WARNING 	Requested image '10_of_diamonds' not found but similar filename '10_of_diamonds.png' exists. This will be used instead but changing the filename is advised.
8.1481 	DATA 	Keypress: space
8.1717 	EXP 	text_2: autoDraw = False
8.1717 	EXP 	card_1: image = '9_of_clubs'
8.1717 	EXP 	card_2: image = '2_of_diamonds'
8.1717 	EXP 	card_3: image = '2_of_hearts'
8.1717 	EXP 	card_4: image = '6_of_hearts'
8.1717 	EXP 	card_5: image = '2_of_spades'
8.1717 	EXP 	card_6: image = '4_of_spades'
8.1717 	EXP 	card_7: image = '8_of_clubs'
8.1717 	EXP 	card_8: image = 'queen_of_clubs'
8.1717 	EXP 	card_9: image = '10_of_diamonds'
8.1717 	EXP 	text_3: autoDraw = True
8.1717 	EXP 	card_1: autoDraw = True
8.1717 	EXP 	card_2: autoDraw = True
8.1717 	EXP 	card_3: autoDraw = True
8.1717 	EXP 	card_4: autoDraw = True
8.1717 	EXP 	card_5: autoDraw = True
8.1717 	EXP 	card_6: autoDraw = True
8.1717 	EXP 	card_7: autoDraw = True
8.1717 	EXP 	card_8: autoDraw = True
8.1717 	EXP 	card_9: autoDraw = True
8.7901 	DATA 	Keypress: space
8.8046 	EXP 	text_3: autoDraw = False
8.8046 	EXP 	card_1: autoDraw = False
8.8046 	EXP 	card_2: autoDraw = False
8.8046 	EXP 	card_3: autoDraw = False
8.8046 	EXP 	card_4: autoDraw = False
8.8046 	EXP 	card_5: autoDraw = False
8.8046 	EXP 	card_6: autoDraw = False
8.8046 	EXP 	card_7: autoDraw = False
8.8046 	EXP 	card_8: autoDraw = False
8.8046 	EXP 	card_9: autoDraw = False
8.8046 	EXP 	text_4: autoDraw = True
9.3555 	DATA 	Keypress: space
9.3715 	EXP 	text_4: autoDraw = False
9.8550 	EXP 	polygon: autoDraw = True
11.8396 	EXP 	Created sequence: random, trialTypes=1, nReps=180, seed=None
11.8401 	EXP 	New trial (rep=0, index=0): None
11.8548 	EXP 	polygon: autoDraw = False
11.8548 	EXP 	polygon: autoDraw = False
11.8548 	EXP 	text: autoDraw = True
12.3396 	WARNING 	Requested image '9_of_clubs' not found but similar filename '9_of_clubs.png' exists. This will be used instead but changing the filename is advised.
12.3717 	EXP 	text: autoDraw = False
12.3717 	EXP 	text: autoDraw = False
12.3717 	EXP 	card_shown: image = '9_of_clubs'
12.3717 	EXP 	card_shown: autoDraw = True
13.3555 	EXP 	New trial (rep=1, index=0): None
13.3715 	EXP 	card_shown: autoDraw = False
13.3715 	EXP 	card_shown: autoDraw = False
13.3715 	EXP 	text: autoDraw = True
13.8553 	WARNING 	Requested image '2_of_spades' not found but similar filename '2_of_spades.png' exists. This will be used instead but changing the filename is advised.
13.8724 	EXP 	text: autoDraw = False
13.8724 	EXP 	text: autoDraw = False
13.8724 	EXP 	card_shown: image = '2_of_spades'
13.8724 	EXP 	card_shown: autoDraw = True
14.8556 	EXP 	New trial (rep=2, index=0): None
14.8725 	EXP 	card_shown: autoDraw = False
14.8725 	EXP 	card_shown: autoDraw = False
14.8725 	EXP 	text: autoDraw = True
15.3553 	WARNING 	Requested image '2_of_spades' not found but similar filename '2_of_spades.png' exists. This will be used instead but changing the filename is advised.
15.3715 	EXP 	text: autoDraw = False
15.3715 	EXP 	text: autoDraw = False
15.3715 	EXP 	card_shown: image = '2_of_spades'
15.3715 	EXP 	card_shown: autoDraw = True
16.3555 	EXP 	New trial (rep=3, index=0): None
16.3715 	EXP 	card_shown: autoDraw = False
16.3715 	EXP 	card_shown: autoDraw = False
16.3715 	EXP 	text: autoDraw = True
16.8553 	WARNING 	Requested image '9_of_clubs' not found but similar filename '9_of_clubs.png' exists. This will be used instead but changing the filename is advised.
16.8725 	EXP 	text: autoDraw = False
16.8725 	EXP 	text: autoDraw = False
16.8725 	EXP 	card_shown: image = '9_of_clubs'
16.8725 	EXP 	card_shown: autoDraw = True
17.8556 	EXP 	New trial (rep=4, index=0): None
17.8724 	EXP 	card_shown: autoDraw = False
17.8724 	EXP 	card_shown: autoDraw = False
17.8724 	EXP 	text: autoDraw = True
18.3555 	WARNING 	Requested image '6_of_hearts' not found but similar filename '6_of_hearts.png' exists. This will be used instead but changing the filename is advised.
18.3715 	EXP 	text: autoDraw = False
18.3715 	EXP 	text: autoDraw = False
18.3715 	EXP 	card_shown: image = '6_of_hearts'
18.3715 	EXP 	card_shown: autoDraw = True
19.3557 	EXP 	New trial (rep=5, index=0): None
19.3715 	EXP 	card_shown: autoDraw = False
19.3715 	EXP 	card_shown: autoDraw = False
19.3715 	EXP 	text: autoDraw = True
19.8555 	WARNING 	Requested image '6_of_hearts' not found but similar filename '6_of_hearts.png' exists. This will be used instead but changing the filename is advised.
19.8722 	EXP 	text: autoDraw = False
19.8722 	EXP 	text: autoDraw = False
19.8722 	EXP 	card_shown: image = '6_of_hearts'
19.8722 	EXP 	card_shown: autoDraw = True
20.3223 	DATA 	Keypress: escape
20.6416 	EXP 	window1: mouseVisible = True
