2.8957 	WARNING 	We strongly recommend you activate the PTB sound engine in PsychoPy prefs as the preferred audio engine. Its timing is vastly superior. Your prefs are currently set to use ['sounddevice', 'PTB', 'pyo', 'pygame'] (in that order).
7.4967 	WARNING 	User requested fullscreen with size [1707 1067], but screen is actually [2560, 1600]. Using actual size
8.0780 	EXP 	Created window1 = Window(allowGUI=True, allowStencil=False, autoLog=True, backendConf=UNKNOWN, bitsMode=UNKNOWN, blendMode='avg', bpc=(8, 8, 8), color=array([0, 0, 0]), colorSpace='rgb', depthBits=8, fullscr=<method-wrapper '__getattribute__' of attributeSetter object at 0x000001603C86E2B0>, gamma=None, gammaErrorPolicy='raise', lms=UNKNOWN, monitor=<psychopy.monitors.calibTools.Monitor object at 0x000001603CD8B6D0>, multiSample=False, name='window1', numSamples=2, pos=(0, 0), screen=0, size=array([2560, 1600]), stencilBits=0, stereo=False, units='height', useFBO=True, useRetina=False, viewOri=0.0, viewPos=None, viewScale=None, waitBlanking=True, winType='pyglet')
8.0782 	EXP 	window1: mouseVisible = True
8.0784 	EXP 	window1: mouseVisible = False
8.0784 	EXP 	window1: Attempting to measure frame rate of screen (0) ...
8.0784 	EXP 	window1: recordFrameIntervals = False
8.1920 	EXP 	window1: recordFrameIntervals = True
8.3569 	EXP 	Screen (0) actual frame rate measured at 83.61Hz
8.3570 	EXP 	window1: recordFrameIntervals = False
11.8001 	EXP 	Created text_2 = TextStim(__class__=<class 'psychopy.visual.text.TextStim'>, alignHoriz=method-wrapper(...), alignText='center', alignVert=method-wrapper(...), anchorHoriz='center', anchorVert='center', antialias=True, autoDraw=False, autoLog=True, bold=False, color=array([1, 1, 1]), colorSpace='rgb', contrast=1.0, depth=-1.0, flipHoriz=False, flipVert=False, font='Open Sans', fontFiles=[], height=0.05, italic=False, languageStyle='LTR', name='text_2', opacity=1.0, ori=0.0, pos=array([0., 0.]), rgb=UNKNOWN, text='press to begin\n', units='height', win=Window(...), wrapWidth=1)
11.8053 	EXP 	Created image = ImageStim(__class__=<class 'psychopy.visual.image.ImageStim'>, anchor=('center', 'center'), autoLog=True, color=array([1, 1, 1]), colorSpace='rgb', contrast=1.0, depth=-2.0, flipHoriz=False, flipVert=False, image='sin', interpolate=True, mask=None, maskParams=None, name='image', opacity=1.0, ori=0.0, pos=array([0., 0.]), size=array([300., 400.]), texRes=128.0, units='pix', win=Window(...))
11.8093 	EXP 	Created image_2 = ImageStim(__class__=<class 'psychopy.visual.image.ImageStim'>, anchor=('center', 'center'), autoLog=True, color=array([1, 1, 1]), colorSpace='rgb', contrast=1.0, depth=-3.0, flipHoriz=False, flipVert=False, image='sin', interpolate=True, mask=None, maskParams=None, name='image_2', opacity=1.0, ori=0.0, pos=array([0., 0.]), size=array([300., 400.]), texRes=128.0, units='pix', win=Window(...))
11.8133 	EXP 	Created image_3 = ImageStim(__class__=<class 'psychopy.visual.image.ImageStim'>, anchor=('center', 'center'), autoLog=True, color=array([1, 1, 1]), colorSpace='rgb', contrast=1.0, depth=-4.0, flipHoriz=False, flipVert=False, image='sin', interpolate=True, mask=None, maskParams=None, name='image_3', opacity=1.0, ori=0.0, pos=array([0., 0.]), size=array([300., 400.]), texRes=128.0, units='pix', win=Window(...))
11.8173 	EXP 	Created image_4 = ImageStim(__class__=<class 'psychopy.visual.image.ImageStim'>, anchor=('center', 'center'), autoLog=True, color=array([1, 1, 1]), colorSpace='rgb', contrast=1.0, depth=-5.0, flipHoriz=False, flipVert=False, image='sin', interpolate=True, mask=None, maskParams=None, name='image_4', opacity=1.0, ori=0.0, pos=array([0., 0.]), size=array([300., 400.]), texRes=128.0, units='pix', win=Window(...))
11.8210 	EXP 	Created image_5 = ImageStim(__class__=<class 'psychopy.visual.image.ImageStim'>, anchor=('center', 'center'), autoLog=True, color=array([1, 1, 1]), colorSpace='rgb', contrast=1.0, depth=-6.0, flipHoriz=False, flipVert=False, image='sin', interpolate=True, mask=None, maskParams=None, name='image_5', opacity=1.0, ori=0.0, pos=array([0., 0.]), size=array([300., 400.]), texRes=128.0, units='pix', win=Window(...))
11.8253 	EXP 	Created image_6 = ImageStim(__class__=<class 'psychopy.visual.image.ImageStim'>, anchor=('center', 'center'), autoLog=True, color=array([1, 1, 1]), colorSpace='rgb', contrast=1.0, depth=-7.0, flipHoriz=False, flipVert=False, image='sin', interpolate=True, mask=None, maskParams=None, name='image_6', opacity=1.0, ori=0.0, pos=array([0., 0.]), size=array([300., 400.]), texRes=128.0, units='pix', win=Window(...))
11.8293 	EXP 	Created image_7 = ImageStim(__class__=<class 'psychopy.visual.image.ImageStim'>, anchor=('center', 'center'), autoLog=True, color=array([1, 1, 1]), colorSpace='rgb', contrast=1.0, depth=-8.0, flipHoriz=False, flipVert=False, image='sin', interpolate=True, mask=None, maskParams=None, name='image_7', opacity=1.0, ori=0.0, pos=array([0., 0.]), size=array([300., 400.]), texRes=128.0, units='pix', win=Window(...))
11.8330 	EXP 	Created image_8 = ImageStim(__class__=<class 'psychopy.visual.image.ImageStim'>, anchor=('center', 'center'), autoLog=True, color=array([1, 1, 1]), colorSpace='rgb', contrast=1.0, depth=-9.0, flipHoriz=False, flipVert=False, image='sin', interpolate=True, mask=None, maskParams=None, name='image_8', opacity=1.0, ori=0.0, pos=array([0., 0.]), size=array([300., 400.]), texRes=128.0, units='pix', win=Window(...))
11.8370 	EXP 	Created image_9 = ImageStim(__class__=<class 'psychopy.visual.image.ImageStim'>, anchor=('center', 'center'), autoLog=True, color=array([1, 1, 1]), colorSpace='rgb', contrast=1.0, depth=-10.0, flipHoriz=False, flipVert=False, image='sin', interpolate=True, mask=None, maskParams=None, name='image_9', opacity=1.0, ori=0.0, pos=array([0., 0.]), size=array([300., 400.]), texRes=128.0, units='pix', win=Window(...))
11.8409 	EXP 	Created image_10 = ImageStim(__class__=<class 'psychopy.visual.image.ImageStim'>, anchor=('center', 'center'), autoLog=True, color=array([1, 1, 1]), colorSpace='rgb', contrast=1.0, depth=0.0, flipHoriz=False, flipVert=False, image='sin', interpolate=True, mask=None, maskParams=None, name='image_10', opacity=1.0, ori=0.0, pos=array([0., 0.]), size=array([300., 400.]), texRes=128.0, units='pix', win=Window(...))
11.8571 	EXP 	text_2: autoDraw = True
12.2899 	WARNING 	Requested image '2_of_diamonds' not found but similar filename '2_of_diamonds.png' exists. This will be used instead but changing the filename is advised.
12.3115 	WARNING 	Requested image '7_of_hearts' not found but similar filename '7_of_hearts.png' exists. This will be used instead but changing the filename is advised.
12.3234 	WARNING 	Requested image '8_of_hearts' not found but similar filename '8_of_hearts.png' exists. This will be used instead but changing the filename is advised.
12.3351 	WARNING 	Requested image 'jack_of_hearts' not found but similar filename 'jack_of_hearts.png' exists. This will be used instead but changing the filename is advised.
12.3482 	WARNING 	Requested image '5_of_hearts' not found but similar filename '5_of_hearts.png' exists. This will be used instead but changing the filename is advised.
12.3605 	WARNING 	Requested image '2_of_hearts' not found but similar filename '2_of_hearts.png' exists. This will be used instead but changing the filename is advised.
12.3732 	WARNING 	Requested image '8_of_spades' not found but similar filename '8_of_spades.png' exists. This will be used instead but changing the filename is advised.
12.3854 	WARNING 	Requested image 'jack_of_spades' not found but similar filename 'jack_of_spades.png' exists. This will be used instead but changing the filename is advised.
12.3974 	WARNING 	Requested image '3_of_hearts' not found but similar filename '3_of_hearts.png' exists. This will be used instead but changing the filename is advised.
12.4250 	DATA 	Keypress: space
12.4329 	EXP 	text_2: autoDraw = False
12.4329 	EXP 	image: image = '2_of_diamonds'
12.4329 	EXP 	image_2: image = '7_of_hearts'
12.4329 	EXP 	image_3: image = '8_of_hearts'
12.4329 	EXP 	image_4: image = 'jack_of_hearts'
12.4329 	EXP 	image_5: image = '5_of_hearts'
12.4329 	EXP 	image_6: image = '2_of_hearts'
12.4329 	EXP 	image_7: image = '8_of_spades'
12.4329 	EXP 	image_8: image = 'jack_of_spades'
12.4329 	EXP 	image_9: image = '3_of_hearts'
12.4329 	EXP 	image: autoDraw = True
12.4329 	EXP 	image_2: autoDraw = True
12.4329 	EXP 	image_3: autoDraw = True
12.4329 	EXP 	image_4: autoDraw = True
12.4329 	EXP 	image_5: autoDraw = True
12.4329 	EXP 	image_6: autoDraw = True
12.4329 	EXP 	image_7: autoDraw = True
12.4329 	EXP 	image_8: autoDraw = True
12.4329 	EXP 	image_9: autoDraw = True
13.4552 	EXP 	Created sequence: random, trialTypes=1, nReps=50, seed=None
13.4557 	EXP 	New trial (rep=0, index=0): None
13.5423 	EXP 	window1: mouseVisible = True
