1.8886 	ERROR 	Support for the `sounddevice` audio backend is not available this session. Please install `psychopy-sounddevice` and restart the session to enable support.
4.8398 	WARNING 	User requested fullscreen with size [1707 1067], but screen is actually [2560, 1600]. Using actual size
5.1730 	EXP 	Created window1 = Window(allowGUI=True, allowStencil=False, autoLog=True, backendConf=UNKNOWN, backgroundFit=<method-wrapper '__getattribute__' of attributeSetter object at 0x0000017235117AC0>, backgroundImage=<method-wrapper '__getattribute__' of attributeSetter object at 0x0000017235117A60>, bitsMode=UNKNOWN, blendMode='avg', bpc=(8, 8, 8), color=array([0, 0, 0]), colorSpace='rgb', depthBits=8, fullscr=<method-wrapper '__getattribute__' of attributeSetter object at 0x0000017235117790>, gamma=None, gammaErrorPolicy='raise', lms=UNKNOWN, monitor=<psychopy.monitors.calibTools.Monitor object at 0x000001723B331580>, multiSample=False, name='window1', numSamples=2, pos=(-2560, 0), screen=0, size=array([2560, 1600]), stencilBits=0, stereo=False, units='height', useFBO=True, useRetina=False, viewOri=0.0, viewPos=None, viewScale=None, waitBlanking=True, winType='pyglet')
5.1730 	EXP 	window1: mouseVisible = True
5.1730 	EXP 	window1: backgroundImage = ''
5.1730 	EXP 	window1: backgroundFit = 'none'
5.1731 	EXP 	window1: mouseVisible = False
5.1731 	EXP 	window1: Attempting to measure frame rate of screen (0) ...
5.1731 	EXP 	window1: recordFrameIntervals = False
5.2334 	EXP 	window1: recordFrameIntervals = True
5.3002 	EXP 	Screen (0) actual frame rate measured at 164.81Hz
5.3002 	EXP 	window1: recordFrameIntervals = False
6.9507 	EXP 	Created text_2 = TextStim(__class__=<class 'psychopy.visual.text.TextStim'>, alignHoriz=method-wrapper(...), alignText='center', alignVert=method-wrapper(...), anchorHoriz='center', anchorVert='center', antialias=True, autoDraw=False, autoLog=True, bold=False, color=array([1., 1., 1.]), colorSpace='rgb', contrast=1.0, depth=-1.0, flipHoriz=False, flipVert=False, font='Open Sans', fontFiles=[], height=0.05, italic=False, languageStyle='LTR', name='text_2', opacity=1.0, ori=0.0, pos=array([0., 0.]), rgb=UNKNOWN, text=str(...), units='height', win=Window(...), wrapWidth=1)
6.9564 	EXP 	Created text_3 = TextStim(__class__=<class 'psychopy.visual.text.TextStim'>, alignHoriz=method-wrapper(...), alignText='center', alignVert=method-wrapper(...), anchorHoriz='center', anchorVert='center', antialias=True, autoDraw=False, autoLog=True, bold=False, color=array([1., 1., 1.]), colorSpace='rgb', contrast=1.0, depth=-2.0, flipHoriz=False, flipVert=False, font='Open Sans', fontFiles=[], height=50.0, italic=False, languageStyle='LTR', name='text_3', opacity=1.0, ori=0.0, pos=array([  0., 750.]), rgb=UNKNOWN, text='Choose a card:', units='pix', win=Window(...), wrapWidth=500)
6.9726 	EXP 	Created card_1 = ImageStim(__class__=<class 'psychopy.visual.image.ImageStim'>, anchor=('center', 'center'), autoLog=True, color=array([1., 1., 1.]), colorSpace='rgb', contrast=1.0, depth=-3.0, flipHoriz=False, flipVert=False, image='default.png', interpolate=True, mask=None, maskParams=None, name='card_1', opacity=1.0, ori=0.0, pos=array([0., 0.]), size=array([300., 400.]), texRes=128.0, units='pix', win=Window(...))
6.9826 	EXP 	Created card_2 = ImageStim(__class__=<class 'psychopy.visual.image.ImageStim'>, anchor=('center', 'center'), autoLog=True, color=array([1., 1., 1.]), colorSpace='rgb', contrast=1.0, depth=-4.0, flipHoriz=False, flipVert=False, image='default.png', interpolate=True, mask=None, maskParams=None, name='card_2', opacity=1.0, ori=0.0, pos=array([0., 0.]), size=array([300., 400.]), texRes=128.0, units='pix', win=Window(...))
7.0037 	EXP 	Created card_3 = ImageStim(__class__=<class 'psychopy.visual.image.ImageStim'>, anchor=('center', 'center'), autoLog=True, color=array([1., 1., 1.]), colorSpace='rgb', contrast=1.0, depth=-5.0, flipHoriz=False, flipVert=False, image='default.png', interpolate=True, mask=None, maskParams=None, name='card_3', opacity=1.0, ori=0.0, pos=array([0., 0.]), size=array([300., 400.]), texRes=128.0, units='pix', win=Window(...))
7.0185 	EXP 	Created card_4 = ImageStim(__class__=<class 'psychopy.visual.image.ImageStim'>, anchor=('center', 'center'), autoLog=True, color=array([1., 1., 1.]), colorSpace='rgb', contrast=1.0, depth=-6.0, flipHoriz=False, flipVert=False, image='default.png', interpolate=True, mask=None, maskParams=None, name='card_4', opacity=1.0, ori=0.0, pos=array([0., 0.]), size=array([300., 400.]), texRes=128.0, units='pix', win=Window(...))
7.0294 	EXP 	Created card_5 = ImageStim(__class__=<class 'psychopy.visual.image.ImageStim'>, anchor=('center', 'center'), autoLog=True, color=array([1., 1., 1.]), colorSpace='rgb', contrast=1.0, depth=-7.0, flipHoriz=False, flipVert=False, image='default.png', interpolate=True, mask=None, maskParams=None, name='card_5', opacity=1.0, ori=0.0, pos=array([0., 0.]), size=array([300., 400.]), texRes=128.0, units='pix', win=Window(...))
7.0493 	EXP 	Created card_6 = ImageStim(__class__=<class 'psychopy.visual.image.ImageStim'>, anchor=('center', 'center'), autoLog=True, color=array([1., 1., 1.]), colorSpace='rgb', contrast=1.0, depth=-8.0, flipHoriz=False, flipVert=False, image='default.png', interpolate=True, mask=None, maskParams=None, name='card_6', opacity=1.0, ori=0.0, pos=array([0., 0.]), size=array([300., 400.]), texRes=128.0, units='pix', win=Window(...))
7.0603 	EXP 	Created card_7 = ImageStim(__class__=<class 'psychopy.visual.image.ImageStim'>, anchor=('center', 'center'), autoLog=True, color=array([1., 1., 1.]), colorSpace='rgb', contrast=1.0, depth=-9.0, flipHoriz=False, flipVert=False, image='default.png', interpolate=True, mask=None, maskParams=None, name='card_7', opacity=1.0, ori=0.0, pos=array([0., 0.]), size=array([300., 400.]), texRes=128.0, units='pix', win=Window(...))
7.0717 	EXP 	Created card_8 = ImageStim(__class__=<class 'psychopy.visual.image.ImageStim'>, anchor=('center', 'center'), autoLog=True, color=array([1., 1., 1.]), colorSpace='rgb', contrast=1.0, depth=-10.0, flipHoriz=False, flipVert=False, image='default.png', interpolate=True, mask=None, maskParams=None, name='card_8', opacity=1.0, ori=0.0, pos=array([0., 0.]), size=array([300., 400.]), texRes=128.0, units='pix', win=Window(...))
7.0833 	EXP 	Created card_9 = ImageStim(__class__=<class 'psychopy.visual.image.ImageStim'>, anchor=('center', 'center'), autoLog=True, color=array([1., 1., 1.]), colorSpace='rgb', contrast=1.0, depth=-11.0, flipHoriz=False, flipVert=False, image='default.png', interpolate=True, mask=None, maskParams=None, name='card_9', opacity=1.0, ori=0.0, pos=array([0., 0.]), size=array([300., 400.]), texRes=128.0, units='pix', win=Window(...))
7.1096 	EXP 	Created text = TextStim(__class__=<class 'psychopy.visual.text.TextStim'>, alignHoriz=method-wrapper(...), alignText='center', alignVert=method-wrapper(...), anchorHoriz='center', anchorVert='center', antialias=True, autoDraw=False, autoLog=True, bold=False, color=array([1., 1., 1.]), colorSpace='rgb', contrast=1.0, depth=0.0, flipHoriz=False, flipVert=False, font='Open Sans', fontFiles=[], height=0.05, italic=False, languageStyle='LTR', name='text', opacity=1.0, ori=0.0, pos=array([0., 0.]), rgb=UNKNOWN, text=str(...), units='height', win=Window(...), wrapWidth=1)
7.1249 	EXP 	Created a_card = ImageStim(__class__=<class 'psychopy.visual.image.ImageStim'>, anchor=('center', 'center'), autoLog=True, color=array([1., 1., 1.]), colorSpace='rgb', contrast=1.0, depth=-2.0, flipHoriz=False, flipVert=False, image='default.png', interpolate=True, mask=None, maskParams=None, name='a_card', opacity=1.0, ori=0.0, pos=array([0., 0.]), size=array([300., 400.]), texRes=128.0, units='pix', win=Window(...))
7.2053 	EXP 	text_2: autoDraw = True
7.4179 	DATA 	Mouse: Left button down, pos=(1078,1096)
7.4988 	DATA 	Mouse:  Left button up, pos=(1078,1096)
8.6998 	WARNING 	Requested image '3_of_clubs' not found but similar filename '3_of_clubs.png' exists. This will be used instead but changing the filename is advised.
8.7169 	WARNING 	Requested image '7_of_clubs' not found but similar filename '7_of_clubs.png' exists. This will be used instead but changing the filename is advised.
8.7353 	WARNING 	Requested image 'queen_of_spades' not found but similar filename 'queen_of_spades.png' exists. This will be used instead but changing the filename is advised.
8.7552 	WARNING 	Requested image 'jack_of_hearts' not found but similar filename 'jack_of_hearts.png' exists. This will be used instead but changing the filename is advised.
8.7764 	WARNING 	Requested image '9_of_diamonds' not found but similar filename '9_of_diamonds.png' exists. This will be used instead but changing the filename is advised.
8.7937 	WARNING 	Requested image 'jack_of_clubs' not found but similar filename 'jack_of_clubs.png' exists. This will be used instead but changing the filename is advised.
8.8113 	WARNING 	Requested image '4_of_spades' not found but similar filename '4_of_spades.png' exists. This will be used instead but changing the filename is advised.
8.8282 	WARNING 	Requested image '7_of_hearts' not found but similar filename '7_of_hearts.png' exists. This will be used instead but changing the filename is advised.
8.8456 	WARNING 	Requested image '8_of_clubs' not found but similar filename '8_of_clubs.png' exists. This will be used instead but changing the filename is advised.
8.8655 	DATA 	Keypress: space
8.8689 	EXP 	text_2: autoDraw = False
8.8689 	EXP 	card_1: image = '3_of_clubs'
8.8689 	EXP 	card_2: image = '7_of_clubs'
8.8689 	EXP 	card_3: image = 'queen_of_spades'
8.8689 	EXP 	card_4: image = 'jack_of_hearts'
8.8689 	EXP 	card_5: image = '9_of_diamonds'
8.8689 	EXP 	card_6: image = 'jack_of_clubs'
8.8689 	EXP 	card_7: image = '4_of_spades'
8.8689 	EXP 	card_8: image = '7_of_hearts'
8.8689 	EXP 	card_9: image = '8_of_clubs'
8.8689 	EXP 	text_3: autoDraw = True
8.8689 	EXP 	card_1: autoDraw = True
8.8689 	EXP 	card_2: autoDraw = True
8.8689 	EXP 	card_3: autoDraw = True
8.8689 	EXP 	card_4: autoDraw = True
8.8689 	EXP 	card_5: autoDraw = True
8.8689 	EXP 	card_6: autoDraw = True
8.8689 	EXP 	card_7: autoDraw = True
8.8689 	EXP 	card_8: autoDraw = True
8.8689 	EXP 	card_9: autoDraw = True
26.9550 	DATA 	Keypress: escape
27.3997 	EXP 	window1: mouseVisible = True
