1.9431 	ERROR 	Support for the `sounddevice` audio backend is not available this session. Please install `psychopy-sounddevice` and restart the session to enable support.
5.1209 	WARNING 	User requested fullscreen with size [1707 1067], but screen is actually [2560, 1600]. Using actual size
5.4900 	EXP 	Created window1 = Window(allowGUI=True, allowStencil=False, autoLog=True, backendConf=UNKNOWN, backgroundFit=<method-wrapper '__getattribute__' of attributeSetter object at 0x0000021B7CF7DD90>, backgroundImage=<method-wrapper '__getattribute__' of attributeSetter object at 0x0000021B7CF7DD30>, bitsMode=UNKNOWN, blendMode='avg', bpc=(8, 8, 8), color=array([0, 0, 0]), colorSpace='rgb', depthBits=8, fullscr=<method-wrapper '__getattribute__' of attributeSetter object at 0x0000021B7CF7DA30>, gamma=None, gammaErrorPolicy='raise', lms=UNKNOWN, monitor=<psychopy.monitors.calibTools.Monitor object at 0x0000021B042AF850>, multiSample=False, name='window1', numSamples=2, pos=(-2560, 0), screen=0, size=array([2560, 1600]), stencilBits=0, stereo=False, units='height', useFBO=True, useRetina=False, viewOri=0.0, viewPos=None, viewScale=None, waitBlanking=True, winType='pyglet')
5.4901 	EXP 	window1: mouseVisible = True
5.4901 	EXP 	window1: backgroundImage = ''
5.4901 	EXP 	window1: backgroundFit = 'none'
5.4902 	EXP 	window1: mouseVisible = False
5.4902 	EXP 	window1: Attempting to measure frame rate of screen (0) ...
5.4902 	EXP 	window1: recordFrameIntervals = False
5.5508 	EXP 	window1: recordFrameIntervals = True
5.6176 	EXP 	Screen (0) actual frame rate measured at 163.91Hz
5.6176 	EXP 	window1: recordFrameIntervals = False
7.2578 	EXP 	Created text_2 = TextStim(__class__=<class 'psychopy.visual.text.TextStim'>, alignHoriz=method-wrapper(...), alignText='center', alignVert=method-wrapper(...), anchorHoriz='center', anchorVert='center', antialias=True, autoDraw=False, autoLog=True, bold=False, color=array([1., 1., 1.]), colorSpace='rgb', contrast=1.0, depth=-1.0, flipHoriz=False, flipVert=False, font='Open Sans', fontFiles=[], height=0.05, italic=False, languageStyle='LTR', name='text_2', opacity=1.0, ori=0.0, pos=array([0., 0.]), rgb=UNKNOWN, text='press to begin\n', units='height', win=Window(...), wrapWidth=1)
7.2744 	EXP 	Created image = ImageStim(__class__=<class 'psychopy.visual.image.ImageStim'>, anchor=('center', 'center'), autoLog=True, color=array([1., 1., 1.]), colorSpace='rgb', contrast=1.0, depth=-2.0, flipHoriz=False, flipVert=False, image='default.png', interpolate=True, mask=None, maskParams=None, name='image', opacity=1.0, ori=0.0, pos=array([0., 0.]), size=array([300., 400.]), texRes=128.0, units='pix', win=Window(...))
7.2843 	EXP 	Created image_2 = ImageStim(__class__=<class 'psychopy.visual.image.ImageStim'>, anchor=('center', 'center'), autoLog=True, color=array([1., 1., 1.]), colorSpace='rgb', contrast=1.0, depth=-3.0, flipHoriz=False, flipVert=False, image='default.png', interpolate=True, mask=None, maskParams=None, name='image_2', opacity=1.0, ori=0.0, pos=array([0., 0.]), size=array([300., 400.]), texRes=128.0, units='pix', win=Window(...))
7.3053 	EXP 	Created image_3 = ImageStim(__class__=<class 'psychopy.visual.image.ImageStim'>, anchor=('center', 'center'), autoLog=True, color=array([1., 1., 1.]), colorSpace='rgb', contrast=1.0, depth=-4.0, flipHoriz=False, flipVert=False, image='default.png', interpolate=True, mask=None, maskParams=None, name='image_3', opacity=1.0, ori=0.0, pos=array([0., 0.]), size=array([300., 400.]), texRes=128.0, units='pix', win=Window(...))
7.3180 	EXP 	Created image_4 = ImageStim(__class__=<class 'psychopy.visual.image.ImageStim'>, anchor=('center', 'center'), autoLog=True, color=array([1., 1., 1.]), colorSpace='rgb', contrast=1.0, depth=-5.0, flipHoriz=False, flipVert=False, image='default.png', interpolate=True, mask=None, maskParams=None, name='image_4', opacity=1.0, ori=0.0, pos=array([0., 0.]), size=array([300., 400.]), texRes=128.0, units='pix', win=Window(...))
7.3316 	EXP 	Created image_5 = ImageStim(__class__=<class 'psychopy.visual.image.ImageStim'>, anchor=('center', 'center'), autoLog=True, color=array([1., 1., 1.]), colorSpace='rgb', contrast=1.0, depth=-6.0, flipHoriz=False, flipVert=False, image='default.png', interpolate=True, mask=None, maskParams=None, name='image_5', opacity=1.0, ori=0.0, pos=array([0., 0.]), size=array([300., 400.]), texRes=128.0, units='pix', win=Window(...))
7.3586 	EXP 	Created image_6 = ImageStim(__class__=<class 'psychopy.visual.image.ImageStim'>, anchor=('center', 'center'), autoLog=True, color=array([1., 1., 1.]), colorSpace='rgb', contrast=1.0, depth=-7.0, flipHoriz=False, flipVert=False, image='default.png', interpolate=True, mask=None, maskParams=None, name='image_6', opacity=1.0, ori=0.0, pos=array([0., 0.]), size=array([300., 400.]), texRes=128.0, units='pix', win=Window(...))
7.3702 	EXP 	Created image_7 = ImageStim(__class__=<class 'psychopy.visual.image.ImageStim'>, anchor=('center', 'center'), autoLog=True, color=array([1., 1., 1.]), colorSpace='rgb', contrast=1.0, depth=-8.0, flipHoriz=False, flipVert=False, image='default.png', interpolate=True, mask=None, maskParams=None, name='image_7', opacity=1.0, ori=0.0, pos=array([0., 0.]), size=array([300., 400.]), texRes=128.0, units='pix', win=Window(...))
7.3812 	EXP 	Created image_8 = ImageStim(__class__=<class 'psychopy.visual.image.ImageStim'>, anchor=('center', 'center'), autoLog=True, color=array([1., 1., 1.]), colorSpace='rgb', contrast=1.0, depth=-9.0, flipHoriz=False, flipVert=False, image='default.png', interpolate=True, mask=None, maskParams=None, name='image_8', opacity=1.0, ori=0.0, pos=array([0., 0.]), size=array([300., 400.]), texRes=128.0, units='pix', win=Window(...))
7.3922 	EXP 	Created image_9 = ImageStim(__class__=<class 'psychopy.visual.image.ImageStim'>, anchor=('center', 'center'), autoLog=True, color=array([1., 1., 1.]), colorSpace='rgb', contrast=1.0, depth=-10.0, flipHoriz=False, flipVert=False, image='default.png', interpolate=True, mask=None, maskParams=None, name='image_9', opacity=1.0, ori=0.0, pos=array([0., 0.]), size=array([300., 400.]), texRes=128.0, units='pix', win=Window(...))
7.4031 	EXP 	Created image_10 = ImageStim(__class__=<class 'psychopy.visual.image.ImageStim'>, anchor=('center', 'center'), autoLog=True, color=array([1., 1., 1.]), colorSpace='rgb', contrast=1.0, depth=-1.0, flipHoriz=False, flipVert=False, image='default.png', interpolate=True, mask=None, maskParams=None, name='image_10', opacity=1.0, ori=0.0, pos=array([0., 0.]), size=array([300., 400.]), texRes=128.0, units='pix', win=Window(...))
7.4832 	EXP 	text_2: autoDraw = True
8.1087 	DATA 	Mouse: Left button down, pos=(1564,832)
8.1571 	DATA 	Mouse:  Left button up, pos=(1564,832)
8.2055 	WARNING 	Requested image '4_of_spades' not found but similar filename '4_of_spades.png' exists. This will be used instead but changing the filename is advised.
8.2259 	WARNING 	Requested image '5_of_spades' not found but similar filename '5_of_spades.png' exists. This will be used instead but changing the filename is advised.
8.2467 	WARNING 	Requested image '8_of_hearts' not found but similar filename '8_of_hearts.png' exists. This will be used instead but changing the filename is advised.
8.2668 	WARNING 	Requested image '4_of_diamonds' not found but similar filename '4_of_diamonds.png' exists. This will be used instead but changing the filename is advised.
8.2875 	WARNING 	Requested image '5_of_hearts' not found but similar filename '5_of_hearts.png' exists. This will be used instead but changing the filename is advised.
8.3080 	WARNING 	Requested image '6_of_hearts' not found but similar filename '6_of_hearts.png' exists. This will be used instead but changing the filename is advised.
8.3285 	WARNING 	Requested image '8_of_diamonds' not found but similar filename '8_of_diamonds.png' exists. This will be used instead but changing the filename is advised.
8.3492 	WARNING 	Requested image 'ace_of_hearts' not found but similar filename 'ace_of_hearts.png' exists. This will be used instead but changing the filename is advised.
8.3699 	WARNING 	Requested image 'ace_of_clubs' not found but similar filename 'ace_of_clubs.png' exists. This will be used instead but changing the filename is advised.
8.3935 	DATA 	Keypress: space
8.4009 	EXP 	text_2: autoDraw = False
8.4009 	EXP 	image: image = '4_of_spades'
8.4009 	EXP 	image_2: image = '5_of_spades'
8.4009 	EXP 	image_3: image = '8_of_hearts'
8.4009 	EXP 	image_4: image = '4_of_diamonds'
8.4009 	EXP 	image_5: image = '5_of_hearts'
8.4009 	EXP 	image_6: image = '6_of_hearts'
8.4009 	EXP 	image_7: image = '8_of_diamonds'
8.4009 	EXP 	image_8: image = 'ace_of_hearts'
8.4009 	EXP 	image_9: image = 'ace_of_clubs'
8.4009 	EXP 	image: autoDraw = True
8.4009 	EXP 	image_2: autoDraw = True
8.4009 	EXP 	image_3: autoDraw = True
8.4009 	EXP 	image_4: autoDraw = True
8.4009 	EXP 	image_5: autoDraw = True
8.4009 	EXP 	image_6: autoDraw = True
8.4009 	EXP 	image_7: autoDraw = True
8.4009 	EXP 	image_8: autoDraw = True
8.4009 	EXP 	image_9: autoDraw = True
9.0275 	EXP 	Created sequence: random, trialTypes=1, nReps=50, seed=None
9.0277 	EXP 	New trial (rep=0, index=0): None
9.0280 	WARNING 	Requested image '5_of_spades' not found but similar filename '5_of_spades.png' exists. This will be used instead but changing the filename is advised.
9.0437 	DATA 	Keypress: space
9.0482 	EXP 	image: autoDraw = False
9.0482 	EXP 	image_2: autoDraw = False
9.0482 	EXP 	image_3: autoDraw = False
9.0482 	EXP 	image_4: autoDraw = False
9.0482 	EXP 	image_5: autoDraw = False
9.0482 	EXP 	image_6: autoDraw = False
9.0482 	EXP 	image_7: autoDraw = False
9.0482 	EXP 	image_8: autoDraw = False
9.0482 	EXP 	image_9: autoDraw = False
9.0482 	EXP 	image_10: image = '5_of_spades'
9.3271 	EXP 	image_10: autoDraw = True
10.3157 	DATA 	Keypress: escape
10.7367 	EXP 	window1: mouseVisible = True
