1.8699 	ERROR 	Support for the `sounddevice` audio backend is not available this session. Please install `psychopy-sounddevice` and restart the session to enable support.
4.9244 	WARNING 	User requested fullscreen with size [1707 1067], but screen is actually [2560, 1600]. Using actual size
5.2966 	EXP 	Created window1 = Window(allowGUI=True, allowStencil=False, autoLog=True, backendConf=UNKNOWN, backgroundFit=<method-wrapper '__getattribute__' of attributeSetter object at 0x00000239FA683CD0>, backgroundImage=<method-wrapper '__getattribute__' of attributeSetter object at 0x00000239FA683C70>, bitsMode=UNKNOWN, blendMode='avg', bpc=(8, 8, 8), color=array([0, 0, 0]), colorSpace='rgb', depthBits=8, fullscr=<method-wrapper '__getattribute__' of attributeSetter object at 0x00000239FA683970>, gamma=None, gammaErrorPolicy='raise', lms=UNKNOWN, monitor=<psychopy.monitors.calibTools.Monitor object at 0x00000239818AF7C0>, multiSample=False, name='window1', numSamples=2, pos=(-2560, 0), screen=0, size=array([2560, 1600]), stencilBits=0, stereo=False, units='height', useFBO=True, useRetina=False, viewOri=0.0, viewPos=None, viewScale=None, waitBlanking=True, winType='pyglet')
5.2967 	EXP 	window1: mouseVisible = True
5.2967 	EXP 	window1: backgroundImage = ''
5.2967 	EXP 	window1: backgroundFit = 'none'
5.2967 	EXP 	window1: mouseVisible = False
5.2968 	EXP 	window1: Attempting to measure frame rate of screen (0) ...
5.2968 	EXP 	window1: recordFrameIntervals = False
5.3571 	EXP 	window1: recordFrameIntervals = True
5.4239 	EXP 	Screen (0) actual frame rate measured at 164.78Hz
5.4239 	EXP 	window1: recordFrameIntervals = False
7.0636 	EXP 	Created text_2 = TextStim(__class__=<class 'psychopy.visual.text.TextStim'>, alignHoriz=method-wrapper(...), alignText='center', alignVert=method-wrapper(...), anchorHoriz='center', anchorVert='center', antialias=True, autoDraw=False, autoLog=True, bold=False, color=array([1., 1., 1.]), colorSpace='rgb', contrast=1.0, depth=-1.0, flipHoriz=False, flipVert=False, font='Open Sans', fontFiles=[], height=0.05, italic=False, languageStyle='LTR', name='text_2', opacity=1.0, ori=0.0, pos=array([0., 0.]), rgb=UNKNOWN, text='press to begin\n', units='height', win=Window(...), wrapWidth=1)
7.0799 	EXP 	Created card_1 = ImageStim(__class__=<class 'psychopy.visual.image.ImageStim'>, anchor=('center', 'center'), autoLog=True, color=array([1., 1., 1.]), colorSpace='rgb', contrast=1.0, depth=-2.0, flipHoriz=False, flipVert=False, image='default.png', interpolate=True, mask=None, maskParams=None, name='card_1', opacity=1.0, ori=0.0, pos=array([0., 0.]), size=array([300., 400.]), texRes=128.0, units='pix', win=Window(...))
7.0909 	EXP 	Created card_2 = ImageStim(__class__=<class 'psychopy.visual.image.ImageStim'>, anchor=('center', 'center'), autoLog=True, color=array([1., 1., 1.]), colorSpace='rgb', contrast=1.0, depth=-3.0, flipHoriz=False, flipVert=False, image='default.png', interpolate=True, mask=None, maskParams=None, name='card_2', opacity=1.0, ori=0.0, pos=array([0., 0.]), size=array([300., 400.]), texRes=128.0, units='pix', win=Window(...))
7.1099 	EXP 	Created card_3 = ImageStim(__class__=<class 'psychopy.visual.image.ImageStim'>, anchor=('center', 'center'), autoLog=True, color=array([1., 1., 1.]), colorSpace='rgb', contrast=1.0, depth=-4.0, flipHoriz=False, flipVert=False, image='default.png', interpolate=True, mask=None, maskParams=None, name='card_3', opacity=1.0, ori=0.0, pos=array([0., 0.]), size=array([300., 400.]), texRes=128.0, units='pix', win=Window(...))
7.1212 	EXP 	Created card_4 = ImageStim(__class__=<class 'psychopy.visual.image.ImageStim'>, anchor=('center', 'center'), autoLog=True, color=array([1., 1., 1.]), colorSpace='rgb', contrast=1.0, depth=-5.0, flipHoriz=False, flipVert=False, image='default.png', interpolate=True, mask=None, maskParams=None, name='card_4', opacity=1.0, ori=0.0, pos=array([0., 0.]), size=array([300., 400.]), texRes=128.0, units='pix', win=Window(...))
7.1330 	EXP 	Created card_5 = ImageStim(__class__=<class 'psychopy.visual.image.ImageStim'>, anchor=('center', 'center'), autoLog=True, color=array([1., 1., 1.]), colorSpace='rgb', contrast=1.0, depth=-6.0, flipHoriz=False, flipVert=False, image='default.png', interpolate=True, mask=None, maskParams=None, name='card_5', opacity=1.0, ori=0.0, pos=array([0., 0.]), size=array([300., 400.]), texRes=128.0, units='pix', win=Window(...))
7.1582 	EXP 	Created card_6 = ImageStim(__class__=<class 'psychopy.visual.image.ImageStim'>, anchor=('center', 'center'), autoLog=True, color=array([1., 1., 1.]), colorSpace='rgb', contrast=1.0, depth=-7.0, flipHoriz=False, flipVert=False, image='default.png', interpolate=True, mask=None, maskParams=None, name='card_6', opacity=1.0, ori=0.0, pos=array([0., 0.]), size=array([300., 400.]), texRes=128.0, units='pix', win=Window(...))
7.1697 	EXP 	Created card_7 = ImageStim(__class__=<class 'psychopy.visual.image.ImageStim'>, anchor=('center', 'center'), autoLog=True, color=array([1., 1., 1.]), colorSpace='rgb', contrast=1.0, depth=-8.0, flipHoriz=False, flipVert=False, image='default.png', interpolate=True, mask=None, maskParams=None, name='card_7', opacity=1.0, ori=0.0, pos=array([0., 0.]), size=array([300., 400.]), texRes=128.0, units='pix', win=Window(...))
7.1825 	EXP 	Created card_8 = ImageStim(__class__=<class 'psychopy.visual.image.ImageStim'>, anchor=('center', 'center'), autoLog=True, color=array([1., 1., 1.]), colorSpace='rgb', contrast=1.0, depth=-9.0, flipHoriz=False, flipVert=False, image='default.png', interpolate=True, mask=None, maskParams=None, name='card_8', opacity=1.0, ori=0.0, pos=array([0., 0.]), size=array([300., 400.]), texRes=128.0, units='pix', win=Window(...))
7.1944 	EXP 	Created card_9 = ImageStim(__class__=<class 'psychopy.visual.image.ImageStim'>, anchor=('center', 'center'), autoLog=True, color=array([1., 1., 1.]), colorSpace='rgb', contrast=1.0, depth=-10.0, flipHoriz=False, flipVert=False, image='default.png', interpolate=True, mask=None, maskParams=None, name='card_9', opacity=1.0, ori=0.0, pos=array([0., 0.]), size=array([300., 400.]), texRes=128.0, units='pix', win=Window(...))
7.2115 	EXP 	Created card_shown = ImageStim(__class__=<class 'psychopy.visual.image.ImageStim'>, anchor=('center', 'center'), autoLog=True, color=array([1., 1., 1.]), colorSpace='rgb', contrast=1.0, depth=-2.0, flipHoriz=False, flipVert=False, image='default.png', interpolate=True, mask=None, maskParams=None, name='card_shown', opacity=1.0, ori=0.0, pos=array([0., 0.]), size=array([300., 400.]), texRes=128.0, units='pix', win=Window(...))
7.2770 	EXP 	text_2: autoDraw = True
7.7871 	DATA 	Keypress: space
7.7923 	WARNING 	Requested image '2_of_diamonds' not found but similar filename '2_of_diamonds.png' exists. This will be used instead but changing the filename is advised.
7.8099 	WARNING 	Requested image '6_of_diamonds' not found but similar filename '6_of_diamonds.png' exists. This will be used instead but changing the filename is advised.
7.8274 	WARNING 	Requested image '9_of_clubs' not found but similar filename '9_of_clubs.png' exists. This will be used instead but changing the filename is advised.
7.8447 	WARNING 	Requested image 'jack_of_clubs' not found but similar filename 'jack_of_clubs.png' exists. This will be used instead but changing the filename is advised.
7.8623 	WARNING 	Requested image '7_of_diamonds' not found but similar filename '7_of_diamonds.png' exists. This will be used instead but changing the filename is advised.
7.8798 	WARNING 	Requested image '2_of_spades' not found but similar filename '2_of_spades.png' exists. This will be used instead but changing the filename is advised.
7.8972 	WARNING 	Requested image 'king_of_clubs' not found but similar filename 'king_of_clubs.png' exists. This will be used instead but changing the filename is advised.
7.9148 	WARNING 	Requested image '3_of_spades' not found but similar filename '3_of_spades.png' exists. This will be used instead but changing the filename is advised.
7.9322 	WARNING 	Requested image 'ace_of_diamonds' not found but similar filename 'ace_of_diamonds.png' exists. This will be used instead but changing the filename is advised.
7.9578 	EXP 	text_2: autoDraw = False
7.9578 	EXP 	card_1: image = '2_of_diamonds'
7.9578 	EXP 	card_2: image = '6_of_diamonds'
7.9578 	EXP 	card_3: image = '9_of_clubs'
7.9578 	EXP 	card_4: image = 'jack_of_clubs'
7.9578 	EXP 	card_5: image = '7_of_diamonds'
7.9578 	EXP 	card_6: image = '2_of_spades'
7.9578 	EXP 	card_7: image = 'king_of_clubs'
7.9578 	EXP 	card_8: image = '3_of_spades'
7.9578 	EXP 	card_9: image = 'ace_of_diamonds'
7.9578 	EXP 	card_1: autoDraw = True
7.9578 	EXP 	card_2: autoDraw = True
7.9578 	EXP 	card_3: autoDraw = True
7.9578 	EXP 	card_4: autoDraw = True
7.9578 	EXP 	card_5: autoDraw = True
7.9578 	EXP 	card_6: autoDraw = True
7.9578 	EXP 	card_7: autoDraw = True
7.9578 	EXP 	card_8: autoDraw = True
7.9578 	EXP 	card_9: autoDraw = True
10.6531 	EXP 	Created sequence: random, trialTypes=1, nReps=18, seed=None
10.6532 	EXP 	New trial (rep=0, index=0): None
10.6535 	WARNING 	Requested image '3_of_spades' not found but similar filename '3_of_spades.png' exists. This will be used instead but changing the filename is advised.
10.6695 	DATA 	Keypress: space
10.6749 	EXP 	card_1: autoDraw = False
10.6749 	EXP 	card_2: autoDraw = False
10.6749 	EXP 	card_3: autoDraw = False
10.6749 	EXP 	card_4: autoDraw = False
10.6749 	EXP 	card_5: autoDraw = False
10.6749 	EXP 	card_6: autoDraw = False
10.6749 	EXP 	card_7: autoDraw = False
10.6749 	EXP 	card_8: autoDraw = False
10.6749 	EXP 	card_9: autoDraw = False
10.6749 	EXP 	card_shown: image = '3_of_spades'
10.9569 	EXP 	card_shown: autoDraw = True
12.2548 	EXP 	New trial (rep=1, index=0): None
12.2550 	WARNING 	Requested image 'king_of_clubs' not found but similar filename 'king_of_clubs.png' exists. This will be used instead but changing the filename is advised.
12.2632 	EXP 	card_shown: autoDraw = False
12.2632 	EXP 	card_shown: image = 'king_of_clubs'
12.5545 	EXP 	card_shown: autoDraw = True
13.8535 	EXP 	New trial (rep=2, index=0): None
13.8537 	WARNING 	Requested image 'jack_of_clubs' not found but similar filename 'jack_of_clubs.png' exists. This will be used instead but changing the filename is advised.
13.8639 	EXP 	card_shown: autoDraw = False
13.8639 	EXP 	card_shown: image = 'jack_of_clubs'
14.1553 	EXP 	card_shown: autoDraw = True
15.4530 	EXP 	New trial (rep=3, index=0): None
15.4533 	WARNING 	Requested image '2_of_spades' not found but similar filename '2_of_spades.png' exists. This will be used instead but changing the filename is advised.
15.4616 	EXP 	card_shown: autoDraw = False
15.4616 	EXP 	card_shown: image = '2_of_spades'
15.7534 	EXP 	card_shown: autoDraw = True
17.0514 	EXP 	New trial (rep=4, index=0): None
17.0517 	WARNING 	Requested image '9_of_clubs' not found but similar filename '9_of_clubs.png' exists. This will be used instead but changing the filename is advised.
17.0611 	EXP 	card_shown: autoDraw = False
17.0611 	EXP 	card_shown: autoDraw = False
17.0611 	EXP 	card_shown: image = '9_of_clubs'
17.3539 	EXP 	card_shown: autoDraw = True
18.6516 	EXP 	New trial (rep=5, index=0): None
18.6518 	WARNING 	Requested image 'ace_of_diamonds' not found but similar filename 'ace_of_diamonds.png' exists. This will be used instead but changing the filename is advised.
18.6615 	EXP 	card_shown: autoDraw = False
18.6615 	EXP 	card_shown: autoDraw = False
18.6615 	EXP 	card_shown: image = 'ace_of_diamonds'
18.9530 	EXP 	card_shown: autoDraw = True
20.2517 	EXP 	New trial (rep=6, index=0): None
20.2520 	WARNING 	Requested image '9_of_clubs' not found but similar filename '9_of_clubs.png' exists. This will be used instead but changing the filename is advised.
20.2610 	EXP 	card_shown: autoDraw = False
20.2610 	EXP 	card_shown: autoDraw = False
20.2610 	EXP 	card_shown: image = '9_of_clubs'
20.5528 	EXP 	card_shown: autoDraw = True
21.8512 	EXP 	New trial (rep=7, index=0): None
21.8514 	WARNING 	Requested image '3_of_spades' not found but similar filename '3_of_spades.png' exists. This will be used instead but changing the filename is advised.
21.8612 	EXP 	card_shown: autoDraw = False
21.8612 	EXP 	card_shown: autoDraw = False
21.8612 	EXP 	card_shown: image = '3_of_spades'
22.1529 	EXP 	card_shown: autoDraw = True
23.4514 	EXP 	New trial (rep=8, index=0): None
23.4516 	WARNING 	Requested image 'jack_of_clubs' not found but similar filename 'jack_of_clubs.png' exists. This will be used instead but changing the filename is advised.
23.4618 	EXP 	card_shown: autoDraw = False
23.4618 	EXP 	card_shown: autoDraw = False
23.4618 	EXP 	card_shown: image = 'jack_of_clubs'
23.7532 	EXP 	card_shown: autoDraw = True
25.0517 	EXP 	New trial (rep=9, index=0): None
25.0520 	WARNING 	Requested image '7_of_diamonds' not found but similar filename '7_of_diamonds.png' exists. This will be used instead but changing the filename is advised.
25.0612 	EXP 	card_shown: autoDraw = False
25.0612 	EXP 	card_shown: autoDraw = False
25.0612 	EXP 	card_shown: image = '7_of_diamonds'
25.3529 	EXP 	card_shown: autoDraw = True
26.6512 	EXP 	New trial (rep=10, index=0): None
26.6515 	WARNING 	Requested image '7_of_diamonds' not found but similar filename '7_of_diamonds.png' exists. This will be used instead but changing the filename is advised.
26.6612 	EXP 	card_shown: autoDraw = False
26.6612 	EXP 	card_shown: autoDraw = False
26.6612 	EXP 	card_shown: image = '7_of_diamonds'
26.9528 	EXP 	card_shown: autoDraw = True
28.2471 	EXP 	New trial (rep=11, index=0): None
28.2473 	WARNING 	Requested image '7_of_diamonds' not found but similar filename '7_of_diamonds.png' exists. This will be used instead but changing the filename is advised.
28.2571 	EXP 	card_shown: autoDraw = False
28.2571 	EXP 	card_shown: autoDraw = False
28.2571 	EXP 	card_shown: image = '7_of_diamonds'
28.5546 	EXP 	card_shown: autoDraw = True
29.8526 	EXP 	New trial (rep=12, index=0): None
29.8528 	WARNING 	Requested image 'king_of_clubs' not found but similar filename 'king_of_clubs.png' exists. This will be used instead but changing the filename is advised.
29.8630 	EXP 	card_shown: autoDraw = False
29.8630 	EXP 	card_shown: image = 'king_of_clubs'
30.1545 	EXP 	card_shown: autoDraw = True
31.4526 	EXP 	New trial (rep=13, index=0): None
31.4529 	WARNING 	Requested image '3_of_spades' not found but similar filename '3_of_spades.png' exists. This will be used instead but changing the filename is advised.
31.4626 	EXP 	card_shown: autoDraw = False
31.4626 	EXP 	card_shown: image = '3_of_spades'
31.7541 	EXP 	card_shown: autoDraw = True
33.0522 	EXP 	New trial (rep=14, index=0): None
33.0525 	WARNING 	Requested image '9_of_clubs' not found but similar filename '9_of_clubs.png' exists. This will be used instead but changing the filename is advised.
33.0620 	EXP 	card_shown: autoDraw = False
33.0620 	EXP 	card_shown: autoDraw = False
33.0620 	EXP 	card_shown: image = '9_of_clubs'
33.3534 	EXP 	card_shown: autoDraw = True
34.6518 	EXP 	New trial (rep=15, index=0): None
34.6521 	WARNING 	Requested image 'ace_of_diamonds' not found but similar filename 'ace_of_diamonds.png' exists. This will be used instead but changing the filename is advised.
34.6618 	EXP 	card_shown: autoDraw = False
34.6618 	EXP 	card_shown: autoDraw = False
34.6618 	EXP 	card_shown: image = 'ace_of_diamonds'
34.9533 	EXP 	card_shown: autoDraw = True
36.2514 	EXP 	New trial (rep=16, index=0): None
36.2517 	WARNING 	Requested image '6_of_diamonds' not found but similar filename '6_of_diamonds.png' exists. This will be used instead but changing the filename is advised.
36.2612 	EXP 	card_shown: autoDraw = False
36.2612 	EXP 	card_shown: autoDraw = False
36.2612 	EXP 	card_shown: image = '6_of_diamonds'
36.5529 	EXP 	card_shown: autoDraw = True
37.8508 	EXP 	New trial (rep=17, index=0): None
37.8511 	WARNING 	Requested image 'jack_of_clubs' not found but similar filename 'jack_of_clubs.png' exists. This will be used instead but changing the filename is advised.
37.8611 	EXP 	card_shown: autoDraw = False
37.8611 	EXP 	card_shown: autoDraw = False
37.8611 	EXP 	card_shown: image = 'jack_of_clubs'
38.1528 	EXP 	card_shown: autoDraw = True
39.4563 	EXP 	card_shown: autoDraw = False
39.4563 	EXP 	card_shown: autoDraw = False
39.5162 	EXP 	window1: mouseVisible = True
