1.9194 	ERROR 	Support for the `sounddevice` audio backend is not available this session. Please install `psychopy-sounddevice` and restart the session to enable support.
5.6933 	WARNING 	User requested fullscreen with size [1920 1080], but screen is actually [2560, 1600]. Using actual size
6.0862 	EXP 	Created window1 = Window(allowGUI=True, allowStencil=False, autoLog=True, backendConf=UNKNOWN, backgroundFit=<method-wrapper '__getattribute__' of attributeSetter object at 0x000001CA0F5F3100>, backgroundImage=<method-wrapper '__getattribute__' of attributeSetter object at 0x000001CA0F5F30A0>, bitsMode=UNKNOWN, blendMode='avg', bpc=(8, 8, 8), color=array([-1., -1., -1.]), colorSpace='rgb', depthBits=8, fullscr=<method-wrapper '__getattribute__' of attributeSetter object at 0x000001CA0F5E2DC0>, gamma=None, gammaErrorPolicy='raise', lms=UNKNOWN, monitor=<psychopy.monitors.calibTools.Monitor object at 0x000001CA15BD1C40>, multiSample=False, name='window1', numSamples=2, pos=(-2560, 0), screen=0, size=array([2560, 1600]), stencilBits=0, stereo=False, units='height', useFBO=True, useRetina=False, viewOri=0.0, viewPos=None, viewScale=None, waitBlanking=True, winType='pyglet')
6.0862 	EXP 	window1: mouseVisible = True
6.0862 	EXP 	window1: backgroundImage = ''
6.0862 	EXP 	window1: backgroundFit = 'none'
6.0863 	EXP 	window1: mouseVisible = False
6.0863 	EXP 	window1: Attempting to measure frame rate of screen (0) ...
6.0863 	EXP 	window1: recordFrameIntervals = False
6.1467 	EXP 	window1: recordFrameIntervals = True
6.2135 	EXP 	Screen (0) actual frame rate measured at 164.35Hz
6.2135 	EXP 	window1: recordFrameIntervals = False
7.8672 	EXP 	Created text_2 = TextStim(__class__=<class 'psychopy.visual.text.TextStim'>, alignHoriz=method-wrapper(...), alignText='center', alignVert=method-wrapper(...), anchorHoriz='center', anchorVert='center', antialias=True, autoDraw=False, autoLog=True, bold=False, color=array([1., 1., 1.]), colorSpace='rgb', contrast=1.0, depth=-1.0, flipHoriz=False, flipVert=False, font='Open Sans', fontFiles=[], height=0.05, italic=False, languageStyle='LTR', name='text_2', opacity=1.0, ori=0.0, pos=array([0., 0.]), rgb=UNKNOWN, text=str(...), units='height', win=Window(...), wrapWidth=1)
7.8732 	EXP 	Created text_3 = TextStim(__class__=<class 'psychopy.visual.text.TextStim'>, alignHoriz=method-wrapper(...), alignText='center', alignVert=method-wrapper(...), anchorHoriz='center', anchorVert='center', antialias=True, autoDraw=False, autoLog=True, bold=False, color=array([1., 1., 1.]), colorSpace='rgb', contrast=1.0, depth=-2.0, flipHoriz=False, flipVert=False, font='Open Sans', fontFiles=[], height=50.0, italic=False, languageStyle='LTR', name='text_3', opacity=1.0, ori=0.0, pos=array([  0., 750.]), rgb=UNKNOWN, text='Choose a card:', units='pix', win=Window(...), wrapWidth=500)
7.8886 	EXP 	Created card_1 = ImageStim(__class__=<class 'psychopy.visual.image.ImageStim'>, anchor=('center', 'center'), autoLog=True, color=array([1., 1., 1.]), colorSpace='rgb', contrast=1.0, depth=-3.0, flipHoriz=False, flipVert=False, image='default.png', interpolate=True, mask=None, maskParams=None, name='card_1', opacity=1.0, ori=0.0, pos=array([0., 0.]), size=array([300., 400.]), texRes=128.0, units='pix', win=Window(...))
7.8985 	EXP 	Created card_2 = ImageStim(__class__=<class 'psychopy.visual.image.ImageStim'>, anchor=('center', 'center'), autoLog=True, color=array([1., 1., 1.]), colorSpace='rgb', contrast=1.0, depth=-4.0, flipHoriz=False, flipVert=False, image='default.png', interpolate=True, mask=None, maskParams=None, name='card_2', opacity=1.0, ori=0.0, pos=array([0., 0.]), size=array([300., 400.]), texRes=128.0, units='pix', win=Window(...))
7.9188 	EXP 	Created card_3 = ImageStim(__class__=<class 'psychopy.visual.image.ImageStim'>, anchor=('center', 'center'), autoLog=True, color=array([1., 1., 1.]), colorSpace='rgb', contrast=1.0, depth=-5.0, flipHoriz=False, flipVert=False, image='default.png', interpolate=True, mask=None, maskParams=None, name='card_3', opacity=1.0, ori=0.0, pos=array([0., 0.]), size=array([300., 400.]), texRes=128.0, units='pix', win=Window(...))
7.9343 	EXP 	Created card_4 = ImageStim(__class__=<class 'psychopy.visual.image.ImageStim'>, anchor=('center', 'center'), autoLog=True, color=array([1., 1., 1.]), colorSpace='rgb', contrast=1.0, depth=-6.0, flipHoriz=False, flipVert=False, image='default.png', interpolate=True, mask=None, maskParams=None, name='card_4', opacity=1.0, ori=0.0, pos=array([0., 0.]), size=array([300., 400.]), texRes=128.0, units='pix', win=Window(...))
7.9451 	EXP 	Created card_5 = ImageStim(__class__=<class 'psychopy.visual.image.ImageStim'>, anchor=('center', 'center'), autoLog=True, color=array([1., 1., 1.]), colorSpace='rgb', contrast=1.0, depth=-7.0, flipHoriz=False, flipVert=False, image='default.png', interpolate=True, mask=None, maskParams=None, name='card_5', opacity=1.0, ori=0.0, pos=array([0., 0.]), size=array([300., 400.]), texRes=128.0, units='pix', win=Window(...))
7.9656 	EXP 	Created card_6 = ImageStim(__class__=<class 'psychopy.visual.image.ImageStim'>, anchor=('center', 'center'), autoLog=True, color=array([1., 1., 1.]), colorSpace='rgb', contrast=1.0, depth=-8.0, flipHoriz=False, flipVert=False, image='default.png', interpolate=True, mask=None, maskParams=None, name='card_6', opacity=1.0, ori=0.0, pos=array([0., 0.]), size=array([300., 400.]), texRes=128.0, units='pix', win=Window(...))
7.9774 	EXP 	Created card_7 = ImageStim(__class__=<class 'psychopy.visual.image.ImageStim'>, anchor=('center', 'center'), autoLog=True, color=array([1., 1., 1.]), colorSpace='rgb', contrast=1.0, depth=-9.0, flipHoriz=False, flipVert=False, image='default.png', interpolate=True, mask=None, maskParams=None, name='card_7', opacity=1.0, ori=0.0, pos=array([0., 0.]), size=array([300., 400.]), texRes=128.0, units='pix', win=Window(...))
7.9885 	EXP 	Created card_8 = ImageStim(__class__=<class 'psychopy.visual.image.ImageStim'>, anchor=('center', 'center'), autoLog=True, color=array([1., 1., 1.]), colorSpace='rgb', contrast=1.0, depth=-10.0, flipHoriz=False, flipVert=False, image='default.png', interpolate=True, mask=None, maskParams=None, name='card_8', opacity=1.0, ori=0.0, pos=array([0., 0.]), size=array([300., 400.]), texRes=128.0, units='pix', win=Window(...))
8.0003 	EXP 	Created card_9 = ImageStim(__class__=<class 'psychopy.visual.image.ImageStim'>, anchor=('center', 'center'), autoLog=True, color=array([1., 1., 1.]), colorSpace='rgb', contrast=1.0, depth=-11.0, flipHoriz=False, flipVert=False, image='default.png', interpolate=True, mask=None, maskParams=None, name='card_9', opacity=1.0, ori=0.0, pos=array([0., 0.]), size=array([300., 400.]), texRes=128.0, units='pix', win=Window(...))
8.0275 	EXP 	Created text = TextStim(__class__=<class 'psychopy.visual.text.TextStim'>, alignHoriz=method-wrapper(...), alignText='center', alignVert=method-wrapper(...), anchorHoriz='center', anchorVert='center', antialias=True, autoDraw=False, autoLog=True, bold=False, color=array([1., 1., 1.]), colorSpace='rgb', contrast=1.0, depth=0.0, flipHoriz=False, flipVert=False, font='Open Sans', fontFiles=[], height=0.05, italic=False, languageStyle='LTR', name='text', opacity=1.0, ori=0.0, pos=array([0., 0.]), rgb=UNKNOWN, text=str(...), units='height', win=Window(...), wrapWidth=1)
8.0349 	EXP 	Created text_4 = TextStim(__class__=<class 'psychopy.visual.text.TextStim'>, alignHoriz=method-wrapper(...), alignText='center', alignVert=method-wrapper(...), anchorHoriz='center', anchorVert='center', antialias=True, autoDraw=False, autoLog=True, bold=False, color=array([1., 1., 1.]), colorSpace='rgb', contrast=1.0, depth=0.0, flipHoriz=False, flipVert=False, font='Open Sans', fontFiles=[], height=0.0, italic=False, languageStyle='LTR', name='text_4', opacity=1.0, ori=0.0, pos=array([0., 0.]), rgb=UNKNOWN, text='Any text\n\nincluding line breaks', units='height', win=Window(...), wrapWidth=1)
8.0371 	EXP 	Created polygon_2 = ShapeStim(__class__=<class 'psychopy.visual.shape.ShapeStim'>, anchor=('center', 'center'), autoDraw=False, autoLog=True, closeShape=True, color=method-wrapper(...), colorSpace='rgb', contrast=None, depth=-1.0, fillColor=array([1, 1, 1]), fillColorSpace='rgb', fillRGB=array([1, 1, 1]), interpolate=True, lineColor=array([1., 1., 1.]), lineColorSpace='rgb', lineRGB=array([1, 1, 1]), lineWidth=1.0, name='polygon_2', opacity=1.0, ori=0.0, pos=array([0., 0.]), size=array([0.1, 0.1]), units='height', vertices=ndarray(...), win=Window(...), windingRule=None)
8.0397 	EXP 	Created text_6 = TextStim(__class__=<class 'psychopy.visual.text.TextStim'>, alignHoriz=method-wrapper(...), alignText='center', alignVert=method-wrapper(...), anchorHoriz='center', anchorVert='center', antialias=True, autoDraw=False, autoLog=True, bold=False, color=array([1., 1., 1.]), colorSpace='rgb', contrast=1.0, depth=0.0, flipHoriz=False, flipVert=False, font='Open Sans', fontFiles=[], height=0.0, italic=False, languageStyle='LTR', name='text_6', opacity=1.0, ori=0.0, pos=array([0., 0.]), rgb=UNKNOWN, text='Any text\n\nincluding line breaks', units='height', win=Window(...), wrapWidth=1)
8.0556 	EXP 	Created a_card = ImageStim(__class__=<class 'psychopy.visual.image.ImageStim'>, anchor=('center', 'center'), autoLog=True, color=array([1., 1., 1.]), colorSpace='rgb', contrast=1.0, depth=-2.0, flipHoriz=False, flipVert=False, image='default.png', interpolate=True, mask=None, maskParams=None, name='a_card', opacity=1.0, ori=0.0, pos=array([0., 0.]), size=array([300., 400.]), texRes=128.0, units='pix', win=Window(...))
8.0713 	EXP 	Created text_5 = TextStim(__class__=<class 'psychopy.visual.text.TextStim'>, alignHoriz=method-wrapper(...), alignText='center', alignVert=method-wrapper(...), anchorHoriz='center', anchorVert='center', antialias=True, autoDraw=False, autoLog=True, bold=False, color=array([1., 1., 1.]), colorSpace='rgb', contrast=1.0, depth=0.0, flipHoriz=False, flipVert=False, font='Open Sans', fontFiles=[], height=0.05, italic=False, languageStyle='LTR', name='text_5', opacity=1.0, ori=0.0, pos=array([0., 0.]), rgb=UNKNOWN, text=str(...), units='height', win=Window(...), wrapWidth=1)
8.0736 	DATA 	Mouse: Left button down, pos=(1919,1251)
8.0738 	DATA 	Mouse:  Left button up, pos=(1919,1251)
8.1514 	EXP 	text_2: autoDraw = True
9.2316 	WARNING 	Requested image '6_of_hearts' not found but similar filename '6_of_hearts.png' exists. This will be used instead but changing the filename is advised.
9.2469 	WARNING 	Requested image 'king_of_clubs' not found but similar filename 'king_of_clubs.png' exists. This will be used instead but changing the filename is advised.
9.2633 	WARNING 	Requested image '10_of_diamonds' not found but similar filename '10_of_diamonds.png' exists. This will be used instead but changing the filename is advised.
9.2788 	WARNING 	Requested image '4_of_clubs' not found but similar filename '4_of_clubs.png' exists. This will be used instead but changing the filename is advised.
9.2946 	WARNING 	Requested image 'jack_of_spades' not found but similar filename 'jack_of_spades.png' exists. This will be used instead but changing the filename is advised.
9.3104 	WARNING 	Requested image '5_of_hearts' not found but similar filename '5_of_hearts.png' exists. This will be used instead but changing the filename is advised.
9.3261 	WARNING 	Requested image 'jack_of_diamonds' not found but similar filename 'jack_of_diamonds.png' exists. This will be used instead but changing the filename is advised.
9.3423 	WARNING 	Requested image 'ace_of_clubs' not found but similar filename 'ace_of_clubs.png' exists. This will be used instead but changing the filename is advised.
9.3581 	WARNING 	Requested image '7_of_hearts' not found but similar filename '7_of_hearts.png' exists. This will be used instead but changing the filename is advised.
9.3787 	DATA 	Keypress: space
9.3810 	EXP 	text_2: autoDraw = False
9.3810 	EXP 	card_1: image = '6_of_hearts'
9.3810 	EXP 	card_2: image = 'king_of_clubs'
9.3810 	EXP 	card_3: image = '10_of_diamonds'
9.3810 	EXP 	card_4: image = '4_of_clubs'
9.3810 	EXP 	card_5: image = 'jack_of_spades'
9.3810 	EXP 	card_6: image = '5_of_hearts'
9.3810 	EXP 	card_7: image = 'jack_of_diamonds'
9.3810 	EXP 	card_8: image = 'ace_of_clubs'
9.3810 	EXP 	card_9: image = '7_of_hearts'
9.3810 	EXP 	text_3: autoDraw = True
9.3810 	EXP 	card_1: autoDraw = True
9.3810 	EXP 	card_2: autoDraw = True
9.3810 	EXP 	card_3: autoDraw = True
9.3810 	EXP 	card_4: autoDraw = True
9.3810 	EXP 	card_5: autoDraw = True
9.3810 	EXP 	card_6: autoDraw = True
9.3810 	EXP 	card_7: autoDraw = True
9.3810 	EXP 	card_8: autoDraw = True
9.3810 	EXP 	card_9: autoDraw = True
9.8128 	DATA 	Keypress: space
9.8175 	EXP 	text_3: autoDraw = False
9.8175 	EXP 	card_1: autoDraw = False
9.8175 	EXP 	card_2: autoDraw = False
9.8175 	EXP 	card_3: autoDraw = False
9.8175 	EXP 	card_4: autoDraw = False
9.8175 	EXP 	card_5: autoDraw = False
9.8175 	EXP 	card_6: autoDraw = False
9.8175 	EXP 	card_7: autoDraw = False
9.8175 	EXP 	card_8: autoDraw = False
9.8175 	EXP 	card_9: autoDraw = False
9.8175 	EXP 	text: autoDraw = True
10.5405 	DATA 	Keypress: space
10.5513 	EXP 	text: autoDraw = False
10.5513 	EXP 	text_4: autoDraw = True
10.5513 	EXP 	polygon_2: autoDraw = True
11.5471 	EXP 	Created sequence: random, trialTypes=1, nReps=180, seed=None
11.5475 	EXP 	New trial (rep=0, index=0): None
11.5518 	EXP 	text_4: autoDraw = False
11.5518 	EXP 	polygon_2: autoDraw = False
11.5518 	EXP 	text_6: autoDraw = True
12.0493 	WARNING 	Requested image '4_of_clubs' not found but similar filename '4_of_clubs.png' exists. This will be used instead but changing the filename is advised.
12.0705 	EXP 	text_6: autoDraw = False
12.0705 	EXP 	a_card: image = '4_of_clubs'
12.0705 	EXP 	a_card: autoDraw = True
13.0508 	EXP 	New trial (rep=1, index=0): None
13.0565 	EXP 	a_card: autoDraw = False
13.0565 	EXP 	text_6: autoDraw = True
13.5487 	WARNING 	Requested image 'king_of_clubs' not found but similar filename 'king_of_clubs.png' exists. This will be used instead but changing the filename is advised.
13.5602 	EXP 	text_6: autoDraw = False
13.5602 	EXP 	a_card: image = 'king_of_clubs'
13.5602 	EXP 	a_card: autoDraw = True
14.5515 	EXP 	New trial (rep=2, index=0): None
14.5581 	EXP 	a_card: autoDraw = False
14.5581 	EXP 	text_6: autoDraw = True
15.0483 	WARNING 	Requested image 'ace_of_clubs' not found but similar filename 'ace_of_clubs.png' exists. This will be used instead but changing the filename is advised.
15.0583 	EXP 	text_6: autoDraw = False
15.0583 	EXP 	a_card: image = 'ace_of_clubs'
15.0583 	EXP 	a_card: autoDraw = True
16.0499 	EXP 	New trial (rep=3, index=0): None
16.0555 	EXP 	a_card: autoDraw = False
16.0555 	EXP 	text_6: autoDraw = True
16.5479 	WARNING 	Requested image 'jack_of_diamonds' not found but similar filename 'jack_of_diamonds.png' exists. This will be used instead but changing the filename is advised.
16.5576 	EXP 	text_6: autoDraw = False
16.5576 	EXP 	a_card: image = 'jack_of_diamonds'
16.5576 	EXP 	a_card: autoDraw = True
17.5502 	EXP 	New trial (rep=4, index=0): None
17.5571 	EXP 	a_card: autoDraw = False
17.5571 	EXP 	text_6: autoDraw = True
18.0480 	WARNING 	Requested image 'king_of_clubs' not found but similar filename 'king_of_clubs.png' exists. This will be used instead but changing the filename is advised.
18.0586 	EXP 	text_6: autoDraw = False
18.0586 	EXP 	a_card: image = 'king_of_clubs'
18.0586 	EXP 	a_card: autoDraw = True
19.0504 	EXP 	New trial (rep=5, index=0): None
19.0559 	EXP 	a_card: autoDraw = False
19.0559 	EXP 	text_6: autoDraw = True
19.5473 	WARNING 	Requested image '5_of_hearts' not found but similar filename '5_of_hearts.png' exists. This will be used instead but changing the filename is advised.
19.5546 	EXP 	text_6: autoDraw = False
19.5546 	EXP 	a_card: image = '5_of_hearts'
19.5546 	EXP 	a_card: autoDraw = True
20.5470 	EXP 	New trial (rep=6, index=0): None
20.5523 	EXP 	a_card: autoDraw = False
20.5523 	EXP 	text_6: autoDraw = True
21.0510 	WARNING 	Requested image 'king_of_clubs' not found but similar filename 'king_of_clubs.png' exists. This will be used instead but changing the filename is advised.
21.0636 	EXP 	text_6: autoDraw = False
21.0636 	EXP 	a_card: image = 'king_of_clubs'
21.0636 	EXP 	a_card: autoDraw = True
22.0477 	EXP 	New trial (rep=7, index=0): None
22.0531 	EXP 	a_card: autoDraw = False
22.0531 	EXP 	text_6: autoDraw = True
22.5512 	WARNING 	Requested image 'jack_of_spades' not found but similar filename 'jack_of_spades.png' exists. This will be used instead but changing the filename is advised.
22.5617 	EXP 	text_6: autoDraw = False
22.5617 	EXP 	a_card: image = 'jack_of_spades'
22.5617 	EXP 	a_card: autoDraw = True
23.5484 	EXP 	New trial (rep=8, index=0): None
23.5553 	EXP 	a_card: autoDraw = False
23.5553 	EXP 	text_6: autoDraw = True
24.0474 	WARNING 	Requested image 'jack_of_diamonds' not found but similar filename 'jack_of_diamonds.png' exists. This will be used instead but changing the filename is advised.
24.0585 	EXP 	text_6: autoDraw = False
24.0585 	EXP 	a_card: image = 'jack_of_diamonds'
24.0585 	EXP 	a_card: autoDraw = True
25.0510 	EXP 	New trial (rep=9, index=0): None
25.0567 	EXP 	a_card: autoDraw = False
25.0567 	EXP 	text_6: autoDraw = True
25.5482 	WARNING 	Requested image 'ace_of_clubs' not found but similar filename 'ace_of_clubs.png' exists. This will be used instead but changing the filename is advised.
25.5584 	EXP 	text_6: autoDraw = False
25.5584 	EXP 	a_card: image = 'ace_of_clubs'
25.5584 	EXP 	a_card: autoDraw = True
26.5502 	EXP 	New trial (rep=10, index=0): None
26.5556 	EXP 	a_card: autoDraw = False
26.5556 	EXP 	text_6: autoDraw = True
27.0479 	WARNING 	Requested image 'king_of_clubs' not found but similar filename 'king_of_clubs.png' exists. This will be used instead but changing the filename is advised.
27.0583 	EXP 	text_6: autoDraw = False
27.0583 	EXP 	a_card: image = 'king_of_clubs'
27.0583 	EXP 	a_card: autoDraw = True
28.0500 	EXP 	New trial (rep=11, index=0): None
28.0556 	EXP 	a_card: autoDraw = False
28.0556 	EXP 	text_6: autoDraw = True
28.5483 	WARNING 	Requested image '4_of_clubs' not found but similar filename '4_of_clubs.png' exists. This will be used instead but changing the filename is advised.
28.5580 	EXP 	text_6: autoDraw = False
28.5580 	EXP 	a_card: image = '4_of_clubs'
28.5580 	EXP 	a_card: autoDraw = True
29.5496 	EXP 	New trial (rep=12, index=0): None
29.5552 	EXP 	a_card: autoDraw = False
29.5552 	EXP 	text_6: autoDraw = True
30.0476 	WARNING 	Requested image 'jack_of_diamonds' not found but similar filename 'jack_of_diamonds.png' exists. This will be used instead but changing the filename is advised.
30.0573 	EXP 	text_6: autoDraw = False
30.0573 	EXP 	a_card: image = 'jack_of_diamonds'
30.0573 	EXP 	a_card: autoDraw = True
31.0519 	EXP 	New trial (rep=13, index=0): None
31.0574 	EXP 	a_card: autoDraw = False
31.0574 	EXP 	text_6: autoDraw = True
31.5488 	WARNING 	Requested image 'jack_of_spades' not found but similar filename 'jack_of_spades.png' exists. This will be used instead but changing the filename is advised.
31.5565 	EXP 	text_6: autoDraw = False
31.5565 	EXP 	a_card: image = 'jack_of_spades'
31.5565 	EXP 	a_card: autoDraw = True
32.5517 	EXP 	New trial (rep=14, index=0): None
32.5572 	EXP 	a_card: autoDraw = False
32.5572 	EXP 	text_6: autoDraw = True
33.0487 	WARNING 	Requested image '6_of_hearts' not found but similar filename '6_of_hearts.png' exists. This will be used instead but changing the filename is advised.
33.0583 	EXP 	text_6: autoDraw = False
33.0583 	EXP 	a_card: image = '6_of_hearts'
33.0583 	EXP 	a_card: autoDraw = True
34.0479 	EXP 	New trial (rep=15, index=0): None
34.0535 	EXP 	a_card: autoDraw = False
34.0535 	EXP 	text_6: autoDraw = True
34.5523 	WARNING 	Requested image 'king_of_clubs' not found but similar filename 'king_of_clubs.png' exists. This will be used instead but changing the filename is advised.
34.5631 	EXP 	text_6: autoDraw = False
34.5631 	EXP 	a_card: image = 'king_of_clubs'
34.5631 	EXP 	a_card: autoDraw = True
35.5483 	EXP 	New trial (rep=16, index=0): None
35.5541 	EXP 	a_card: autoDraw = False
35.5541 	EXP 	text_6: autoDraw = True
36.0475 	WARNING 	Requested image '7_of_hearts' not found but similar filename '7_of_hearts.png' exists. This will be used instead but changing the filename is advised.
36.0569 	EXP 	text_6: autoDraw = False
36.0569 	EXP 	a_card: image = '7_of_hearts'
36.0569 	EXP 	a_card: autoDraw = True
37.0511 	EXP 	New trial (rep=17, index=0): None
37.0566 	EXP 	a_card: autoDraw = False
37.0566 	EXP 	text_6: autoDraw = True
37.5482 	WARNING 	Requested image 'jack_of_spades' not found but similar filename 'jack_of_spades.png' exists. This will be used instead but changing the filename is advised.
37.5582 	EXP 	text_6: autoDraw = False
37.5582 	EXP 	a_card: image = 'jack_of_spades'
37.5582 	EXP 	a_card: autoDraw = True
38.5483 	EXP 	New trial (rep=18, index=0): None
38.5539 	EXP 	a_card: autoDraw = False
38.5539 	EXP 	text_6: autoDraw = True
38.9864 	DATA 	Keypress: escape
39.3033 	EXP 	window1: mouseVisible = True
