1.8313 	ERROR 	Support for the `sounddevice` audio backend is not available this session. Please install `psychopy-sounddevice` and restart the session to enable support.
4.7779 	WARNING 	User requested fullscreen with size [1707 1067], but screen is actually [2560, 1600]. Using actual size
5.1462 	EXP 	Created window1 = Window(allowGUI=True, allowStencil=False, autoLog=True, backendConf=UNKNOWN, backgroundFit=<method-wrapper '__getattribute__' of attributeSetter object at 0x000002985DB47A30>, backgroundImage=<method-wrapper '__getattribute__' of attributeSetter object at 0x000002985DB479D0>, bitsMode=UNKNOWN, blendMode='avg', bpc=(8, 8, 8), color=array([0, 0, 0]), colorSpace='rgb', depthBits=8, fullscr=<method-wrapper '__getattribute__' of attributeSetter object at 0x000002985DB47700>, gamma=None, gammaErrorPolicy='raise', lms=UNKNOWN, monitor=<psychopy.monitors.calibTools.Monitor object at 0x000002985EA97520>, multiSample=False, name='window1', numSamples=2, pos=(-2560, 0), screen=0, size=array([2560, 1600]), stencilBits=0, stereo=False, units='height', useFBO=True, useRetina=False, viewOri=0.0, viewPos=None, viewScale=None, waitBlanking=True, winType='pyglet')
5.1462 	EXP 	window1: mouseVisible = True
5.1463 	EXP 	window1: backgroundImage = ''
5.1463 	EXP 	window1: backgroundFit = 'none'
5.1463 	EXP 	window1: mouseVisible = False
5.1463 	EXP 	window1: Attempting to measure frame rate of screen (0) ...
5.1463 	EXP 	window1: recordFrameIntervals = False
5.2066 	EXP 	window1: recordFrameIntervals = True
5.2734 	EXP 	Screen (0) actual frame rate measured at 164.84Hz
5.2734 	EXP 	window1: recordFrameIntervals = False
6.8129 	EXP 	Created text_2 = TextStim(__class__=<class 'psychopy.visual.text.TextStim'>, alignHoriz=method-wrapper(...), alignText='center', alignVert=method-wrapper(...), anchorHoriz='center', anchorVert='center', antialias=True, autoDraw=False, autoLog=True, bold=False, color=array([1., 1., 1.]), colorSpace='rgb', contrast=1.0, depth=-1.0, flipHoriz=False, flipVert=False, font='Open Sans', fontFiles=[], height=0.05, italic=False, languageStyle='LTR', name='text_2', opacity=1.0, ori=0.0, pos=array([0., 0.]), rgb=UNKNOWN, text='press to begin\n', units='height', win=Window(...), wrapWidth=1)
6.8296 	EXP 	Created card_1 = ImageStim(__class__=<class 'psychopy.visual.image.ImageStim'>, anchor=('center', 'center'), autoLog=True, color=array([1., 1., 1.]), colorSpace='rgb', contrast=1.0, depth=-2.0, flipHoriz=False, flipVert=False, image='default.png', interpolate=True, mask=None, maskParams=None, name='card_1', opacity=1.0, ori=0.0, pos=array([0., 0.]), size=array([300., 400.]), texRes=128.0, units='pix', win=Window(...))
6.8400 	EXP 	Created card_2 = ImageStim(__class__=<class 'psychopy.visual.image.ImageStim'>, anchor=('center', 'center'), autoLog=True, color=array([1., 1., 1.]), colorSpace='rgb', contrast=1.0, depth=-3.0, flipHoriz=False, flipVert=False, image='default.png', interpolate=True, mask=None, maskParams=None, name='card_2', opacity=1.0, ori=0.0, pos=array([0., 0.]), size=array([300., 400.]), texRes=128.0, units='pix', win=Window(...))
6.8622 	EXP 	Created card_3 = ImageStim(__class__=<class 'psychopy.visual.image.ImageStim'>, anchor=('center', 'center'), autoLog=True, color=array([1., 1., 1.]), colorSpace='rgb', contrast=1.0, depth=-4.0, flipHoriz=False, flipVert=False, image='default.png', interpolate=True, mask=None, maskParams=None, name='card_3', opacity=1.0, ori=0.0, pos=array([0., 0.]), size=array([300., 400.]), texRes=128.0, units='pix', win=Window(...))
6.8748 	EXP 	Created card_4 = ImageStim(__class__=<class 'psychopy.visual.image.ImageStim'>, anchor=('center', 'center'), autoLog=True, color=array([1., 1., 1.]), colorSpace='rgb', contrast=1.0, depth=-5.0, flipHoriz=False, flipVert=False, image='default.png', interpolate=True, mask=None, maskParams=None, name='card_4', opacity=1.0, ori=0.0, pos=array([0., 0.]), size=array([300., 400.]), texRes=128.0, units='pix', win=Window(...))
6.8869 	EXP 	Created card_5 = ImageStim(__class__=<class 'psychopy.visual.image.ImageStim'>, anchor=('center', 'center'), autoLog=True, color=array([1., 1., 1.]), colorSpace='rgb', contrast=1.0, depth=-6.0, flipHoriz=False, flipVert=False, image='default.png', interpolate=True, mask=None, maskParams=None, name='card_5', opacity=1.0, ori=0.0, pos=array([0., 0.]), size=array([300., 400.]), texRes=128.0, units='pix', win=Window(...))
6.9122 	EXP 	Created card_6 = ImageStim(__class__=<class 'psychopy.visual.image.ImageStim'>, anchor=('center', 'center'), autoLog=True, color=array([1., 1., 1.]), colorSpace='rgb', contrast=1.0, depth=-7.0, flipHoriz=False, flipVert=False, image='default.png', interpolate=True, mask=None, maskParams=None, name='card_6', opacity=1.0, ori=0.0, pos=array([0., 0.]), size=array([300., 400.]), texRes=128.0, units='pix', win=Window(...))
6.9240 	EXP 	Created card_7 = ImageStim(__class__=<class 'psychopy.visual.image.ImageStim'>, anchor=('center', 'center'), autoLog=True, color=array([1., 1., 1.]), colorSpace='rgb', contrast=1.0, depth=-8.0, flipHoriz=False, flipVert=False, image='default.png', interpolate=True, mask=None, maskParams=None, name='card_7', opacity=1.0, ori=0.0, pos=array([0., 0.]), size=array([300., 400.]), texRes=128.0, units='pix', win=Window(...))
6.9355 	EXP 	Created card_8 = ImageStim(__class__=<class 'psychopy.visual.image.ImageStim'>, anchor=('center', 'center'), autoLog=True, color=array([1., 1., 1.]), colorSpace='rgb', contrast=1.0, depth=-9.0, flipHoriz=False, flipVert=False, image='default.png', interpolate=True, mask=None, maskParams=None, name='card_8', opacity=1.0, ori=0.0, pos=array([0., 0.]), size=array([300., 400.]), texRes=128.0, units='pix', win=Window(...))
6.9469 	EXP 	Created card_9 = ImageStim(__class__=<class 'psychopy.visual.image.ImageStim'>, anchor=('center', 'center'), autoLog=True, color=array([1., 1., 1.]), colorSpace='rgb', contrast=1.0, depth=-10.0, flipHoriz=False, flipVert=False, image='default.png', interpolate=True, mask=None, maskParams=None, name='card_9', opacity=1.0, ori=0.0, pos=array([0., 0.]), size=array([300., 400.]), texRes=128.0, units='pix', win=Window(...))
6.9634 	EXP 	Created a_card = ImageStim(__class__=<class 'psychopy.visual.image.ImageStim'>, anchor=('center', 'center'), autoLog=True, color=array([1., 1., 1.]), colorSpace='rgb', contrast=1.0, depth=-2.0, flipHoriz=False, flipVert=False, image='default.png', interpolate=True, mask=None, maskParams=None, name='a_card', opacity=1.0, ori=0.0, pos=array([0., 0.]), size=array([300., 400.]), texRes=128.0, units='pix', win=Window(...))
7.0305 	EXP 	text_2: autoDraw = True
7.4708 	WARNING 	Requested image '7_of_clubs' not found but similar filename '7_of_clubs.png' exists. This will be used instead but changing the filename is advised.
7.4898 	WARNING 	Requested image '8_of_hearts' not found but similar filename '8_of_hearts.png' exists. This will be used instead but changing the filename is advised.
7.5071 	WARNING 	Requested image '3_of_clubs' not found but similar filename '3_of_clubs.png' exists. This will be used instead but changing the filename is advised.
7.5252 	WARNING 	Requested image '10_of_clubs' not found but similar filename '10_of_clubs.png' exists. This will be used instead but changing the filename is advised.
7.5430 	WARNING 	Requested image '5_of_clubs' not found but similar filename '5_of_clubs.png' exists. This will be used instead but changing the filename is advised.
7.5609 	WARNING 	Requested image 'jack_of_spades' not found but similar filename 'jack_of_spades.png' exists. This will be used instead but changing the filename is advised.
7.5790 	WARNING 	Requested image '7_of_hearts' not found but similar filename '7_of_hearts.png' exists. This will be used instead but changing the filename is advised.
7.5966 	WARNING 	Requested image '10_of_diamonds' not found but similar filename '10_of_diamonds.png' exists. This will be used instead but changing the filename is advised.
7.6141 	WARNING 	Requested image 'queen_of_clubs' not found but similar filename 'queen_of_clubs.png' exists. This will be used instead but changing the filename is advised.
7.6364 	DATA 	Keypress: space
7.6470 	EXP 	text_2: autoDraw = False
7.6470 	EXP 	card_1: image = '7_of_clubs'
7.6470 	EXP 	card_2: image = '8_of_hearts'
7.6470 	EXP 	card_3: image = '3_of_clubs'
7.6470 	EXP 	card_4: image = '10_of_clubs'
7.6470 	EXP 	card_5: image = '5_of_clubs'
7.6470 	EXP 	card_6: image = 'jack_of_spades'
7.6470 	EXP 	card_7: image = '7_of_hearts'
7.6470 	EXP 	card_8: image = '10_of_diamonds'
7.6470 	EXP 	card_9: image = 'queen_of_clubs'
7.6470 	EXP 	card_1: autoDraw = True
7.6470 	EXP 	card_2: autoDraw = True
7.6470 	EXP 	card_3: autoDraw = True
7.6470 	EXP 	card_4: autoDraw = True
7.6470 	EXP 	card_5: autoDraw = True
7.6470 	EXP 	card_6: autoDraw = True
7.6470 	EXP 	card_7: autoDraw = True
7.6470 	EXP 	card_8: autoDraw = True
7.6470 	EXP 	card_9: autoDraw = True
8.2315 	EXP 	Created sequence: random, trialTypes=1, nReps=18, seed=None
8.2317 	EXP 	New trial (rep=0, index=0): None
8.2319 	WARNING 	Requested image '7_of_clubs' not found but similar filename '7_of_clubs.png' exists. This will be used instead but changing the filename is advised.
8.2473 	DATA 	Keypress: space
8.2512 	EXP 	card_1: autoDraw = False
8.2512 	EXP 	card_2: autoDraw = False
8.2512 	EXP 	card_3: autoDraw = False
8.2512 	EXP 	card_4: autoDraw = False
8.2512 	EXP 	card_5: autoDraw = False
8.2512 	EXP 	card_6: autoDraw = False
8.2512 	EXP 	card_7: autoDraw = False
8.2512 	EXP 	card_8: autoDraw = False
8.2512 	EXP 	card_9: autoDraw = False
8.2512 	EXP 	a_card: image = '7_of_clubs'
8.5363 	EXP 	a_card: autoDraw = True
9.8346 	EXP 	New trial (rep=1, index=0): None
9.8349 	WARNING 	Requested image 'jack_of_spades' not found but similar filename 'jack_of_spades.png' exists. This will be used instead but changing the filename is advised.
9.8428 	EXP 	a_card: autoDraw = False
9.8428 	EXP 	a_card: image = 'jack_of_spades'
10.1344 	EXP 	a_card: autoDraw = True
11.4340 	EXP 	New trial (rep=2, index=0): None
11.4343 	WARNING 	Requested image 'queen_of_clubs' not found but similar filename 'queen_of_clubs.png' exists. This will be used instead but changing the filename is advised.
11.4446 	EXP 	a_card: autoDraw = False
11.4446 	EXP 	a_card: image = 'queen_of_clubs'
11.7347 	EXP 	a_card: autoDraw = True
13.0336 	EXP 	New trial (rep=3, index=0): None
13.0338 	WARNING 	Requested image '7_of_clubs' not found but similar filename '7_of_clubs.png' exists. This will be used instead but changing the filename is advised.
13.0434 	EXP 	a_card: autoDraw = False
13.0434 	EXP 	a_card: image = '7_of_clubs'
13.3357 	EXP 	a_card: autoDraw = True
14.6327 	EXP 	New trial (rep=4, index=0): None
14.6329 	WARNING 	Requested image '7_of_hearts' not found but similar filename '7_of_hearts.png' exists. This will be used instead but changing the filename is advised.
14.6425 	EXP 	a_card: autoDraw = False
14.6425 	EXP 	a_card: image = '7_of_hearts'
14.9338 	EXP 	a_card: autoDraw = True
16.2322 	EXP 	New trial (rep=5, index=0): None
16.2324 	WARNING 	Requested image 'jack_of_spades' not found but similar filename 'jack_of_spades.png' exists. This will be used instead but changing the filename is advised.
16.2408 	EXP 	a_card: autoDraw = False
16.2408 	EXP 	a_card: image = 'jack_of_spades'
16.5331 	EXP 	a_card: autoDraw = True
17.8320 	EXP 	New trial (rep=6, index=0): None
17.8323 	WARNING 	Requested image '7_of_hearts' not found but similar filename '7_of_hearts.png' exists. This will be used instead but changing the filename is advised.
17.8413 	EXP 	a_card: autoDraw = False
17.8413 	EXP 	a_card: image = '7_of_hearts'
18.1335 	EXP 	a_card: autoDraw = True
19.4318 	EXP 	New trial (rep=7, index=0): None
19.4320 	WARNING 	Requested image '3_of_clubs' not found but similar filename '3_of_clubs.png' exists. This will be used instead but changing the filename is advised.
19.4416 	EXP 	a_card: autoDraw = False
19.4416 	EXP 	a_card: image = '3_of_clubs'
19.7343 	EXP 	a_card: autoDraw = True
21.0315 	EXP 	New trial (rep=8, index=0): None
21.0318 	WARNING 	Requested image '8_of_hearts' not found but similar filename '8_of_hearts.png' exists. This will be used instead but changing the filename is advised.
21.0410 	EXP 	a_card: autoDraw = False
21.0410 	EXP 	a_card: image = '8_of_hearts'
21.3333 	EXP 	a_card: autoDraw = True
22.6313 	EXP 	New trial (rep=9, index=0): None
22.6316 	WARNING 	Requested image '8_of_hearts' not found but similar filename '8_of_hearts.png' exists. This will be used instead but changing the filename is advised.
22.6412 	EXP 	a_card: autoDraw = False
22.6412 	EXP 	a_card: autoDraw = False
22.6412 	EXP 	a_card: image = '8_of_hearts'
22.9337 	EXP 	a_card: autoDraw = True
24.2314 	EXP 	New trial (rep=10, index=0): None
24.2317 	WARNING 	Requested image '5_of_clubs' not found but similar filename '5_of_clubs.png' exists. This will be used instead but changing the filename is advised.
24.2412 	EXP 	a_card: autoDraw = False
24.2412 	EXP 	a_card: image = '5_of_clubs'
24.5332 	EXP 	a_card: autoDraw = True
25.8312 	EXP 	New trial (rep=11, index=0): None
25.8314 	WARNING 	Requested image '10_of_diamonds' not found but similar filename '10_of_diamonds.png' exists. This will be used instead but changing the filename is advised.
25.8407 	EXP 	a_card: autoDraw = False
25.8407 	EXP 	a_card: autoDraw = False
25.8407 	EXP 	a_card: image = '10_of_diamonds'
26.1329 	EXP 	a_card: autoDraw = True
27.4308 	EXP 	New trial (rep=12, index=0): None
27.4310 	WARNING 	Requested image '3_of_clubs' not found but similar filename '3_of_clubs.png' exists. This will be used instead but changing the filename is advised.
27.4403 	EXP 	a_card: autoDraw = False
27.4403 	EXP 	a_card: autoDraw = False
27.4403 	EXP 	a_card: image = '3_of_clubs'
27.7328 	EXP 	a_card: autoDraw = True
29.0299 	EXP 	New trial (rep=13, index=0): None
29.0302 	WARNING 	Requested image '10_of_clubs' not found but similar filename '10_of_clubs.png' exists. This will be used instead but changing the filename is advised.
29.0393 	EXP 	a_card: autoDraw = False
29.0393 	EXP 	a_card: autoDraw = False
29.0393 	EXP 	a_card: image = '10_of_clubs'
29.3323 	EXP 	a_card: autoDraw = True
30.6293 	EXP 	New trial (rep=14, index=0): None
30.6295 	WARNING 	Requested image '10_of_diamonds' not found but similar filename '10_of_diamonds.png' exists. This will be used instead but changing the filename is advised.
30.6386 	EXP 	a_card: autoDraw = False
30.6386 	EXP 	a_card: autoDraw = False
30.6386 	EXP 	a_card: image = '10_of_diamonds'
30.9311 	EXP 	a_card: autoDraw = True
32.2287 	EXP 	New trial (rep=15, index=0): None
32.2290 	WARNING 	Requested image '5_of_clubs' not found but similar filename '5_of_clubs.png' exists. This will be used instead but changing the filename is advised.
32.2392 	EXP 	a_card: autoDraw = False
32.2392 	EXP 	a_card: autoDraw = False
32.2392 	EXP 	a_card: image = '5_of_clubs'
32.5307 	EXP 	a_card: autoDraw = True
33.8287 	EXP 	New trial (rep=16, index=0): None
33.8290 	WARNING 	Requested image '10_of_clubs' not found but similar filename '10_of_clubs.png' exists. This will be used instead but changing the filename is advised.
33.8381 	EXP 	a_card: autoDraw = False
33.8381 	EXP 	a_card: autoDraw = False
33.8381 	EXP 	a_card: image = '10_of_clubs'
34.1358 	EXP 	a_card: autoDraw = True
35.4334 	EXP 	New trial (rep=17, index=0): None
35.4337 	WARNING 	Requested image 'queen_of_clubs' not found but similar filename 'queen_of_clubs.png' exists. This will be used instead but changing the filename is advised.
35.4438 	EXP 	a_card: autoDraw = False
35.4438 	EXP 	a_card: image = 'queen_of_clubs'
35.7353 	EXP 	a_card: autoDraw = True
37.0391 	EXP 	a_card: autoDraw = False
37.1223 	EXP 	window1: mouseVisible = True
