1.9382 	ERROR 	Support for the `sounddevice` audio backend is not available this session. Please install `psychopy-sounddevice` and restart the session to enable support.
5.1043 	WARNING 	User requested fullscreen with size [1707 1067], but screen is actually [2560, 1600]. Using actual size
5.4705 	EXP 	Created window1 = Window(allowGUI=True, allowStencil=False, autoLog=True, backendConf=UNKNOWN, backgroundFit=<method-wrapper '__getattribute__' of attributeSetter object at 0x0000020BBE9220A0>, backgroundImage=<method-wrapper '__getattribute__' of attributeSetter object at 0x0000020BBE922040>, bitsMode=UNKNOWN, blendMode='avg', bpc=(8, 8, 8), color=array([0, 0, 0]), colorSpace='rgb', depthBits=8, fullscr=<method-wrapper '__getattribute__' of attributeSetter object at 0x0000020BBE910D60>, gamma=None, gammaErrorPolicy='raise', lms=UNKNOWN, monitor=<psychopy.monitors.calibTools.Monitor object at 0x0000020BC522CBB0>, multiSample=False, name='window1', numSamples=2, pos=(-2560, 0), screen=0, size=array([2560, 1600]), stencilBits=0, stereo=False, units='height', useFBO=True, useRetina=False, viewOri=0.0, viewPos=None, viewScale=None, waitBlanking=True, winType='pyglet')
5.4706 	EXP 	window1: mouseVisible = True
5.4706 	EXP 	window1: backgroundImage = ''
5.4706 	EXP 	window1: backgroundFit = 'none'
5.4706 	EXP 	window1: mouseVisible = False
5.4706 	EXP 	window1: Attempting to measure frame rate of screen (0) ...
5.4706 	EXP 	window1: recordFrameIntervals = False
5.5309 	EXP 	window1: recordFrameIntervals = True
5.5977 	EXP 	Screen (0) actual frame rate measured at 164.98Hz
5.5978 	EXP 	window1: recordFrameIntervals = False
7.2619 	EXP 	Created text_2 = TextStim(__class__=<class 'psychopy.visual.text.TextStim'>, alignHoriz=method-wrapper(...), alignText='center', alignVert=method-wrapper(...), anchorHoriz='center', anchorVert='center', antialias=True, autoDraw=False, autoLog=True, bold=False, color=array([1., 1., 1.]), colorSpace='rgb', contrast=1.0, depth=-1.0, flipHoriz=False, flipVert=False, font='Open Sans', fontFiles=[], height=0.05, italic=False, languageStyle='LTR', name='text_2', opacity=1.0, ori=0.0, pos=array([0., 0.]), rgb=UNKNOWN, text=str(...), units='height', win=Window(...), wrapWidth=1)
7.2788 	EXP 	Created card_1 = ImageStim(__class__=<class 'psychopy.visual.image.ImageStim'>, anchor=('center', 'center'), autoLog=True, color=array([1., 1., 1.]), colorSpace='rgb', contrast=1.0, depth=-2.0, flipHoriz=False, flipVert=False, image='default.png', interpolate=True, mask=None, maskParams=None, name='card_1', opacity=1.0, ori=0.0, pos=array([0., 0.]), size=array([2., 2.]), texRes=128.0, units='height', win=Window(...))
7.2896 	EXP 	Created card_2 = ImageStim(__class__=<class 'psychopy.visual.image.ImageStim'>, anchor=('center', 'center'), autoLog=True, color=array([1., 1., 1.]), colorSpace='rgb', contrast=1.0, depth=-3.0, flipHoriz=False, flipVert=False, image='default.png', interpolate=True, mask=None, maskParams=None, name='card_2', opacity=1.0, ori=0.0, pos=array([0., 0.]), size=array([300., 400.]), texRes=128.0, units='pix', win=Window(...))
7.3093 	EXP 	Created card_3 = ImageStim(__class__=<class 'psychopy.visual.image.ImageStim'>, anchor=('center', 'center'), autoLog=True, color=array([1., 1., 1.]), colorSpace='rgb', contrast=1.0, depth=-4.0, flipHoriz=False, flipVert=False, image='default.png', interpolate=True, mask=None, maskParams=None, name='card_3', opacity=1.0, ori=0.0, pos=array([0., 0.]), size=array([300., 400.]), texRes=128.0, units='pix', win=Window(...))
7.3204 	EXP 	Created card_4 = ImageStim(__class__=<class 'psychopy.visual.image.ImageStim'>, anchor=('center', 'center'), autoLog=True, color=array([1., 1., 1.]), colorSpace='rgb', contrast=1.0, depth=-5.0, flipHoriz=False, flipVert=False, image='default.png', interpolate=True, mask=None, maskParams=None, name='card_4', opacity=1.0, ori=0.0, pos=array([0., 0.]), size=array([300., 400.]), texRes=128.0, units='pix', win=Window(...))
7.3367 	EXP 	Created card_5 = ImageStim(__class__=<class 'psychopy.visual.image.ImageStim'>, anchor=('center', 'center'), autoLog=True, color=array([1., 1., 1.]), colorSpace='rgb', contrast=1.0, depth=-6.0, flipHoriz=False, flipVert=False, image='default.png', interpolate=True, mask=None, maskParams=None, name='card_5', opacity=1.0, ori=0.0, pos=array([0., 0.]), size=array([300., 400.]), texRes=128.0, units='pix', win=Window(...))
7.3587 	EXP 	Created card_6 = ImageStim(__class__=<class 'psychopy.visual.image.ImageStim'>, anchor=('center', 'center'), autoLog=True, color=array([1., 1., 1.]), colorSpace='rgb', contrast=1.0, depth=-7.0, flipHoriz=False, flipVert=False, image='default.png', interpolate=True, mask=None, maskParams=None, name='card_6', opacity=1.0, ori=0.0, pos=array([0., 0.]), size=array([300., 400.]), texRes=128.0, units='pix', win=Window(...))
7.3698 	EXP 	Created card_7 = ImageStim(__class__=<class 'psychopy.visual.image.ImageStim'>, anchor=('center', 'center'), autoLog=True, color=array([1., 1., 1.]), colorSpace='rgb', contrast=1.0, depth=-8.0, flipHoriz=False, flipVert=False, image='default.png', interpolate=True, mask=None, maskParams=None, name='card_7', opacity=1.0, ori=0.0, pos=array([0., 0.]), size=array([300., 400.]), texRes=128.0, units='pix', win=Window(...))
7.3809 	EXP 	Created card_8 = ImageStim(__class__=<class 'psychopy.visual.image.ImageStim'>, anchor=('center', 'center'), autoLog=True, color=array([1., 1., 1.]), colorSpace='rgb', contrast=1.0, depth=-9.0, flipHoriz=False, flipVert=False, image='default.png', interpolate=True, mask=None, maskParams=None, name='card_8', opacity=1.0, ori=0.0, pos=array([0., 0.]), size=array([300., 400.]), texRes=128.0, units='pix', win=Window(...))
7.3927 	EXP 	Created card_9 = ImageStim(__class__=<class 'psychopy.visual.image.ImageStim'>, anchor=('center', 'center'), autoLog=True, color=array([1., 1., 1.]), colorSpace='rgb', contrast=1.0, depth=-10.0, flipHoriz=False, flipVert=False, image='default.png', interpolate=True, mask=None, maskParams=None, name='card_9', opacity=1.0, ori=0.0, pos=array([0., 0.]), size=array([300., 400.]), texRes=128.0, units='pix', win=Window(...))
7.3939 	EXP 	Created text = TextStim(__class__=<class 'psychopy.visual.text.TextStim'>, alignHoriz=method-wrapper(...), alignText='center', alignVert=method-wrapper(...), anchorHoriz='center', anchorVert='center', antialias=True, autoDraw=False, autoLog=True, bold=False, color=array([1., 1., 1.]), colorSpace='rgb', contrast=1.0, depth=0.0, flipHoriz=False, flipVert=False, font='Open Sans', fontFiles=[], height=0.05, italic=False, languageStyle='LTR', name='text', opacity=1.0, ori=0.0, pos=array([0., 0.]), rgb=UNKNOWN, text='', units='height', win=Window(...), wrapWidth=1)
7.4102 	EXP 	Created card_shown = ImageStim(__class__=<class 'psychopy.visual.image.ImageStim'>, anchor=('center', 'center'), autoLog=True, color=array([1., 1., 1.]), colorSpace='rgb', contrast=1.0, depth=-2.0, flipHoriz=False, flipVert=False, image='default.png', interpolate=True, mask=None, maskParams=None, name='card_shown', opacity=1.0, ori=0.0, pos=array([0., 0.]), size=array([300., 400.]), texRes=128.0, units='pix', win=Window(...))
7.4125 	DATA 	Mouse: Left button down, pos=(1647,961)
7.4126 	DATA 	Mouse:  Left button up, pos=(1647,961)
7.5065 	EXP 	text_2: autoDraw = True
8.3034 	WARNING 	Requested image '3_of_spades' not found but similar filename '3_of_spades.png' exists. This will be used instead but changing the filename is advised.
8.3220 	WARNING 	Requested image '4_of_hearts' not found but similar filename '4_of_hearts.png' exists. This will be used instead but changing the filename is advised.
8.3398 	WARNING 	Requested image '6_of_clubs' not found but similar filename '6_of_clubs.png' exists. This will be used instead but changing the filename is advised.
8.3571 	WARNING 	Requested image '10_of_diamonds' not found but similar filename '10_of_diamonds.png' exists. This will be used instead but changing the filename is advised.
8.3746 	WARNING 	Requested image '5_of_clubs' not found but similar filename '5_of_clubs.png' exists. This will be used instead but changing the filename is advised.
8.3919 	WARNING 	Requested image '5_of_diamonds' not found but similar filename '5_of_diamonds.png' exists. This will be used instead but changing the filename is advised.
8.4102 	WARNING 	Requested image 'queen_of_hearts' not found but similar filename 'queen_of_hearts.png' exists. This will be used instead but changing the filename is advised.
8.4283 	WARNING 	Requested image 'king_of_clubs' not found but similar filename 'king_of_clubs.png' exists. This will be used instead but changing the filename is advised.
8.4466 	WARNING 	Requested image '9_of_spades' not found but similar filename '9_of_spades.png' exists. This will be used instead but changing the filename is advised.
8.4662 	DATA 	Keypress: space
8.4803 	EXP 	text_2: autoDraw = False
8.4803 	EXP 	card_1: image = '3_of_spades'
8.4803 	EXP 	card_2: image = '4_of_hearts'
8.4803 	EXP 	card_3: image = '6_of_clubs'
8.4803 	EXP 	card_4: image = '10_of_diamonds'
8.4803 	EXP 	card_5: image = '5_of_clubs'
8.4803 	EXP 	card_6: image = '5_of_diamonds'
8.4803 	EXP 	card_7: image = 'queen_of_hearts'
8.4803 	EXP 	card_8: image = 'king_of_clubs'
8.4803 	EXP 	card_9: image = '9_of_spades'
8.4803 	EXP 	card_1: autoDraw = True
8.4803 	EXP 	card_2: autoDraw = True
8.4803 	EXP 	card_3: autoDraw = True
8.4803 	EXP 	card_4: autoDraw = True
8.4803 	EXP 	card_5: autoDraw = True
8.4803 	EXP 	card_6: autoDraw = True
8.4803 	EXP 	card_7: autoDraw = True
8.4803 	EXP 	card_8: autoDraw = True
8.4803 	EXP 	card_9: autoDraw = True
21.3198 	DATA 	Keypress: escape
21.7355 	EXP 	window1: mouseVisible = True
