1.8755 	ERROR 	Support for the `sounddevice` audio backend is not available this session. Please install `psychopy-sounddevice` and restart the session to enable support.
5.2499 	EXP 	Created window1 = Window(allowGUI=True, allowStencil=False, autoLog=True, backendConf=UNKNOWN, backgroundFit=<method-wrapper '__getattribute__' of attributeSetter object at 0x0000018CC5035C10>, backgroundImage=<method-wrapper '__getattribute__' of attributeSetter object at 0x0000018CC5035BB0>, bitsMode=UNKNOWN, blendMode='avg', bpc=(8, 8, 8), color=array([-1., -1., -1.]), colorSpace='rgb', depthBits=8, fullscr=<method-wrapper '__getattribute__' of attributeSetter object at 0x0000018CC50358B0>, gamma=None, gammaErrorPolicy='raise', lms=UNKNOWN, monitor=<psychopy.monitors.calibTools.Monitor object at 0x0000018CC6492760>, multiSample=False, name='window1', numSamples=2, pos=(0, 0), screen=1, size=array([1920, 1080]), stencilBits=0, stereo=False, units='height', useFBO=True, useRetina=False, viewOri=0.0, viewPos=None, viewScale=None, waitBlanking=True, winType='pyglet')
5.2499 	EXP 	window1: mouseVisible = True
5.2499 	EXP 	window1: backgroundImage = ''
5.2500 	EXP 	window1: backgroundFit = 'none'
5.2500 	EXP 	window1: mouseVisible = False
5.2500 	EXP 	window1: Attempting to measure frame rate of screen (1) ...
5.2500 	EXP 	window1: recordFrameIntervals = False
5.4165 	EXP 	window1: recordFrameIntervals = True
5.5996 	EXP 	Screen (1) actual frame rate measured at 59.98Hz
5.5996 	EXP 	window1: recordFrameIntervals = False
7.1562 	EXP 	Created text_2 = TextStim(__class__=<class 'psychopy.visual.text.TextStim'>, alignHoriz=method-wrapper(...), alignText='center', alignVert=method-wrapper(...), anchorHoriz='center', anchorVert='center', antialias=True, autoDraw=False, autoLog=True, bold=False, color=array([1., 1., 1.]), colorSpace='rgb', contrast=1.0, depth=-1.0, flipHoriz=False, flipVert=False, font='Open Sans', fontFiles=[], height=0.05, italic=False, languageStyle='LTR', name='text_2', opacity=1.0, ori=0.0, pos=array([0., 0.]), rgb=UNKNOWN, text=str(...), units='height', win=Window(...), wrapWidth=1)
7.1630 	EXP 	Created text_3 = TextStim(__class__=<class 'psychopy.visual.text.TextStim'>, alignHoriz=method-wrapper(...), alignText='center', alignVert=method-wrapper(...), anchorHoriz='center', anchorVert='center', antialias=True, autoDraw=False, autoLog=True, bold=False, color=array([1., 1., 1.]), colorSpace='rgb', contrast=1.0, depth=-1.0, flipHoriz=False, flipVert=False, font='Open Sans', fontFiles=[], height=0.03, italic=False, languageStyle='LTR', name='text_3', opacity=1.0, ori=0.0, pos=array([0.  , 0.47]), rgb=UNKNOWN, text='Choose a card. Press space to continue', units='height', win=Window(...), wrapWidth=1)
7.1752 	EXP 	Created card_1 = ImageStim(__class__=<class 'psychopy.visual.image.ImageStim'>, anchor=('center', 'center'), autoLog=True, color=array([1., 1., 1.]), colorSpace='rgb', contrast=1.0, depth=-3.0, flipHoriz=False, flipVert=False, image='default.png', interpolate=True, mask=None, maskParams=None, name='card_1', opacity=1.0, ori=0.0, pos=array([0., 0.]), size=array([0.2  , 0.266]), texRes=128.0, units='height', win=Window(...))
7.1850 	EXP 	Created card_2 = ImageStim(__class__=<class 'psychopy.visual.image.ImageStim'>, anchor=('center', 'center'), autoLog=True, color=array([1., 1., 1.]), colorSpace='rgb', contrast=1.0, depth=-4.0, flipHoriz=False, flipVert=False, image='default.png', interpolate=True, mask=None, maskParams=None, name='card_2', opacity=1.0, ori=0.0, pos=array([0., 0.]), size=array([0.2  , 0.266]), texRes=128.0, units='height', win=Window(...))
7.1971 	EXP 	Created card_3 = ImageStim(__class__=<class 'psychopy.visual.image.ImageStim'>, anchor=('center', 'center'), autoLog=True, color=array([1., 1., 1.]), colorSpace='rgb', contrast=1.0, depth=-5.0, flipHoriz=False, flipVert=False, image='default.png', interpolate=True, mask=None, maskParams=None, name='card_3', opacity=1.0, ori=0.0, pos=array([0., 0.]), size=array([0.2  , 0.266]), texRes=128.0, units='height', win=Window(...))
7.2086 	EXP 	Created card_4 = ImageStim(__class__=<class 'psychopy.visual.image.ImageStim'>, anchor=('center', 'center'), autoLog=True, color=array([1., 1., 1.]), colorSpace='rgb', contrast=1.0, depth=-6.0, flipHoriz=False, flipVert=False, image='default.png', interpolate=True, mask=None, maskParams=None, name='card_4', opacity=1.0, ori=0.0, pos=array([0., 0.]), size=array([0.2  , 0.266]), texRes=128.0, units='height', win=Window(...))
7.2207 	EXP 	Created card_5 = ImageStim(__class__=<class 'psychopy.visual.image.ImageStim'>, anchor=('center', 'center'), autoLog=True, color=array([1., 1., 1.]), colorSpace='rgb', contrast=1.0, depth=-7.0, flipHoriz=False, flipVert=False, image='default.png', interpolate=True, mask=None, maskParams=None, name='card_5', opacity=1.0, ori=0.0, pos=array([0., 0.]), size=array([0.2  , 0.266]), texRes=128.0, units='height', win=Window(...))
7.2334 	EXP 	Created card_6 = ImageStim(__class__=<class 'psychopy.visual.image.ImageStim'>, anchor=('center', 'center'), autoLog=True, color=array([1., 1., 1.]), colorSpace='rgb', contrast=1.0, depth=-8.0, flipHoriz=False, flipVert=False, image='default.png', interpolate=True, mask=None, maskParams=None, name='card_6', opacity=1.0, ori=0.0, pos=array([0., 0.]), size=array([0.2  , 0.266]), texRes=128.0, units='height', win=Window(...))
7.2450 	EXP 	Created card_7 = ImageStim(__class__=<class 'psychopy.visual.image.ImageStim'>, anchor=('center', 'center'), autoLog=True, color=array([1., 1., 1.]), colorSpace='rgb', contrast=1.0, depth=-9.0, flipHoriz=False, flipVert=False, image='default.png', interpolate=True, mask=None, maskParams=None, name='card_7', opacity=1.0, ori=0.0, pos=array([0., 0.]), size=array([0.2  , 0.266]), texRes=128.0, units='height', win=Window(...))
7.2560 	EXP 	Created card_8 = ImageStim(__class__=<class 'psychopy.visual.image.ImageStim'>, anchor=('center', 'center'), autoLog=True, color=array([1., 1., 1.]), colorSpace='rgb', contrast=1.0, depth=-10.0, flipHoriz=False, flipVert=False, image='default.png', interpolate=True, mask=None, maskParams=None, name='card_8', opacity=1.0, ori=0.0, pos=array([0., 0.]), size=array([0.2  , 0.266]), texRes=128.0, units='height', win=Window(...))
7.2672 	EXP 	Created card_9 = ImageStim(__class__=<class 'psychopy.visual.image.ImageStim'>, anchor=('center', 'center'), autoLog=True, color=array([1., 1., 1.]), colorSpace='rgb', contrast=1.0, depth=-11.0, flipHoriz=False, flipVert=False, image='default.png', interpolate=True, mask=None, maskParams=None, name='card_9', opacity=1.0, ori=0.0, pos=array([0., 0.]), size=array([0.2  , 0.266]), texRes=128.0, units='height', win=Window(...))
7.2845 	EXP 	Created text_4 = TextStim(__class__=<class 'psychopy.visual.text.TextStim'>, alignHoriz=method-wrapper(...), alignText='center', alignVert=method-wrapper(...), anchorHoriz='center', anchorVert='center', antialias=True, autoDraw=False, autoLog=True, bold=False, color=array([1., 1., 1.]), colorSpace='rgb', contrast=1.0, depth=0.0, flipHoriz=False, flipVert=False, font='Open Sans', fontFiles=[], height=0.05, italic=False, languageStyle='LTR', name='text_4', opacity=1.0, ori=0.0, pos=array([0., 0.]), rgb=UNKNOWN, text=str(...), units='height', win=Window(...), wrapWidth=1)
7.2869 	EXP 	Created polygon = ShapeStim(__class__=<class 'psychopy.visual.shape.ShapeStim'>, anchor=('center', 'center'), autoDraw=False, autoLog=True, closeShape=True, color=method-wrapper(...), colorSpace='rgb', contrast=None, depth=0.0, fillColor=array([1, 1, 1]), fillColorSpace='rgb', fillRGB=array([1, 1, 1]), interpolate=True, lineColor=array([1., 1., 1.]), lineColorSpace='rgb', lineRGB=array([1, 1, 1]), lineWidth=1.0, name='polygon', opacity=1.0, ori=0.0, pos=array([0., 0.]), size=array([0.2  , 0.266]), units='height', vertices=ndarray(...), win=Window(...), windingRule=None)
7.2880 	EXP 	Created text = TextStim(__class__=<class 'psychopy.visual.text.TextStim'>, alignHoriz=method-wrapper(...), alignText='center', alignVert=method-wrapper(...), anchorHoriz='center', anchorVert='center', antialias=True, autoDraw=False, autoLog=True, bold=False, color=array([1., 1., 1.]), colorSpace='rgb', contrast=1.0, depth=0.0, flipHoriz=False, flipVert=False, font='Open Sans', fontFiles=[], height=0.05, italic=False, languageStyle='LTR', name='text', opacity=1.0, ori=0.0, pos=array([0., 0.]), rgb=UNKNOWN, text='', units='height', win=Window(...), wrapWidth=1)
7.3030 	EXP 	Created card_shown = ImageStim(__class__=<class 'psychopy.visual.image.ImageStim'>, anchor=('center', 'center'), autoLog=True, color=array([1., 1., 1.]), colorSpace='rgb', contrast=1.0, depth=-2.0, flipHoriz=False, flipVert=False, image='default.png', interpolate=True, mask=None, maskParams=None, name='card_shown', opacity=1.0, ori=0.0, pos=array([0., 0.]), size=array([0.2  , 0.266]), texRes=128.0, units='height', win=Window(...))
7.3093 	EXP 	Created text_5 = TextStim(__class__=<class 'psychopy.visual.text.TextStim'>, alignHoriz=method-wrapper(...), alignText='center', alignVert=method-wrapper(...), anchorHoriz='center', anchorVert='center', antialias=True, autoDraw=False, autoLog=True, bold=False, color=array([1., 1., 1.]), colorSpace='rgb', contrast=1.0, depth=0.0, flipHoriz=False, flipVert=False, font='Open Sans', fontFiles=[], height=0.05, italic=False, languageStyle='LTR', name='text_5', opacity=1.0, ori=0.0, pos=array([0., 0.]), rgb=UNKNOWN, text=str(...), units='height', win=Window(...), wrapWidth=1)
7.4010 	EXP 	text_2: autoDraw = True
7.9339 	WARNING 	Requested image '10_of_clubs' not found but similar filename '10_of_clubs.png' exists. This will be used instead but changing the filename is advised.
7.9499 	WARNING 	Requested image '3_of_diamonds' not found but similar filename '3_of_diamonds.png' exists. This will be used instead but changing the filename is advised.
7.9684 	WARNING 	Requested image '2_of_spades' not found but similar filename '2_of_spades.png' exists. This will be used instead but changing the filename is advised.
7.9865 	WARNING 	Requested image 'ace_of_diamonds' not found but similar filename 'ace_of_diamonds.png' exists. This will be used instead but changing the filename is advised.
8.0043 	WARNING 	Requested image '9_of_hearts' not found but similar filename '9_of_hearts.png' exists. This will be used instead but changing the filename is advised.
8.0223 	WARNING 	Requested image '8_of_hearts' not found but similar filename '8_of_hearts.png' exists. This will be used instead but changing the filename is advised.
8.0402 	WARNING 	Requested image '6_of_spades' not found but similar filename '6_of_spades.png' exists. This will be used instead but changing the filename is advised.
8.0577 	WARNING 	Requested image '3_of_clubs' not found but similar filename '3_of_clubs.png' exists. This will be used instead but changing the filename is advised.
8.0754 	WARNING 	Requested image 'queen_of_hearts' not found but similar filename 'queen_of_hearts.png' exists. This will be used instead but changing the filename is advised.
8.0964 	DATA 	Keypress: space
8.1169 	EXP 	text_2: autoDraw = False
8.1169 	EXP 	card_1: image = '10_of_clubs'
8.1169 	EXP 	card_2: image = '3_of_diamonds'
8.1169 	EXP 	card_3: image = '2_of_spades'
8.1169 	EXP 	card_4: image = 'ace_of_diamonds'
8.1169 	EXP 	card_5: image = '9_of_hearts'
8.1169 	EXP 	card_6: image = '8_of_hearts'
8.1169 	EXP 	card_7: image = '6_of_spades'
8.1169 	EXP 	card_8: image = '3_of_clubs'
8.1169 	EXP 	card_9: image = 'queen_of_hearts'
8.1169 	EXP 	text_3: autoDraw = True
8.1169 	EXP 	card_1: autoDraw = True
8.1169 	EXP 	card_2: autoDraw = True
8.1169 	EXP 	card_3: autoDraw = True
8.1169 	EXP 	card_4: autoDraw = True
8.1169 	EXP 	card_5: autoDraw = True
8.1169 	EXP 	card_6: autoDraw = True
8.1169 	EXP 	card_7: autoDraw = True
8.1169 	EXP 	card_8: autoDraw = True
8.1169 	EXP 	card_9: autoDraw = True
8.5349 	DATA 	Keypress: space
8.5505 	EXP 	text_3: autoDraw = False
8.5505 	EXP 	card_1: autoDraw = False
8.5505 	EXP 	card_2: autoDraw = False
8.5505 	EXP 	card_3: autoDraw = False
8.5505 	EXP 	card_4: autoDraw = False
8.5505 	EXP 	card_5: autoDraw = False
8.5505 	EXP 	card_6: autoDraw = False
8.5505 	EXP 	card_7: autoDraw = False
8.5505 	EXP 	card_8: autoDraw = False
8.5505 	EXP 	card_9: autoDraw = False
8.5505 	EXP 	text_4: autoDraw = True
9.1342 	DATA 	Keypress: space
9.1507 	EXP 	text_4: autoDraw = False
9.6332 	EXP 	polygon: autoDraw = True
11.6187 	EXP 	Created sequence: random, trialTypes=1, nReps=180, seed=None
11.6192 	EXP 	New trial (rep=0, index=0): None
11.6334 	EXP 	polygon: autoDraw = False
11.6334 	EXP 	polygon: autoDraw = False
11.6334 	EXP 	text: autoDraw = True
12.1171 	WARNING 	Requested image 'queen_of_hearts' not found but similar filename 'queen_of_hearts.png' exists. This will be used instead but changing the filename is advised.
12.1505 	EXP 	text: autoDraw = False
12.1505 	EXP 	text: autoDraw = False
12.1505 	EXP 	card_shown: image = 'queen_of_hearts'
12.1505 	EXP 	card_shown: autoDraw = True
13.1340 	EXP 	New trial (rep=1, index=0): None
13.1501 	EXP 	card_shown: autoDraw = False
13.1501 	EXP 	card_shown: autoDraw = False
13.1501 	EXP 	text: autoDraw = True
13.6345 	WARNING 	Requested image 'queen_of_hearts' not found but similar filename 'queen_of_hearts.png' exists. This will be used instead but changing the filename is advised.
13.6500 	EXP 	text: autoDraw = False
13.6500 	EXP 	card_shown: image = 'queen_of_hearts'
13.6500 	EXP 	card_shown: autoDraw = True
14.6349 	EXP 	New trial (rep=2, index=0): None
14.6500 	EXP 	card_shown: autoDraw = False
14.6500 	EXP 	text: autoDraw = True
15.1338 	WARNING 	Requested image '6_of_spades' not found but similar filename '6_of_spades.png' exists. This will be used instead but changing the filename is advised.
15.1500 	EXP 	text: autoDraw = False
15.1500 	EXP 	text: autoDraw = False
15.1500 	EXP 	card_shown: image = '6_of_spades'
15.1500 	EXP 	card_shown: autoDraw = True
16.1340 	EXP 	New trial (rep=3, index=0): None
16.1500 	EXP 	card_shown: autoDraw = False
16.1500 	EXP 	card_shown: autoDraw = False
16.1500 	EXP 	text: autoDraw = True
16.6346 	WARNING 	Requested image 'queen_of_hearts' not found but similar filename 'queen_of_hearts.png' exists. This will be used instead but changing the filename is advised.
16.6500 	EXP 	text: autoDraw = False
16.6500 	EXP 	card_shown: image = 'queen_of_hearts'
16.6500 	EXP 	card_shown: autoDraw = True
17.6348 	EXP 	New trial (rep=4, index=0): None
17.6500 	EXP 	card_shown: autoDraw = False
17.6500 	EXP 	text: autoDraw = True
18.1339 	WARNING 	Requested image 'ace_of_diamonds' not found but similar filename 'ace_of_diamonds.png' exists. This will be used instead but changing the filename is advised.
18.1500 	EXP 	text: autoDraw = False
18.1500 	EXP 	text: autoDraw = False
18.1500 	EXP 	card_shown: image = 'ace_of_diamonds'
18.1500 	EXP 	card_shown: autoDraw = True
19.1342 	EXP 	New trial (rep=5, index=0): None
19.1501 	EXP 	card_shown: autoDraw = False
19.1501 	EXP 	card_shown: autoDraw = False
19.1501 	EXP 	text: autoDraw = True
19.1844 	DATA 	Keypress: escape
19.6874 	EXP 	window1: mouseVisible = True
