1.9084 	ERROR 	Support for the `sounddevice` audio backend is not available this session. Please install `psychopy-sounddevice` and restart the session to enable support.
5.2704 	WARNING 	User requested fullscreen with size [2048 1280], but screen is actually [2560, 1600]. Using actual size
5.6516 	EXP 	Created window1 = Window(allowGUI=True, allowStencil=False, autoLog=True, backendConf=UNKNOWN, backgroundFit=<method-wrapper '__getattribute__' of attributeSetter object at 0x000001EE3F4F5BE0>, backgroundImage=<method-wrapper '__getattribute__' of attributeSetter object at 0x000001EE3F4F5B80>, bitsMode=UNKNOWN, blendMode='avg', bpc=(8, 8, 8), color=array([-1., -1., -1.]), colorSpace='rgb', depthBits=8, fullscr=<method-wrapper '__getattribute__' of attributeSetter object at 0x000001EE3F4F58B0>, gamma=None, gammaErrorPolicy='raise', lms=UNKNOWN, monitor=<psychopy.monitors.calibTools.Monitor object at 0x000001EE45A9B6A0>, multiSample=False, name='window1', numSamples=2, pos=(-2560, 0), screen=0, size=array([2560, 1600]), stencilBits=0, stereo=False, units='height', useFBO=True, useRetina=False, viewOri=0.0, viewPos=None, viewScale=None, waitBlanking=True, winType='pyglet')
5.6517 	EXP 	window1: mouseVisible = True
5.6517 	EXP 	window1: backgroundImage = ''
5.6517 	EXP 	window1: backgroundFit = 'none'
5.6517 	EXP 	window1: mouseVisible = False
5.6517 	EXP 	window1: Attempting to measure frame rate of screen (0) ...
5.6517 	EXP 	window1: recordFrameIntervals = False
5.7121 	EXP 	window1: recordFrameIntervals = True
5.7790 	EXP 	Screen (0) actual frame rate measured at 163.80Hz
5.7790 	EXP 	window1: recordFrameIntervals = False
7.4283 	EXP 	Created text_2 = TextStim(__class__=<class 'psychopy.visual.text.TextStim'>, alignHoriz=method-wrapper(...), alignText='center', alignVert=method-wrapper(...), anchorHoriz='center', anchorVert='center', antialias=True, autoDraw=False, autoLog=True, bold=False, color=array([1., 1., 1.]), colorSpace='rgb', contrast=1.0, depth=-1.0, flipHoriz=False, flipVert=False, font='Open Sans', fontFiles=[], height=0.05, italic=False, languageStyle='LTR', name='text_2', opacity=1.0, ori=0.0, pos=array([0., 0.]), rgb=UNKNOWN, text=str(...), units='height', win=Window(...), wrapWidth=1)
7.4344 	EXP 	Created text_3 = TextStim(__class__=<class 'psychopy.visual.text.TextStim'>, alignHoriz=method-wrapper(...), alignText='center', alignVert=method-wrapper(...), anchorHoriz='center', anchorVert='center', antialias=True, autoDraw=False, autoLog=True, bold=False, color=array([1., 1., 1.]), colorSpace='rgb', contrast=1.0, depth=-2.0, flipHoriz=False, flipVert=False, font='Open Sans', fontFiles=[], height=50.0, italic=False, languageStyle='LTR', name='text_3', opacity=1.0, ori=0.0, pos=array([  0., 750.]), rgb=UNKNOWN, text='Choose a card:', units='pix', win=Window(...), wrapWidth=500)
7.4504 	EXP 	Created card_1 = ImageStim(__class__=<class 'psychopy.visual.image.ImageStim'>, anchor=('center', 'center'), autoLog=True, color=array([1., 1., 1.]), colorSpace='rgb', contrast=1.0, depth=-3.0, flipHoriz=False, flipVert=False, image='default.png', interpolate=True, mask=None, maskParams=None, name='card_1', opacity=1.0, ori=0.0, pos=array([0., 0.]), size=array([300., 400.]), texRes=128.0, units='pix', win=Window(...))
7.4600 	EXP 	Created card_2 = ImageStim(__class__=<class 'psychopy.visual.image.ImageStim'>, anchor=('center', 'center'), autoLog=True, color=array([1., 1., 1.]), colorSpace='rgb', contrast=1.0, depth=-4.0, flipHoriz=False, flipVert=False, image='default.png', interpolate=True, mask=None, maskParams=None, name='card_2', opacity=1.0, ori=0.0, pos=array([0., 0.]), size=array([300., 400.]), texRes=128.0, units='pix', win=Window(...))
7.4803 	EXP 	Created card_3 = ImageStim(__class__=<class 'psychopy.visual.image.ImageStim'>, anchor=('center', 'center'), autoLog=True, color=array([1., 1., 1.]), colorSpace='rgb', contrast=1.0, depth=-5.0, flipHoriz=False, flipVert=False, image='default.png', interpolate=True, mask=None, maskParams=None, name='card_3', opacity=1.0, ori=0.0, pos=array([0., 0.]), size=array([300., 400.]), texRes=128.0, units='pix', win=Window(...))
7.4957 	EXP 	Created card_4 = ImageStim(__class__=<class 'psychopy.visual.image.ImageStim'>, anchor=('center', 'center'), autoLog=True, color=array([1., 1., 1.]), colorSpace='rgb', contrast=1.0, depth=-6.0, flipHoriz=False, flipVert=False, image='default.png', interpolate=True, mask=None, maskParams=None, name='card_4', opacity=1.0, ori=0.0, pos=array([0., 0.]), size=array([300., 400.]), texRes=128.0, units='pix', win=Window(...))
7.5068 	EXP 	Created card_5 = ImageStim(__class__=<class 'psychopy.visual.image.ImageStim'>, anchor=('center', 'center'), autoLog=True, color=array([1., 1., 1.]), colorSpace='rgb', contrast=1.0, depth=-7.0, flipHoriz=False, flipVert=False, image='default.png', interpolate=True, mask=None, maskParams=None, name='card_5', opacity=1.0, ori=0.0, pos=array([0., 0.]), size=array([300., 400.]), texRes=128.0, units='pix', win=Window(...))
7.5270 	EXP 	Created card_6 = ImageStim(__class__=<class 'psychopy.visual.image.ImageStim'>, anchor=('center', 'center'), autoLog=True, color=array([1., 1., 1.]), colorSpace='rgb', contrast=1.0, depth=-8.0, flipHoriz=False, flipVert=False, image='default.png', interpolate=True, mask=None, maskParams=None, name='card_6', opacity=1.0, ori=0.0, pos=array([0., 0.]), size=array([300., 400.]), texRes=128.0, units='pix', win=Window(...))
7.5429 	EXP 	Created card_7 = ImageStim(__class__=<class 'psychopy.visual.image.ImageStim'>, anchor=('center', 'center'), autoLog=True, color=array([1., 1., 1.]), colorSpace='rgb', contrast=1.0, depth=-9.0, flipHoriz=False, flipVert=False, image='default.png', interpolate=True, mask=None, maskParams=None, name='card_7', opacity=1.0, ori=0.0, pos=array([0., 0.]), size=array([300., 400.]), texRes=128.0, units='pix', win=Window(...))
7.5551 	EXP 	Created card_8 = ImageStim(__class__=<class 'psychopy.visual.image.ImageStim'>, anchor=('center', 'center'), autoLog=True, color=array([1., 1., 1.]), colorSpace='rgb', contrast=1.0, depth=-10.0, flipHoriz=False, flipVert=False, image='default.png', interpolate=True, mask=None, maskParams=None, name='card_8', opacity=1.0, ori=0.0, pos=array([0., 0.]), size=array([300., 400.]), texRes=128.0, units='pix', win=Window(...))
7.5663 	EXP 	Created card_9 = ImageStim(__class__=<class 'psychopy.visual.image.ImageStim'>, anchor=('center', 'center'), autoLog=True, color=array([1., 1., 1.]), colorSpace='rgb', contrast=1.0, depth=-11.0, flipHoriz=False, flipVert=False, image='default.png', interpolate=True, mask=None, maskParams=None, name='card_9', opacity=1.0, ori=0.0, pos=array([0., 0.]), size=array([300., 400.]), texRes=128.0, units='pix', win=Window(...))
7.5930 	EXP 	Created text = TextStim(__class__=<class 'psychopy.visual.text.TextStim'>, alignHoriz=method-wrapper(...), alignText='center', alignVert=method-wrapper(...), anchorHoriz='center', anchorVert='center', antialias=True, autoDraw=False, autoLog=True, bold=False, color=array([1., 1., 1.]), colorSpace='rgb', contrast=1.0, depth=0.0, flipHoriz=False, flipVert=False, font='Open Sans', fontFiles=[], height=0.05, italic=False, languageStyle='LTR', name='text', opacity=1.0, ori=0.0, pos=array([0., 0.]), rgb=UNKNOWN, text=str(...), units='height', win=Window(...), wrapWidth=1)
7.6007 	EXP 	Created text_4 = TextStim(__class__=<class 'psychopy.visual.text.TextStim'>, alignHoriz=method-wrapper(...), alignText='center', alignVert=method-wrapper(...), anchorHoriz='center', anchorVert='center', antialias=True, autoDraw=False, autoLog=True, bold=False, color=array([1., 1., 1.]), colorSpace='rgb', contrast=1.0, depth=0.0, flipHoriz=False, flipVert=False, font='Open Sans', fontFiles=[], height=0.0, italic=False, languageStyle='LTR', name='text_4', opacity=1.0, ori=0.0, pos=array([0., 0.]), rgb=UNKNOWN, text='Any text\n\nincluding line breaks', units='height', win=Window(...), wrapWidth=1)
7.6177 	EXP 	Created a_card = ImageStim(__class__=<class 'psychopy.visual.image.ImageStim'>, anchor=('center', 'center'), autoLog=True, color=array([1., 1., 1.]), colorSpace='rgb', contrast=1.0, depth=-2.0, flipHoriz=False, flipVert=False, image='default.png', interpolate=True, mask=None, maskParams=None, name='a_card', opacity=1.0, ori=0.0, pos=array([0., 0.]), size=array([300., 400.]), texRes=128.0, units='pix', win=Window(...))
7.6936 	EXP 	text_2: autoDraw = True
9.3245 	DATA 	Mouse: Left button down, pos=(1092,663)
9.4274 	DATA 	Mouse:  Left button up, pos=(1092,663)
11.9026 	DATA 	Keypress: space
11.9072 	WARNING 	Requested image '9_of_clubs' not found but similar filename '9_of_clubs.png' exists. This will be used instead but changing the filename is advised.
11.9234 	WARNING 	Requested image 'ace_of_clubs' not found but similar filename 'ace_of_clubs.png' exists. This will be used instead but changing the filename is advised.
11.9405 	WARNING 	Requested image 'jack_of_clubs' not found but similar filename 'jack_of_clubs.png' exists. This will be used instead but changing the filename is advised.
11.9575 	WARNING 	Requested image 'ace_of_hearts' not found but similar filename 'ace_of_hearts.png' exists. This will be used instead but changing the filename is advised.
11.9749 	WARNING 	Requested image '4_of_clubs' not found but similar filename '4_of_clubs.png' exists. This will be used instead but changing the filename is advised.
11.9921 	WARNING 	Requested image 'king_of_diamonds' not found but similar filename 'king_of_diamonds.png' exists. This will be used instead but changing the filename is advised.
12.0090 	WARNING 	Requested image '10_of_hearts' not found but similar filename '10_of_hearts.png' exists. This will be used instead but changing the filename is advised.
12.0281 	WARNING 	Requested image '2_of_clubs' not found but similar filename '2_of_clubs.png' exists. This will be used instead but changing the filename is advised.
12.0450 	WARNING 	Requested image 'queen_of_spades' not found but similar filename 'queen_of_spades.png' exists. This will be used instead but changing the filename is advised.
12.0698 	EXP 	text_2: autoDraw = False
12.0698 	EXP 	card_1: image = '9_of_clubs'
12.0698 	EXP 	card_2: image = 'ace_of_clubs'
12.0698 	EXP 	card_3: image = 'jack_of_clubs'
12.0698 	EXP 	card_4: image = 'ace_of_hearts'
12.0698 	EXP 	card_5: image = '4_of_clubs'
12.0698 	EXP 	card_6: image = 'king_of_diamonds'
12.0698 	EXP 	card_7: image = '10_of_hearts'
12.0698 	EXP 	card_8: image = '2_of_clubs'
12.0698 	EXP 	card_9: image = 'queen_of_spades'
12.0698 	EXP 	text_3: autoDraw = True
12.0698 	EXP 	card_1: autoDraw = True
12.0698 	EXP 	card_2: autoDraw = True
12.0698 	EXP 	card_3: autoDraw = True
12.0698 	EXP 	card_4: autoDraw = True
12.0698 	EXP 	card_5: autoDraw = True
12.0698 	EXP 	card_6: autoDraw = True
12.0698 	EXP 	card_7: autoDraw = True
12.0698 	EXP 	card_8: autoDraw = True
12.0698 	EXP 	card_9: autoDraw = True
24.1288 	DATA 	Keypress: space
24.1330 	EXP 	text_3: autoDraw = False
24.1330 	EXP 	card_1: autoDraw = False
24.1330 	EXP 	card_2: autoDraw = False
24.1330 	EXP 	card_3: autoDraw = False
24.1330 	EXP 	card_4: autoDraw = False
24.1330 	EXP 	card_5: autoDraw = False
24.1330 	EXP 	card_6: autoDraw = False
24.1330 	EXP 	card_7: autoDraw = False
24.1330 	EXP 	card_8: autoDraw = False
24.1330 	EXP 	card_9: autoDraw = False
24.1330 	EXP 	text: autoDraw = True
82.8173 	DATA 	Keypress: space
82.8217 	EXP 	text: autoDraw = False
82.8217 	EXP 	text_4: autoDraw = True
83.8201 	EXP 	Created sequence: random, trialTypes=1, nReps=180, seed=None
83.8206 	EXP 	New trial (rep=0, index=0): None
83.8208 	WARNING 	Requested image 'jack_of_clubs' not found but similar filename 'jack_of_clubs.png' exists. This will be used instead but changing the filename is advised.
83.8405 	EXP 	text_4: autoDraw = False
83.8405 	EXP 	a_card: image = 'jack_of_clubs'
84.1197 	EXP 	a_card: autoDraw = True
85.4178 	EXP 	New trial (rep=1, index=0): None
85.4180 	WARNING 	Requested image '9_of_clubs' not found but similar filename '9_of_clubs.png' exists. This will be used instead but changing the filename is advised.
85.4270 	EXP 	a_card: autoDraw = False
85.4270 	EXP 	a_card: image = '9_of_clubs'
85.7176 	EXP 	a_card: autoDraw = True
87.0116 	EXP 	New trial (rep=2, index=0): None
87.0119 	WARNING 	Requested image '2_of_clubs' not found but similar filename '2_of_clubs.png' exists. This will be used instead but changing the filename is advised.
87.0213 	EXP 	a_card: autoDraw = False
87.0213 	EXP 	a_card: autoDraw = False
87.0213 	EXP 	a_card: image = '2_of_clubs'
87.3187 	EXP 	a_card: autoDraw = True
88.6170 	EXP 	New trial (rep=3, index=0): None
88.6172 	WARNING 	Requested image '9_of_clubs' not found but similar filename '9_of_clubs.png' exists. This will be used instead but changing the filename is advised.
88.6264 	EXP 	a_card: autoDraw = False
88.6264 	EXP 	a_card: image = '9_of_clubs'
88.9175 	EXP 	a_card: autoDraw = True
90.2164 	EXP 	New trial (rep=4, index=0): None
90.2167 	WARNING 	Requested image 'king_of_diamonds' not found but similar filename 'king_of_diamonds.png' exists. This will be used instead but changing the filename is advised.
90.2255 	EXP 	a_card: autoDraw = False
90.2255 	EXP 	a_card: autoDraw = False
90.2255 	EXP 	a_card: image = 'king_of_diamonds'
90.5172 	EXP 	a_card: autoDraw = True
91.8091 	DATA 	Keypress: escape
91.8163 	EXP 	New trial (rep=5, index=0): None
91.8166 	WARNING 	Requested image 'ace_of_clubs' not found but similar filename 'ace_of_clubs.png' exists. This will be used instead but changing the filename is advised.
91.8265 	EXP 	a_card: autoDraw = False
91.8265 	EXP 	a_card: autoDraw = False
91.8265 	EXP 	a_card: image = 'ace_of_clubs'
92.3989 	EXP 	window1: mouseVisible = True
