1.8849 	ERROR 	Support for the `sounddevice` audio backend is not available this session. Please install `psychopy-sounddevice` and restart the session to enable support.
5.4982 	WARNING 	User requested fullscreen with size [1707 1067], but screen is actually [2560, 1600]. Using actual size
5.8837 	EXP 	Created window1 = Window(allowGUI=True, allowStencil=False, autoLog=True, backendConf=UNKNOWN, backgroundFit=<method-wrapper '__getattribute__' of attributeSetter object at 0x0000025B7A756B20>, backgroundImage=<method-wrapper '__getattribute__' of attributeSetter object at 0x0000025B7A756AC0>, bitsMode=UNKNOWN, blendMode='avg', bpc=(8, 8, 8), color=array([0, 0, 0]), colorSpace='rgb', depthBits=8, fullscr=<method-wrapper '__getattribute__' of attributeSetter object at 0x0000025B7A7567F0>, gamma=None, gammaErrorPolicy='raise', lms=UNKNOWN, monitor=<psychopy.monitors.calibTools.Monitor object at 0x0000025B01401640>, multiSample=False, name='window1', numSamples=2, pos=(-2560, 0), screen=0, size=array([2560, 1600]), stencilBits=0, stereo=False, units='height', useFBO=True, useRetina=False, viewOri=0.0, viewPos=None, viewScale=None, waitBlanking=True, winType='pyglet')
5.8838 	EXP 	window1: mouseVisible = True
5.8838 	EXP 	window1: backgroundImage = ''
5.8838 	EXP 	window1: backgroundFit = 'none'
5.8838 	EXP 	window1: mouseVisible = False
5.8838 	EXP 	window1: Attempting to measure frame rate of screen (0) ...
5.8838 	EXP 	window1: recordFrameIntervals = False
5.9445 	EXP 	window1: recordFrameIntervals = True
6.0114 	EXP 	Screen (0) actual frame rate measured at 163.75Hz
6.0114 	EXP 	window1: recordFrameIntervals = False
7.6505 	EXP 	Created text_2 = TextStim(__class__=<class 'psychopy.visual.text.TextStim'>, alignHoriz=method-wrapper(...), alignText='center', alignVert=method-wrapper(...), anchorHoriz='center', anchorVert='center', antialias=True, autoDraw=False, autoLog=True, bold=False, color=array([1., 1., 1.]), colorSpace='rgb', contrast=1.0, depth=-1.0, flipHoriz=False, flipVert=False, font='Open Sans', fontFiles=[], height=0.05, italic=False, languageStyle='LTR', name='text_2', opacity=1.0, ori=0.0, pos=array([0., 0.]), rgb=UNKNOWN, text='press to begin\n', units='height', win=Window(...), wrapWidth=1)
7.6668 	EXP 	Created card_1 = ImageStim(__class__=<class 'psychopy.visual.image.ImageStim'>, anchor=('center', 'center'), autoLog=True, color=array([1., 1., 1.]), colorSpace='rgb', contrast=1.0, depth=-2.0, flipHoriz=False, flipVert=False, image='default.png', interpolate=True, mask=None, maskParams=None, name='card_1', opacity=1.0, ori=0.0, pos=array([0., 0.]), size=array([300., 400.]), texRes=128.0, units='pix', win=Window(...))
7.6776 	EXP 	Created card_2 = ImageStim(__class__=<class 'psychopy.visual.image.ImageStim'>, anchor=('center', 'center'), autoLog=True, color=array([1., 1., 1.]), colorSpace='rgb', contrast=1.0, depth=-3.0, flipHoriz=False, flipVert=False, image='default.png', interpolate=True, mask=None, maskParams=None, name='card_2', opacity=1.0, ori=0.0, pos=array([0., 0.]), size=array([300., 400.]), texRes=128.0, units='pix', win=Window(...))
7.6985 	EXP 	Created card_3 = ImageStim(__class__=<class 'psychopy.visual.image.ImageStim'>, anchor=('center', 'center'), autoLog=True, color=array([1., 1., 1.]), colorSpace='rgb', contrast=1.0, depth=-4.0, flipHoriz=False, flipVert=False, image='default.png', interpolate=True, mask=None, maskParams=None, name='card_3', opacity=1.0, ori=0.0, pos=array([0., 0.]), size=array([300., 400.]), texRes=128.0, units='pix', win=Window(...))
7.7108 	EXP 	Created card_4 = ImageStim(__class__=<class 'psychopy.visual.image.ImageStim'>, anchor=('center', 'center'), autoLog=True, color=array([1., 1., 1.]), colorSpace='rgb', contrast=1.0, depth=-5.0, flipHoriz=False, flipVert=False, image='default.png', interpolate=True, mask=None, maskParams=None, name='card_4', opacity=1.0, ori=0.0, pos=array([0., 0.]), size=array([300., 400.]), texRes=128.0, units='pix', win=Window(...))
7.7233 	EXP 	Created card_5 = ImageStim(__class__=<class 'psychopy.visual.image.ImageStim'>, anchor=('center', 'center'), autoLog=True, color=array([1., 1., 1.]), colorSpace='rgb', contrast=1.0, depth=-6.0, flipHoriz=False, flipVert=False, image='default.png', interpolate=True, mask=None, maskParams=None, name='card_5', opacity=1.0, ori=0.0, pos=array([0., 0.]), size=array([300., 400.]), texRes=128.0, units='pix', win=Window(...))
7.7499 	EXP 	Created card_6 = ImageStim(__class__=<class 'psychopy.visual.image.ImageStim'>, anchor=('center', 'center'), autoLog=True, color=array([1., 1., 1.]), colorSpace='rgb', contrast=1.0, depth=-7.0, flipHoriz=False, flipVert=False, image='default.png', interpolate=True, mask=None, maskParams=None, name='card_6', opacity=1.0, ori=0.0, pos=array([0., 0.]), size=array([300., 400.]), texRes=128.0, units='pix', win=Window(...))
7.7621 	EXP 	Created card_7 = ImageStim(__class__=<class 'psychopy.visual.image.ImageStim'>, anchor=('center', 'center'), autoLog=True, color=array([1., 1., 1.]), colorSpace='rgb', contrast=1.0, depth=-8.0, flipHoriz=False, flipVert=False, image='default.png', interpolate=True, mask=None, maskParams=None, name='card_7', opacity=1.0, ori=0.0, pos=array([0., 0.]), size=array([300., 400.]), texRes=128.0, units='pix', win=Window(...))
7.7738 	EXP 	Created card_8 = ImageStim(__class__=<class 'psychopy.visual.image.ImageStim'>, anchor=('center', 'center'), autoLog=True, color=array([1., 1., 1.]), colorSpace='rgb', contrast=1.0, depth=-9.0, flipHoriz=False, flipVert=False, image='default.png', interpolate=True, mask=None, maskParams=None, name='card_8', opacity=1.0, ori=0.0, pos=array([0., 0.]), size=array([300., 400.]), texRes=128.0, units='pix', win=Window(...))
7.7850 	EXP 	Created card_9 = ImageStim(__class__=<class 'psychopy.visual.image.ImageStim'>, anchor=('center', 'center'), autoLog=True, color=array([1., 1., 1.]), colorSpace='rgb', contrast=1.0, depth=-10.0, flipHoriz=False, flipVert=False, image='default.png', interpolate=True, mask=None, maskParams=None, name='card_9', opacity=1.0, ori=0.0, pos=array([0., 0.]), size=array([300., 400.]), texRes=128.0, units='pix', win=Window(...))
7.8033 	EXP 	Created a_card = ImageStim(__class__=<class 'psychopy.visual.image.ImageStim'>, anchor=('center', 'center'), autoLog=True, color=array([1., 1., 1.]), colorSpace='rgb', contrast=1.0, depth=-2.0, flipHoriz=False, flipVert=False, image='default.png', interpolate=True, mask=None, maskParams=None, name='a_card', opacity=1.0, ori=0.0, pos=array([0., 0.]), size=array([300., 400.]), texRes=128.0, units='pix', win=Window(...))
7.8804 	EXP 	text_2: autoDraw = True
34.8223 	DATA 	Mouse: Left button down, pos=(2297,950)
34.9192 	DATA 	Mouse:  Left button up, pos=(2296,950)
35.5072 	WARNING 	Requested image '6_of_spades' not found but similar filename '6_of_spades.png' exists. This will be used instead but changing the filename is advised.
35.5232 	WARNING 	Requested image '7_of_diamonds' not found but similar filename '7_of_diamonds.png' exists. This will be used instead but changing the filename is advised.
35.5396 	WARNING 	Requested image '5_of_diamonds' not found but similar filename '5_of_diamonds.png' exists. This will be used instead but changing the filename is advised.
35.5562 	WARNING 	Requested image 'king_of_clubs' not found but similar filename 'king_of_clubs.png' exists. This will be used instead but changing the filename is advised.
35.5725 	WARNING 	Requested image '5_of_hearts' not found but similar filename '5_of_hearts.png' exists. This will be used instead but changing the filename is advised.
35.5887 	WARNING 	Requested image '7_of_clubs' not found but similar filename '7_of_clubs.png' exists. This will be used instead but changing the filename is advised.
35.6046 	WARNING 	Requested image '8_of_diamonds' not found but similar filename '8_of_diamonds.png' exists. This will be used instead but changing the filename is advised.
35.6205 	WARNING 	Requested image '7_of_spades' not found but similar filename '7_of_spades.png' exists. This will be used instead but changing the filename is advised.
35.6366 	WARNING 	Requested image '8_of_hearts' not found but similar filename '8_of_hearts.png' exists. This will be used instead but changing the filename is advised.
35.6559 	DATA 	Keypress: space
35.6598 	EXP 	text_2: autoDraw = False
35.6598 	EXP 	card_1: image = '6_of_spades'
35.6598 	EXP 	card_2: image = '7_of_diamonds'
35.6598 	EXP 	card_3: image = '5_of_diamonds'
35.6598 	EXP 	card_4: image = 'king_of_clubs'
35.6598 	EXP 	card_5: image = '5_of_hearts'
35.6598 	EXP 	card_6: image = '7_of_clubs'
35.6598 	EXP 	card_7: image = '8_of_diamonds'
35.6598 	EXP 	card_8: image = '7_of_spades'
35.6598 	EXP 	card_9: image = '8_of_hearts'
35.6598 	EXP 	card_1: autoDraw = True
35.6598 	EXP 	card_2: autoDraw = True
35.6598 	EXP 	card_3: autoDraw = True
35.6598 	EXP 	card_4: autoDraw = True
35.6598 	EXP 	card_5: autoDraw = True
35.6598 	EXP 	card_6: autoDraw = True
35.6598 	EXP 	card_7: autoDraw = True
35.6598 	EXP 	card_8: autoDraw = True
35.6598 	EXP 	card_9: autoDraw = True
36.7227 	EXP 	Created sequence: random, trialTypes=1, nReps=180, seed=None
36.7232 	EXP 	New trial (rep=0, index=0): None
36.7235 	WARNING 	Requested image '5_of_diamonds' not found but similar filename '5_of_diamonds.png' exists. This will be used instead but changing the filename is advised.
36.7402 	DATA 	Keypress: space
36.7428 	EXP 	card_1: autoDraw = False
36.7428 	EXP 	card_2: autoDraw = False
36.7428 	EXP 	card_3: autoDraw = False
36.7428 	EXP 	card_4: autoDraw = False
36.7428 	EXP 	card_5: autoDraw = False
36.7428 	EXP 	card_6: autoDraw = False
36.7428 	EXP 	card_7: autoDraw = False
36.7428 	EXP 	card_8: autoDraw = False
36.7428 	EXP 	card_9: autoDraw = False
36.7428 	EXP 	a_card: image = '5_of_diamonds'
37.0215 	EXP 	a_card: autoDraw = True
38.3202 	EXP 	New trial (rep=1, index=0): None
38.3205 	WARNING 	Requested image '8_of_hearts' not found but similar filename '8_of_hearts.png' exists. This will be used instead but changing the filename is advised.
38.3292 	EXP 	a_card: autoDraw = False
38.3292 	EXP 	a_card: autoDraw = False
38.3292 	EXP 	a_card: image = '8_of_hearts'
38.6206 	EXP 	a_card: autoDraw = True
39.9192 	EXP 	New trial (rep=2, index=0): None
39.9194 	WARNING 	Requested image '7_of_diamonds' not found but similar filename '7_of_diamonds.png' exists. This will be used instead but changing the filename is advised.
39.9295 	EXP 	a_card: autoDraw = False
39.9295 	EXP 	a_card: autoDraw = False
39.9295 	EXP 	a_card: image = '7_of_diamonds'
40.2210 	EXP 	a_card: autoDraw = True
41.5192 	EXP 	New trial (rep=3, index=0): None
41.5195 	WARNING 	Requested image '8_of_diamonds' not found but similar filename '8_of_diamonds.png' exists. This will be used instead but changing the filename is advised.
41.5279 	EXP 	a_card: autoDraw = False
41.5279 	EXP 	a_card: autoDraw = False
41.5279 	EXP 	a_card: image = '8_of_diamonds'
41.8254 	EXP 	a_card: autoDraw = True
43.1273 	EXP 	New trial (rep=4, index=0): None
43.1276 	WARNING 	Requested image '5_of_diamonds' not found but similar filename '5_of_diamonds.png' exists. This will be used instead but changing the filename is advised.
43.1374 	EXP 	a_card: autoDraw = False
43.1374 	EXP 	a_card: image = '5_of_diamonds'
43.4268 	EXP 	a_card: autoDraw = True
44.7243 	EXP 	New trial (rep=5, index=0): None
44.7246 	WARNING 	Requested image '7_of_clubs' not found but similar filename '7_of_clubs.png' exists. This will be used instead but changing the filename is advised.
44.7331 	EXP 	a_card: autoDraw = False
44.7331 	EXP 	a_card: image = '7_of_clubs'
45.0206 	EXP 	a_card: autoDraw = True
46.3184 	EXP 	New trial (rep=6, index=0): None
46.3186 	WARNING 	Requested image '5_of_diamonds' not found but similar filename '5_of_diamonds.png' exists. This will be used instead but changing the filename is advised.
46.3266 	EXP 	a_card: autoDraw = False
46.3266 	EXP 	a_card: autoDraw = False
46.3266 	EXP 	a_card: image = '5_of_diamonds'
46.6266 	EXP 	a_card: autoDraw = True
47.9253 	EXP 	New trial (rep=7, index=0): None
47.9256 	WARNING 	Requested image '5_of_diamonds' not found but similar filename '5_of_diamonds.png' exists. This will be used instead but changing the filename is advised.
47.9339 	EXP 	a_card: autoDraw = False
47.9339 	EXP 	a_card: image = '5_of_diamonds'
48.2204 	EXP 	a_card: autoDraw = True
49.5183 	EXP 	New trial (rep=8, index=0): None
49.5186 	WARNING 	Requested image '7_of_clubs' not found but similar filename '7_of_clubs.png' exists. This will be used instead but changing the filename is advised.
49.5293 	EXP 	a_card: autoDraw = False
49.5293 	EXP 	a_card: autoDraw = False
49.5293 	EXP 	a_card: image = '7_of_clubs'
49.8264 	EXP 	a_card: autoDraw = True
51.1265 	EXP 	New trial (rep=9, index=0): None
51.1267 	WARNING 	Requested image '6_of_spades' not found but similar filename '6_of_spades.png' exists. This will be used instead but changing the filename is advised.
51.1352 	EXP 	a_card: autoDraw = False
51.1352 	EXP 	a_card: image = '6_of_spades'
51.4262 	EXP 	a_card: autoDraw = True
52.7259 	EXP 	New trial (rep=10, index=0): None
52.7262 	WARNING 	Requested image '8_of_hearts' not found but similar filename '8_of_hearts.png' exists. This will be used instead but changing the filename is advised.
52.7345 	EXP 	a_card: autoDraw = False
52.7345 	EXP 	a_card: image = '8_of_hearts'
53.0262 	EXP 	a_card: autoDraw = True
54.3258 	EXP 	New trial (rep=11, index=0): None
54.3261 	WARNING 	Requested image '7_of_clubs' not found but similar filename '7_of_clubs.png' exists. This will be used instead but changing the filename is advised.
54.3336 	EXP 	a_card: autoDraw = False
54.3336 	EXP 	a_card: image = '7_of_clubs'
54.6259 	EXP 	a_card: autoDraw = True
55.9261 	EXP 	New trial (rep=12, index=0): None
55.9263 	WARNING 	Requested image '7_of_diamonds' not found but similar filename '7_of_diamonds.png' exists. This will be used instead but changing the filename is advised.
55.9339 	EXP 	a_card: autoDraw = False
55.9339 	EXP 	a_card: image = '7_of_diamonds'
56.2258 	EXP 	a_card: autoDraw = True
57.5238 	EXP 	New trial (rep=13, index=0): None
57.5243 	WARNING 	Requested image '6_of_spades' not found but similar filename '6_of_spades.png' exists. This will be used instead but changing the filename is advised.
57.5326 	EXP 	a_card: autoDraw = False
57.5326 	EXP 	a_card: image = '6_of_spades'
57.8255 	EXP 	a_card: autoDraw = True
59.1231 	EXP 	New trial (rep=14, index=0): None
59.1234 	WARNING 	Requested image '7_of_clubs' not found but similar filename '7_of_clubs.png' exists. This will be used instead but changing the filename is advised.
59.1323 	EXP 	a_card: autoDraw = False
59.1323 	EXP 	a_card: image = '7_of_clubs'
59.4252 	EXP 	a_card: autoDraw = True
60.7230 	EXP 	New trial (rep=15, index=0): None
60.7233 	WARNING 	Requested image '7_of_spades' not found but similar filename '7_of_spades.png' exists. This will be used instead but changing the filename is advised.
60.7315 	EXP 	a_card: autoDraw = False
60.7315 	EXP 	a_card: image = '7_of_spades'
61.0252 	EXP 	a_card: autoDraw = True
62.3229 	EXP 	New trial (rep=16, index=0): None
62.3232 	WARNING 	Requested image '7_of_clubs' not found but similar filename '7_of_clubs.png' exists. This will be used instead but changing the filename is advised.
62.3319 	EXP 	a_card: autoDraw = False
62.3319 	EXP 	a_card: image = '7_of_clubs'
62.6256 	EXP 	a_card: autoDraw = True
63.9229 	EXP 	New trial (rep=17, index=0): None
63.9232 	WARNING 	Requested image '5_of_diamonds' not found but similar filename '5_of_diamonds.png' exists. This will be used instead but changing the filename is advised.
63.9333 	EXP 	a_card: autoDraw = False
63.9333 	EXP 	a_card: image = '5_of_diamonds'
64.2275 	EXP 	a_card: autoDraw = True
65.5223 	EXP 	New trial (rep=18, index=0): None
65.5226 	WARNING 	Requested image '7_of_diamonds' not found but similar filename '7_of_diamonds.png' exists. This will be used instead but changing the filename is advised.
65.5303 	EXP 	a_card: autoDraw = False
65.5303 	EXP 	a_card: autoDraw = False
65.5303 	EXP 	a_card: image = '7_of_diamonds'
65.8244 	EXP 	a_card: autoDraw = True
67.1224 	EXP 	New trial (rep=19, index=0): None
67.1227 	WARNING 	Requested image '5_of_diamonds' not found but similar filename '5_of_diamonds.png' exists. This will be used instead but changing the filename is advised.
67.1308 	EXP 	a_card: autoDraw = False
67.1308 	EXP 	a_card: autoDraw = False
67.1308 	EXP 	a_card: image = '5_of_diamonds'
67.4245 	EXP 	a_card: autoDraw = True
68.7224 	EXP 	New trial (rep=20, index=0): None
68.7227 	WARNING 	Requested image '8_of_hearts' not found but similar filename '8_of_hearts.png' exists. This will be used instead but changing the filename is advised.
68.7305 	EXP 	a_card: autoDraw = False
68.7305 	EXP 	a_card: autoDraw = False
68.7305 	EXP 	a_card: image = '8_of_hearts'
69.0249 	EXP 	a_card: autoDraw = True
70.3218 	EXP 	New trial (rep=21, index=0): None
70.3222 	WARNING 	Requested image '7_of_clubs' not found but similar filename '7_of_clubs.png' exists. This will be used instead but changing the filename is advised.
70.3302 	EXP 	a_card: autoDraw = False
70.3302 	EXP 	a_card: autoDraw = False
70.3302 	EXP 	a_card: image = '7_of_clubs'
70.6252 	EXP 	a_card: autoDraw = True
71.9220 	EXP 	New trial (rep=22, index=0): None
71.9224 	WARNING 	Requested image '7_of_spades' not found but similar filename '7_of_spades.png' exists. This will be used instead but changing the filename is advised.
71.9324 	EXP 	a_card: autoDraw = False
71.9324 	EXP 	a_card: autoDraw = False
71.9324 	EXP 	a_card: image = '7_of_spades'
72.2245 	EXP 	a_card: autoDraw = True
73.5219 	EXP 	New trial (rep=23, index=0): None
73.5222 	WARNING 	Requested image '7_of_spades' not found but similar filename '7_of_spades.png' exists. This will be used instead but changing the filename is advised.
73.5300 	EXP 	a_card: autoDraw = False
73.5300 	EXP 	a_card: autoDraw = False
73.5300 	EXP 	a_card: image = '7_of_spades'
73.8244 	EXP 	a_card: autoDraw = True
75.1217 	EXP 	New trial (rep=24, index=0): None
75.1220 	WARNING 	Requested image '6_of_spades' not found but similar filename '6_of_spades.png' exists. This will be used instead but changing the filename is advised.
75.1295 	EXP 	a_card: autoDraw = False
75.1295 	EXP 	a_card: autoDraw = False
75.1295 	EXP 	a_card: image = '6_of_spades'
75.4244 	EXP 	a_card: autoDraw = True
76.7213 	EXP 	New trial (rep=25, index=0): None
76.7215 	WARNING 	Requested image '8_of_hearts' not found but similar filename '8_of_hearts.png' exists. This will be used instead but changing the filename is advised.
76.7306 	EXP 	a_card: autoDraw = False
76.7306 	EXP 	a_card: autoDraw = False
76.7306 	EXP 	a_card: image = '8_of_hearts'
77.0244 	EXP 	a_card: autoDraw = True
78.3212 	EXP 	New trial (rep=26, index=0): None
78.3215 	WARNING 	Requested image '5_of_hearts' not found but similar filename '5_of_hearts.png' exists. This will be used instead but changing the filename is advised.
78.3291 	EXP 	a_card: autoDraw = False
78.3291 	EXP 	a_card: autoDraw = False
78.3291 	EXP 	a_card: image = '5_of_hearts'
78.6245 	EXP 	a_card: autoDraw = True
79.9210 	EXP 	New trial (rep=27, index=0): None
79.9213 	WARNING 	Requested image '7_of_diamonds' not found but similar filename '7_of_diamonds.png' exists. This will be used instead but changing the filename is advised.
79.9290 	EXP 	a_card: autoDraw = False
79.9290 	EXP 	a_card: autoDraw = False
79.9290 	EXP 	a_card: image = '7_of_diamonds'
80.2241 	EXP 	a_card: autoDraw = True
81.5209 	EXP 	New trial (rep=28, index=0): None
81.5212 	WARNING 	Requested image '7_of_clubs' not found but similar filename '7_of_clubs.png' exists. This will be used instead but changing the filename is advised.
81.5288 	EXP 	a_card: autoDraw = False
81.5288 	EXP 	a_card: autoDraw = False
81.5288 	EXP 	a_card: image = '7_of_clubs'
81.8245 	EXP 	a_card: autoDraw = True
83.1208 	EXP 	New trial (rep=29, index=0): None
83.1211 	WARNING 	Requested image '5_of_diamonds' not found but similar filename '5_of_diamonds.png' exists. This will be used instead but changing the filename is advised.
83.1297 	EXP 	a_card: autoDraw = False
83.1297 	EXP 	a_card: autoDraw = False
83.1297 	EXP 	a_card: image = '5_of_diamonds'
83.4246 	EXP 	a_card: autoDraw = True
84.7205 	EXP 	New trial (rep=30, index=0): None
84.7207 	WARNING 	Requested image '5_of_hearts' not found but similar filename '5_of_hearts.png' exists. This will be used instead but changing the filename is advised.
84.7302 	EXP 	a_card: autoDraw = False
84.7302 	EXP 	a_card: autoDraw = False
84.7302 	EXP 	a_card: image = '5_of_hearts'
85.0260 	EXP 	a_card: autoDraw = True
86.3203 	EXP 	New trial (rep=31, index=0): None
86.3205 	WARNING 	Requested image '6_of_spades' not found but similar filename '6_of_spades.png' exists. This will be used instead but changing the filename is advised.
86.3284 	EXP 	a_card: autoDraw = False
86.3284 	EXP 	a_card: autoDraw = False
86.3284 	EXP 	a_card: image = '6_of_spades'
86.6224 	EXP 	a_card: autoDraw = True
87.9202 	EXP 	New trial (rep=32, index=0): None
87.9205 	WARNING 	Requested image 'king_of_clubs' not found but similar filename 'king_of_clubs.png' exists. This will be used instead but changing the filename is advised.
87.9321 	EXP 	a_card: autoDraw = False
87.9321 	EXP 	a_card: autoDraw = False
87.9321 	EXP 	a_card: image = 'king_of_clubs'
88.2224 	EXP 	a_card: autoDraw = True
89.5202 	EXP 	New trial (rep=33, index=0): None
89.5205 	WARNING 	Requested image '8_of_hearts' not found but similar filename '8_of_hearts.png' exists. This will be used instead but changing the filename is advised.
89.5293 	EXP 	a_card: autoDraw = False
89.5293 	EXP 	a_card: autoDraw = False
89.5293 	EXP 	a_card: image = '8_of_hearts'
89.8221 	EXP 	a_card: autoDraw = True
91.1197 	EXP 	New trial (rep=34, index=0): None
91.1200 	WARNING 	Requested image '7_of_diamonds' not found but similar filename '7_of_diamonds.png' exists. This will be used instead but changing the filename is advised.
91.1280 	EXP 	a_card: autoDraw = False
91.1280 	EXP 	a_card: autoDraw = False
91.1280 	EXP 	a_card: image = '7_of_diamonds'
91.4220 	EXP 	a_card: autoDraw = True
92.7197 	EXP 	New trial (rep=35, index=0): None
92.7200 	WARNING 	Requested image 'king_of_clubs' not found but similar filename 'king_of_clubs.png' exists. This will be used instead but changing the filename is advised.
92.7301 	EXP 	a_card: autoDraw = False
92.7301 	EXP 	a_card: autoDraw = False
92.7301 	EXP 	a_card: image = 'king_of_clubs'
93.0219 	EXP 	a_card: autoDraw = True
94.3196 	EXP 	New trial (rep=36, index=0): None
94.3199 	WARNING 	Requested image '5_of_hearts' not found but similar filename '5_of_hearts.png' exists. This will be used instead but changing the filename is advised.
94.3280 	EXP 	a_card: autoDraw = False
94.3280 	EXP 	a_card: autoDraw = False
94.3280 	EXP 	a_card: image = '5_of_hearts'
94.6215 	EXP 	a_card: autoDraw = True
95.9195 	EXP 	New trial (rep=37, index=0): None
95.9197 	WARNING 	Requested image '5_of_hearts' not found but similar filename '5_of_hearts.png' exists. This will be used instead but changing the filename is advised.
95.9275 	EXP 	a_card: autoDraw = False
95.9275 	EXP 	a_card: autoDraw = False
95.9275 	EXP 	a_card: image = '5_of_hearts'
96.2214 	EXP 	a_card: autoDraw = True
97.5192 	EXP 	New trial (rep=38, index=0): None
97.5195 	WARNING 	Requested image '7_of_clubs' not found but similar filename '7_of_clubs.png' exists. This will be used instead but changing the filename is advised.
97.5280 	EXP 	a_card: autoDraw = False
97.5280 	EXP 	a_card: autoDraw = False
97.5280 	EXP 	a_card: image = '7_of_clubs'
97.8214 	EXP 	a_card: autoDraw = True
99.1191 	EXP 	New trial (rep=39, index=0): None
99.1194 	WARNING 	Requested image '5_of_hearts' not found but similar filename '5_of_hearts.png' exists. This will be used instead but changing the filename is advised.
99.1285 	EXP 	a_card: autoDraw = False
99.1285 	EXP 	a_card: autoDraw = False
99.1285 	EXP 	a_card: image = '5_of_hearts'
99.4212 	EXP 	a_card: autoDraw = True
100.7189 	EXP 	New trial (rep=40, index=0): None
100.7192 	WARNING 	Requested image '7_of_diamonds' not found but similar filename '7_of_diamonds.png' exists. This will be used instead but changing the filename is advised.
100.7294 	EXP 	a_card: autoDraw = False
100.7294 	EXP 	a_card: autoDraw = False
100.7294 	EXP 	a_card: image = '7_of_diamonds'
101.0209 	EXP 	a_card: autoDraw = True
102.3188 	EXP 	New trial (rep=41, index=0): None
102.3191 	WARNING 	Requested image '7_of_spades' not found but similar filename '7_of_spades.png' exists. This will be used instead but changing the filename is advised.
102.3271 	EXP 	a_card: autoDraw = False
102.3271 	EXP 	a_card: autoDraw = False
102.3271 	EXP 	a_card: image = '7_of_spades'
102.6207 	EXP 	a_card: autoDraw = True
103.9187 	EXP 	New trial (rep=42, index=0): None
103.9190 	WARNING 	Requested image '7_of_diamonds' not found but similar filename '7_of_diamonds.png' exists. This will be used instead but changing the filename is advised.
103.9272 	EXP 	a_card: autoDraw = False
103.9272 	EXP 	a_card: autoDraw = False
103.9272 	EXP 	a_card: image = '7_of_diamonds'
104.2206 	EXP 	a_card: autoDraw = True
105.5184 	EXP 	New trial (rep=43, index=0): None
105.5187 	WARNING 	Requested image '5_of_hearts' not found but similar filename '5_of_hearts.png' exists. This will be used instead but changing the filename is advised.
105.5268 	EXP 	a_card: autoDraw = False
105.5268 	EXP 	a_card: autoDraw = False
105.5268 	EXP 	a_card: image = '5_of_hearts'
105.8266 	EXP 	a_card: autoDraw = True
107.1282 	EXP 	New trial (rep=44, index=0): None
107.1285 	WARNING 	Requested image 'king_of_clubs' not found but similar filename 'king_of_clubs.png' exists. This will be used instead but changing the filename is advised.
107.1376 	EXP 	a_card: autoDraw = False
107.1376 	EXP 	a_card: image = 'king_of_clubs'
107.4267 	EXP 	a_card: autoDraw = True
108.7247 	EXP 	New trial (rep=45, index=0): None
108.7249 	WARNING 	Requested image '7_of_spades' not found but similar filename '7_of_spades.png' exists. This will be used instead but changing the filename is advised.
108.7318 	EXP 	a_card: autoDraw = False
108.7318 	EXP 	a_card: image = '7_of_spades'
109.0262 	EXP 	a_card: autoDraw = True
110.3237 	EXP 	New trial (rep=46, index=0): None
110.3240 	WARNING 	Requested image '7_of_diamonds' not found but similar filename '7_of_diamonds.png' exists. This will be used instead but changing the filename is advised.
110.3320 	EXP 	a_card: autoDraw = False
110.3320 	EXP 	a_card: image = '7_of_diamonds'
110.6261 	EXP 	a_card: autoDraw = True
111.9234 	EXP 	New trial (rep=47, index=0): None
111.9237 	WARNING 	Requested image '5_of_diamonds' not found but similar filename '5_of_diamonds.png' exists. This will be used instead but changing the filename is advised.
111.9311 	EXP 	a_card: autoDraw = False
111.9311 	EXP 	a_card: image = '5_of_diamonds'
112.2258 	EXP 	a_card: autoDraw = True
113.5233 	EXP 	New trial (rep=48, index=0): None
113.5236 	WARNING 	Requested image '7_of_clubs' not found but similar filename '7_of_clubs.png' exists. This will be used instead but changing the filename is advised.
113.5311 	EXP 	a_card: autoDraw = False
113.5311 	EXP 	a_card: image = '7_of_clubs'
113.8257 	EXP 	a_card: autoDraw = True
115.1234 	EXP 	New trial (rep=49, index=0): None
115.1237 	WARNING 	Requested image 'king_of_clubs' not found but similar filename 'king_of_clubs.png' exists. This will be used instead but changing the filename is advised.
115.1329 	EXP 	a_card: autoDraw = False
115.1329 	EXP 	a_card: image = 'king_of_clubs'
115.4257 	EXP 	a_card: autoDraw = True
116.7231 	EXP 	New trial (rep=50, index=0): None
116.7234 	WARNING 	Requested image '8_of_diamonds' not found but similar filename '8_of_diamonds.png' exists. This will be used instead but changing the filename is advised.
116.7319 	EXP 	a_card: autoDraw = False
116.7319 	EXP 	a_card: image = '8_of_diamonds'
117.0257 	EXP 	a_card: autoDraw = True
118.3229 	EXP 	New trial (rep=51, index=0): None
118.3232 	WARNING 	Requested image 'king_of_clubs' not found but similar filename 'king_of_clubs.png' exists. This will be used instead but changing the filename is advised.
118.3321 	EXP 	a_card: autoDraw = False
118.3321 	EXP 	a_card: image = 'king_of_clubs'
118.6270 	EXP 	a_card: autoDraw = True
119.9225 	EXP 	New trial (rep=52, index=0): None
119.9227 	WARNING 	Requested image 'king_of_clubs' not found but similar filename 'king_of_clubs.png' exists. This will be used instead but changing the filename is advised.
119.9310 	EXP 	a_card: autoDraw = False
119.9310 	EXP 	a_card: image = 'king_of_clubs'
120.2250 	EXP 	a_card: autoDraw = True
121.5226 	EXP 	New trial (rep=53, index=0): None
121.5229 	WARNING 	Requested image 'king_of_clubs' not found but similar filename 'king_of_clubs.png' exists. This will be used instead but changing the filename is advised.
121.5317 	EXP 	a_card: autoDraw = False
121.5317 	EXP 	a_card: image = 'king_of_clubs'
121.8249 	EXP 	a_card: autoDraw = True
123.1225 	EXP 	New trial (rep=54, index=0): None
123.1229 	WARNING 	Requested image 'king_of_clubs' not found but similar filename 'king_of_clubs.png' exists. This will be used instead but changing the filename is advised.
123.1314 	EXP 	a_card: autoDraw = False
123.1314 	EXP 	a_card: image = 'king_of_clubs'
123.4249 	EXP 	a_card: autoDraw = True
124.7225 	EXP 	New trial (rep=55, index=0): None
124.7229 	WARNING 	Requested image '5_of_diamonds' not found but similar filename '5_of_diamonds.png' exists. This will be used instead but changing the filename is advised.
124.7314 	EXP 	a_card: autoDraw = False
124.7314 	EXP 	a_card: image = '5_of_diamonds'
125.0252 	EXP 	a_card: autoDraw = True
126.3234 	EXP 	New trial (rep=56, index=0): None
126.3238 	WARNING 	Requested image '7_of_clubs' not found but similar filename '7_of_clubs.png' exists. This will be used instead but changing the filename is advised.
126.3333 	EXP 	a_card: autoDraw = False
126.3333 	EXP 	a_card: image = '7_of_clubs'
126.6253 	EXP 	a_card: autoDraw = True
127.9221 	EXP 	New trial (rep=57, index=0): None
127.9225 	WARNING 	Requested image '7_of_spades' not found but similar filename '7_of_spades.png' exists. This will be used instead but changing the filename is advised.
127.9303 	EXP 	a_card: autoDraw = False
127.9303 	EXP 	a_card: autoDraw = False
127.9303 	EXP 	a_card: image = '7_of_spades'
128.2253 	EXP 	a_card: autoDraw = True
129.5221 	EXP 	New trial (rep=58, index=0): None
129.5224 	WARNING 	Requested image '5_of_diamonds' not found but similar filename '5_of_diamonds.png' exists. This will be used instead but changing the filename is advised.
129.5307 	EXP 	a_card: autoDraw = False
129.5307 	EXP 	a_card: autoDraw = False
129.5307 	EXP 	a_card: image = '5_of_diamonds'
129.8247 	EXP 	a_card: autoDraw = True
131.1220 	EXP 	New trial (rep=59, index=0): None
131.1223 	WARNING 	Requested image '5_of_hearts' not found but similar filename '5_of_hearts.png' exists. This will be used instead but changing the filename is advised.
131.1321 	EXP 	a_card: autoDraw = False
131.1321 	EXP 	a_card: autoDraw = False
131.1321 	EXP 	a_card: image = '5_of_hearts'
131.4268 	EXP 	a_card: autoDraw = True
132.7215 	EXP 	New trial (rep=60, index=0): None
132.7218 	WARNING 	Requested image '5_of_diamonds' not found but similar filename '5_of_diamonds.png' exists. This will be used instead but changing the filename is advised.
132.7299 	EXP 	a_card: autoDraw = False
132.7299 	EXP 	a_card: autoDraw = False
132.7299 	EXP 	a_card: image = '5_of_diamonds'
133.0243 	EXP 	a_card: autoDraw = True
134.3215 	EXP 	New trial (rep=61, index=0): None
134.3218 	WARNING 	Requested image '7_of_clubs' not found but similar filename '7_of_clubs.png' exists. This will be used instead but changing the filename is advised.
134.3301 	EXP 	a_card: autoDraw = False
134.3301 	EXP 	a_card: autoDraw = False
134.3301 	EXP 	a_card: image = '7_of_clubs'
134.6247 	EXP 	a_card: autoDraw = True
135.9212 	EXP 	New trial (rep=62, index=0): None
135.9215 	WARNING 	Requested image '5_of_diamonds' not found but similar filename '5_of_diamonds.png' exists. This will be used instead but changing the filename is advised.
135.9295 	EXP 	a_card: autoDraw = False
135.9295 	EXP 	a_card: autoDraw = False
135.9295 	EXP 	a_card: image = '5_of_diamonds'
136.2261 	EXP 	a_card: autoDraw = True
137.5214 	EXP 	New trial (rep=63, index=0): None
137.5217 	WARNING 	Requested image 'king_of_clubs' not found but similar filename 'king_of_clubs.png' exists. This will be used instead but changing the filename is advised.
137.5310 	EXP 	a_card: autoDraw = False
137.5310 	EXP 	a_card: autoDraw = False
137.5310 	EXP 	a_card: image = 'king_of_clubs'
137.8231 	EXP 	a_card: autoDraw = True
139.1209 	EXP 	New trial (rep=64, index=0): None
139.1212 	WARNING 	Requested image 'king_of_clubs' not found but similar filename 'king_of_clubs.png' exists. This will be used instead but changing the filename is advised.
139.1298 	EXP 	a_card: autoDraw = False
139.1298 	EXP 	a_card: autoDraw = False
139.1298 	EXP 	a_card: image = 'king_of_clubs'
139.4232 	EXP 	a_card: autoDraw = True
140.7208 	EXP 	New trial (rep=65, index=0): None
140.7211 	WARNING 	Requested image '5_of_hearts' not found but similar filename '5_of_hearts.png' exists. This will be used instead but changing the filename is advised.
140.7288 	EXP 	a_card: autoDraw = False
140.7288 	EXP 	a_card: autoDraw = False
140.7288 	EXP 	a_card: image = '5_of_hearts'
141.0230 	EXP 	a_card: autoDraw = True
142.3208 	EXP 	New trial (rep=66, index=0): None
142.3211 	WARNING 	Requested image '7_of_diamonds' not found but similar filename '7_of_diamonds.png' exists. This will be used instead but changing the filename is advised.
142.3292 	EXP 	a_card: autoDraw = False
142.3292 	EXP 	a_card: autoDraw = False
142.3292 	EXP 	a_card: image = '7_of_diamonds'
142.6228 	EXP 	a_card: autoDraw = True
143.9208 	EXP 	New trial (rep=67, index=0): None
143.9211 	WARNING 	Requested image '7_of_spades' not found but similar filename '7_of_spades.png' exists. This will be used instead but changing the filename is advised.
143.9296 	EXP 	a_card: autoDraw = False
143.9296 	EXP 	a_card: autoDraw = False
143.9296 	EXP 	a_card: image = '7_of_spades'
144.2227 	EXP 	a_card: autoDraw = True
145.5205 	EXP 	New trial (rep=68, index=0): None
145.5208 	WARNING 	Requested image '8_of_hearts' not found but similar filename '8_of_hearts.png' exists. This will be used instead but changing the filename is advised.
145.5305 	EXP 	a_card: autoDraw = False
145.5305 	EXP 	a_card: autoDraw = False
145.5305 	EXP 	a_card: image = '8_of_hearts'
145.8224 	EXP 	a_card: autoDraw = True
147.1202 	EXP 	New trial (rep=69, index=0): None
147.1205 	WARNING 	Requested image '7_of_diamonds' not found but similar filename '7_of_diamonds.png' exists. This will be used instead but changing the filename is advised.
147.1325 	EXP 	a_card: autoDraw = False
147.1325 	EXP 	a_card: autoDraw = False
147.1325 	EXP 	a_card: image = '7_of_diamonds'
147.4222 	EXP 	a_card: autoDraw = True
148.7201 	EXP 	New trial (rep=70, index=0): None
148.7204 	WARNING 	Requested image '5_of_diamonds' not found but similar filename '5_of_diamonds.png' exists. This will be used instead but changing the filename is advised.
148.7291 	EXP 	a_card: autoDraw = False
148.7291 	EXP 	a_card: autoDraw = False
148.7291 	EXP 	a_card: image = '5_of_diamonds'
149.0221 	EXP 	a_card: autoDraw = True
150.3200 	EXP 	New trial (rep=71, index=0): None
150.3203 	WARNING 	Requested image '5_of_diamonds' not found but similar filename '5_of_diamonds.png' exists. This will be used instead but changing the filename is advised.
150.3291 	EXP 	a_card: autoDraw = False
150.3291 	EXP 	a_card: autoDraw = False
150.3291 	EXP 	a_card: image = '5_of_diamonds'
150.6220 	EXP 	a_card: autoDraw = True
151.9199 	EXP 	New trial (rep=72, index=0): None
151.9202 	WARNING 	Requested image '8_of_diamonds' not found but similar filename '8_of_diamonds.png' exists. This will be used instead but changing the filename is advised.
151.9283 	EXP 	a_card: autoDraw = False
151.9283 	EXP 	a_card: autoDraw = False
151.9283 	EXP 	a_card: image = '8_of_diamonds'
152.2218 	EXP 	a_card: autoDraw = True
153.5196 	EXP 	New trial (rep=73, index=0): None
153.5199 	WARNING 	Requested image '8_of_diamonds' not found but similar filename '8_of_diamonds.png' exists. This will be used instead but changing the filename is advised.
153.5287 	EXP 	a_card: autoDraw = False
153.5287 	EXP 	a_card: autoDraw = False
153.5287 	EXP 	a_card: image = '8_of_diamonds'
153.8217 	EXP 	a_card: autoDraw = True
155.1194 	EXP 	New trial (rep=74, index=0): None
155.1197 	WARNING 	Requested image '7_of_clubs' not found but similar filename '7_of_clubs.png' exists. This will be used instead but changing the filename is advised.
155.1288 	EXP 	a_card: autoDraw = False
155.1288 	EXP 	a_card: autoDraw = False
155.1288 	EXP 	a_card: image = '7_of_clubs'
155.4216 	EXP 	a_card: autoDraw = True
156.7193 	EXP 	New trial (rep=75, index=0): None
156.7196 	WARNING 	Requested image 'king_of_clubs' not found but similar filename 'king_of_clubs.png' exists. This will be used instead but changing the filename is advised.
156.7295 	EXP 	a_card: autoDraw = False
156.7295 	EXP 	a_card: autoDraw = False
156.7295 	EXP 	a_card: image = 'king_of_clubs'
157.0214 	EXP 	a_card: autoDraw = True
158.3193 	EXP 	New trial (rep=76, index=0): None
158.3195 	WARNING 	Requested image '5_of_hearts' not found but similar filename '5_of_hearts.png' exists. This will be used instead but changing the filename is advised.
158.3284 	EXP 	a_card: autoDraw = False
158.3284 	EXP 	a_card: autoDraw = False
158.3284 	EXP 	a_card: image = '5_of_hearts'
158.6212 	EXP 	a_card: autoDraw = True
159.9191 	EXP 	New trial (rep=77, index=0): None
159.9194 	WARNING 	Requested image '5_of_diamonds' not found but similar filename '5_of_diamonds.png' exists. This will be used instead but changing the filename is advised.
159.9298 	EXP 	a_card: autoDraw = False
159.9298 	EXP 	a_card: autoDraw = False
159.9298 	EXP 	a_card: image = '5_of_diamonds'
160.2211 	EXP 	a_card: autoDraw = True
161.5187 	EXP 	New trial (rep=78, index=0): None
161.5190 	WARNING 	Requested image '7_of_diamonds' not found but similar filename '7_of_diamonds.png' exists. This will be used instead but changing the filename is advised.
161.5272 	EXP 	a_card: autoDraw = False
161.5272 	EXP 	a_card: autoDraw = False
161.5272 	EXP 	a_card: image = '7_of_diamonds'
161.8208 	EXP 	a_card: autoDraw = True
163.1186 	EXP 	New trial (rep=79, index=0): None
163.1189 	WARNING 	Requested image 'king_of_clubs' not found but similar filename 'king_of_clubs.png' exists. This will be used instead but changing the filename is advised.
163.1275 	EXP 	a_card: autoDraw = False
163.1275 	EXP 	a_card: autoDraw = False
163.1275 	EXP 	a_card: image = 'king_of_clubs'
163.4207 	EXP 	a_card: autoDraw = True
164.7186 	EXP 	New trial (rep=80, index=0): None
164.7189 	WARNING 	Requested image 'king_of_clubs' not found but similar filename 'king_of_clubs.png' exists. This will be used instead but changing the filename is advised.
164.7285 	EXP 	a_card: autoDraw = False
164.7285 	EXP 	a_card: autoDraw = False
164.7285 	EXP 	a_card: image = 'king_of_clubs'
165.0205 	EXP 	a_card: autoDraw = True
166.3185 	EXP 	New trial (rep=81, index=0): None
166.3188 	WARNING 	Requested image '8_of_diamonds' not found but similar filename '8_of_diamonds.png' exists. This will be used instead but changing the filename is advised.
166.3278 	EXP 	a_card: autoDraw = False
166.3278 	EXP 	a_card: autoDraw = False
166.3278 	EXP 	a_card: image = '8_of_diamonds'
166.6266 	EXP 	a_card: autoDraw = True
167.9240 	EXP 	New trial (rep=82, index=0): None
167.9243 	WARNING 	Requested image '8_of_hearts' not found but similar filename '8_of_hearts.png' exists. This will be used instead but changing the filename is advised.
167.9339 	EXP 	a_card: autoDraw = False
167.9339 	EXP 	a_card: image = '8_of_hearts'
168.2262 	EXP 	a_card: autoDraw = True
169.5238 	EXP 	New trial (rep=83, index=0): None
169.5241 	WARNING 	Requested image '8_of_diamonds' not found but similar filename '8_of_diamonds.png' exists. This will be used instead but changing the filename is advised.
169.5324 	EXP 	a_card: autoDraw = False
169.5324 	EXP 	a_card: image = '8_of_diamonds'
169.8261 	EXP 	a_card: autoDraw = True
171.1236 	EXP 	New trial (rep=84, index=0): None
171.1238 	WARNING 	Requested image '8_of_hearts' not found but similar filename '8_of_hearts.png' exists. This will be used instead but changing the filename is advised.
171.1313 	EXP 	a_card: autoDraw = False
171.1313 	EXP 	a_card: image = '8_of_hearts'
171.4260 	EXP 	a_card: autoDraw = True
172.7236 	EXP 	New trial (rep=85, index=0): None
172.7240 	WARNING 	Requested image '7_of_diamonds' not found but similar filename '7_of_diamonds.png' exists. This will be used instead but changing the filename is advised.
172.7324 	EXP 	a_card: autoDraw = False
172.7324 	EXP 	a_card: image = '7_of_diamonds'
173.0260 	EXP 	a_card: autoDraw = True
174.3233 	EXP 	New trial (rep=86, index=0): None
174.3237 	WARNING 	Requested image 'king_of_clubs' not found but similar filename 'king_of_clubs.png' exists. This will be used instead but changing the filename is advised.
174.3320 	EXP 	a_card: autoDraw = False
174.3320 	EXP 	a_card: image = 'king_of_clubs'
174.6263 	EXP 	a_card: autoDraw = True
175.9231 	EXP 	New trial (rep=87, index=0): None
175.9234 	WARNING 	Requested image '5_of_hearts' not found but similar filename '5_of_hearts.png' exists. This will be used instead but changing the filename is advised.
175.9314 	EXP 	a_card: autoDraw = False
175.9314 	EXP 	a_card: image = '5_of_hearts'
176.2254 	EXP 	a_card: autoDraw = True
177.5231 	EXP 	New trial (rep=88, index=0): None
177.5234 	WARNING 	Requested image '5_of_diamonds' not found but similar filename '5_of_diamonds.png' exists. This will be used instead but changing the filename is advised.
177.5310 	EXP 	a_card: autoDraw = False
177.5310 	EXP 	a_card: image = '5_of_diamonds'
177.8255 	EXP 	a_card: autoDraw = True
179.1229 	EXP 	New trial (rep=89, index=0): None
179.1232 	WARNING 	Requested image '8_of_diamonds' not found but similar filename '8_of_diamonds.png' exists. This will be used instead but changing the filename is advised.
179.1319 	EXP 	a_card: autoDraw = False
179.1319 	EXP 	a_card: image = '8_of_diamonds'
179.4260 	EXP 	a_card: autoDraw = True
180.7226 	EXP 	New trial (rep=90, index=0): None
180.7229 	WARNING 	Requested image '7_of_clubs' not found but similar filename '7_of_clubs.png' exists. This will be used instead but changing the filename is advised.
180.7316 	EXP 	a_card: autoDraw = False
180.7316 	EXP 	a_card: image = '7_of_clubs'
181.0261 	EXP 	a_card: autoDraw = True
182.3225 	EXP 	New trial (rep=91, index=0): None
182.3228 	WARNING 	Requested image '8_of_diamonds' not found but similar filename '8_of_diamonds.png' exists. This will be used instead but changing the filename is advised.
182.3314 	EXP 	a_card: autoDraw = False
182.3314 	EXP 	a_card: image = '8_of_diamonds'
182.6265 	EXP 	a_card: autoDraw = True
183.9223 	EXP 	New trial (rep=92, index=0): None
183.9227 	WARNING 	Requested image '8_of_hearts' not found but similar filename '8_of_hearts.png' exists. This will be used instead but changing the filename is advised.
183.9299 	EXP 	a_card: autoDraw = False
183.9299 	EXP 	a_card: image = '8_of_hearts'
184.2252 	EXP 	a_card: autoDraw = True
185.5223 	EXP 	New trial (rep=93, index=0): None
185.5226 	WARNING 	Requested image '7_of_clubs' not found but similar filename '7_of_clubs.png' exists. This will be used instead but changing the filename is advised.
185.5311 	EXP 	a_card: autoDraw = False
185.5311 	EXP 	a_card: image = '7_of_clubs'
185.8252 	EXP 	a_card: autoDraw = True
187.1221 	EXP 	New trial (rep=94, index=0): None
187.1224 	WARNING 	Requested image 'king_of_clubs' not found but similar filename 'king_of_clubs.png' exists. This will be used instead but changing the filename is advised.
187.1316 	EXP 	a_card: autoDraw = False
187.1316 	EXP 	a_card: autoDraw = False
187.1316 	EXP 	a_card: image = 'king_of_clubs'
187.4251 	EXP 	a_card: autoDraw = True
188.7218 	EXP 	New trial (rep=95, index=0): None
188.7221 	WARNING 	Requested image '7_of_spades' not found but similar filename '7_of_spades.png' exists. This will be used instead but changing the filename is advised.
188.7304 	EXP 	a_card: autoDraw = False
188.7304 	EXP 	a_card: autoDraw = False
188.7304 	EXP 	a_card: image = '7_of_spades'
189.0263 	EXP 	a_card: autoDraw = True
190.3218 	EXP 	New trial (rep=96, index=0): None
190.3220 	WARNING 	Requested image '7_of_clubs' not found but similar filename '7_of_clubs.png' exists. This will be used instead but changing the filename is advised.
190.3302 	EXP 	a_card: autoDraw = False
190.3302 	EXP 	a_card: autoDraw = False
190.3302 	EXP 	a_card: image = '7_of_clubs'
190.6240 	EXP 	a_card: autoDraw = True
191.9217 	EXP 	New trial (rep=97, index=0): None
191.9220 	WARNING 	Requested image '5_of_diamonds' not found but similar filename '5_of_diamonds.png' exists. This will be used instead but changing the filename is advised.
191.9307 	EXP 	a_card: autoDraw = False
191.9307 	EXP 	a_card: autoDraw = False
191.9307 	EXP 	a_card: image = '5_of_diamonds'
192.2235 	EXP 	a_card: autoDraw = True
193.5216 	EXP 	New trial (rep=98, index=0): None
193.5219 	WARNING 	Requested image 'king_of_clubs' not found but similar filename 'king_of_clubs.png' exists. This will be used instead but changing the filename is advised.
193.5305 	EXP 	a_card: autoDraw = False
193.5305 	EXP 	a_card: autoDraw = False
193.5305 	EXP 	a_card: image = 'king_of_clubs'
193.8235 	EXP 	a_card: autoDraw = True
195.1214 	EXP 	New trial (rep=99, index=0): None
195.1217 	WARNING 	Requested image 'king_of_clubs' not found but similar filename 'king_of_clubs.png' exists. This will be used instead but changing the filename is advised.
195.1311 	EXP 	a_card: autoDraw = False
195.1311 	EXP 	a_card: autoDraw = False
195.1311 	EXP 	a_card: image = 'king_of_clubs'
195.4236 	EXP 	a_card: autoDraw = True
196.7214 	EXP 	New trial (rep=100, index=0): None
196.7217 	WARNING 	Requested image '7_of_diamonds' not found but similar filename '7_of_diamonds.png' exists. This will be used instead but changing the filename is advised.
196.7307 	EXP 	a_card: autoDraw = False
196.7307 	EXP 	a_card: autoDraw = False
196.7307 	EXP 	a_card: image = '7_of_diamonds'
197.0233 	EXP 	a_card: autoDraw = True
198.3212 	EXP 	New trial (rep=101, index=0): None
198.3215 	WARNING 	Requested image 'king_of_clubs' not found but similar filename 'king_of_clubs.png' exists. This will be used instead but changing the filename is advised.
198.3304 	EXP 	a_card: autoDraw = False
198.3304 	EXP 	a_card: autoDraw = False
198.3304 	EXP 	a_card: image = 'king_of_clubs'
198.6233 	EXP 	a_card: autoDraw = True
199.9212 	EXP 	New trial (rep=102, index=0): None
199.9215 	WARNING 	Requested image '7_of_spades' not found but similar filename '7_of_spades.png' exists. This will be used instead but changing the filename is advised.
199.9306 	EXP 	a_card: autoDraw = False
199.9306 	EXP 	a_card: autoDraw = False
199.9306 	EXP 	a_card: image = '7_of_spades'
200.2231 	EXP 	a_card: autoDraw = True
201.5208 	EXP 	New trial (rep=103, index=0): None
201.5211 	WARNING 	Requested image '8_of_hearts' not found but similar filename '8_of_hearts.png' exists. This will be used instead but changing the filename is advised.
201.5305 	EXP 	a_card: autoDraw = False
201.5305 	EXP 	a_card: autoDraw = False
201.5305 	EXP 	a_card: image = '8_of_hearts'
201.8228 	EXP 	a_card: autoDraw = True
203.1206 	EXP 	New trial (rep=104, index=0): None
203.1209 	WARNING 	Requested image '6_of_spades' not found but similar filename '6_of_spades.png' exists. This will be used instead but changing the filename is advised.
203.1292 	EXP 	a_card: autoDraw = False
203.1292 	EXP 	a_card: autoDraw = False
203.1292 	EXP 	a_card: image = '6_of_spades'
203.4226 	EXP 	a_card: autoDraw = True
204.7205 	EXP 	New trial (rep=105, index=0): None
204.7208 	WARNING 	Requested image 'king_of_clubs' not found but similar filename 'king_of_clubs.png' exists. This will be used instead but changing the filename is advised.
204.7294 	EXP 	a_card: autoDraw = False
204.7294 	EXP 	a_card: autoDraw = False
204.7294 	EXP 	a_card: image = 'king_of_clubs'
205.0225 	EXP 	a_card: autoDraw = True
206.3204 	EXP 	New trial (rep=106, index=0): None
206.3207 	WARNING 	Requested image '8_of_diamonds' not found but similar filename '8_of_diamonds.png' exists. This will be used instead but changing the filename is advised.
206.3287 	EXP 	a_card: autoDraw = False
206.3287 	EXP 	a_card: autoDraw = False
206.3287 	EXP 	a_card: image = '8_of_diamonds'
206.6224 	EXP 	a_card: autoDraw = True
207.9201 	EXP 	New trial (rep=107, index=0): None
207.9204 	WARNING 	Requested image '7_of_diamonds' not found but similar filename '7_of_diamonds.png' exists. This will be used instead but changing the filename is advised.
207.9297 	EXP 	a_card: autoDraw = False
207.9297 	EXP 	a_card: autoDraw = False
207.9297 	EXP 	a_card: image = '7_of_diamonds'
208.2222 	EXP 	a_card: autoDraw = True
209.5200 	EXP 	New trial (rep=108, index=0): None
209.5203 	WARNING 	Requested image '7_of_spades' not found but similar filename '7_of_spades.png' exists. This will be used instead but changing the filename is advised.
209.5301 	EXP 	a_card: autoDraw = False
209.5301 	EXP 	a_card: autoDraw = False
209.5301 	EXP 	a_card: image = '7_of_spades'
209.8223 	EXP 	a_card: autoDraw = True
211.1196 	EXP 	New trial (rep=109, index=0): None
211.1199 	WARNING 	Requested image 'king_of_clubs' not found but similar filename 'king_of_clubs.png' exists. This will be used instead but changing the filename is advised.
211.1310 	EXP 	a_card: autoDraw = False
211.1310 	EXP 	a_card: autoDraw = False
211.1310 	EXP 	a_card: image = 'king_of_clubs'
211.4218 	EXP 	a_card: autoDraw = True
212.7197 	EXP 	New trial (rep=110, index=0): None
212.7200 	WARNING 	Requested image '8_of_diamonds' not found but similar filename '8_of_diamonds.png' exists. This will be used instead but changing the filename is advised.
212.7283 	EXP 	a_card: autoDraw = False
212.7283 	EXP 	a_card: autoDraw = False
212.7283 	EXP 	a_card: image = '8_of_diamonds'
213.0217 	EXP 	a_card: autoDraw = True
214.3194 	EXP 	New trial (rep=111, index=0): None
214.3197 	WARNING 	Requested image '8_of_hearts' not found but similar filename '8_of_hearts.png' exists. This will be used instead but changing the filename is advised.
214.3278 	EXP 	a_card: autoDraw = False
214.3278 	EXP 	a_card: autoDraw = False
214.3278 	EXP 	a_card: image = '8_of_hearts'
214.6215 	EXP 	a_card: autoDraw = True
215.9193 	EXP 	New trial (rep=112, index=0): None
215.9196 	WARNING 	Requested image '5_of_hearts' not found but similar filename '5_of_hearts.png' exists. This will be used instead but changing the filename is advised.
215.9289 	EXP 	a_card: autoDraw = False
215.9289 	EXP 	a_card: autoDraw = False
215.9289 	EXP 	a_card: image = '5_of_hearts'
216.2214 	EXP 	a_card: autoDraw = True
217.5195 	EXP 	New trial (rep=113, index=0): None
217.5198 	WARNING 	Requested image '5_of_diamonds' not found but similar filename '5_of_diamonds.png' exists. This will be used instead but changing the filename is advised.
217.5290 	EXP 	a_card: autoDraw = False
217.5290 	EXP 	a_card: autoDraw = False
217.5290 	EXP 	a_card: image = '5_of_diamonds'
217.8214 	EXP 	a_card: autoDraw = True
219.1189 	EXP 	New trial (rep=114, index=0): None
219.1192 	WARNING 	Requested image '6_of_spades' not found but similar filename '6_of_spades.png' exists. This will be used instead but changing the filename is advised.
219.1281 	EXP 	a_card: autoDraw = False
219.1281 	EXP 	a_card: autoDraw = False
219.1281 	EXP 	a_card: image = '6_of_spades'
219.4209 	EXP 	a_card: autoDraw = True
220.7188 	EXP 	New trial (rep=115, index=0): None
220.7191 	WARNING 	Requested image '7_of_clubs' not found but similar filename '7_of_clubs.png' exists. This will be used instead but changing the filename is advised.
220.7273 	EXP 	a_card: autoDraw = False
220.7273 	EXP 	a_card: autoDraw = False
220.7273 	EXP 	a_card: image = '7_of_clubs'
221.0208 	EXP 	a_card: autoDraw = True
222.3187 	EXP 	New trial (rep=116, index=0): None
222.3190 	WARNING 	Requested image '7_of_clubs' not found but similar filename '7_of_clubs.png' exists. This will be used instead but changing the filename is advised.
222.3282 	EXP 	a_card: autoDraw = False
222.3282 	EXP 	a_card: autoDraw = False
222.3282 	EXP 	a_card: image = '7_of_clubs'
222.6207 	EXP 	a_card: autoDraw = True
223.9186 	EXP 	New trial (rep=117, index=0): None
223.9188 	WARNING 	Requested image '7_of_clubs' not found but similar filename '7_of_clubs.png' exists. This will be used instead but changing the filename is advised.
223.9296 	EXP 	a_card: autoDraw = False
223.9296 	EXP 	a_card: autoDraw = False
223.9296 	EXP 	a_card: image = '7_of_clubs'
224.2206 	EXP 	a_card: autoDraw = True
225.5184 	EXP 	New trial (rep=118, index=0): None
225.5187 	WARNING 	Requested image '6_of_spades' not found but similar filename '6_of_spades.png' exists. This will be used instead but changing the filename is advised.
225.5283 	EXP 	a_card: autoDraw = False
225.5283 	EXP 	a_card: autoDraw = False
225.5283 	EXP 	a_card: image = '6_of_spades'
225.8269 	EXP 	a_card: autoDraw = True
227.1243 	EXP 	New trial (rep=119, index=0): None
227.1246 	WARNING 	Requested image '7_of_spades' not found but similar filename '7_of_spades.png' exists. This will be used instead but changing the filename is advised.
227.1347 	EXP 	a_card: autoDraw = False
227.1347 	EXP 	a_card: image = '7_of_spades'
227.4203 	EXP 	a_card: autoDraw = True
228.7177 	EXP 	New trial (rep=120, index=0): None
228.7180 	WARNING 	Requested image '7_of_diamonds' not found but similar filename '7_of_diamonds.png' exists. This will be used instead but changing the filename is advised.
228.7267 	EXP 	a_card: autoDraw = False
228.7267 	EXP 	a_card: autoDraw = False
228.7267 	EXP 	a_card: image = '7_of_diamonds'
229.0261 	EXP 	a_card: autoDraw = True
230.3237 	EXP 	New trial (rep=121, index=0): None
230.3240 	WARNING 	Requested image '5_of_diamonds' not found but similar filename '5_of_diamonds.png' exists. This will be used instead but changing the filename is advised.
230.3328 	EXP 	a_card: autoDraw = False
230.3328 	EXP 	a_card: image = '5_of_diamonds'
230.6261 	EXP 	a_card: autoDraw = True
231.9236 	EXP 	New trial (rep=122, index=0): None
231.9239 	WARNING 	Requested image '8_of_hearts' not found but similar filename '8_of_hearts.png' exists. This will be used instead but changing the filename is advised.
231.9315 	EXP 	a_card: autoDraw = False
231.9315 	EXP 	a_card: image = '8_of_hearts'
232.2260 	EXP 	a_card: autoDraw = True
233.5235 	EXP 	New trial (rep=123, index=0): None
233.5238 	WARNING 	Requested image '8_of_hearts' not found but similar filename '8_of_hearts.png' exists. This will be used instead but changing the filename is advised.
233.5324 	EXP 	a_card: autoDraw = False
233.5324 	EXP 	a_card: image = '8_of_hearts'
233.8274 	EXP 	a_card: autoDraw = True
235.1234 	EXP 	New trial (rep=124, index=0): None
235.1237 	WARNING 	Requested image '8_of_hearts' not found but similar filename '8_of_hearts.png' exists. This will be used instead but changing the filename is advised.
235.1323 	EXP 	a_card: autoDraw = False
235.1323 	EXP 	a_card: image = '8_of_hearts'
235.4259 	EXP 	a_card: autoDraw = True
236.7230 	EXP 	New trial (rep=125, index=0): None
236.7233 	WARNING 	Requested image '8_of_diamonds' not found but similar filename '8_of_diamonds.png' exists. This will be used instead but changing the filename is advised.
236.7325 	EXP 	a_card: autoDraw = False
236.7325 	EXP 	a_card: image = '8_of_diamonds'
237.0263 	EXP 	a_card: autoDraw = True
238.3229 	EXP 	New trial (rep=126, index=0): None
238.3231 	WARNING 	Requested image '6_of_spades' not found but similar filename '6_of_spades.png' exists. This will be used instead but changing the filename is advised.
238.3326 	EXP 	a_card: autoDraw = False
238.3326 	EXP 	a_card: image = '6_of_spades'
238.6257 	EXP 	a_card: autoDraw = True
239.9227 	EXP 	New trial (rep=127, index=0): None
239.9230 	WARNING 	Requested image '5_of_diamonds' not found but similar filename '5_of_diamonds.png' exists. This will be used instead but changing the filename is advised.
239.9314 	EXP 	a_card: autoDraw = False
239.9314 	EXP 	a_card: image = '5_of_diamonds'
240.2265 	EXP 	a_card: autoDraw = True
241.5226 	EXP 	New trial (rep=128, index=0): None
241.5230 	WARNING 	Requested image '6_of_spades' not found but similar filename '6_of_spades.png' exists. This will be used instead but changing the filename is advised.
241.5313 	EXP 	a_card: autoDraw = False
241.5313 	EXP 	a_card: image = '6_of_spades'
241.8248 	EXP 	a_card: autoDraw = True
243.1224 	EXP 	New trial (rep=129, index=0): None
243.1227 	WARNING 	Requested image '5_of_hearts' not found but similar filename '5_of_hearts.png' exists. This will be used instead but changing the filename is advised.
243.1321 	EXP 	a_card: autoDraw = False
243.1321 	EXP 	a_card: image = '5_of_hearts'
243.4258 	EXP 	a_card: autoDraw = True
244.7222 	EXP 	New trial (rep=130, index=0): None
244.7224 	WARNING 	Requested image '7_of_diamonds' not found but similar filename '7_of_diamonds.png' exists. This will be used instead but changing the filename is advised.
244.7305 	EXP 	a_card: autoDraw = False
244.7305 	EXP 	a_card: image = '7_of_diamonds'
245.0263 	EXP 	a_card: autoDraw = True
246.3224 	EXP 	New trial (rep=131, index=0): None
246.3227 	WARNING 	Requested image '7_of_spades' not found but similar filename '7_of_spades.png' exists. This will be used instead but changing the filename is advised.
246.3315 	EXP 	a_card: autoDraw = False
246.3315 	EXP 	a_card: autoDraw = False
246.3315 	EXP 	a_card: image = '7_of_spades'
246.6244 	EXP 	a_card: autoDraw = True
247.9221 	EXP 	New trial (rep=132, index=0): None
247.9224 	WARNING 	Requested image '7_of_clubs' not found but similar filename '7_of_clubs.png' exists. This will be used instead but changing the filename is advised.
247.9306 	EXP 	a_card: autoDraw = False
247.9306 	EXP 	a_card: autoDraw = False
247.9306 	EXP 	a_card: image = '7_of_clubs'
248.2241 	EXP 	a_card: autoDraw = True
249.5222 	EXP 	New trial (rep=133, index=0): None
249.5224 	WARNING 	Requested image '5_of_hearts' not found but similar filename '5_of_hearts.png' exists. This will be used instead but changing the filename is advised.
249.5311 	EXP 	a_card: autoDraw = False
249.5311 	EXP 	a_card: autoDraw = False
249.5311 	EXP 	a_card: image = '5_of_hearts'
249.8241 	EXP 	a_card: autoDraw = True
251.1219 	EXP 	New trial (rep=134, index=0): None
251.1222 	WARNING 	Requested image '7_of_clubs' not found but similar filename '7_of_clubs.png' exists. This will be used instead but changing the filename is advised.
251.1319 	EXP 	a_card: autoDraw = False
251.1319 	EXP 	a_card: autoDraw = False
251.1319 	EXP 	a_card: image = '7_of_clubs'
251.4239 	EXP 	a_card: autoDraw = True
252.7215 	EXP 	New trial (rep=135, index=0): None
252.7219 	WARNING 	Requested image '7_of_diamonds' not found but similar filename '7_of_diamonds.png' exists. This will be used instead but changing the filename is advised.
252.7309 	EXP 	a_card: autoDraw = False
252.7309 	EXP 	a_card: autoDraw = False
252.7309 	EXP 	a_card: image = '7_of_diamonds'
253.0237 	EXP 	a_card: autoDraw = True
254.3216 	EXP 	New trial (rep=136, index=0): None
254.3219 	WARNING 	Requested image '6_of_spades' not found but similar filename '6_of_spades.png' exists. This will be used instead but changing the filename is advised.
254.3308 	EXP 	a_card: autoDraw = False
254.3308 	EXP 	a_card: autoDraw = False
254.3308 	EXP 	a_card: image = '6_of_spades'
254.6236 	EXP 	a_card: autoDraw = True
255.9218 	EXP 	New trial (rep=137, index=0): None
255.9221 	WARNING 	Requested image '5_of_hearts' not found but similar filename '5_of_hearts.png' exists. This will be used instead but changing the filename is advised.
255.9319 	EXP 	a_card: autoDraw = False
255.9319 	EXP 	a_card: autoDraw = False
255.9319 	EXP 	a_card: image = '5_of_hearts'
256.2233 	EXP 	a_card: autoDraw = True
257.5210 	EXP 	New trial (rep=138, index=0): None
257.5213 	WARNING 	Requested image '6_of_spades' not found but similar filename '6_of_spades.png' exists. This will be used instead but changing the filename is advised.
257.5302 	EXP 	a_card: autoDraw = False
257.5302 	EXP 	a_card: autoDraw = False
257.5302 	EXP 	a_card: image = '6_of_spades'
257.8239 	EXP 	a_card: autoDraw = True
259.1218 	EXP 	New trial (rep=139, index=0): None
259.1220 	WARNING 	Requested image '8_of_hearts' not found but similar filename '8_of_hearts.png' exists. This will be used instead but changing the filename is advised.
259.1310 	EXP 	a_card: autoDraw = False
259.1310 	EXP 	a_card: autoDraw = False
259.1310 	EXP 	a_card: image = '8_of_hearts'
259.4230 	EXP 	a_card: autoDraw = True
260.7208 	EXP 	New trial (rep=140, index=0): None
260.7211 	WARNING 	Requested image '7_of_spades' not found but similar filename '7_of_spades.png' exists. This will be used instead but changing the filename is advised.
260.7292 	EXP 	a_card: autoDraw = False
260.7292 	EXP 	a_card: autoDraw = False
260.7292 	EXP 	a_card: image = '7_of_spades'
261.0229 	EXP 	a_card: autoDraw = True
262.3208 	EXP 	New trial (rep=141, index=0): None
262.3211 	WARNING 	Requested image '5_of_hearts' not found but similar filename '5_of_hearts.png' exists. This will be used instead but changing the filename is advised.
262.3294 	EXP 	a_card: autoDraw = False
262.3294 	EXP 	a_card: autoDraw = False
262.3294 	EXP 	a_card: image = '5_of_hearts'
262.6236 	EXP 	a_card: autoDraw = True
263.9205 	EXP 	New trial (rep=142, index=0): None
263.9207 	WARNING 	Requested image '7_of_spades' not found but similar filename '7_of_spades.png' exists. This will be used instead but changing the filename is advised.
263.9292 	EXP 	a_card: autoDraw = False
263.9292 	EXP 	a_card: autoDraw = False
263.9292 	EXP 	a_card: image = '7_of_spades'
264.2226 	EXP 	a_card: autoDraw = True
265.5200 	EXP 	New trial (rep=143, index=0): None
265.5203 	WARNING 	Requested image '7_of_spades' not found but similar filename '7_of_spades.png' exists. This will be used instead but changing the filename is advised.
265.5322 	EXP 	a_card: autoDraw = False
265.5322 	EXP 	a_card: autoDraw = False
265.5322 	EXP 	a_card: image = '7_of_spades'
265.8224 	EXP 	a_card: autoDraw = True
267.1202 	EXP 	New trial (rep=144, index=0): None
267.1205 	WARNING 	Requested image '8_of_diamonds' not found but similar filename '8_of_diamonds.png' exists. This will be used instead but changing the filename is advised.
267.1285 	EXP 	a_card: autoDraw = False
267.1285 	EXP 	a_card: autoDraw = False
267.1285 	EXP 	a_card: image = '8_of_diamonds'
267.4221 	EXP 	a_card: autoDraw = True
268.7201 	EXP 	New trial (rep=145, index=0): None
268.7204 	WARNING 	Requested image '5_of_hearts' not found but similar filename '5_of_hearts.png' exists. This will be used instead but changing the filename is advised.
268.7294 	EXP 	a_card: autoDraw = False
268.7294 	EXP 	a_card: autoDraw = False
268.7294 	EXP 	a_card: image = '5_of_hearts'
269.0229 	EXP 	a_card: autoDraw = True
270.3197 	EXP 	New trial (rep=146, index=0): None
270.3200 	WARNING 	Requested image '7_of_spades' not found but similar filename '7_of_spades.png' exists. This will be used instead but changing the filename is advised.
270.3325 	EXP 	a_card: autoDraw = False
270.3325 	EXP 	a_card: autoDraw = False
270.3325 	EXP 	a_card: image = '7_of_spades'
270.6224 	EXP 	a_card: autoDraw = True
271.9197 	EXP 	New trial (rep=147, index=0): None
271.9200 	WARNING 	Requested image '5_of_hearts' not found but similar filename '5_of_hearts.png' exists. This will be used instead but changing the filename is advised.
271.9290 	EXP 	a_card: autoDraw = False
271.9290 	EXP 	a_card: autoDraw = False
271.9290 	EXP 	a_card: image = '5_of_hearts'
272.2220 	EXP 	a_card: autoDraw = True
273.5195 	EXP 	New trial (rep=148, index=0): None
273.5198 	WARNING 	Requested image '5_of_hearts' not found but similar filename '5_of_hearts.png' exists. This will be used instead but changing the filename is advised.
273.5303 	EXP 	a_card: autoDraw = False
273.5303 	EXP 	a_card: autoDraw = False
273.5303 	EXP 	a_card: image = '5_of_hearts'
273.8214 	EXP 	a_card: autoDraw = True
275.1193 	EXP 	New trial (rep=149, index=0): None
275.1195 	WARNING 	Requested image '7_of_spades' not found but similar filename '7_of_spades.png' exists. This will be used instead but changing the filename is advised.
275.1274 	EXP 	a_card: autoDraw = False
275.1274 	EXP 	a_card: autoDraw = False
275.1274 	EXP 	a_card: image = '7_of_spades'
275.4213 	EXP 	a_card: autoDraw = True
276.7194 	EXP 	New trial (rep=150, index=0): None
276.7197 	WARNING 	Requested image '7_of_diamonds' not found but similar filename '7_of_diamonds.png' exists. This will be used instead but changing the filename is advised.
276.7279 	EXP 	a_card: autoDraw = False
276.7279 	EXP 	a_card: autoDraw = False
276.7279 	EXP 	a_card: image = '7_of_diamonds'
277.0212 	EXP 	a_card: autoDraw = True
278.3190 	EXP 	New trial (rep=151, index=0): None
278.3193 	WARNING 	Requested image '7_of_spades' not found but similar filename '7_of_spades.png' exists. This will be used instead but changing the filename is advised.
278.3282 	EXP 	a_card: autoDraw = False
278.3282 	EXP 	a_card: autoDraw = False
278.3282 	EXP 	a_card: image = '7_of_spades'
278.6211 	EXP 	a_card: autoDraw = True
279.9189 	EXP 	New trial (rep=152, index=0): None
279.9192 	WARNING 	Requested image '8_of_diamonds' not found but similar filename '8_of_diamonds.png' exists. This will be used instead but changing the filename is advised.
279.9315 	EXP 	a_card: autoDraw = False
279.9315 	EXP 	a_card: autoDraw = False
279.9315 	EXP 	a_card: image = '8_of_diamonds'
280.2210 	EXP 	a_card: autoDraw = True
281.5187 	EXP 	New trial (rep=153, index=0): None
281.5190 	WARNING 	Requested image '7_of_diamonds' not found but similar filename '7_of_diamonds.png' exists. This will be used instead but changing the filename is advised.
281.5273 	EXP 	a_card: autoDraw = False
281.5273 	EXP 	a_card: autoDraw = False
281.5273 	EXP 	a_card: image = '7_of_diamonds'
281.8206 	EXP 	a_card: autoDraw = True
283.1186 	EXP 	New trial (rep=154, index=0): None
283.1189 	WARNING 	Requested image '7_of_diamonds' not found but similar filename '7_of_diamonds.png' exists. This will be used instead but changing the filename is advised.
283.1281 	EXP 	a_card: autoDraw = False
283.1281 	EXP 	a_card: autoDraw = False
283.1281 	EXP 	a_card: image = '7_of_diamonds'
283.4214 	EXP 	a_card: autoDraw = True
284.7190 	EXP 	New trial (rep=155, index=0): None
284.7193 	WARNING 	Requested image '8_of_hearts' not found but similar filename '8_of_hearts.png' exists. This will be used instead but changing the filename is advised.
284.7289 	EXP 	a_card: autoDraw = False
284.7289 	EXP 	a_card: autoDraw = False
284.7289 	EXP 	a_card: image = '8_of_hearts'
285.0268 	EXP 	a_card: autoDraw = True
286.3239 	EXP 	New trial (rep=156, index=0): None
286.3242 	WARNING 	Requested image '5_of_hearts' not found but similar filename '5_of_hearts.png' exists. This will be used instead but changing the filename is advised.
286.3329 	EXP 	a_card: autoDraw = False
286.3329 	EXP 	a_card: image = '5_of_hearts'
286.6268 	EXP 	a_card: autoDraw = True
287.9240 	EXP 	New trial (rep=157, index=0): None
287.9243 	WARNING 	Requested image '7_of_spades' not found but similar filename '7_of_spades.png' exists. This will be used instead but changing the filename is advised.
287.9351 	EXP 	a_card: autoDraw = False
287.9351 	EXP 	a_card: image = '7_of_spades'
288.2269 	EXP 	a_card: autoDraw = True
289.5237 	EXP 	New trial (rep=158, index=0): None
289.5240 	WARNING 	Requested image '7_of_spades' not found but similar filename '7_of_spades.png' exists. This will be used instead but changing the filename is advised.
289.5321 	EXP 	a_card: autoDraw = False
289.5321 	EXP 	a_card: image = '7_of_spades'
289.8259 	EXP 	a_card: autoDraw = True
291.1233 	EXP 	New trial (rep=159, index=0): None
291.1235 	WARNING 	Requested image '6_of_spades' not found but similar filename '6_of_spades.png' exists. This will be used instead but changing the filename is advised.
291.1313 	EXP 	a_card: autoDraw = False
291.1313 	EXP 	a_card: image = '6_of_spades'
291.4261 	EXP 	a_card: autoDraw = True
292.7233 	EXP 	New trial (rep=160, index=0): None
292.7236 	WARNING 	Requested image '6_of_spades' not found but similar filename '6_of_spades.png' exists. This will be used instead but changing the filename is advised.
292.7312 	EXP 	a_card: autoDraw = False
292.7312 	EXP 	a_card: image = '6_of_spades'
293.0264 	EXP 	a_card: autoDraw = True
294.3232 	EXP 	New trial (rep=161, index=0): None
294.3235 	WARNING 	Requested image '6_of_spades' not found but similar filename '6_of_spades.png' exists. This will be used instead but changing the filename is advised.
294.3321 	EXP 	a_card: autoDraw = False
294.3321 	EXP 	a_card: image = '6_of_spades'
294.6264 	EXP 	a_card: autoDraw = True
295.9231 	EXP 	New trial (rep=162, index=0): None
295.9234 	WARNING 	Requested image '6_of_spades' not found but similar filename '6_of_spades.png' exists. This will be used instead but changing the filename is advised.
295.9315 	EXP 	a_card: autoDraw = False
295.9315 	EXP 	a_card: image = '6_of_spades'
296.2260 	EXP 	a_card: autoDraw = True
297.5227 	EXP 	New trial (rep=163, index=0): None
297.5230 	WARNING 	Requested image '5_of_hearts' not found but similar filename '5_of_hearts.png' exists. This will be used instead but changing the filename is advised.
297.5301 	EXP 	a_card: autoDraw = False
297.5301 	EXP 	a_card: image = '5_of_hearts'
297.8259 	EXP 	a_card: autoDraw = True
299.1226 	EXP 	New trial (rep=164, index=0): None
299.1229 	WARNING 	Requested image '6_of_spades' not found but similar filename '6_of_spades.png' exists. This will be used instead but changing the filename is advised.
299.1313 	EXP 	a_card: autoDraw = False
299.1313 	EXP 	a_card: image = '6_of_spades'
299.4249 	EXP 	a_card: autoDraw = True
300.7226 	EXP 	New trial (rep=165, index=0): None
300.7229 	WARNING 	Requested image '6_of_spades' not found but similar filename '6_of_spades.png' exists. This will be used instead but changing the filename is advised.
300.7313 	EXP 	a_card: autoDraw = False
300.7313 	EXP 	a_card: image = '6_of_spades'
301.0249 	EXP 	a_card: autoDraw = True
302.3231 	EXP 	New trial (rep=166, index=0): None
302.3234 	WARNING 	Requested image '6_of_spades' not found but similar filename '6_of_spades.png' exists. This will be used instead but changing the filename is advised.
302.3312 	EXP 	a_card: autoDraw = False
302.3312 	EXP 	a_card: image = '6_of_spades'
302.6247 	EXP 	a_card: autoDraw = True
303.9231 	EXP 	New trial (rep=167, index=0): None
303.9234 	WARNING 	Requested image '8_of_diamonds' not found but similar filename '8_of_diamonds.png' exists. This will be used instead but changing the filename is advised.
303.9314 	EXP 	a_card: autoDraw = False
303.9314 	EXP 	a_card: image = '8_of_diamonds'
304.2247 	EXP 	a_card: autoDraw = True
305.5220 	EXP 	New trial (rep=168, index=0): None
305.5223 	WARNING 	Requested image '6_of_spades' not found but similar filename '6_of_spades.png' exists. This will be used instead but changing the filename is advised.
305.5321 	EXP 	a_card: autoDraw = False
305.5321 	EXP 	a_card: image = '6_of_spades'
305.8242 	EXP 	a_card: autoDraw = True
307.1219 	EXP 	New trial (rep=169, index=0): None
307.1222 	WARNING 	Requested image '8_of_hearts' not found but similar filename '8_of_hearts.png' exists. This will be used instead but changing the filename is advised.
307.1297 	EXP 	a_card: autoDraw = False
307.1297 	EXP 	a_card: autoDraw = False
307.1297 	EXP 	a_card: image = '8_of_hearts'
307.4241 	EXP 	a_card: autoDraw = True
308.7220 	EXP 	New trial (rep=170, index=0): None
308.7223 	WARNING 	Requested image '8_of_diamonds' not found but similar filename '8_of_diamonds.png' exists. This will be used instead but changing the filename is advised.
308.7305 	EXP 	a_card: autoDraw = False
308.7305 	EXP 	a_card: autoDraw = False
308.7305 	EXP 	a_card: image = '8_of_diamonds'
309.0249 	EXP 	a_card: autoDraw = True
310.3220 	EXP 	New trial (rep=171, index=0): None
310.3223 	WARNING 	Requested image '6_of_spades' not found but similar filename '6_of_spades.png' exists. This will be used instead but changing the filename is advised.
310.3306 	EXP 	a_card: autoDraw = False
310.3306 	EXP 	a_card: autoDraw = False
310.3306 	EXP 	a_card: image = '6_of_spades'
310.6240 	EXP 	a_card: autoDraw = True
311.9217 	EXP 	New trial (rep=172, index=0): None
311.9221 	WARNING 	Requested image '8_of_diamonds' not found but similar filename '8_of_diamonds.png' exists. This will be used instead but changing the filename is advised.
311.9307 	EXP 	a_card: autoDraw = False
311.9307 	EXP 	a_card: autoDraw = False
311.9307 	EXP 	a_card: image = '8_of_diamonds'
312.2238 	EXP 	a_card: autoDraw = True
313.5217 	EXP 	New trial (rep=173, index=0): None
313.5220 	WARNING 	Requested image '8_of_hearts' not found but similar filename '8_of_hearts.png' exists. This will be used instead but changing the filename is advised.
313.5316 	EXP 	a_card: autoDraw = False
313.5316 	EXP 	a_card: autoDraw = False
313.5316 	EXP 	a_card: image = '8_of_hearts'
313.8288 	EXP 	a_card: autoDraw = True
315.1270 	EXP 	New trial (rep=174, index=0): None
315.1273 	WARNING 	Requested image '8_of_diamonds' not found but similar filename '8_of_diamonds.png' exists. This will be used instead but changing the filename is advised.
315.1353 	EXP 	a_card: autoDraw = False
315.1353 	EXP 	a_card: image = '8_of_diamonds'
315.4233 	EXP 	a_card: autoDraw = True
316.7212 	EXP 	New trial (rep=175, index=0): None
316.7215 	WARNING 	Requested image '8_of_hearts' not found but similar filename '8_of_hearts.png' exists. This will be used instead but changing the filename is advised.
316.7292 	EXP 	a_card: autoDraw = False
316.7292 	EXP 	a_card: autoDraw = False
316.7292 	EXP 	a_card: image = '8_of_hearts'
317.0232 	EXP 	a_card: autoDraw = True
318.3212 	EXP 	New trial (rep=176, index=0): None
318.3215 	WARNING 	Requested image '8_of_hearts' not found but similar filename '8_of_hearts.png' exists. This will be used instead but changing the filename is advised.
318.3298 	EXP 	a_card: autoDraw = False
318.3298 	EXP 	a_card: autoDraw = False
318.3298 	EXP 	a_card: image = '8_of_hearts'
318.6231 	EXP 	a_card: autoDraw = True
319.9208 	EXP 	New trial (rep=177, index=0): None
319.9212 	WARNING 	Requested image '8_of_diamonds' not found but similar filename '8_of_diamonds.png' exists. This will be used instead but changing the filename is advised.
319.9295 	EXP 	a_card: autoDraw = False
319.9295 	EXP 	a_card: autoDraw = False
319.9295 	EXP 	a_card: image = '8_of_diamonds'
320.2230 	EXP 	a_card: autoDraw = True
321.5225 	EXP 	New trial (rep=178, index=0): None
321.5228 	WARNING 	Requested image '8_of_diamonds' not found but similar filename '8_of_diamonds.png' exists. This will be used instead but changing the filename is advised.
321.5359 	EXP 	a_card: autoDraw = False
321.5359 	EXP 	a_card: image = '8_of_diamonds'
321.8232 	EXP 	a_card: autoDraw = True
323.1205 	EXP 	New trial (rep=179, index=0): None
323.1209 	WARNING 	Requested image '8_of_diamonds' not found but similar filename '8_of_diamonds.png' exists. This will be used instead but changing the filename is advised.
323.1291 	EXP 	a_card: autoDraw = False
323.1291 	EXP 	a_card: autoDraw = False
323.1291 	EXP 	a_card: image = '8_of_diamonds'
323.4225 	EXP 	a_card: autoDraw = True
324.7263 	EXP 	a_card: autoDraw = False
324.7263 	EXP 	a_card: autoDraw = False
324.7473 	EXP 	window1: mouseVisible = True
