1.8845 	ERROR 	Support for the `sounddevice` audio backend is not available this session. Please install `psychopy-sounddevice` and restart the session to enable support.
5.1955 	WARNING 	User requested fullscreen with size [1920 1080], but screen is actually [2560, 1600]. Using actual size
5.5687 	EXP 	Created window1 = Window(allowGUI=True, allowStencil=False, autoLog=True, backendConf=UNKNOWN, backgroundFit=<method-wrapper '__getattribute__' of attributeSetter object at 0x0000026685FE3040>, backgroundImage=<method-wrapper '__getattribute__' of attributeSetter object at 0x0000026685FD2E80>, bitsMode=UNKNOWN, blendMode='avg', bpc=(8, 8, 8), color=array([-1., -1., -1.]), colorSpace='rgb', depthBits=8, fullscr=<method-wrapper '__getattribute__' of attributeSetter object at 0x0000026685FD2D00>, gamma=None, gammaErrorPolicy='raise', lms=UNKNOWN, monitor=<psychopy.monitors.calibTools.Monitor object at 0x0000026687513B50>, multiSample=False, name='window1', numSamples=2, pos=(-2560, 0), screen=0, size=array([2560, 1600]), stencilBits=0, stereo=False, units='height', useFBO=True, useRetina=False, viewOri=0.0, viewPos=None, viewScale=None, waitBlanking=True, winType='pyglet')
5.5688 	EXP 	window1: mouseVisible = True
5.5688 	EXP 	window1: backgroundImage = ''
5.5688 	EXP 	window1: backgroundFit = 'none'
5.5688 	EXP 	window1: mouseVisible = False
5.5688 	EXP 	window1: Attempting to measure frame rate of screen (0) ...
5.5688 	EXP 	window1: recordFrameIntervals = False
5.6271 	EXP 	window1: recordFrameIntervals = True
5.6938 	EXP 	Screen (0) actual frame rate measured at 164.81Hz
5.6939 	EXP 	window1: recordFrameIntervals = False
7.4932 	EXP 	Created text_2 = TextStim(__class__=<class 'psychopy.visual.text.TextStim'>, alignHoriz=method-wrapper(...), alignText='center', alignVert=method-wrapper(...), anchorHoriz='center', anchorVert='center', antialias=True, autoDraw=False, autoLog=True, bold=False, color=array([1., 1., 1.]), colorSpace='rgb', contrast=1.0, depth=-1.0, flipHoriz=False, flipVert=False, font='Open Sans', fontFiles=[], height=0.05, italic=False, languageStyle='LTR', name='text_2', opacity=1.0, ori=0.0, pos=array([0., 0.]), rgb=UNKNOWN, text=str(...), units='height', win=Window(...), wrapWidth=1)
7.4997 	EXP 	Created text_3 = TextStim(__class__=<class 'psychopy.visual.text.TextStim'>, alignHoriz=method-wrapper(...), alignText='center', alignVert=method-wrapper(...), anchorHoriz='center', anchorVert='center', antialias=True, autoDraw=False, autoLog=True, bold=False, color=array([1., 1., 1.]), colorSpace='rgb', contrast=1.0, depth=-2.0, flipHoriz=False, flipVert=False, font='Open Sans', fontFiles=[], height=50.0, italic=False, languageStyle='LTR', name='text_3', opacity=1.0, ori=0.0, pos=array([  0., 750.]), rgb=UNKNOWN, text='Choose a card:', units='pix', win=Window(...), wrapWidth=500)
7.5215 	EXP 	Created card_1 = ImageStim(__class__=<class 'psychopy.visual.image.ImageStim'>, anchor=('center', 'center'), autoLog=True, color=array([1., 1., 1.]), colorSpace='rgb', contrast=1.0, depth=-3.0, flipHoriz=False, flipVert=False, image='default.png', interpolate=True, mask=None, maskParams=None, name='card_1', opacity=1.0, ori=0.0, pos=array([0., 0.]), size=array([300., 400.]), texRes=128.0, units='pix', win=Window(...))
7.5307 	EXP 	Created card_2 = ImageStim(__class__=<class 'psychopy.visual.image.ImageStim'>, anchor=('center', 'center'), autoLog=True, color=array([1., 1., 1.]), colorSpace='rgb', contrast=1.0, depth=-4.0, flipHoriz=False, flipVert=False, image='default.png', interpolate=True, mask=None, maskParams=None, name='card_2', opacity=1.0, ori=0.0, pos=array([0., 0.]), size=array([300., 400.]), texRes=128.0, units='pix', win=Window(...))
7.5501 	EXP 	Created card_3 = ImageStim(__class__=<class 'psychopy.visual.image.ImageStim'>, anchor=('center', 'center'), autoLog=True, color=array([1., 1., 1.]), colorSpace='rgb', contrast=1.0, depth=-5.0, flipHoriz=False, flipVert=False, image='default.png', interpolate=True, mask=None, maskParams=None, name='card_3', opacity=1.0, ori=0.0, pos=array([0., 0.]), size=array([300., 400.]), texRes=128.0, units='pix', win=Window(...))
7.5653 	EXP 	Created card_4 = ImageStim(__class__=<class 'psychopy.visual.image.ImageStim'>, anchor=('center', 'center'), autoLog=True, color=array([1., 1., 1.]), colorSpace='rgb', contrast=1.0, depth=-6.0, flipHoriz=False, flipVert=False, image='default.png', interpolate=True, mask=None, maskParams=None, name='card_4', opacity=1.0, ori=0.0, pos=array([0., 0.]), size=array([300., 400.]), texRes=128.0, units='pix', win=Window(...))
7.5765 	EXP 	Created card_5 = ImageStim(__class__=<class 'psychopy.visual.image.ImageStim'>, anchor=('center', 'center'), autoLog=True, color=array([1., 1., 1.]), colorSpace='rgb', contrast=1.0, depth=-7.0, flipHoriz=False, flipVert=False, image='default.png', interpolate=True, mask=None, maskParams=None, name='card_5', opacity=1.0, ori=0.0, pos=array([0., 0.]), size=array([300., 400.]), texRes=128.0, units='pix', win=Window(...))
7.5980 	EXP 	Created card_6 = ImageStim(__class__=<class 'psychopy.visual.image.ImageStim'>, anchor=('center', 'center'), autoLog=True, color=array([1., 1., 1.]), colorSpace='rgb', contrast=1.0, depth=-8.0, flipHoriz=False, flipVert=False, image='default.png', interpolate=True, mask=None, maskParams=None, name='card_6', opacity=1.0, ori=0.0, pos=array([0., 0.]), size=array([300., 400.]), texRes=128.0, units='pix', win=Window(...))
7.6095 	EXP 	Created card_7 = ImageStim(__class__=<class 'psychopy.visual.image.ImageStim'>, anchor=('center', 'center'), autoLog=True, color=array([1., 1., 1.]), colorSpace='rgb', contrast=1.0, depth=-9.0, flipHoriz=False, flipVert=False, image='default.png', interpolate=True, mask=None, maskParams=None, name='card_7', opacity=1.0, ori=0.0, pos=array([0., 0.]), size=array([300., 400.]), texRes=128.0, units='pix', win=Window(...))
7.6218 	EXP 	Created card_8 = ImageStim(__class__=<class 'psychopy.visual.image.ImageStim'>, anchor=('center', 'center'), autoLog=True, color=array([1., 1., 1.]), colorSpace='rgb', contrast=1.0, depth=-10.0, flipHoriz=False, flipVert=False, image='default.png', interpolate=True, mask=None, maskParams=None, name='card_8', opacity=1.0, ori=0.0, pos=array([0., 0.]), size=array([300., 400.]), texRes=128.0, units='pix', win=Window(...))
7.6340 	EXP 	Created card_9 = ImageStim(__class__=<class 'psychopy.visual.image.ImageStim'>, anchor=('center', 'center'), autoLog=True, color=array([1., 1., 1.]), colorSpace='rgb', contrast=1.0, depth=-11.0, flipHoriz=False, flipVert=False, image='default.png', interpolate=True, mask=None, maskParams=None, name='card_9', opacity=1.0, ori=0.0, pos=array([0., 0.]), size=array([300., 400.]), texRes=128.0, units='pix', win=Window(...))
7.6604 	EXP 	Created text = TextStim(__class__=<class 'psychopy.visual.text.TextStim'>, alignHoriz=method-wrapper(...), alignText='center', alignVert=method-wrapper(...), anchorHoriz='center', anchorVert='center', antialias=True, autoDraw=False, autoLog=True, bold=False, color=array([1., 1., 1.]), colorSpace='rgb', contrast=1.0, depth=0.0, flipHoriz=False, flipVert=False, font='Open Sans', fontFiles=[], height=0.05, italic=False, languageStyle='LTR', name='text', opacity=1.0, ori=0.0, pos=array([0., 0.]), rgb=UNKNOWN, text=str(...), units='height', win=Window(...), wrapWidth=1)
7.6674 	EXP 	Created text_4 = TextStim(__class__=<class 'psychopy.visual.text.TextStim'>, alignHoriz=method-wrapper(...), alignText='center', alignVert=method-wrapper(...), anchorHoriz='center', anchorVert='center', antialias=True, autoDraw=False, autoLog=True, bold=False, color=array([1., 1., 1.]), colorSpace='rgb', contrast=1.0, depth=0.0, flipHoriz=False, flipVert=False, font='Open Sans', fontFiles=[], height=0.0, italic=False, languageStyle='LTR', name='text_4', opacity=1.0, ori=0.0, pos=array([0., 0.]), rgb=UNKNOWN, text='Any text\n\nincluding line breaks', units='height', win=Window(...), wrapWidth=1)
7.6757 	EXP 	Created polygon_2 = ShapeStim(__class__=<class 'psychopy.visual.shape.ShapeStim'>, anchor=('center', 'center'), autoDraw=False, autoLog=True, closeShape=True, color=method-wrapper(...), colorSpace='rgb', contrast=None, depth=-1.0, fillColor=array([1, 1, 1]), fillColorSpace='rgb', fillRGB=array([1, 1, 1]), interpolate=True, lineColor=array([1., 1., 1.]), lineColorSpace='rgb', lineRGB=array([1, 1, 1]), lineWidth=1.0, name='polygon_2', opacity=1.0, ori=0.0, pos=array([0., 0.]), size=array([0.1, 0.1]), units='height', vertices=ndarray(...), win=Window(...), windingRule=None)
7.6914 	EXP 	Created a_card = ImageStim(__class__=<class 'psychopy.visual.image.ImageStim'>, anchor=('center', 'center'), autoLog=True, color=array([1., 1., 1.]), colorSpace='rgb', contrast=1.0, depth=-2.0, flipHoriz=False, flipVert=False, image='default.png', interpolate=True, mask=None, maskParams=None, name='a_card', opacity=1.0, ori=0.0, pos=array([0., 0.]), size=array([300., 400.]), texRes=128.0, units='pix', win=Window(...))
7.7069 	EXP 	Created text_5 = TextStim(__class__=<class 'psychopy.visual.text.TextStim'>, alignHoriz=method-wrapper(...), alignText='center', alignVert=method-wrapper(...), anchorHoriz='center', anchorVert='center', antialias=True, autoDraw=False, autoLog=True, bold=False, color=array([1., 1., 1.]), colorSpace='rgb', contrast=1.0, depth=0.0, flipHoriz=False, flipVert=False, font='Open Sans', fontFiles=[], height=0.05, italic=False, languageStyle='LTR', name='text_5', opacity=1.0, ori=0.0, pos=array([0., 0.]), rgb=UNKNOWN, text=str(...), units='height', win=Window(...), wrapWidth=1)
7.8005 	EXP 	text_2: autoDraw = True
9.5875 	WARNING 	Requested image '6_of_spades' not found but similar filename '6_of_spades.png' exists. This will be used instead but changing the filename is advised.
9.6060 	WARNING 	Requested image '10_of_spades' not found but similar filename '10_of_spades.png' exists. This will be used instead but changing the filename is advised.
9.6224 	WARNING 	Requested image 'ace_of_clubs' not found but similar filename 'ace_of_clubs.png' exists. This will be used instead but changing the filename is advised.
9.6395 	WARNING 	Requested image 'king_of_clubs' not found but similar filename 'king_of_clubs.png' exists. This will be used instead but changing the filename is advised.
9.6559 	WARNING 	Requested image '7_of_spades' not found but similar filename '7_of_spades.png' exists. This will be used instead but changing the filename is advised.
9.6718 	WARNING 	Requested image '5_of_clubs' not found but similar filename '5_of_clubs.png' exists. This will be used instead but changing the filename is advised.
9.6882 	WARNING 	Requested image 'ace_of_diamonds' not found but similar filename 'ace_of_diamonds.png' exists. This will be used instead but changing the filename is advised.
9.7045 	WARNING 	Requested image 'jack_of_diamonds' not found but similar filename 'jack_of_diamonds.png' exists. This will be used instead but changing the filename is advised.
9.7205 	WARNING 	Requested image '9_of_spades' not found but similar filename '9_of_spades.png' exists. This will be used instead but changing the filename is advised.
9.7416 	DATA 	Keypress: space
9.7437 	EXP 	text_2: autoDraw = False
9.7437 	EXP 	card_1: image = '6_of_spades'
9.7437 	EXP 	card_2: image = '10_of_spades'
9.7437 	EXP 	card_3: image = 'ace_of_clubs'
9.7437 	EXP 	card_4: image = 'king_of_clubs'
9.7437 	EXP 	card_5: image = '7_of_spades'
9.7437 	EXP 	card_6: image = '5_of_clubs'
9.7437 	EXP 	card_7: image = 'ace_of_diamonds'
9.7437 	EXP 	card_8: image = 'jack_of_diamonds'
9.7437 	EXP 	card_9: image = '9_of_spades'
9.7437 	EXP 	text_3: autoDraw = True
9.7437 	EXP 	card_1: autoDraw = True
9.7437 	EXP 	card_2: autoDraw = True
9.7437 	EXP 	card_3: autoDraw = True
9.7437 	EXP 	card_4: autoDraw = True
9.7437 	EXP 	card_5: autoDraw = True
9.7437 	EXP 	card_6: autoDraw = True
9.7437 	EXP 	card_7: autoDraw = True
9.7437 	EXP 	card_8: autoDraw = True
9.7437 	EXP 	card_9: autoDraw = True
10.6327 	DATA 	Keypress: space
10.6355 	EXP 	text_3: autoDraw = False
10.6355 	EXP 	card_1: autoDraw = False
10.6355 	EXP 	card_2: autoDraw = False
10.6355 	EXP 	card_3: autoDraw = False
10.6355 	EXP 	card_4: autoDraw = False
10.6355 	EXP 	card_5: autoDraw = False
10.6355 	EXP 	card_6: autoDraw = False
10.6355 	EXP 	card_7: autoDraw = False
10.6355 	EXP 	card_8: autoDraw = False
10.6355 	EXP 	card_9: autoDraw = False
10.6355 	EXP 	text: autoDraw = True
11.2685 	DATA 	Keypress: space
11.2725 	EXP 	text: autoDraw = False
11.2725 	EXP 	text_4: autoDraw = True
11.2725 	EXP 	polygon_2: autoDraw = True
12.2688 	EXP 	Created sequence: random, trialTypes=1, nReps=180, seed=None
12.2693 	EXP 	New trial (rep=0, index=0): None
12.2696 	WARNING 	Requested image 'ace_of_diamonds' not found but similar filename 'ace_of_diamonds.png' exists. This will be used instead but changing the filename is advised.
12.2897 	EXP 	text_4: autoDraw = False
12.2897 	EXP 	polygon_2: autoDraw = False
12.2897 	EXP 	a_card: image = 'ace_of_diamonds'
12.7682 	EXP 	a_card: autoDraw = True
14.2631 	EXP 	New trial (rep=1, index=0): None
14.2633 	WARNING 	Requested image '6_of_spades' not found but similar filename '6_of_spades.png' exists. This will be used instead but changing the filename is advised.
14.2732 	EXP 	a_card: autoDraw = False
14.2732 	EXP 	a_card: autoDraw = False
14.2732 	EXP 	a_card: image = '6_of_spades'
14.7716 	EXP 	a_card: autoDraw = True
16.2687 	EXP 	New trial (rep=2, index=0): None
16.2689 	WARNING 	Requested image '5_of_clubs' not found but similar filename '5_of_clubs.png' exists. This will be used instead but changing the filename is advised.
16.2791 	EXP 	a_card: autoDraw = False
16.2791 	EXP 	a_card: image = '5_of_clubs'
16.7715 	EXP 	a_card: autoDraw = True
18.2689 	EXP 	New trial (rep=3, index=0): None
18.2692 	WARNING 	Requested image 'ace_of_diamonds' not found but similar filename 'ace_of_diamonds.png' exists. This will be used instead but changing the filename is advised.
18.2792 	EXP 	a_card: autoDraw = False
18.2792 	EXP 	a_card: image = 'ace_of_diamonds'
18.7712 	EXP 	a_card: autoDraw = True
20.2650 	EXP 	New trial (rep=4, index=0): None
20.2652 	WARNING 	Requested image '10_of_spades' not found but similar filename '10_of_spades.png' exists. This will be used instead but changing the filename is advised.
20.2749 	EXP 	a_card: autoDraw = False
20.2749 	EXP 	a_card: autoDraw = False
20.2749 	EXP 	a_card: image = '10_of_spades'
20.7661 	EXP 	a_card: autoDraw = True
22.2654 	EXP 	New trial (rep=5, index=0): None
22.2656 	WARNING 	Requested image 'ace_of_clubs' not found but similar filename 'ace_of_clubs.png' exists. This will be used instead but changing the filename is advised.
22.2757 	EXP 	a_card: autoDraw = False
22.2757 	EXP 	a_card: autoDraw = False
22.2757 	EXP 	a_card: image = 'ace_of_clubs'
22.7666 	EXP 	a_card: autoDraw = True
24.2645 	EXP 	New trial (rep=6, index=0): None
24.2648 	WARNING 	Requested image 'king_of_clubs' not found but similar filename 'king_of_clubs.png' exists. This will be used instead but changing the filename is advised.
24.2738 	EXP 	a_card: autoDraw = False
24.2738 	EXP 	a_card: autoDraw = False
24.2738 	EXP 	a_card: image = 'king_of_clubs'
24.7668 	EXP 	a_card: autoDraw = True
26.2647 	EXP 	New trial (rep=7, index=0): None
26.2650 	WARNING 	Requested image '7_of_spades' not found but similar filename '7_of_spades.png' exists. This will be used instead but changing the filename is advised.
26.2732 	EXP 	a_card: autoDraw = False
26.2732 	EXP 	a_card: autoDraw = False
26.2732 	EXP 	a_card: image = '7_of_spades'
26.7666 	EXP 	a_card: autoDraw = True
28.2644 	EXP 	New trial (rep=8, index=0): None
28.2646 	WARNING 	Requested image 'ace_of_diamonds' not found but similar filename 'ace_of_diamonds.png' exists. This will be used instead but changing the filename is advised.
28.2736 	EXP 	a_card: autoDraw = False
28.2736 	EXP 	a_card: autoDraw = False
28.2736 	EXP 	a_card: image = 'ace_of_diamonds'
28.7664 	EXP 	a_card: autoDraw = True
30.2641 	EXP 	New trial (rep=9, index=0): None
30.2645 	WARNING 	Requested image '7_of_spades' not found but similar filename '7_of_spades.png' exists. This will be used instead but changing the filename is advised.
30.2731 	EXP 	a_card: autoDraw = False
30.2731 	EXP 	a_card: autoDraw = False
30.2731 	EXP 	a_card: image = '7_of_spades'
30.7662 	EXP 	a_card: autoDraw = True
32.2641 	EXP 	New trial (rep=10, index=0): None
32.2644 	WARNING 	Requested image '10_of_spades' not found but similar filename '10_of_spades.png' exists. This will be used instead but changing the filename is advised.
32.2723 	EXP 	a_card: autoDraw = False
32.2723 	EXP 	a_card: autoDraw = False
32.2723 	EXP 	a_card: image = '10_of_spades'
32.7660 	EXP 	a_card: autoDraw = True
34.2642 	EXP 	New trial (rep=11, index=0): None
34.2645 	WARNING 	Requested image 'jack_of_diamonds' not found but similar filename 'jack_of_diamonds.png' exists. This will be used instead but changing the filename is advised.
34.2741 	EXP 	a_card: autoDraw = False
34.2741 	EXP 	a_card: autoDraw = False
34.2741 	EXP 	a_card: image = 'jack_of_diamonds'
34.7658 	EXP 	a_card: autoDraw = True
36.2647 	EXP 	New trial (rep=12, index=0): None
36.2650 	WARNING 	Requested image '9_of_spades' not found but similar filename '9_of_spades.png' exists. This will be used instead but changing the filename is advised.
36.2729 	EXP 	a_card: autoDraw = False
36.2729 	EXP 	a_card: autoDraw = False
36.2729 	EXP 	a_card: image = '9_of_spades'
36.7656 	EXP 	a_card: autoDraw = True
38.2647 	EXP 	New trial (rep=13, index=0): None
38.2650 	WARNING 	Requested image '6_of_spades' not found but similar filename '6_of_spades.png' exists. This will be used instead but changing the filename is advised.
38.2732 	EXP 	a_card: autoDraw = False
38.2732 	EXP 	a_card: autoDraw = False
38.2732 	EXP 	a_card: image = '6_of_spades'
38.7714 	EXP 	a_card: autoDraw = True
40.2689 	EXP 	New trial (rep=14, index=0): None
40.2692 	WARNING 	Requested image 'king_of_clubs' not found but similar filename 'king_of_clubs.png' exists. This will be used instead but changing the filename is advised.
40.2781 	EXP 	a_card: autoDraw = False
40.2781 	EXP 	a_card: image = 'king_of_clubs'
40.7712 	EXP 	a_card: autoDraw = True
42.2687 	EXP 	New trial (rep=15, index=0): None
42.2691 	WARNING 	Requested image '10_of_spades' not found but similar filename '10_of_spades.png' exists. This will be used instead but changing the filename is advised.
42.2778 	EXP 	a_card: autoDraw = False
42.2778 	EXP 	a_card: image = '10_of_spades'
42.7710 	EXP 	a_card: autoDraw = True
44.2685 	EXP 	New trial (rep=16, index=0): None
44.2689 	WARNING 	Requested image '5_of_clubs' not found but similar filename '5_of_clubs.png' exists. This will be used instead but changing the filename is advised.
44.2780 	EXP 	a_card: autoDraw = False
44.2780 	EXP 	a_card: image = '5_of_clubs'
44.7708 	EXP 	a_card: autoDraw = True
46.2684 	EXP 	New trial (rep=17, index=0): None
46.2687 	WARNING 	Requested image '6_of_spades' not found but similar filename '6_of_spades.png' exists. This will be used instead but changing the filename is advised.
46.2777 	EXP 	a_card: autoDraw = False
46.2777 	EXP 	a_card: image = '6_of_spades'
46.7706 	EXP 	a_card: autoDraw = True
48.2682 	EXP 	New trial (rep=18, index=0): None
48.2685 	WARNING 	Requested image '10_of_spades' not found but similar filename '10_of_spades.png' exists. This will be used instead but changing the filename is advised.
48.2773 	EXP 	a_card: autoDraw = False
48.2773 	EXP 	a_card: image = '10_of_spades'
48.7703 	EXP 	a_card: autoDraw = True
50.2681 	EXP 	New trial (rep=19, index=0): None
50.2684 	WARNING 	Requested image '7_of_spades' not found but similar filename '7_of_spades.png' exists. This will be used instead but changing the filename is advised.
50.2774 	EXP 	a_card: autoDraw = False
50.2774 	EXP 	a_card: image = '7_of_spades'
50.7701 	EXP 	a_card: autoDraw = True
52.2678 	EXP 	New trial (rep=20, index=0): None
52.2681 	WARNING 	Requested image '9_of_spades' not found but similar filename '9_of_spades.png' exists. This will be used instead but changing the filename is advised.
52.2772 	EXP 	a_card: autoDraw = False
52.2772 	EXP 	a_card: image = '9_of_spades'
52.7700 	EXP 	a_card: autoDraw = True
54.2676 	EXP 	New trial (rep=21, index=0): None
54.2679 	WARNING 	Requested image '10_of_spades' not found but similar filename '10_of_spades.png' exists. This will be used instead but changing the filename is advised.
54.2769 	EXP 	a_card: autoDraw = False
54.2769 	EXP 	a_card: image = '10_of_spades'
54.7698 	EXP 	a_card: autoDraw = True
56.2675 	EXP 	New trial (rep=22, index=0): None
56.2678 	WARNING 	Requested image 'ace_of_diamonds' not found but similar filename 'ace_of_diamonds.png' exists. This will be used instead but changing the filename is advised.
56.2771 	EXP 	a_card: autoDraw = False
56.2771 	EXP 	a_card: image = 'ace_of_diamonds'
56.7696 	EXP 	a_card: autoDraw = True
58.2674 	EXP 	New trial (rep=23, index=0): None
58.2677 	WARNING 	Requested image 'jack_of_diamonds' not found but similar filename 'jack_of_diamonds.png' exists. This will be used instead but changing the filename is advised.
58.2772 	EXP 	a_card: autoDraw = False
58.2772 	EXP 	a_card: autoDraw = False
58.2772 	EXP 	a_card: image = 'jack_of_diamonds'
58.7693 	EXP 	a_card: autoDraw = True
60.2672 	EXP 	New trial (rep=24, index=0): None
60.2675 	WARNING 	Requested image '10_of_spades' not found but similar filename '10_of_spades.png' exists. This will be used instead but changing the filename is advised.
60.2762 	EXP 	a_card: autoDraw = False
60.2762 	EXP 	a_card: autoDraw = False
60.2762 	EXP 	a_card: image = '10_of_spades'
60.7691 	EXP 	a_card: autoDraw = True
62.2668 	EXP 	New trial (rep=25, index=0): None
62.2671 	WARNING 	Requested image 'ace_of_diamonds' not found but similar filename 'ace_of_diamonds.png' exists. This will be used instead but changing the filename is advised.
62.2765 	EXP 	a_card: autoDraw = False
62.2765 	EXP 	a_card: autoDraw = False
62.2765 	EXP 	a_card: image = 'ace_of_diamonds'
62.7689 	EXP 	a_card: autoDraw = True
64.2666 	EXP 	New trial (rep=26, index=0): None
64.2669 	WARNING 	Requested image '6_of_spades' not found but similar filename '6_of_spades.png' exists. This will be used instead but changing the filename is advised.
64.2751 	EXP 	a_card: autoDraw = False
64.2751 	EXP 	a_card: autoDraw = False
64.2751 	EXP 	a_card: image = '6_of_spades'
64.7688 	EXP 	a_card: autoDraw = True
66.2665 	EXP 	New trial (rep=27, index=0): None
66.2668 	WARNING 	Requested image 'ace_of_diamonds' not found but similar filename 'ace_of_diamonds.png' exists. This will be used instead but changing the filename is advised.
66.2761 	EXP 	a_card: autoDraw = False
66.2761 	EXP 	a_card: autoDraw = False
66.2761 	EXP 	a_card: image = 'ace_of_diamonds'
66.7686 	EXP 	a_card: autoDraw = True
68.2663 	EXP 	New trial (rep=28, index=0): None
68.2666 	WARNING 	Requested image '9_of_spades' not found but similar filename '9_of_spades.png' exists. This will be used instead but changing the filename is advised.
68.2757 	EXP 	a_card: autoDraw = False
68.2757 	EXP 	a_card: autoDraw = False
68.2757 	EXP 	a_card: image = '9_of_spades'
68.7683 	EXP 	a_card: autoDraw = True
70.2660 	EXP 	New trial (rep=29, index=0): None
70.2663 	WARNING 	Requested image '7_of_spades' not found but similar filename '7_of_spades.png' exists. This will be used instead but changing the filename is advised.
70.2753 	EXP 	a_card: autoDraw = False
70.2753 	EXP 	a_card: autoDraw = False
70.2753 	EXP 	a_card: image = '7_of_spades'
70.7681 	EXP 	a_card: autoDraw = True
72.2659 	EXP 	New trial (rep=30, index=0): None
72.2662 	WARNING 	Requested image '6_of_spades' not found but similar filename '6_of_spades.png' exists. This will be used instead but changing the filename is advised.
72.2752 	EXP 	a_card: autoDraw = False
72.2752 	EXP 	a_card: autoDraw = False
72.2752 	EXP 	a_card: image = '6_of_spades'
72.7679 	EXP 	a_card: autoDraw = True
74.2658 	EXP 	New trial (rep=31, index=0): None
74.2660 	WARNING 	Requested image 'ace_of_diamonds' not found but similar filename 'ace_of_diamonds.png' exists. This will be used instead but changing the filename is advised.
74.2747 	EXP 	a_card: autoDraw = False
74.2747 	EXP 	a_card: autoDraw = False
74.2747 	EXP 	a_card: image = 'ace_of_diamonds'
74.7678 	EXP 	a_card: autoDraw = True
76.2654 	EXP 	New trial (rep=32, index=0): None
76.2657 	WARNING 	Requested image '10_of_spades' not found but similar filename '10_of_spades.png' exists. This will be used instead but changing the filename is advised.
76.2742 	EXP 	a_card: autoDraw = False
76.2742 	EXP 	a_card: autoDraw = False
76.2742 	EXP 	a_card: image = '10_of_spades'
76.7675 	EXP 	a_card: autoDraw = True
78.2652 	EXP 	New trial (rep=33, index=0): None
78.2655 	WARNING 	Requested image '9_of_spades' not found but similar filename '9_of_spades.png' exists. This will be used instead but changing the filename is advised.
78.2744 	EXP 	a_card: autoDraw = False
78.2744 	EXP 	a_card: autoDraw = False
78.2744 	EXP 	a_card: image = '9_of_spades'
78.7674 	EXP 	a_card: autoDraw = True
80.2651 	EXP 	New trial (rep=34, index=0): None
80.2655 	WARNING 	Requested image '10_of_spades' not found but similar filename '10_of_spades.png' exists. This will be used instead but changing the filename is advised.
80.2741 	EXP 	a_card: autoDraw = False
80.2741 	EXP 	a_card: autoDraw = False
80.2741 	EXP 	a_card: image = '10_of_spades'
80.7671 	EXP 	a_card: autoDraw = True
82.2651 	EXP 	New trial (rep=35, index=0): None
82.2654 	WARNING 	Requested image '9_of_spades' not found but similar filename '9_of_spades.png' exists. This will be used instead but changing the filename is advised.
82.2740 	EXP 	a_card: autoDraw = False
82.2740 	EXP 	a_card: autoDraw = False
82.2740 	EXP 	a_card: image = '9_of_spades'
82.7670 	EXP 	a_card: autoDraw = True
84.2645 	EXP 	New trial (rep=36, index=0): None
84.2648 	WARNING 	Requested image '5_of_clubs' not found but similar filename '5_of_clubs.png' exists. This will be used instead but changing the filename is advised.
84.2733 	EXP 	a_card: autoDraw = False
84.2733 	EXP 	a_card: autoDraw = False
84.2733 	EXP 	a_card: image = '5_of_clubs'
84.7667 	EXP 	a_card: autoDraw = True
86.2648 	EXP 	New trial (rep=37, index=0): None
86.2650 	WARNING 	Requested image 'jack_of_diamonds' not found but similar filename 'jack_of_diamonds.png' exists. This will be used instead but changing the filename is advised.
86.2748 	EXP 	a_card: autoDraw = False
86.2748 	EXP 	a_card: autoDraw = False
86.2748 	EXP 	a_card: image = 'jack_of_diamonds'
86.7666 	EXP 	a_card: autoDraw = True
88.2645 	EXP 	New trial (rep=38, index=0): None
88.2648 	WARNING 	Requested image 'ace_of_diamonds' not found but similar filename 'ace_of_diamonds.png' exists. This will be used instead but changing the filename is advised.
88.2740 	EXP 	a_card: autoDraw = False
88.2740 	EXP 	a_card: autoDraw = False
88.2740 	EXP 	a_card: image = 'ace_of_diamonds'
88.7664 	EXP 	a_card: autoDraw = True
90.2644 	EXP 	New trial (rep=39, index=0): None
90.2647 	WARNING 	Requested image 'ace_of_clubs' not found but similar filename 'ace_of_clubs.png' exists. This will be used instead but changing the filename is advised.
90.2731 	EXP 	a_card: autoDraw = False
90.2731 	EXP 	a_card: autoDraw = False
90.2731 	EXP 	a_card: image = 'ace_of_clubs'
90.7661 	EXP 	a_card: autoDraw = True
92.2653 	EXP 	New trial (rep=40, index=0): None
92.2656 	WARNING 	Requested image '5_of_clubs' not found but similar filename '5_of_clubs.png' exists. This will be used instead but changing the filename is advised.
92.2738 	EXP 	a_card: autoDraw = False
92.2738 	EXP 	a_card: autoDraw = False
92.2738 	EXP 	a_card: image = '5_of_clubs'
92.7660 	EXP 	a_card: autoDraw = True
94.2650 	EXP 	New trial (rep=41, index=0): None
94.2653 	WARNING 	Requested image 'king_of_clubs' not found but similar filename 'king_of_clubs.png' exists. This will be used instead but changing the filename is advised.
94.2751 	EXP 	a_card: autoDraw = False
94.2751 	EXP 	a_card: autoDraw = False
94.2751 	EXP 	a_card: image = 'king_of_clubs'
94.7658 	EXP 	a_card: autoDraw = True
96.2650 	EXP 	New trial (rep=42, index=0): None
96.2653 	WARNING 	Requested image 'ace_of_clubs' not found but similar filename 'ace_of_clubs.png' exists. This will be used instead but changing the filename is advised.
96.2750 	EXP 	a_card: autoDraw = False
96.2750 	EXP 	a_card: autoDraw = False
96.2750 	EXP 	a_card: image = 'ace_of_clubs'
96.7715 	EXP 	a_card: autoDraw = True
98.2692 	EXP 	New trial (rep=43, index=0): None
98.2695 	WARNING 	Requested image 'jack_of_diamonds' not found but similar filename 'jack_of_diamonds.png' exists. This will be used instead but changing the filename is advised.
98.2784 	EXP 	a_card: autoDraw = False
98.2784 	EXP 	a_card: image = 'jack_of_diamonds'
98.7714 	EXP 	a_card: autoDraw = True
100.2689 	EXP 	New trial (rep=44, index=0): None
100.2692 	WARNING 	Requested image 'ace_of_clubs' not found but similar filename 'ace_of_clubs.png' exists. This will be used instead but changing the filename is advised.
100.2786 	EXP 	a_card: autoDraw = False
100.2786 	EXP 	a_card: image = 'ace_of_clubs'
100.7711 	EXP 	a_card: autoDraw = True
102.2688 	EXP 	New trial (rep=45, index=0): None
102.2691 	WARNING 	Requested image '9_of_spades' not found but similar filename '9_of_spades.png' exists. This will be used instead but changing the filename is advised.
102.2773 	EXP 	a_card: autoDraw = False
102.2773 	EXP 	a_card: image = '9_of_spades'
102.7709 	EXP 	a_card: autoDraw = True
104.2684 	EXP 	New trial (rep=46, index=0): None
104.2687 	WARNING 	Requested image 'ace_of_diamonds' not found but similar filename 'ace_of_diamonds.png' exists. This will be used instead but changing the filename is advised.
104.2768 	EXP 	a_card: autoDraw = False
104.2768 	EXP 	a_card: image = 'ace_of_diamonds'
104.7707 	EXP 	a_card: autoDraw = True
106.2685 	EXP 	New trial (rep=47, index=0): None
106.2688 	WARNING 	Requested image 'jack_of_diamonds' not found but similar filename 'jack_of_diamonds.png' exists. This will be used instead but changing the filename is advised.
106.2780 	EXP 	a_card: autoDraw = False
106.2780 	EXP 	a_card: image = 'jack_of_diamonds'
106.7714 	EXP 	a_card: autoDraw = True
108.2683 	EXP 	New trial (rep=48, index=0): None
108.2686 	WARNING 	Requested image '10_of_spades' not found but similar filename '10_of_spades.png' exists. This will be used instead but changing the filename is advised.
108.2772 	EXP 	a_card: autoDraw = False
108.2772 	EXP 	a_card: image = '10_of_spades'
108.7703 	EXP 	a_card: autoDraw = True
110.2680 	EXP 	New trial (rep=49, index=0): None
110.2683 	WARNING 	Requested image '9_of_spades' not found but similar filename '9_of_spades.png' exists. This will be used instead but changing the filename is advised.
110.2769 	EXP 	a_card: autoDraw = False
110.2769 	EXP 	a_card: image = '9_of_spades'
110.7701 	EXP 	a_card: autoDraw = True
112.2676 	EXP 	New trial (rep=50, index=0): None
112.2679 	WARNING 	Requested image '6_of_spades' not found but similar filename '6_of_spades.png' exists. This will be used instead but changing the filename is advised.
112.2772 	EXP 	a_card: autoDraw = False
112.2772 	EXP 	a_card: image = '6_of_spades'
112.7700 	EXP 	a_card: autoDraw = True
114.2676 	EXP 	New trial (rep=51, index=0): None
114.2680 	WARNING 	Requested image 'ace_of_diamonds' not found but similar filename 'ace_of_diamonds.png' exists. This will be used instead but changing the filename is advised.
114.2776 	EXP 	a_card: autoDraw = False
114.2776 	EXP 	a_card: image = 'ace_of_diamonds'
114.7697 	EXP 	a_card: autoDraw = True
116.2672 	EXP 	New trial (rep=52, index=0): None
116.2675 	WARNING 	Requested image '9_of_spades' not found but similar filename '9_of_spades.png' exists. This will be used instead but changing the filename is advised.
116.2762 	EXP 	a_card: autoDraw = False
116.2762 	EXP 	a_card: image = '9_of_spades'
116.7695 	EXP 	a_card: autoDraw = True
118.2673 	EXP 	New trial (rep=53, index=0): None
118.2676 	WARNING 	Requested image '7_of_spades' not found but similar filename '7_of_spades.png' exists. This will be used instead but changing the filename is advised.
118.2762 	EXP 	a_card: autoDraw = False
118.2762 	EXP 	a_card: autoDraw = False
118.2762 	EXP 	a_card: image = '7_of_spades'
118.7693 	EXP 	a_card: autoDraw = True
120.2669 	EXP 	New trial (rep=54, index=0): None
120.2673 	WARNING 	Requested image 'jack_of_diamonds' not found but similar filename 'jack_of_diamonds.png' exists. This will be used instead but changing the filename is advised.
120.2768 	EXP 	a_card: autoDraw = False
120.2768 	EXP 	a_card: autoDraw = False
120.2768 	EXP 	a_card: image = 'jack_of_diamonds'
120.7691 	EXP 	a_card: autoDraw = True
122.2670 	EXP 	New trial (rep=55, index=0): None
122.2673 	WARNING 	Requested image '10_of_spades' not found but similar filename '10_of_spades.png' exists. This will be used instead but changing the filename is advised.
122.2762 	EXP 	a_card: autoDraw = False
122.2762 	EXP 	a_card: autoDraw = False
122.2762 	EXP 	a_card: image = '10_of_spades'
122.7690 	EXP 	a_card: autoDraw = True
124.2667 	EXP 	New trial (rep=56, index=0): None
124.2670 	WARNING 	Requested image '5_of_clubs' not found but similar filename '5_of_clubs.png' exists. This will be used instead but changing the filename is advised.
124.2748 	EXP 	a_card: autoDraw = False
124.2748 	EXP 	a_card: autoDraw = False
124.2748 	EXP 	a_card: image = '5_of_clubs'
124.7687 	EXP 	a_card: autoDraw = True
126.2663 	EXP 	New trial (rep=57, index=0): None
126.2667 	WARNING 	Requested image '9_of_spades' not found but similar filename '9_of_spades.png' exists. This will be used instead but changing the filename is advised.
126.2759 	EXP 	a_card: autoDraw = False
126.2759 	EXP 	a_card: autoDraw = False
126.2759 	EXP 	a_card: image = '9_of_spades'
126.7685 	EXP 	a_card: autoDraw = True
128.2667 	EXP 	New trial (rep=58, index=0): None
128.2670 	WARNING 	Requested image '5_of_clubs' not found but similar filename '5_of_clubs.png' exists. This will be used instead but changing the filename is advised.
128.2753 	EXP 	a_card: autoDraw = False
128.2753 	EXP 	a_card: autoDraw = False
128.2753 	EXP 	a_card: image = '5_of_clubs'
128.7683 	EXP 	a_card: autoDraw = True
130.2661 	EXP 	New trial (rep=59, index=0): None
130.2663 	WARNING 	Requested image '9_of_spades' not found but similar filename '9_of_spades.png' exists. This will be used instead but changing the filename is advised.
130.2748 	EXP 	a_card: autoDraw = False
130.2748 	EXP 	a_card: autoDraw = False
130.2748 	EXP 	a_card: image = '9_of_spades'
130.7681 	EXP 	a_card: autoDraw = True
132.2658 	EXP 	New trial (rep=60, index=0): None
132.2661 	WARNING 	Requested image 'ace_of_diamonds' not found but similar filename 'ace_of_diamonds.png' exists. This will be used instead but changing the filename is advised.
132.2753 	EXP 	a_card: autoDraw = False
132.2753 	EXP 	a_card: autoDraw = False
132.2753 	EXP 	a_card: image = 'ace_of_diamonds'
132.7680 	EXP 	a_card: autoDraw = True
134.2656 	EXP 	New trial (rep=61, index=0): None
134.2658 	WARNING 	Requested image '5_of_clubs' not found but similar filename '5_of_clubs.png' exists. This will be used instead but changing the filename is advised.
134.2757 	EXP 	a_card: autoDraw = False
134.2757 	EXP 	a_card: autoDraw = False
134.2757 	EXP 	a_card: image = '5_of_clubs'
134.7678 	EXP 	a_card: autoDraw = True
136.2654 	EXP 	New trial (rep=62, index=0): None
136.2657 	WARNING 	Requested image 'ace_of_diamonds' not found but similar filename 'ace_of_diamonds.png' exists. This will be used instead but changing the filename is advised.
136.2752 	EXP 	a_card: autoDraw = False
136.2752 	EXP 	a_card: autoDraw = False
136.2752 	EXP 	a_card: image = 'ace_of_diamonds'
136.7684 	EXP 	a_card: autoDraw = True
138.2652 	EXP 	New trial (rep=63, index=0): None
138.2655 	WARNING 	Requested image '6_of_spades' not found but similar filename '6_of_spades.png' exists. This will be used instead but changing the filename is advised.
138.2743 	EXP 	a_card: autoDraw = False
138.2743 	EXP 	a_card: autoDraw = False
138.2743 	EXP 	a_card: image = '6_of_spades'
138.7678 	EXP 	a_card: autoDraw = True
140.2651 	EXP 	New trial (rep=64, index=0): None
140.2655 	WARNING 	Requested image '5_of_clubs' not found but similar filename '5_of_clubs.png' exists. This will be used instead but changing the filename is advised.
140.2747 	EXP 	a_card: autoDraw = False
140.2747 	EXP 	a_card: autoDraw = False
140.2747 	EXP 	a_card: image = '5_of_clubs'
140.7667 	EXP 	a_card: autoDraw = True
142.2650 	EXP 	New trial (rep=65, index=0): None
142.2653 	WARNING 	Requested image '7_of_spades' not found but similar filename '7_of_spades.png' exists. This will be used instead but changing the filename is advised.
142.2733 	EXP 	a_card: autoDraw = False
142.2733 	EXP 	a_card: autoDraw = False
142.2733 	EXP 	a_card: image = '7_of_spades'
142.7669 	EXP 	a_card: autoDraw = True
144.2651 	EXP 	New trial (rep=66, index=0): None
144.2654 	WARNING 	Requested image '9_of_spades' not found but similar filename '9_of_spades.png' exists. This will be used instead but changing the filename is advised.
144.2738 	EXP 	a_card: autoDraw = False
144.2738 	EXP 	a_card: autoDraw = False
144.2738 	EXP 	a_card: image = '9_of_spades'
144.7667 	EXP 	a_card: autoDraw = True
146.2658 	EXP 	New trial (rep=67, index=0): None
146.2662 	WARNING 	Requested image 'king_of_clubs' not found but similar filename 'king_of_clubs.png' exists. This will be used instead but changing the filename is advised.
146.2756 	EXP 	a_card: autoDraw = False
146.2756 	EXP 	a_card: autoDraw = False
146.2756 	EXP 	a_card: image = 'king_of_clubs'
146.7666 	EXP 	a_card: autoDraw = True
148.2657 	EXP 	New trial (rep=68, index=0): None
148.2660 	WARNING 	Requested image '9_of_spades' not found but similar filename '9_of_spades.png' exists. This will be used instead but changing the filename is advised.
148.2746 	EXP 	a_card: autoDraw = False
148.2746 	EXP 	a_card: autoDraw = False
148.2746 	EXP 	a_card: image = '9_of_spades'
148.7664 	EXP 	a_card: autoDraw = True
150.2659 	EXP 	New trial (rep=69, index=0): None
150.2663 	WARNING 	Requested image '5_of_clubs' not found but similar filename '5_of_clubs.png' exists. This will be used instead but changing the filename is advised.
150.2753 	EXP 	a_card: autoDraw = False
150.2753 	EXP 	a_card: autoDraw = False
150.2753 	EXP 	a_card: image = '5_of_clubs'
150.7661 	EXP 	a_card: autoDraw = True
152.2657 	EXP 	New trial (rep=70, index=0): None
152.2660 	WARNING 	Requested image 'king_of_clubs' not found but similar filename 'king_of_clubs.png' exists. This will be used instead but changing the filename is advised.
152.2766 	EXP 	a_card: autoDraw = False
152.2766 	EXP 	a_card: autoDraw = False
152.2766 	EXP 	a_card: image = 'king_of_clubs'
152.7660 	EXP 	a_card: autoDraw = True
154.2639 	EXP 	New trial (rep=71, index=0): None
154.2642 	WARNING 	Requested image '7_of_spades' not found but similar filename '7_of_spades.png' exists. This will be used instead but changing the filename is advised.
154.2729 	EXP 	a_card: autoDraw = False
154.2729 	EXP 	a_card: autoDraw = False
154.2729 	EXP 	a_card: image = '7_of_spades'
154.7656 	EXP 	a_card: autoDraw = True
156.2635 	EXP 	New trial (rep=72, index=0): None
156.2638 	WARNING 	Requested image 'ace_of_diamonds' not found but similar filename 'ace_of_diamonds.png' exists. This will be used instead but changing the filename is advised.
156.2731 	EXP 	a_card: autoDraw = False
156.2731 	EXP 	a_card: autoDraw = False
156.2731 	EXP 	a_card: image = 'ace_of_diamonds'
156.7655 	EXP 	a_card: autoDraw = True
158.2632 	EXP 	New trial (rep=73, index=0): None
158.2636 	WARNING 	Requested image 'ace_of_clubs' not found but similar filename 'ace_of_clubs.png' exists. This will be used instead but changing the filename is advised.
158.2725 	EXP 	a_card: autoDraw = False
158.2725 	EXP 	a_card: autoDraw = False
158.2725 	EXP 	a_card: image = 'ace_of_clubs'
158.7714 	EXP 	a_card: autoDraw = True
160.2690 	EXP 	New trial (rep=74, index=0): None
160.2694 	WARNING 	Requested image '9_of_spades' not found but similar filename '9_of_spades.png' exists. This will be used instead but changing the filename is advised.
160.2833 	EXP 	a_card: autoDraw = False
160.2833 	EXP 	a_card: image = '9_of_spades'
160.7711 	EXP 	a_card: autoDraw = True
162.2688 	EXP 	New trial (rep=75, index=0): None
162.2691 	WARNING 	Requested image 'king_of_clubs' not found but similar filename 'king_of_clubs.png' exists. This will be used instead but changing the filename is advised.
162.2789 	EXP 	a_card: autoDraw = False
162.2789 	EXP 	a_card: image = 'king_of_clubs'
162.7709 	EXP 	a_card: autoDraw = True
164.2686 	EXP 	New trial (rep=76, index=0): None
164.2689 	WARNING 	Requested image 'ace_of_clubs' not found but similar filename 'ace_of_clubs.png' exists. This will be used instead but changing the filename is advised.
164.2785 	EXP 	a_card: autoDraw = False
164.2785 	EXP 	a_card: image = 'ace_of_clubs'
164.7707 	EXP 	a_card: autoDraw = True
166.2684 	EXP 	New trial (rep=77, index=0): None
166.2687 	WARNING 	Requested image 'jack_of_diamonds' not found but similar filename 'jack_of_diamonds.png' exists. This will be used instead but changing the filename is advised.
166.2781 	EXP 	a_card: autoDraw = False
166.2781 	EXP 	a_card: image = 'jack_of_diamonds'
166.7704 	EXP 	a_card: autoDraw = True
168.2679 	EXP 	New trial (rep=78, index=0): None
168.2682 	WARNING 	Requested image 'king_of_clubs' not found but similar filename 'king_of_clubs.png' exists. This will be used instead but changing the filename is advised.
168.2768 	EXP 	a_card: autoDraw = False
168.2768 	EXP 	a_card: image = 'king_of_clubs'
168.7703 	EXP 	a_card: autoDraw = True
170.2676 	EXP 	New trial (rep=79, index=0): None
170.2679 	WARNING 	Requested image '5_of_clubs' not found but similar filename '5_of_clubs.png' exists. This will be used instead but changing the filename is advised.
170.2762 	EXP 	a_card: autoDraw = False
170.2762 	EXP 	a_card: image = '5_of_clubs'
170.7701 	EXP 	a_card: autoDraw = True
172.2676 	EXP 	New trial (rep=80, index=0): None
172.2679 	WARNING 	Requested image '10_of_spades' not found but similar filename '10_of_spades.png' exists. This will be used instead but changing the filename is advised.
172.2764 	EXP 	a_card: autoDraw = False
172.2764 	EXP 	a_card: image = '10_of_spades'
172.7698 	EXP 	a_card: autoDraw = True
174.2675 	EXP 	New trial (rep=81, index=0): None
174.2678 	WARNING 	Requested image 'ace_of_clubs' not found but similar filename 'ace_of_clubs.png' exists. This will be used instead but changing the filename is advised.
174.2772 	EXP 	a_card: autoDraw = False
174.2772 	EXP 	a_card: image = 'ace_of_clubs'
174.7697 	EXP 	a_card: autoDraw = True
176.2672 	EXP 	New trial (rep=82, index=0): None
176.2675 	WARNING 	Requested image 'king_of_clubs' not found but similar filename 'king_of_clubs.png' exists. This will be used instead but changing the filename is advised.
176.2768 	EXP 	a_card: autoDraw = False
176.2768 	EXP 	a_card: image = 'king_of_clubs'
176.7694 	EXP 	a_card: autoDraw = True
178.2673 	EXP 	New trial (rep=83, index=0): None
178.2676 	WARNING 	Requested image '10_of_spades' not found but similar filename '10_of_spades.png' exists. This will be used instead but changing the filename is advised.
178.2759 	EXP 	a_card: autoDraw = False
178.2759 	EXP 	a_card: autoDraw = False
178.2759 	EXP 	a_card: image = '10_of_spades'
178.7692 	EXP 	a_card: autoDraw = True
180.2670 	EXP 	New trial (rep=84, index=0): None
180.2672 	WARNING 	Requested image '5_of_clubs' not found but similar filename '5_of_clubs.png' exists. This will be used instead but changing the filename is advised.
180.2763 	EXP 	a_card: autoDraw = False
180.2763 	EXP 	a_card: autoDraw = False
180.2763 	EXP 	a_card: image = '5_of_clubs'
180.7691 	EXP 	a_card: autoDraw = True
182.2667 	EXP 	New trial (rep=85, index=0): None
182.2669 	WARNING 	Requested image 'ace_of_clubs' not found but similar filename 'ace_of_clubs.png' exists. This will be used instead but changing the filename is advised.
182.2788 	EXP 	a_card: autoDraw = False
182.2788 	EXP 	a_card: autoDraw = False
182.2788 	EXP 	a_card: image = 'ace_of_clubs'
182.7689 	EXP 	a_card: autoDraw = True
184.2666 	EXP 	New trial (rep=86, index=0): None
184.2669 	WARNING 	Requested image 'ace_of_diamonds' not found but similar filename 'ace_of_diamonds.png' exists. This will be used instead but changing the filename is advised.
184.2761 	EXP 	a_card: autoDraw = False
184.2761 	EXP 	a_card: autoDraw = False
184.2761 	EXP 	a_card: image = 'ace_of_diamonds'
184.7687 	EXP 	a_card: autoDraw = True
186.2663 	EXP 	New trial (rep=87, index=0): None
186.2666 	WARNING 	Requested image 'ace_of_clubs' not found but similar filename 'ace_of_clubs.png' exists. This will be used instead but changing the filename is advised.
186.2750 	EXP 	a_card: autoDraw = False
186.2750 	EXP 	a_card: autoDraw = False
186.2750 	EXP 	a_card: image = 'ace_of_clubs'
186.7684 	EXP 	a_card: autoDraw = True
188.2662 	EXP 	New trial (rep=88, index=0): None
188.2665 	WARNING 	Requested image '5_of_clubs' not found but similar filename '5_of_clubs.png' exists. This will be used instead but changing the filename is advised.
188.2758 	EXP 	a_card: autoDraw = False
188.2758 	EXP 	a_card: autoDraw = False
188.2758 	EXP 	a_card: image = '5_of_clubs'
188.7684 	EXP 	a_card: autoDraw = True
190.2659 	EXP 	New trial (rep=89, index=0): None
190.2661 	WARNING 	Requested image 'ace_of_clubs' not found but similar filename 'ace_of_clubs.png' exists. This will be used instead but changing the filename is advised.
190.2747 	EXP 	a_card: autoDraw = False
190.2747 	EXP 	a_card: autoDraw = False
190.2747 	EXP 	a_card: image = 'ace_of_clubs'
190.7682 	EXP 	a_card: autoDraw = True
192.2661 	EXP 	New trial (rep=90, index=0): None
192.2664 	WARNING 	Requested image '6_of_spades' not found but similar filename '6_of_spades.png' exists. This will be used instead but changing the filename is advised.
192.2758 	EXP 	a_card: autoDraw = False
192.2758 	EXP 	a_card: autoDraw = False
192.2758 	EXP 	a_card: image = '6_of_spades'
192.7679 	EXP 	a_card: autoDraw = True
194.2657 	EXP 	New trial (rep=91, index=0): None
194.2660 	WARNING 	Requested image '10_of_spades' not found but similar filename '10_of_spades.png' exists. This will be used instead but changing the filename is advised.
194.2739 	EXP 	a_card: autoDraw = False
194.2739 	EXP 	a_card: autoDraw = False
194.2739 	EXP 	a_card: image = '10_of_spades'
194.7677 	EXP 	a_card: autoDraw = True
196.2657 	EXP 	New trial (rep=92, index=0): None
196.2660 	WARNING 	Requested image 'ace_of_diamonds' not found but similar filename 'ace_of_diamonds.png' exists. This will be used instead but changing the filename is advised.
196.2755 	EXP 	a_card: autoDraw = False
196.2755 	EXP 	a_card: autoDraw = False
196.2755 	EXP 	a_card: image = 'ace_of_diamonds'
196.7675 	EXP 	a_card: autoDraw = True
198.2663 	EXP 	New trial (rep=93, index=0): None
198.2666 	WARNING 	Requested image '5_of_clubs' not found but similar filename '5_of_clubs.png' exists. This will be used instead but changing the filename is advised.
198.2760 	EXP 	a_card: autoDraw = False
198.2760 	EXP 	a_card: autoDraw = False
198.2760 	EXP 	a_card: image = '5_of_clubs'
198.7673 	EXP 	a_card: autoDraw = True
200.2659 	EXP 	New trial (rep=94, index=0): None
200.2662 	WARNING 	Requested image '6_of_spades' not found but similar filename '6_of_spades.png' exists. This will be used instead but changing the filename is advised.
200.2753 	EXP 	a_card: autoDraw = False
200.2753 	EXP 	a_card: autoDraw = False
200.2753 	EXP 	a_card: image = '6_of_spades'
200.7671 	EXP 	a_card: autoDraw = True
202.2661 	EXP 	New trial (rep=95, index=0): None
202.2664 	WARNING 	Requested image '9_of_spades' not found but similar filename '9_of_spades.png' exists. This will be used instead but changing the filename is advised.
202.2750 	EXP 	a_card: autoDraw = False
202.2750 	EXP 	a_card: autoDraw = False
202.2750 	EXP 	a_card: image = '9_of_spades'
202.7669 	EXP 	a_card: autoDraw = True
204.2662 	EXP 	New trial (rep=96, index=0): None
204.2665 	WARNING 	Requested image 'ace_of_clubs' not found but similar filename 'ace_of_clubs.png' exists. This will be used instead but changing the filename is advised.
204.2761 	EXP 	a_card: autoDraw = False
204.2761 	EXP 	a_card: autoDraw = False
204.2761 	EXP 	a_card: image = 'ace_of_clubs'
204.7667 	EXP 	a_card: autoDraw = True
206.2661 	EXP 	New trial (rep=97, index=0): None
206.2664 	WARNING 	Requested image 'jack_of_diamonds' not found but similar filename 'jack_of_diamonds.png' exists. This will be used instead but changing the filename is advised.
206.2760 	EXP 	a_card: autoDraw = False
206.2760 	EXP 	a_card: autoDraw = False
206.2760 	EXP 	a_card: image = 'jack_of_diamonds'
206.7665 	EXP 	a_card: autoDraw = True
208.2642 	EXP 	New trial (rep=98, index=0): None
208.2645 	WARNING 	Requested image '7_of_spades' not found but similar filename '7_of_spades.png' exists. This will be used instead but changing the filename is advised.
208.2735 	EXP 	a_card: autoDraw = False
208.2735 	EXP 	a_card: autoDraw = False
208.2735 	EXP 	a_card: image = '7_of_spades'
208.7662 	EXP 	a_card: autoDraw = True
210.2640 	EXP 	New trial (rep=99, index=0): None
210.2644 	WARNING 	Requested image 'jack_of_diamonds' not found but similar filename 'jack_of_diamonds.png' exists. This will be used instead but changing the filename is advised.
210.2741 	EXP 	a_card: autoDraw = False
210.2741 	EXP 	a_card: autoDraw = False
210.2741 	EXP 	a_card: image = 'jack_of_diamonds'
210.7661 	EXP 	a_card: autoDraw = True
212.2638 	EXP 	New trial (rep=100, index=0): None
212.2642 	WARNING 	Requested image '6_of_spades' not found but similar filename '6_of_spades.png' exists. This will be used instead but changing the filename is advised.
212.2736 	EXP 	a_card: autoDraw = False
212.2736 	EXP 	a_card: autoDraw = False
212.2736 	EXP 	a_card: image = '6_of_spades'
212.7659 	EXP 	a_card: autoDraw = True
214.2637 	EXP 	New trial (rep=101, index=0): None
214.2640 	WARNING 	Requested image 'jack_of_diamonds' not found but similar filename 'jack_of_diamonds.png' exists. This will be used instead but changing the filename is advised.
214.2733 	EXP 	a_card: autoDraw = False
214.2733 	EXP 	a_card: autoDraw = False
214.2733 	EXP 	a_card: image = 'jack_of_diamonds'
214.7657 	EXP 	a_card: autoDraw = True
216.2635 	EXP 	New trial (rep=102, index=0): None
216.2638 	WARNING 	Requested image 'ace_of_clubs' not found but similar filename 'ace_of_clubs.png' exists. This will be used instead but changing the filename is advised.
216.2736 	EXP 	a_card: autoDraw = False
216.2736 	EXP 	a_card: autoDraw = False
216.2736 	EXP 	a_card: image = 'ace_of_clubs'
216.7714 	EXP 	a_card: autoDraw = True
218.2692 	EXP 	New trial (rep=103, index=0): None
218.2695 	WARNING 	Requested image '9_of_spades' not found but similar filename '9_of_spades.png' exists. This will be used instead but changing the filename is advised.
218.2774 	EXP 	a_card: autoDraw = False
218.2774 	EXP 	a_card: image = '9_of_spades'
218.7712 	EXP 	a_card: autoDraw = True
220.2688 	EXP 	New trial (rep=104, index=0): None
220.2690 	WARNING 	Requested image 'ace_of_clubs' not found but similar filename 'ace_of_clubs.png' exists. This will be used instead but changing the filename is advised.
220.2770 	EXP 	a_card: autoDraw = False
220.2770 	EXP 	a_card: image = 'ace_of_clubs'
220.7710 	EXP 	a_card: autoDraw = True
222.2686 	EXP 	New trial (rep=105, index=0): None
222.2688 	WARNING 	Requested image 'king_of_clubs' not found but similar filename 'king_of_clubs.png' exists. This will be used instead but changing the filename is advised.
222.2774 	EXP 	a_card: autoDraw = False
222.2774 	EXP 	a_card: image = 'king_of_clubs'
222.7709 	EXP 	a_card: autoDraw = True
224.2683 	EXP 	New trial (rep=106, index=0): None
224.2686 	WARNING 	Requested image '9_of_spades' not found but similar filename '9_of_spades.png' exists. This will be used instead but changing the filename is advised.
224.2764 	EXP 	a_card: autoDraw = False
224.2764 	EXP 	a_card: image = '9_of_spades'
224.7706 	EXP 	a_card: autoDraw = True
226.2682 	EXP 	New trial (rep=107, index=0): None
226.2685 	WARNING 	Requested image '5_of_clubs' not found but similar filename '5_of_clubs.png' exists. This will be used instead but changing the filename is advised.
226.2775 	EXP 	a_card: autoDraw = False
226.2775 	EXP 	a_card: image = '5_of_clubs'
226.7705 	EXP 	a_card: autoDraw = True
228.2680 	EXP 	New trial (rep=108, index=0): None
228.2683 	WARNING 	Requested image '10_of_spades' not found but similar filename '10_of_spades.png' exists. This will be used instead but changing the filename is advised.
228.2771 	EXP 	a_card: autoDraw = False
228.2771 	EXP 	a_card: image = '10_of_spades'
228.7703 	EXP 	a_card: autoDraw = True
230.2677 	EXP 	New trial (rep=109, index=0): None
230.2680 	WARNING 	Requested image '5_of_clubs' not found but similar filename '5_of_clubs.png' exists. This will be used instead but changing the filename is advised.
230.2771 	EXP 	a_card: autoDraw = False
230.2771 	EXP 	a_card: image = '5_of_clubs'
230.7700 	EXP 	a_card: autoDraw = True
232.2675 	EXP 	New trial (rep=110, index=0): None
232.2678 	WARNING 	Requested image 'jack_of_diamonds' not found but similar filename 'jack_of_diamonds.png' exists. This will be used instead but changing the filename is advised.
232.2770 	EXP 	a_card: autoDraw = False
232.2770 	EXP 	a_card: image = 'jack_of_diamonds'
232.7698 	EXP 	a_card: autoDraw = True
234.2672 	EXP 	New trial (rep=111, index=0): None
234.2675 	WARNING 	Requested image '6_of_spades' not found but similar filename '6_of_spades.png' exists. This will be used instead but changing the filename is advised.
234.2755 	EXP 	a_card: autoDraw = False
234.2755 	EXP 	a_card: image = '6_of_spades'
234.7696 	EXP 	a_card: autoDraw = True
236.2671 	EXP 	New trial (rep=112, index=0): None
236.2674 	WARNING 	Requested image 'king_of_clubs' not found but similar filename 'king_of_clubs.png' exists. This will be used instead but changing the filename is advised.
236.2770 	EXP 	a_card: autoDraw = False
236.2770 	EXP 	a_card: image = 'king_of_clubs'
236.7694 	EXP 	a_card: autoDraw = True
238.2671 	EXP 	New trial (rep=113, index=0): None
238.2674 	WARNING 	Requested image '6_of_spades' not found but similar filename '6_of_spades.png' exists. This will be used instead but changing the filename is advised.
238.2762 	EXP 	a_card: autoDraw = False
238.2762 	EXP 	a_card: autoDraw = False
238.2762 	EXP 	a_card: image = '6_of_spades'
238.7692 	EXP 	a_card: autoDraw = True
240.2669 	EXP 	New trial (rep=114, index=0): None
240.2672 	WARNING 	Requested image 'ace_of_clubs' not found but similar filename 'ace_of_clubs.png' exists. This will be used instead but changing the filename is advised.
240.2764 	EXP 	a_card: autoDraw = False
240.2764 	EXP 	a_card: autoDraw = False
240.2764 	EXP 	a_card: image = 'ace_of_clubs'
240.7691 	EXP 	a_card: autoDraw = True
242.2667 	EXP 	New trial (rep=115, index=0): None
242.2670 	WARNING 	Requested image '9_of_spades' not found but similar filename '9_of_spades.png' exists. This will be used instead but changing the filename is advised.
242.2749 	EXP 	a_card: autoDraw = False
242.2749 	EXP 	a_card: autoDraw = False
242.2749 	EXP 	a_card: image = '9_of_spades'
242.7689 	EXP 	a_card: autoDraw = True
244.2667 	EXP 	New trial (rep=116, index=0): None
244.2670 	WARNING 	Requested image 'ace_of_clubs' not found but similar filename 'ace_of_clubs.png' exists. This will be used instead but changing the filename is advised.
244.2764 	EXP 	a_card: autoDraw = False
244.2764 	EXP 	a_card: autoDraw = False
244.2764 	EXP 	a_card: image = 'ace_of_clubs'
244.7686 	EXP 	a_card: autoDraw = True
246.2664 	EXP 	New trial (rep=117, index=0): None
246.2667 	WARNING 	Requested image 'jack_of_diamonds' not found but similar filename 'jack_of_diamonds.png' exists. This will be used instead but changing the filename is advised.
246.2761 	EXP 	a_card: autoDraw = False
246.2761 	EXP 	a_card: autoDraw = False
246.2761 	EXP 	a_card: image = 'jack_of_diamonds'
246.7684 	EXP 	a_card: autoDraw = True
248.2663 	EXP 	New trial (rep=118, index=0): None
248.2666 	WARNING 	Requested image '9_of_spades' not found but similar filename '9_of_spades.png' exists. This will be used instead but changing the filename is advised.
248.2756 	EXP 	a_card: autoDraw = False
248.2756 	EXP 	a_card: autoDraw = False
248.2756 	EXP 	a_card: image = '9_of_spades'
248.7682 	EXP 	a_card: autoDraw = True
250.2662 	EXP 	New trial (rep=119, index=0): None
250.2666 	WARNING 	Requested image 'ace_of_clubs' not found but similar filename 'ace_of_clubs.png' exists. This will be used instead but changing the filename is advised.
250.2760 	EXP 	a_card: autoDraw = False
250.2760 	EXP 	a_card: autoDraw = False
250.2760 	EXP 	a_card: image = 'ace_of_clubs'
250.7681 	EXP 	a_card: autoDraw = True
252.2662 	EXP 	New trial (rep=120, index=0): None
252.2665 	WARNING 	Requested image '5_of_clubs' not found but similar filename '5_of_clubs.png' exists. This will be used instead but changing the filename is advised.
252.2756 	EXP 	a_card: autoDraw = False
252.2756 	EXP 	a_card: autoDraw = False
252.2756 	EXP 	a_card: image = '5_of_clubs'
252.7679 	EXP 	a_card: autoDraw = True
254.2670 	EXP 	New trial (rep=121, index=0): None
254.2672 	WARNING 	Requested image '9_of_spades' not found but similar filename '9_of_spades.png' exists. This will be used instead but changing the filename is advised.
254.2751 	EXP 	a_card: autoDraw = False
254.2751 	EXP 	a_card: autoDraw = False
254.2751 	EXP 	a_card: image = '9_of_spades'
254.7676 	EXP 	a_card: autoDraw = True
256.2668 	EXP 	New trial (rep=122, index=0): None
256.2671 	WARNING 	Requested image '6_of_spades' not found but similar filename '6_of_spades.png' exists. This will be used instead but changing the filename is advised.
256.2800 	EXP 	a_card: autoDraw = False
256.2800 	EXP 	a_card: autoDraw = False
256.2800 	EXP 	a_card: image = '6_of_spades'
256.7675 	EXP 	a_card: autoDraw = True
258.2663 	EXP 	New trial (rep=123, index=0): None
258.2666 	WARNING 	Requested image 'ace_of_diamonds' not found but similar filename 'ace_of_diamonds.png' exists. This will be used instead but changing the filename is advised.
258.2744 	EXP 	a_card: autoDraw = False
258.2744 	EXP 	a_card: autoDraw = False
258.2744 	EXP 	a_card: image = 'ace_of_diamonds'
258.7672 	EXP 	a_card: autoDraw = True
260.2650 	EXP 	New trial (rep=124, index=0): None
260.2653 	WARNING 	Requested image '5_of_clubs' not found but similar filename '5_of_clubs.png' exists. This will be used instead but changing the filename is advised.
260.2742 	EXP 	a_card: autoDraw = False
260.2742 	EXP 	a_card: autoDraw = False
260.2742 	EXP 	a_card: image = '5_of_clubs'
260.7670 	EXP 	a_card: autoDraw = True
262.2649 	EXP 	New trial (rep=125, index=0): None
262.2651 	WARNING 	Requested image '9_of_spades' not found but similar filename '9_of_spades.png' exists. This will be used instead but changing the filename is advised.
262.2733 	EXP 	a_card: autoDraw = False
262.2733 	EXP 	a_card: autoDraw = False
262.2733 	EXP 	a_card: image = '9_of_spades'
262.7668 	EXP 	a_card: autoDraw = True
264.2646 	EXP 	New trial (rep=126, index=0): None
264.2649 	WARNING 	Requested image '10_of_spades' not found but similar filename '10_of_spades.png' exists. This will be used instead but changing the filename is advised.
264.2737 	EXP 	a_card: autoDraw = False
264.2737 	EXP 	a_card: autoDraw = False
264.2737 	EXP 	a_card: image = '10_of_spades'
264.7668 	EXP 	a_card: autoDraw = True
266.2644 	EXP 	New trial (rep=127, index=0): None
266.2648 	WARNING 	Requested image 'jack_of_diamonds' not found but similar filename 'jack_of_diamonds.png' exists. This will be used instead but changing the filename is advised.
266.2743 	EXP 	a_card: autoDraw = False
266.2743 	EXP 	a_card: autoDraw = False
266.2743 	EXP 	a_card: image = 'jack_of_diamonds'
266.7664 	EXP 	a_card: autoDraw = True
268.2643 	EXP 	New trial (rep=128, index=0): None
268.2646 	WARNING 	Requested image 'ace_of_diamonds' not found but similar filename 'ace_of_diamonds.png' exists. This will be used instead but changing the filename is advised.
268.2741 	EXP 	a_card: autoDraw = False
268.2741 	EXP 	a_card: autoDraw = False
268.2741 	EXP 	a_card: image = 'ace_of_diamonds'
268.7663 	EXP 	a_card: autoDraw = True
270.2638 	EXP 	New trial (rep=129, index=0): None
270.2642 	WARNING 	Requested image 'ace_of_clubs' not found but similar filename 'ace_of_clubs.png' exists. This will be used instead but changing the filename is advised.
270.2735 	EXP 	a_card: autoDraw = False
270.2735 	EXP 	a_card: autoDraw = False
270.2735 	EXP 	a_card: image = 'ace_of_clubs'
270.7661 	EXP 	a_card: autoDraw = True
272.2636 	EXP 	New trial (rep=130, index=0): None
272.2639 	WARNING 	Requested image '7_of_spades' not found but similar filename '7_of_spades.png' exists. This will be used instead but changing the filename is advised.
272.2729 	EXP 	a_card: autoDraw = False
272.2729 	EXP 	a_card: autoDraw = False
272.2729 	EXP 	a_card: image = '7_of_spades'
272.7659 	EXP 	a_card: autoDraw = True
274.2634 	EXP 	New trial (rep=131, index=0): None
274.2637 	WARNING 	Requested image '10_of_spades' not found but similar filename '10_of_spades.png' exists. This will be used instead but changing the filename is advised.
274.2726 	EXP 	a_card: autoDraw = False
274.2726 	EXP 	a_card: autoDraw = False
274.2726 	EXP 	a_card: image = '10_of_spades'
274.7657 	EXP 	a_card: autoDraw = True
276.2631 	EXP 	New trial (rep=132, index=0): None
276.2633 	WARNING 	Requested image '7_of_spades' not found but similar filename '7_of_spades.png' exists. This will be used instead but changing the filename is advised.
276.2714 	EXP 	a_card: autoDraw = False
276.2714 	EXP 	a_card: autoDraw = False
276.2714 	EXP 	a_card: image = '7_of_spades'
276.7714 	EXP 	a_card: autoDraw = True
278.2690 	EXP 	New trial (rep=133, index=0): None
278.2693 	WARNING 	Requested image 'ace_of_clubs' not found but similar filename 'ace_of_clubs.png' exists. This will be used instead but changing the filename is advised.
278.2788 	EXP 	a_card: autoDraw = False
278.2788 	EXP 	a_card: image = 'ace_of_clubs'
278.7712 	EXP 	a_card: autoDraw = True
280.2688 	EXP 	New trial (rep=134, index=0): None
280.2691 	WARNING 	Requested image 'jack_of_diamonds' not found but similar filename 'jack_of_diamonds.png' exists. This will be used instead but changing the filename is advised.
280.2785 	EXP 	a_card: autoDraw = False
280.2785 	EXP 	a_card: image = 'jack_of_diamonds'
280.7710 	EXP 	a_card: autoDraw = True
282.2686 	EXP 	New trial (rep=135, index=0): None
282.2689 	WARNING 	Requested image '6_of_spades' not found but similar filename '6_of_spades.png' exists. This will be used instead but changing the filename is advised.
282.2778 	EXP 	a_card: autoDraw = False
282.2778 	EXP 	a_card: image = '6_of_spades'
282.7708 	EXP 	a_card: autoDraw = True
284.2683 	EXP 	New trial (rep=136, index=0): None
284.2686 	WARNING 	Requested image 'ace_of_clubs' not found but similar filename 'ace_of_clubs.png' exists. This will be used instead but changing the filename is advised.
284.2778 	EXP 	a_card: autoDraw = False
284.2778 	EXP 	a_card: image = 'ace_of_clubs'
284.7706 	EXP 	a_card: autoDraw = True
286.2681 	EXP 	New trial (rep=137, index=0): None
286.2684 	WARNING 	Requested image 'jack_of_diamonds' not found but similar filename 'jack_of_diamonds.png' exists. This will be used instead but changing the filename is advised.
286.2799 	EXP 	a_card: autoDraw = False
286.2799 	EXP 	a_card: image = 'jack_of_diamonds'
286.7704 	EXP 	a_card: autoDraw = True
288.2679 	EXP 	New trial (rep=138, index=0): None
288.2682 	WARNING 	Requested image '6_of_spades' not found but similar filename '6_of_spades.png' exists. This will be used instead but changing the filename is advised.
288.2771 	EXP 	a_card: autoDraw = False
288.2771 	EXP 	a_card: image = '6_of_spades'
288.7702 	EXP 	a_card: autoDraw = True
290.2676 	EXP 	New trial (rep=139, index=0): None
290.2679 	WARNING 	Requested image 'jack_of_diamonds' not found but similar filename 'jack_of_diamonds.png' exists. This will be used instead but changing the filename is advised.
290.2762 	EXP 	a_card: autoDraw = False
290.2762 	EXP 	a_card: image = 'jack_of_diamonds'
290.7701 	EXP 	a_card: autoDraw = True
292.2674 	EXP 	New trial (rep=140, index=0): None
292.2677 	WARNING 	Requested image '6_of_spades' not found but similar filename '6_of_spades.png' exists. This will be used instead but changing the filename is advised.
292.2757 	EXP 	a_card: autoDraw = False
292.2757 	EXP 	a_card: image = '6_of_spades'
292.7698 	EXP 	a_card: autoDraw = True
294.2673 	EXP 	New trial (rep=141, index=0): None
294.2677 	WARNING 	Requested image '7_of_spades' not found but similar filename '7_of_spades.png' exists. This will be used instead but changing the filename is advised.
294.2765 	EXP 	a_card: autoDraw = False
294.2765 	EXP 	a_card: image = '7_of_spades'
294.7696 	EXP 	a_card: autoDraw = True
296.2672 	EXP 	New trial (rep=142, index=0): None
296.2675 	WARNING 	Requested image 'ace_of_diamonds' not found but similar filename 'ace_of_diamonds.png' exists. This will be used instead but changing the filename is advised.
296.2767 	EXP 	a_card: autoDraw = False
296.2767 	EXP 	a_card: image = 'ace_of_diamonds'
296.7695 	EXP 	a_card: autoDraw = True
298.2672 	EXP 	New trial (rep=143, index=0): None
298.2675 	WARNING 	Requested image '10_of_spades' not found but similar filename '10_of_spades.png' exists. This will be used instead but changing the filename is advised.
298.2762 	EXP 	a_card: autoDraw = False
298.2762 	EXP 	a_card: autoDraw = False
298.2762 	EXP 	a_card: image = '10_of_spades'
298.7693 	EXP 	a_card: autoDraw = True
300.2669 	EXP 	New trial (rep=144, index=0): None
300.2672 	WARNING 	Requested image 'king_of_clubs' not found but similar filename 'king_of_clubs.png' exists. This will be used instead but changing the filename is advised.
300.2767 	EXP 	a_card: autoDraw = False
300.2767 	EXP 	a_card: autoDraw = False
300.2767 	EXP 	a_card: image = 'king_of_clubs'
300.7690 	EXP 	a_card: autoDraw = True
302.2668 	EXP 	New trial (rep=145, index=0): None
302.2671 	WARNING 	Requested image '10_of_spades' not found but similar filename '10_of_spades.png' exists. This will be used instead but changing the filename is advised.
302.2748 	EXP 	a_card: autoDraw = False
302.2748 	EXP 	a_card: autoDraw = False
302.2748 	EXP 	a_card: image = '10_of_spades'
302.7688 	EXP 	a_card: autoDraw = True
304.2668 	EXP 	New trial (rep=146, index=0): None
304.2671 	WARNING 	Requested image 'ace_of_clubs' not found but similar filename 'ace_of_clubs.png' exists. This will be used instead but changing the filename is advised.
304.2764 	EXP 	a_card: autoDraw = False
304.2764 	EXP 	a_card: autoDraw = False
304.2764 	EXP 	a_card: image = 'ace_of_clubs'
304.7686 	EXP 	a_card: autoDraw = True
306.2668 	EXP 	New trial (rep=147, index=0): None
306.2671 	WARNING 	Requested image 'king_of_clubs' not found but similar filename 'king_of_clubs.png' exists. This will be used instead but changing the filename is advised.
306.2768 	EXP 	a_card: autoDraw = False
306.2768 	EXP 	a_card: autoDraw = False
306.2768 	EXP 	a_card: image = 'king_of_clubs'
306.7684 	EXP 	a_card: autoDraw = True
308.2673 	EXP 	New trial (rep=148, index=0): None
308.2676 	WARNING 	Requested image '5_of_clubs' not found but similar filename '5_of_clubs.png' exists. This will be used instead but changing the filename is advised.
308.2768 	EXP 	a_card: autoDraw = False
308.2768 	EXP 	a_card: image = '5_of_clubs'
308.7683 	EXP 	a_card: autoDraw = True
310.2671 	EXP 	New trial (rep=149, index=0): None
310.2675 	WARNING 	Requested image '10_of_spades' not found but similar filename '10_of_spades.png' exists. This will be used instead but changing the filename is advised.
310.2761 	EXP 	a_card: autoDraw = False
310.2761 	EXP 	a_card: image = '10_of_spades'
310.7681 	EXP 	a_card: autoDraw = True
312.2672 	EXP 	New trial (rep=150, index=0): None
312.2675 	WARNING 	Requested image '6_of_spades' not found but similar filename '6_of_spades.png' exists. This will be used instead but changing the filename is advised.
312.2756 	EXP 	a_card: autoDraw = False
312.2756 	EXP 	a_card: image = '6_of_spades'
312.7678 	EXP 	a_card: autoDraw = True
314.2655 	EXP 	New trial (rep=151, index=0): None
314.2657 	WARNING 	Requested image '7_of_spades' not found but similar filename '7_of_spades.png' exists. This will be used instead but changing the filename is advised.
314.2746 	EXP 	a_card: autoDraw = False
314.2746 	EXP 	a_card: autoDraw = False
314.2746 	EXP 	a_card: image = '7_of_spades'
314.7676 	EXP 	a_card: autoDraw = True
316.2655 	EXP 	New trial (rep=152, index=0): None
316.2658 	WARNING 	Requested image '10_of_spades' not found but similar filename '10_of_spades.png' exists. This will be used instead but changing the filename is advised.
316.2748 	EXP 	a_card: autoDraw = False
316.2748 	EXP 	a_card: autoDraw = False
316.2748 	EXP 	a_card: image = '10_of_spades'
316.7673 	EXP 	a_card: autoDraw = True
318.2652 	EXP 	New trial (rep=153, index=0): None
318.2656 	WARNING 	Requested image '6_of_spades' not found but similar filename '6_of_spades.png' exists. This will be used instead but changing the filename is advised.
318.2749 	EXP 	a_card: autoDraw = False
318.2749 	EXP 	a_card: autoDraw = False
318.2749 	EXP 	a_card: image = '6_of_spades'
318.7673 	EXP 	a_card: autoDraw = True
320.2647 	EXP 	New trial (rep=154, index=0): None
320.2650 	WARNING 	Requested image '5_of_clubs' not found but similar filename '5_of_clubs.png' exists. This will be used instead but changing the filename is advised.
320.2739 	EXP 	a_card: autoDraw = False
320.2739 	EXP 	a_card: autoDraw = False
320.2739 	EXP 	a_card: image = '5_of_clubs'
320.7670 	EXP 	a_card: autoDraw = True
322.2646 	EXP 	New trial (rep=155, index=0): None
322.2649 	WARNING 	Requested image 'king_of_clubs' not found but similar filename 'king_of_clubs.png' exists. This will be used instead but changing the filename is advised.
322.2747 	EXP 	a_card: autoDraw = False
322.2747 	EXP 	a_card: autoDraw = False
322.2747 	EXP 	a_card: image = 'king_of_clubs'
322.7668 	EXP 	a_card: autoDraw = True
324.2644 	EXP 	New trial (rep=156, index=0): None
324.2647 	WARNING 	Requested image '7_of_spades' not found but similar filename '7_of_spades.png' exists. This will be used instead but changing the filename is advised.
324.2737 	EXP 	a_card: autoDraw = False
324.2737 	EXP 	a_card: autoDraw = False
324.2737 	EXP 	a_card: image = '7_of_spades'
324.7668 	EXP 	a_card: autoDraw = True
326.2642 	EXP 	New trial (rep=157, index=0): None
326.2645 	WARNING 	Requested image '5_of_clubs' not found but similar filename '5_of_clubs.png' exists. This will be used instead but changing the filename is advised.
326.2737 	EXP 	a_card: autoDraw = False
326.2737 	EXP 	a_card: autoDraw = False
326.2737 	EXP 	a_card: image = '5_of_clubs'
326.7664 	EXP 	a_card: autoDraw = True
328.2640 	EXP 	New trial (rep=158, index=0): None
328.2643 	WARNING 	Requested image '7_of_spades' not found but similar filename '7_of_spades.png' exists. This will be used instead but changing the filename is advised.
328.2736 	EXP 	a_card: autoDraw = False
328.2736 	EXP 	a_card: autoDraw = False
328.2736 	EXP 	a_card: image = '7_of_spades'
328.7663 	EXP 	a_card: autoDraw = True
330.2638 	EXP 	New trial (rep=159, index=0): None
330.2640 	WARNING 	Requested image 'king_of_clubs' not found but similar filename 'king_of_clubs.png' exists. This will be used instead but changing the filename is advised.
330.2722 	EXP 	a_card: autoDraw = False
330.2722 	EXP 	a_card: autoDraw = False
330.2722 	EXP 	a_card: image = 'king_of_clubs'
330.7663 	EXP 	a_card: autoDraw = True
332.2636 	EXP 	New trial (rep=160, index=0): None
332.2640 	WARNING 	Requested image '7_of_spades' not found but similar filename '7_of_spades.png' exists. This will be used instead but changing the filename is advised.
332.2733 	EXP 	a_card: autoDraw = False
332.2733 	EXP 	a_card: autoDraw = False
332.2733 	EXP 	a_card: image = '7_of_spades'
332.7662 	EXP 	a_card: autoDraw = True
334.2633 	EXP 	New trial (rep=161, index=0): None
334.2636 	WARNING 	Requested image 'ace_of_diamonds' not found but similar filename 'ace_of_diamonds.png' exists. This will be used instead but changing the filename is advised.
334.2731 	EXP 	a_card: autoDraw = False
334.2731 	EXP 	a_card: autoDraw = False
334.2731 	EXP 	a_card: image = 'ace_of_diamonds'
334.7671 	EXP 	a_card: autoDraw = True
336.2633 	EXP 	New trial (rep=162, index=0): None
336.2636 	WARNING 	Requested image '6_of_spades' not found but similar filename '6_of_spades.png' exists. This will be used instead but changing the filename is advised.
336.2726 	EXP 	a_card: autoDraw = False
336.2726 	EXP 	a_card: autoDraw = False
336.2726 	EXP 	a_card: image = '6_of_spades'
336.7714 	EXP 	a_card: autoDraw = True
338.2690 	EXP 	New trial (rep=163, index=0): None
338.2692 	WARNING 	Requested image 'king_of_clubs' not found but similar filename 'king_of_clubs.png' exists. This will be used instead but changing the filename is advised.
338.2789 	EXP 	a_card: autoDraw = False
338.2789 	EXP 	a_card: image = 'king_of_clubs'
338.7712 	EXP 	a_card: autoDraw = True
340.2687 	EXP 	New trial (rep=164, index=0): None
340.2691 	WARNING 	Requested image '7_of_spades' not found but similar filename '7_of_spades.png' exists. This will be used instead but changing the filename is advised.
340.2780 	EXP 	a_card: autoDraw = False
340.2780 	EXP 	a_card: image = '7_of_spades'
340.7709 	EXP 	a_card: autoDraw = True
342.2685 	EXP 	New trial (rep=165, index=0): None
342.2688 	WARNING 	Requested image 'ace_of_diamonds' not found but similar filename 'ace_of_diamonds.png' exists. This will be used instead but changing the filename is advised.
342.2778 	EXP 	a_card: autoDraw = False
342.2778 	EXP 	a_card: image = 'ace_of_diamonds'
342.7708 	EXP 	a_card: autoDraw = True
344.2683 	EXP 	New trial (rep=166, index=0): None
344.2686 	WARNING 	Requested image '7_of_spades' not found but similar filename '7_of_spades.png' exists. This will be used instead but changing the filename is advised.
344.2769 	EXP 	a_card: autoDraw = False
344.2769 	EXP 	a_card: image = '7_of_spades'
344.7705 	EXP 	a_card: autoDraw = True
346.2681 	EXP 	New trial (rep=167, index=0): None
346.2684 	WARNING 	Requested image '6_of_spades' not found but similar filename '6_of_spades.png' exists. This will be used instead but changing the filename is advised.
346.2763 	EXP 	a_card: autoDraw = False
346.2763 	EXP 	a_card: image = '6_of_spades'
346.7704 	EXP 	a_card: autoDraw = True
348.2679 	EXP 	New trial (rep=168, index=0): None
348.2682 	WARNING 	Requested image '7_of_spades' not found but similar filename '7_of_spades.png' exists. This will be used instead but changing the filename is advised.
348.2773 	EXP 	a_card: autoDraw = False
348.2773 	EXP 	a_card: image = '7_of_spades'
348.7702 	EXP 	a_card: autoDraw = True
350.2677 	EXP 	New trial (rep=169, index=0): None
350.2680 	WARNING 	Requested image 'king_of_clubs' not found but similar filename 'king_of_clubs.png' exists. This will be used instead but changing the filename is advised.
350.2775 	EXP 	a_card: autoDraw = False
350.2775 	EXP 	a_card: image = 'king_of_clubs'
350.7701 	EXP 	a_card: autoDraw = True
352.2674 	EXP 	New trial (rep=170, index=0): None
352.2677 	WARNING 	Requested image '7_of_spades' not found but similar filename '7_of_spades.png' exists. This will be used instead but changing the filename is advised.
352.2755 	EXP 	a_card: autoDraw = False
352.2755 	EXP 	a_card: image = '7_of_spades'
352.7698 	EXP 	a_card: autoDraw = True
354.2674 	EXP 	New trial (rep=171, index=0): None
354.2677 	WARNING 	Requested image '7_of_spades' not found but similar filename '7_of_spades.png' exists. This will be used instead but changing the filename is advised.
354.2764 	EXP 	a_card: autoDraw = False
354.2764 	EXP 	a_card: image = '7_of_spades'
354.7695 	EXP 	a_card: autoDraw = True
356.2672 	EXP 	New trial (rep=172, index=0): None
356.2675 	WARNING 	Requested image 'king_of_clubs' not found but similar filename 'king_of_clubs.png' exists. This will be used instead but changing the filename is advised.
356.2772 	EXP 	a_card: autoDraw = False
356.2772 	EXP 	a_card: image = 'king_of_clubs'
356.7694 	EXP 	a_card: autoDraw = True
358.2671 	EXP 	New trial (rep=173, index=0): None
358.2675 	WARNING 	Requested image 'king_of_clubs' not found but similar filename 'king_of_clubs.png' exists. This will be used instead but changing the filename is advised.
358.2767 	EXP 	a_card: autoDraw = False
358.2767 	EXP 	a_card: image = 'king_of_clubs'
358.7692 	EXP 	a_card: autoDraw = True
360.2672 	EXP 	New trial (rep=174, index=0): None
360.2675 	WARNING 	Requested image 'king_of_clubs' not found but similar filename 'king_of_clubs.png' exists. This will be used instead but changing the filename is advised.
360.2773 	EXP 	a_card: autoDraw = False
360.2773 	EXP 	a_card: image = 'king_of_clubs'
360.7690 	EXP 	a_card: autoDraw = True
362.2678 	EXP 	New trial (rep=175, index=0): None
362.2681 	WARNING 	Requested image 'jack_of_diamonds' not found but similar filename 'jack_of_diamonds.png' exists. This will be used instead but changing the filename is advised.
362.2771 	EXP 	a_card: autoDraw = False
362.2771 	EXP 	a_card: image = 'jack_of_diamonds'
362.7688 	EXP 	a_card: autoDraw = True
364.2677 	EXP 	New trial (rep=176, index=0): None
364.2680 	WARNING 	Requested image 'jack_of_diamonds' not found but similar filename 'jack_of_diamonds.png' exists. This will be used instead but changing the filename is advised.
364.2774 	EXP 	a_card: autoDraw = False
364.2774 	EXP 	a_card: image = 'jack_of_diamonds'
364.7685 	EXP 	a_card: autoDraw = True
366.2675 	EXP 	New trial (rep=177, index=0): None
366.2678 	WARNING 	Requested image 'king_of_clubs' not found but similar filename 'king_of_clubs.png' exists. This will be used instead but changing the filename is advised.
366.2771 	EXP 	a_card: autoDraw = False
366.2771 	EXP 	a_card: image = 'king_of_clubs'
366.7683 	EXP 	a_card: autoDraw = True
368.2673 	EXP 	New trial (rep=178, index=0): None
368.2677 	WARNING 	Requested image 'jack_of_diamonds' not found but similar filename 'jack_of_diamonds.png' exists. This will be used instead but changing the filename is advised.
368.2766 	EXP 	a_card: autoDraw = False
368.2766 	EXP 	a_card: image = 'jack_of_diamonds'
368.7682 	EXP 	a_card: autoDraw = True
370.2660 	EXP 	New trial (rep=179, index=0): None
370.2663 	WARNING 	Requested image 'jack_of_diamonds' not found but similar filename 'jack_of_diamonds.png' exists. This will be used instead but changing the filename is advised.
370.2754 	EXP 	a_card: autoDraw = False
370.2754 	EXP 	a_card: autoDraw = False
370.2754 	EXP 	a_card: image = 'jack_of_diamonds'
370.7680 	EXP 	a_card: autoDraw = True
372.2708 	EXP 	a_card: autoDraw = False
372.2708 	EXP 	a_card: autoDraw = False
372.2708 	EXP 	text_5: autoDraw = True
477.6451 	DATA 	Mouse: Left button down, pos=(1804,931)
477.7078 	DATA 	Mouse:  Left button up, pos=(1804,931)
478.3572 	DATA 	Keypress: escape
479.1801 	EXP 	window1: mouseVisible = True
