1.9745 	ERROR 	Support for the `sounddevice` audio backend is not available this session. Please install `psychopy-sounddevice` and restart the session to enable support.
10.1562 	WARNING 	User requested fullscreen with size [1920 1080], but screen is actually [2560, 1600]. Using actual size
10.6071 	EXP 	Created window1 = Window(allowGUI=True, allowStencil=False, autoLog=True, backendConf=UNKNOWN, backgroundFit=<method-wrapper '__getattribute__' of attributeSetter object at 0x0000020B5D205DF0>, backgroundImage=<method-wrapper '__getattribute__' of attributeSetter object at 0x0000020B5D205D90>, bitsMode=UNKNOWN, blendMode='avg', bpc=(8, 8, 8), color=array([-1., -1., -1.]), colorSpace='rgb', depthBits=8, fullscr=<method-wrapper '__getattribute__' of attributeSetter object at 0x0000020B5D205A90>, gamma=None, gammaErrorPolicy='raise', lms=UNKNOWN, monitor=<psychopy.monitors.calibTools.Monitor object at 0x0000020B63584940>, multiSample=False, name='window1', numSamples=2, pos=(-2560, 0), screen=0, size=array([2560, 1600]), stencilBits=0, stereo=False, units='height', useFBO=True, useRetina=False, viewOri=0.0, viewPos=None, viewScale=None, waitBlanking=True, winType='pyglet')
10.6071 	EXP 	window1: mouseVisible = True
10.6072 	EXP 	window1: backgroundImage = ''
10.6072 	EXP 	window1: backgroundFit = 'none'
10.6072 	EXP 	window1: mouseVisible = False
10.6072 	EXP 	window1: Attempting to measure frame rate of screen (0) ...
10.6072 	EXP 	window1: recordFrameIntervals = False
10.6741 	EXP 	window1: recordFrameIntervals = True
10.7385 	EXP 	Screen (0) actual frame rate measured at 165.08Hz
10.7385 	EXP 	window1: recordFrameIntervals = False
12.3924 	EXP 	Created text_2 = TextStim(__class__=<class 'psychopy.visual.text.TextStim'>, alignHoriz=method-wrapper(...), alignText='center', alignVert=method-wrapper(...), anchorHoriz='center', anchorVert='center', antialias=True, autoDraw=False, autoLog=True, bold=False, color=array([1., 1., 1.]), colorSpace='rgb', contrast=1.0, depth=-1.0, flipHoriz=False, flipVert=False, font='Open Sans', fontFiles=[], height=0.05, italic=False, languageStyle='LTR', name='text_2', opacity=1.0, ori=0.0, pos=array([0., 0.]), rgb=UNKNOWN, text=str(...), units='height', win=Window(...), wrapWidth=1)
12.3985 	EXP 	Created text_3 = TextStim(__class__=<class 'psychopy.visual.text.TextStim'>, alignHoriz=method-wrapper(...), alignText='center', alignVert=method-wrapper(...), anchorHoriz='center', anchorVert='center', antialias=True, autoDraw=False, autoLog=True, bold=False, color=array([1., 1., 1.]), colorSpace='rgb', contrast=1.0, depth=-2.0, flipHoriz=False, flipVert=False, font='Open Sans', fontFiles=[], height=50.0, italic=False, languageStyle='LTR', name='text_3', opacity=1.0, ori=0.0, pos=array([  0., 750.]), rgb=UNKNOWN, text='Choose a card:', units='pix', win=Window(...), wrapWidth=500)
12.4136 	EXP 	Created card_1 = ImageStim(__class__=<class 'psychopy.visual.image.ImageStim'>, anchor=('center', 'center'), autoLog=True, color=array([1., 1., 1.]), colorSpace='rgb', contrast=1.0, depth=-3.0, flipHoriz=False, flipVert=False, image='default.png', interpolate=True, mask=None, maskParams=None, name='card_1', opacity=1.0, ori=0.0, pos=array([0., 0.]), size=array([300., 400.]), texRes=128.0, units='pix', win=Window(...))
12.4220 	EXP 	Created card_2 = ImageStim(__class__=<class 'psychopy.visual.image.ImageStim'>, anchor=('center', 'center'), autoLog=True, color=array([1., 1., 1.]), colorSpace='rgb', contrast=1.0, depth=-4.0, flipHoriz=False, flipVert=False, image='default.png', interpolate=True, mask=None, maskParams=None, name='card_2', opacity=1.0, ori=0.0, pos=array([0., 0.]), size=array([300., 400.]), texRes=128.0, units='pix', win=Window(...))
12.4388 	EXP 	Created card_3 = ImageStim(__class__=<class 'psychopy.visual.image.ImageStim'>, anchor=('center', 'center'), autoLog=True, color=array([1., 1., 1.]), colorSpace='rgb', contrast=1.0, depth=-5.0, flipHoriz=False, flipVert=False, image='default.png', interpolate=True, mask=None, maskParams=None, name='card_3', opacity=1.0, ori=0.0, pos=array([0., 0.]), size=array([300., 400.]), texRes=128.0, units='pix', win=Window(...))
12.4528 	EXP 	Created card_4 = ImageStim(__class__=<class 'psychopy.visual.image.ImageStim'>, anchor=('center', 'center'), autoLog=True, color=array([1., 1., 1.]), colorSpace='rgb', contrast=1.0, depth=-6.0, flipHoriz=False, flipVert=False, image='default.png', interpolate=True, mask=None, maskParams=None, name='card_4', opacity=1.0, ori=0.0, pos=array([0., 0.]), size=array([300., 400.]), texRes=128.0, units='pix', win=Window(...))
12.4635 	EXP 	Created card_5 = ImageStim(__class__=<class 'psychopy.visual.image.ImageStim'>, anchor=('center', 'center'), autoLog=True, color=array([1., 1., 1.]), colorSpace='rgb', contrast=1.0, depth=-7.0, flipHoriz=False, flipVert=False, image='default.png', interpolate=True, mask=None, maskParams=None, name='card_5', opacity=1.0, ori=0.0, pos=array([0., 0.]), size=array([300., 400.]), texRes=128.0, units='pix', win=Window(...))
12.4809 	EXP 	Created card_6 = ImageStim(__class__=<class 'psychopy.visual.image.ImageStim'>, anchor=('center', 'center'), autoLog=True, color=array([1., 1., 1.]), colorSpace='rgb', contrast=1.0, depth=-8.0, flipHoriz=False, flipVert=False, image='default.png', interpolate=True, mask=None, maskParams=None, name='card_6', opacity=1.0, ori=0.0, pos=array([0., 0.]), size=array([300., 400.]), texRes=128.0, units='pix', win=Window(...))
12.4916 	EXP 	Created card_7 = ImageStim(__class__=<class 'psychopy.visual.image.ImageStim'>, anchor=('center', 'center'), autoLog=True, color=array([1., 1., 1.]), colorSpace='rgb', contrast=1.0, depth=-9.0, flipHoriz=False, flipVert=False, image='default.png', interpolate=True, mask=None, maskParams=None, name='card_7', opacity=1.0, ori=0.0, pos=array([0., 0.]), size=array([300., 400.]), texRes=128.0, units='pix', win=Window(...))
12.5011 	EXP 	Created card_8 = ImageStim(__class__=<class 'psychopy.visual.image.ImageStim'>, anchor=('center', 'center'), autoLog=True, color=array([1., 1., 1.]), colorSpace='rgb', contrast=1.0, depth=-10.0, flipHoriz=False, flipVert=False, image='default.png', interpolate=True, mask=None, maskParams=None, name='card_8', opacity=1.0, ori=0.0, pos=array([0., 0.]), size=array([300., 400.]), texRes=128.0, units='pix', win=Window(...))
12.5106 	EXP 	Created card_9 = ImageStim(__class__=<class 'psychopy.visual.image.ImageStim'>, anchor=('center', 'center'), autoLog=True, color=array([1., 1., 1.]), colorSpace='rgb', contrast=1.0, depth=-11.0, flipHoriz=False, flipVert=False, image='default.png', interpolate=True, mask=None, maskParams=None, name='card_9', opacity=1.0, ori=0.0, pos=array([0., 0.]), size=array([300., 400.]), texRes=128.0, units='pix', win=Window(...))
12.5376 	EXP 	Created text = TextStim(__class__=<class 'psychopy.visual.text.TextStim'>, alignHoriz=method-wrapper(...), alignText='center', alignVert=method-wrapper(...), anchorHoriz='center', anchorVert='center', antialias=True, autoDraw=False, autoLog=True, bold=False, color=array([1., 1., 1.]), colorSpace='rgb', contrast=1.0, depth=0.0, flipHoriz=False, flipVert=False, font='Open Sans', fontFiles=[], height=0.05, italic=False, languageStyle='LTR', name='text', opacity=1.0, ori=0.0, pos=array([0., 0.]), rgb=UNKNOWN, text=str(...), units='height', win=Window(...), wrapWidth=1)
12.5449 	EXP 	Created text_4 = TextStim(__class__=<class 'psychopy.visual.text.TextStim'>, alignHoriz=method-wrapper(...), alignText='center', alignVert=method-wrapper(...), anchorHoriz='center', anchorVert='center', antialias=True, autoDraw=False, autoLog=True, bold=False, color=array([1., 1., 1.]), colorSpace='rgb', contrast=1.0, depth=0.0, flipHoriz=False, flipVert=False, font='Open Sans', fontFiles=[], height=0.0, italic=False, languageStyle='LTR', name='text_4', opacity=1.0, ori=0.0, pos=array([0., 0.]), rgb=UNKNOWN, text='Any text\n\nincluding line breaks', units='height', win=Window(...), wrapWidth=1)
12.5470 	EXP 	Created polygon_2 = ShapeStim(__class__=<class 'psychopy.visual.shape.ShapeStim'>, anchor=('center', 'center'), autoDraw=False, autoLog=True, closeShape=True, color=method-wrapper(...), colorSpace='rgb', contrast=None, depth=-1.0, fillColor=array([1, 1, 1]), fillColorSpace='rgb', fillRGB=array([1, 1, 1]), interpolate=True, lineColor=array([1., 1., 1.]), lineColorSpace='rgb', lineRGB=array([1, 1, 1]), lineWidth=1.0, name='polygon_2', opacity=1.0, ori=0.0, pos=array([0., 0.]), size=array([0.1, 0.1]), units='height', vertices=ndarray(...), win=Window(...), windingRule=None)
12.5616 	EXP 	Created a_card = ImageStim(__class__=<class 'psychopy.visual.image.ImageStim'>, anchor=('center', 'center'), autoLog=True, color=array([1., 1., 1.]), colorSpace='rgb', contrast=1.0, depth=-2.0, flipHoriz=False, flipVert=False, image='default.png', interpolate=True, mask=None, maskParams=None, name='a_card', opacity=1.0, ori=0.0, pos=array([0., 0.]), size=array([300., 400.]), texRes=128.0, units='pix', win=Window(...))
12.5773 	EXP 	Created text_5 = TextStim(__class__=<class 'psychopy.visual.text.TextStim'>, alignHoriz=method-wrapper(...), alignText='center', alignVert=method-wrapper(...), anchorHoriz='center', anchorVert='center', antialias=True, autoDraw=False, autoLog=True, bold=False, color=array([1., 1., 1.]), colorSpace='rgb', contrast=1.0, depth=0.0, flipHoriz=False, flipVert=False, font='Open Sans', fontFiles=[], height=0.05, italic=False, languageStyle='LTR', name='text_5', opacity=1.0, ori=0.0, pos=array([0., 0.]), rgb=UNKNOWN, text=str(...), units='height', win=Window(...), wrapWidth=1)
12.6632 	EXP 	text_2: autoDraw = True
80.2839 	WARNING 	Requested image '2_of_hearts' not found but similar filename '2_of_hearts.png' exists. This will be used instead but changing the filename is advised.
80.3000 	WARNING 	Requested image '6_of_hearts' not found but similar filename '6_of_hearts.png' exists. This will be used instead but changing the filename is advised.
80.3160 	WARNING 	Requested image 'jack_of_diamonds' not found but similar filename 'jack_of_diamonds.png' exists. This will be used instead but changing the filename is advised.
80.3326 	WARNING 	Requested image '6_of_spades' not found but similar filename '6_of_spades.png' exists. This will be used instead but changing the filename is advised.
80.3488 	WARNING 	Requested image '10_of_spades' not found but similar filename '10_of_spades.png' exists. This will be used instead but changing the filename is advised.
80.3662 	WARNING 	Requested image '4_of_clubs' not found but similar filename '4_of_clubs.png' exists. This will be used instead but changing the filename is advised.
80.3826 	WARNING 	Requested image '3_of_clubs' not found but similar filename '3_of_clubs.png' exists. This will be used instead but changing the filename is advised.
80.3991 	WARNING 	Requested image '10_of_diamonds' not found but similar filename '10_of_diamonds.png' exists. This will be used instead but changing the filename is advised.
80.4153 	WARNING 	Requested image 'ace_of_hearts' not found but similar filename 'ace_of_hearts.png' exists. This will be used instead but changing the filename is advised.
80.4395 	EXP 	text_2: autoDraw = False
80.4395 	EXP 	card_1: image = '2_of_hearts'
80.4395 	EXP 	card_2: image = '6_of_hearts'
80.4395 	EXP 	card_3: image = 'jack_of_diamonds'
80.4395 	EXP 	card_4: image = '6_of_spades'
80.4395 	EXP 	card_5: image = '10_of_spades'
80.4395 	EXP 	card_6: image = '4_of_clubs'
80.4395 	EXP 	card_7: image = '3_of_clubs'
80.4395 	EXP 	card_8: image = '10_of_diamonds'
80.4395 	EXP 	card_9: image = 'ace_of_hearts'
80.4395 	EXP 	text_3: autoDraw = True
80.4395 	EXP 	card_1: autoDraw = True
80.4395 	EXP 	card_2: autoDraw = True
80.4395 	EXP 	card_3: autoDraw = True
80.4395 	EXP 	card_4: autoDraw = True
80.4395 	EXP 	card_5: autoDraw = True
80.4395 	EXP 	card_6: autoDraw = True
80.4395 	EXP 	card_7: autoDraw = True
80.4395 	EXP 	card_8: autoDraw = True
80.4395 	EXP 	card_9: autoDraw = True
96.6759 	EXP 	text_3: autoDraw = False
96.6759 	EXP 	card_1: autoDraw = False
96.6759 	EXP 	card_2: autoDraw = False
96.6759 	EXP 	card_3: autoDraw = False
96.6759 	EXP 	card_4: autoDraw = False
96.6759 	EXP 	card_5: autoDraw = False
96.6759 	EXP 	card_6: autoDraw = False
96.6759 	EXP 	card_7: autoDraw = False
96.6759 	EXP 	card_8: autoDraw = False
96.6759 	EXP 	card_9: autoDraw = False
96.6759 	EXP 	text: autoDraw = True
127.6669 	EXP 	text: autoDraw = False
127.6669 	EXP 	text_4: autoDraw = True
127.6669 	EXP 	polygon_2: autoDraw = True
128.6614 	EXP 	Created sequence: random, trialTypes=1, nReps=180, seed=None
128.6619 	EXP 	New trial (rep=0, index=0): None
128.6622 	WARNING 	Requested image '2_of_hearts' not found but similar filename '2_of_hearts.png' exists. This will be used instead but changing the filename is advised.
128.6807 	EXP 	text_4: autoDraw = False
128.6807 	EXP 	polygon_2: autoDraw = False
128.6807 	EXP 	text_4: autoDraw = False
128.6807 	EXP 	polygon_2: autoDraw = False
128.6807 	EXP 	a_card: image = '2_of_hearts'
129.1627 	EXP 	a_card: autoDraw = True
130.6606 	EXP 	New trial (rep=1, index=0): None
130.6609 	WARNING 	Requested image 'ace_of_hearts' not found but similar filename 'ace_of_hearts.png' exists. This will be used instead but changing the filename is advised.
130.6704 	EXP 	a_card: autoDraw = False
130.6704 	EXP 	a_card: autoDraw = False
130.6704 	EXP 	a_card: image = 'ace_of_hearts'
131.1628 	EXP 	a_card: autoDraw = True
132.6605 	EXP 	New trial (rep=2, index=0): None
132.6607 	WARNING 	Requested image '2_of_hearts' not found but similar filename '2_of_hearts.png' exists. This will be used instead but changing the filename is advised.
132.6704 	EXP 	a_card: autoDraw = False
132.6704 	EXP 	a_card: autoDraw = False
132.6704 	EXP 	a_card: image = '2_of_hearts'
133.1627 	EXP 	a_card: autoDraw = True
134.6601 	EXP 	New trial (rep=3, index=0): None
134.6604 	WARNING 	Requested image '10_of_spades' not found but similar filename '10_of_spades.png' exists. This will be used instead but changing the filename is advised.
134.6684 	EXP 	a_card: autoDraw = False
134.6684 	EXP 	a_card: autoDraw = False
134.6684 	EXP 	a_card: image = '10_of_spades'
135.1625 	EXP 	a_card: autoDraw = True
136.6601 	EXP 	New trial (rep=4, index=0): None
136.6604 	WARNING 	Requested image '6_of_hearts' not found but similar filename '6_of_hearts.png' exists. This will be used instead but changing the filename is advised.
136.6701 	EXP 	a_card: autoDraw = False
136.6701 	EXP 	a_card: autoDraw = False
136.6701 	EXP 	a_card: image = '6_of_hearts'
137.1622 	EXP 	a_card: autoDraw = True
138.6561 	EXP 	New trial (rep=5, index=0): None
138.6563 	WARNING 	Requested image '2_of_hearts' not found but similar filename '2_of_hearts.png' exists. This will be used instead but changing the filename is advised.
138.6647 	EXP 	a_card: autoDraw = False
138.6647 	EXP 	a_card: autoDraw = False
138.6647 	EXP 	a_card: image = '2_of_hearts'
139.1620 	EXP 	a_card: autoDraw = True
140.6596 	EXP 	New trial (rep=6, index=0): None
140.6599 	WARNING 	Requested image '2_of_hearts' not found but similar filename '2_of_hearts.png' exists. This will be used instead but changing the filename is advised.
140.6704 	EXP 	a_card: autoDraw = False
140.6704 	EXP 	a_card: autoDraw = False
140.6704 	EXP 	a_card: image = '2_of_hearts'
141.1618 	EXP 	a_card: autoDraw = True
142.6564 	EXP 	New trial (rep=7, index=0): None
142.6569 	WARNING 	Requested image '3_of_clubs' not found but similar filename '3_of_clubs.png' exists. This will be used instead but changing the filename is advised.
142.6661 	EXP 	a_card: autoDraw = False
142.6661 	EXP 	a_card: autoDraw = False
142.6661 	EXP 	a_card: image = '3_of_clubs'
143.1616 	EXP 	a_card: autoDraw = True
144.6595 	EXP 	New trial (rep=8, index=0): None
144.6598 	WARNING 	Requested image 'ace_of_hearts' not found but similar filename 'ace_of_hearts.png' exists. This will be used instead but changing the filename is advised.
144.6702 	EXP 	a_card: autoDraw = False
144.6702 	EXP 	a_card: autoDraw = False
144.6702 	EXP 	a_card: image = 'ace_of_hearts'
145.1613 	EXP 	a_card: autoDraw = True
146.6591 	EXP 	New trial (rep=9, index=0): None
146.6594 	WARNING 	Requested image '6_of_hearts' not found but similar filename '6_of_hearts.png' exists. This will be used instead but changing the filename is advised.
146.6674 	EXP 	a_card: autoDraw = False
146.6674 	EXP 	a_card: autoDraw = False
146.6674 	EXP 	a_card: image = '6_of_hearts'
147.1612 	EXP 	a_card: autoDraw = True
148.6588 	EXP 	New trial (rep=10, index=0): None
148.6591 	WARNING 	Requested image '6_of_spades' not found but similar filename '6_of_spades.png' exists. This will be used instead but changing the filename is advised.
148.6671 	EXP 	a_card: autoDraw = False
148.6671 	EXP 	a_card: autoDraw = False
148.6671 	EXP 	a_card: image = '6_of_spades'
149.1610 	EXP 	a_card: autoDraw = True
150.6587 	EXP 	New trial (rep=11, index=0): None
150.6589 	WARNING 	Requested image '6_of_spades' not found but similar filename '6_of_spades.png' exists. This will be used instead but changing the filename is advised.
150.6667 	EXP 	a_card: autoDraw = False
150.6667 	EXP 	a_card: autoDraw = False
150.6667 	EXP 	a_card: image = '6_of_spades'
151.1608 	EXP 	a_card: autoDraw = True
152.6584 	EXP 	New trial (rep=12, index=0): None
152.6587 	WARNING 	Requested image '4_of_clubs' not found but similar filename '4_of_clubs.png' exists. This will be used instead but changing the filename is advised.
152.6706 	EXP 	a_card: autoDraw = False
152.6706 	EXP 	a_card: autoDraw = False
152.6706 	EXP 	a_card: image = '4_of_clubs'
153.1606 	EXP 	a_card: autoDraw = True
154.6538 	EXP 	New trial (rep=13, index=0): None
154.6540 	WARNING 	Requested image '2_of_hearts' not found but similar filename '2_of_hearts.png' exists. This will be used instead but changing the filename is advised.
154.6621 	EXP 	a_card: autoDraw = False
154.6621 	EXP 	a_card: autoDraw = False
154.6621 	EXP 	a_card: image = '2_of_hearts'
155.1603 	EXP 	a_card: autoDraw = True
156.6580 	EXP 	New trial (rep=14, index=0): None
156.6583 	WARNING 	Requested image '10_of_spades' not found but similar filename '10_of_spades.png' exists. This will be used instead but changing the filename is advised.
156.6655 	EXP 	a_card: autoDraw = False
156.6655 	EXP 	a_card: autoDraw = False
156.6655 	EXP 	a_card: image = '10_of_spades'
157.1601 	EXP 	a_card: autoDraw = True
158.6578 	EXP 	New trial (rep=15, index=0): None
158.6581 	WARNING 	Requested image 'ace_of_hearts' not found but similar filename 'ace_of_hearts.png' exists. This will be used instead but changing the filename is advised.
158.6663 	EXP 	a_card: autoDraw = False
158.6663 	EXP 	a_card: autoDraw = False
158.6663 	EXP 	a_card: image = 'ace_of_hearts'
159.1600 	EXP 	a_card: autoDraw = True
160.6577 	EXP 	New trial (rep=16, index=0): None
160.6580 	WARNING 	Requested image '3_of_clubs' not found but similar filename '3_of_clubs.png' exists. This will be used instead but changing the filename is advised.
160.6662 	EXP 	a_card: autoDraw = False
160.6662 	EXP 	a_card: autoDraw = False
160.6662 	EXP 	a_card: image = '3_of_clubs'
161.1598 	EXP 	a_card: autoDraw = True
162.6576 	EXP 	New trial (rep=17, index=0): None
162.6579 	WARNING 	Requested image '6_of_spades' not found but similar filename '6_of_spades.png' exists. This will be used instead but changing the filename is advised.
162.6657 	EXP 	a_card: autoDraw = False
162.6657 	EXP 	a_card: autoDraw = False
162.6657 	EXP 	a_card: image = '6_of_spades'
163.1595 	EXP 	a_card: autoDraw = True
164.6573 	EXP 	New trial (rep=18, index=0): None
164.6576 	WARNING 	Requested image '2_of_hearts' not found but similar filename '2_of_hearts.png' exists. This will be used instead but changing the filename is advised.
164.6656 	EXP 	a_card: autoDraw = False
164.6656 	EXP 	a_card: autoDraw = False
164.6656 	EXP 	a_card: image = '2_of_hearts'
165.1654 	EXP 	a_card: autoDraw = True
166.6629 	EXP 	New trial (rep=19, index=0): None
166.6633 	WARNING 	Requested image '10_of_spades' not found but similar filename '10_of_spades.png' exists. This will be used instead but changing the filename is advised.
166.6714 	EXP 	a_card: autoDraw = False
166.6714 	EXP 	a_card: image = '10_of_spades'
167.1656 	EXP 	a_card: autoDraw = True
168.6628 	EXP 	New trial (rep=20, index=0): None
168.6631 	WARNING 	Requested image 'ace_of_hearts' not found but similar filename 'ace_of_hearts.png' exists. This will be used instead but changing the filename is advised.
168.6720 	EXP 	a_card: autoDraw = False
168.6720 	EXP 	a_card: image = 'ace_of_hearts'
169.1650 	EXP 	a_card: autoDraw = True
170.6624 	EXP 	New trial (rep=21, index=0): None
170.6627 	WARNING 	Requested image 'ace_of_hearts' not found but similar filename 'ace_of_hearts.png' exists. This will be used instead but changing the filename is advised.
170.6708 	EXP 	a_card: autoDraw = False
170.6708 	EXP 	a_card: image = 'ace_of_hearts'
171.1587 	EXP 	a_card: autoDraw = True
172.6563 	EXP 	New trial (rep=22, index=0): None
172.6566 	WARNING 	Requested image '10_of_spades' not found but similar filename '10_of_spades.png' exists. This will be used instead but changing the filename is advised.
172.6639 	EXP 	a_card: autoDraw = False
172.6639 	EXP 	a_card: autoDraw = False
172.6639 	EXP 	a_card: image = '10_of_spades'
173.1647 	EXP 	a_card: autoDraw = True
174.6619 	EXP 	New trial (rep=23, index=0): None
174.6622 	WARNING 	Requested image '10_of_diamonds' not found but similar filename '10_of_diamonds.png' exists. This will be used instead but changing the filename is advised.
174.6714 	EXP 	a_card: autoDraw = False
174.6714 	EXP 	a_card: image = '10_of_diamonds'
175.1644 	EXP 	a_card: autoDraw = True
176.6619 	EXP 	New trial (rep=24, index=0): None
176.6621 	WARNING 	Requested image 'jack_of_diamonds' not found but similar filename 'jack_of_diamonds.png' exists. This will be used instead but changing the filename is advised.
176.6708 	EXP 	a_card: autoDraw = False
176.6708 	EXP 	a_card: autoDraw = False
176.6708 	EXP 	a_card: image = 'jack_of_diamonds'
177.1642 	EXP 	a_card: autoDraw = True
178.6617 	EXP 	New trial (rep=25, index=0): None
178.6620 	WARNING 	Requested image '10_of_spades' not found but similar filename '10_of_spades.png' exists. This will be used instead but changing the filename is advised.
178.6709 	EXP 	a_card: autoDraw = False
178.6709 	EXP 	a_card: autoDraw = False
178.6709 	EXP 	a_card: image = '10_of_spades'
179.1641 	EXP 	a_card: autoDraw = True
180.6615 	EXP 	New trial (rep=26, index=0): None
180.6618 	WARNING 	Requested image 'ace_of_hearts' not found but similar filename 'ace_of_hearts.png' exists. This will be used instead but changing the filename is advised.
180.6715 	EXP 	a_card: autoDraw = False
180.6715 	EXP 	a_card: autoDraw = False
180.6715 	EXP 	a_card: image = 'ace_of_hearts'
181.1638 	EXP 	a_card: autoDraw = True
182.6612 	EXP 	New trial (rep=27, index=0): None
182.6615 	WARNING 	Requested image 'ace_of_hearts' not found but similar filename 'ace_of_hearts.png' exists. This will be used instead but changing the filename is advised.
182.6709 	EXP 	a_card: autoDraw = False
182.6709 	EXP 	a_card: autoDraw = False
182.6709 	EXP 	a_card: image = 'ace_of_hearts'
183.1636 	EXP 	a_card: autoDraw = True
184.6611 	EXP 	New trial (rep=28, index=0): None
184.6614 	WARNING 	Requested image '6_of_spades' not found but similar filename '6_of_spades.png' exists. This will be used instead but changing the filename is advised.
184.6710 	EXP 	a_card: autoDraw = False
184.6710 	EXP 	a_card: autoDraw = False
184.6710 	EXP 	a_card: image = '6_of_spades'
185.1635 	EXP 	a_card: autoDraw = True
186.6609 	EXP 	New trial (rep=29, index=0): None
186.6612 	WARNING 	Requested image '2_of_hearts' not found but similar filename '2_of_hearts.png' exists. This will be used instead but changing the filename is advised.
186.6690 	EXP 	a_card: autoDraw = False
186.6690 	EXP 	a_card: autoDraw = False
186.6690 	EXP 	a_card: image = '2_of_hearts'
187.1632 	EXP 	a_card: autoDraw = True
188.6609 	EXP 	New trial (rep=30, index=0): None
188.6612 	WARNING 	Requested image '6_of_spades' not found but similar filename '6_of_spades.png' exists. This will be used instead but changing the filename is advised.
188.6706 	EXP 	a_card: autoDraw = False
188.6706 	EXP 	a_card: autoDraw = False
188.6706 	EXP 	a_card: image = '6_of_spades'
189.1630 	EXP 	a_card: autoDraw = True
190.6605 	EXP 	New trial (rep=31, index=0): None
190.6608 	WARNING 	Requested image 'ace_of_hearts' not found but similar filename 'ace_of_hearts.png' exists. This will be used instead but changing the filename is advised.
190.6707 	EXP 	a_card: autoDraw = False
190.6707 	EXP 	a_card: autoDraw = False
190.6707 	EXP 	a_card: image = 'ace_of_hearts'
191.1628 	EXP 	a_card: autoDraw = True
192.6603 	EXP 	New trial (rep=32, index=0): None
192.6606 	WARNING 	Requested image '10_of_diamonds' not found but similar filename '10_of_diamonds.png' exists. This will be used instead but changing the filename is advised.
192.6687 	EXP 	a_card: autoDraw = False
192.6687 	EXP 	a_card: autoDraw = False
192.6687 	EXP 	a_card: image = '10_of_diamonds'
193.1626 	EXP 	a_card: autoDraw = True
194.6602 	EXP 	New trial (rep=33, index=0): None
194.6604 	WARNING 	Requested image '2_of_hearts' not found but similar filename '2_of_hearts.png' exists. This will be used instead but changing the filename is advised.
194.6687 	EXP 	a_card: autoDraw = False
194.6687 	EXP 	a_card: autoDraw = False
194.6687 	EXP 	a_card: image = '2_of_hearts'
195.1624 	EXP 	a_card: autoDraw = True
196.6600 	EXP 	New trial (rep=34, index=0): None
196.6603 	WARNING 	Requested image '3_of_clubs' not found but similar filename '3_of_clubs.png' exists. This will be used instead but changing the filename is advised.
196.6682 	EXP 	a_card: autoDraw = False
196.6682 	EXP 	a_card: autoDraw = False
196.6682 	EXP 	a_card: image = '3_of_clubs'
197.1621 	EXP 	a_card: autoDraw = True
198.6598 	EXP 	New trial (rep=35, index=0): None
198.6601 	WARNING 	Requested image '6_of_spades' not found but similar filename '6_of_spades.png' exists. This will be used instead but changing the filename is advised.
198.6681 	EXP 	a_card: autoDraw = False
198.6681 	EXP 	a_card: autoDraw = False
198.6681 	EXP 	a_card: image = '6_of_spades'
199.1619 	EXP 	a_card: autoDraw = True
200.6558 	EXP 	New trial (rep=36, index=0): None
200.6561 	WARNING 	Requested image '4_of_clubs' not found but similar filename '4_of_clubs.png' exists. This will be used instead but changing the filename is advised.
200.6640 	EXP 	a_card: autoDraw = False
200.6640 	EXP 	a_card: autoDraw = False
200.6640 	EXP 	a_card: image = '4_of_clubs'
201.1621 	EXP 	a_card: autoDraw = True
202.6593 	EXP 	New trial (rep=37, index=0): None
202.6596 	WARNING 	Requested image 'ace_of_hearts' not found but similar filename 'ace_of_hearts.png' exists. This will be used instead but changing the filename is advised.
202.6678 	EXP 	a_card: autoDraw = False
202.6678 	EXP 	a_card: autoDraw = False
202.6678 	EXP 	a_card: image = 'ace_of_hearts'
203.1616 	EXP 	a_card: autoDraw = True
204.6591 	EXP 	New trial (rep=38, index=0): None
204.6594 	WARNING 	Requested image '4_of_clubs' not found but similar filename '4_of_clubs.png' exists. This will be used instead but changing the filename is advised.
204.6670 	EXP 	a_card: autoDraw = False
204.6670 	EXP 	a_card: autoDraw = False
204.6670 	EXP 	a_card: image = '4_of_clubs'
205.1613 	EXP 	a_card: autoDraw = True
206.6589 	EXP 	New trial (rep=39, index=0): None
206.6592 	WARNING 	Requested image '3_of_clubs' not found but similar filename '3_of_clubs.png' exists. This will be used instead but changing the filename is advised.
206.6672 	EXP 	a_card: autoDraw = False
206.6672 	EXP 	a_card: autoDraw = False
206.6672 	EXP 	a_card: image = '3_of_clubs'
207.1611 	EXP 	a_card: autoDraw = True
208.6587 	EXP 	New trial (rep=40, index=0): None
208.6590 	WARNING 	Requested image '6_of_hearts' not found but similar filename '6_of_hearts.png' exists. This will be used instead but changing the filename is advised.
208.6670 	EXP 	a_card: autoDraw = False
208.6670 	EXP 	a_card: autoDraw = False
208.6670 	EXP 	a_card: image = '6_of_hearts'
209.1609 	EXP 	a_card: autoDraw = True
210.6586 	EXP 	New trial (rep=41, index=0): None
210.6588 	WARNING 	Requested image '3_of_clubs' not found but similar filename '3_of_clubs.png' exists. This will be used instead but changing the filename is advised.
210.6672 	EXP 	a_card: autoDraw = False
210.6672 	EXP 	a_card: autoDraw = False
210.6672 	EXP 	a_card: image = '3_of_clubs'
211.1607 	EXP 	a_card: autoDraw = True
212.6584 	EXP 	New trial (rep=42, index=0): None
212.6587 	WARNING 	Requested image 'ace_of_hearts' not found but similar filename 'ace_of_hearts.png' exists. This will be used instead but changing the filename is advised.
212.6669 	EXP 	a_card: autoDraw = False
212.6669 	EXP 	a_card: autoDraw = False
212.6669 	EXP 	a_card: image = 'ace_of_hearts'
213.1606 	EXP 	a_card: autoDraw = True
214.6582 	EXP 	New trial (rep=43, index=0): None
214.6585 	WARNING 	Requested image '4_of_clubs' not found but similar filename '4_of_clubs.png' exists. This will be used instead but changing the filename is advised.
214.6663 	EXP 	a_card: autoDraw = False
214.6663 	EXP 	a_card: autoDraw = False
214.6663 	EXP 	a_card: image = '4_of_clubs'
215.1603 	EXP 	a_card: autoDraw = True
216.6580 	EXP 	New trial (rep=44, index=0): None
216.6583 	WARNING 	Requested image '6_of_spades' not found but similar filename '6_of_spades.png' exists. This will be used instead but changing the filename is advised.
216.6660 	EXP 	a_card: autoDraw = False
216.6660 	EXP 	a_card: autoDraw = False
216.6660 	EXP 	a_card: image = '6_of_spades'
217.1601 	EXP 	a_card: autoDraw = True
218.6578 	EXP 	New trial (rep=45, index=0): None
218.6581 	WARNING 	Requested image '4_of_clubs' not found but similar filename '4_of_clubs.png' exists. This will be used instead but changing the filename is advised.
218.6659 	EXP 	a_card: autoDraw = False
218.6659 	EXP 	a_card: autoDraw = False
218.6659 	EXP 	a_card: image = '4_of_clubs'
219.1599 	EXP 	a_card: autoDraw = True
220.6576 	EXP 	New trial (rep=46, index=0): None
220.6579 	WARNING 	Requested image 'ace_of_hearts' not found but similar filename 'ace_of_hearts.png' exists. This will be used instead but changing the filename is advised.
220.6661 	EXP 	a_card: autoDraw = False
220.6661 	EXP 	a_card: autoDraw = False
220.6661 	EXP 	a_card: image = 'ace_of_hearts'
221.1598 	EXP 	a_card: autoDraw = True
222.6575 	EXP 	New trial (rep=47, index=0): None
222.6578 	WARNING 	Requested image '6_of_spades' not found but similar filename '6_of_spades.png' exists. This will be used instead but changing the filename is advised.
222.6658 	EXP 	a_card: autoDraw = False
222.6658 	EXP 	a_card: autoDraw = False
222.6658 	EXP 	a_card: image = '6_of_spades'
223.1596 	EXP 	a_card: autoDraw = True
224.6572 	EXP 	New trial (rep=48, index=0): None
224.6575 	WARNING 	Requested image '4_of_clubs' not found but similar filename '4_of_clubs.png' exists. This will be used instead but changing the filename is advised.
224.6655 	EXP 	a_card: autoDraw = False
224.6655 	EXP 	a_card: autoDraw = False
224.6655 	EXP 	a_card: image = '4_of_clubs'
225.1658 	EXP 	a_card: autoDraw = True
226.6628 	EXP 	New trial (rep=49, index=0): None
226.6630 	WARNING 	Requested image 'jack_of_diamonds' not found but similar filename 'jack_of_diamonds.png' exists. This will be used instead but changing the filename is advised.
226.6714 	EXP 	a_card: autoDraw = False
226.6714 	EXP 	a_card: image = 'jack_of_diamonds'
227.1652 	EXP 	a_card: autoDraw = True
228.6625 	EXP 	New trial (rep=50, index=0): None
228.6627 	WARNING 	Requested image '4_of_clubs' not found but similar filename '4_of_clubs.png' exists. This will be used instead but changing the filename is advised.
228.6726 	EXP 	a_card: autoDraw = False
228.6726 	EXP 	a_card: image = '4_of_clubs'
229.1650 	EXP 	a_card: autoDraw = True
230.6623 	EXP 	New trial (rep=51, index=0): None
230.6626 	WARNING 	Requested image '6_of_spades' not found but similar filename '6_of_spades.png' exists. This will be used instead but changing the filename is advised.
230.6721 	EXP 	a_card: autoDraw = False
230.6721 	EXP 	a_card: image = '6_of_spades'
231.1648 	EXP 	a_card: autoDraw = True
232.6620 	EXP 	New trial (rep=52, index=0): None
232.6623 	WARNING 	Requested image '6_of_spades' not found but similar filename '6_of_spades.png' exists. This will be used instead but changing the filename is advised.
232.6717 	EXP 	a_card: autoDraw = False
232.6717 	EXP 	a_card: image = '6_of_spades'
233.1585 	EXP 	a_card: autoDraw = True
234.6563 	EXP 	New trial (rep=53, index=0): None
234.6566 	WARNING 	Requested image '6_of_hearts' not found but similar filename '6_of_hearts.png' exists. This will be used instead but changing the filename is advised.
234.6644 	EXP 	a_card: autoDraw = False
234.6644 	EXP 	a_card: autoDraw = False
234.6644 	EXP 	a_card: image = '6_of_hearts'
235.1583 	EXP 	a_card: autoDraw = True
236.6561 	EXP 	New trial (rep=54, index=0): None
236.6564 	WARNING 	Requested image '6_of_spades' not found but similar filename '6_of_spades.png' exists. This will be used instead but changing the filename is advised.
236.6643 	EXP 	a_card: autoDraw = False
236.6643 	EXP 	a_card: autoDraw = False
236.6643 	EXP 	a_card: image = '6_of_spades'
237.1643 	EXP 	a_card: autoDraw = True
238.6617 	EXP 	New trial (rep=55, index=0): None
238.6620 	WARNING 	Requested image '2_of_hearts' not found but similar filename '2_of_hearts.png' exists. This will be used instead but changing the filename is advised.
238.6715 	EXP 	a_card: autoDraw = False
238.6715 	EXP 	a_card: autoDraw = False
238.6715 	EXP 	a_card: image = '2_of_hearts'
239.1639 	EXP 	a_card: autoDraw = True
240.6614 	EXP 	New trial (rep=56, index=0): None
240.6617 	WARNING 	Requested image 'ace_of_hearts' not found but similar filename 'ace_of_hearts.png' exists. This will be used instead but changing the filename is advised.
240.6695 	EXP 	a_card: autoDraw = False
240.6695 	EXP 	a_card: autoDraw = False
240.6695 	EXP 	a_card: image = 'ace_of_hearts'
241.1638 	EXP 	a_card: autoDraw = True
242.6613 	EXP 	New trial (rep=57, index=0): None
242.6616 	WARNING 	Requested image '10_of_spades' not found but similar filename '10_of_spades.png' exists. This will be used instead but changing the filename is advised.
242.6714 	EXP 	a_card: autoDraw = False
242.6714 	EXP 	a_card: autoDraw = False
242.6714 	EXP 	a_card: image = '10_of_spades'
243.1636 	EXP 	a_card: autoDraw = True
244.6611 	EXP 	New trial (rep=58, index=0): None
244.6614 	WARNING 	Requested image 'jack_of_diamonds' not found but similar filename 'jack_of_diamonds.png' exists. This will be used instead but changing the filename is advised.
244.6712 	EXP 	a_card: autoDraw = False
244.6712 	EXP 	a_card: autoDraw = False
244.6712 	EXP 	a_card: image = 'jack_of_diamonds'
245.1634 	EXP 	a_card: autoDraw = True
246.6609 	EXP 	New trial (rep=59, index=0): None
246.6611 	WARNING 	Requested image '10_of_spades' not found but similar filename '10_of_spades.png' exists. This will be used instead but changing the filename is advised.
246.6687 	EXP 	a_card: autoDraw = False
246.6687 	EXP 	a_card: autoDraw = False
246.6687 	EXP 	a_card: image = '10_of_spades'
247.1631 	EXP 	a_card: autoDraw = True
248.6607 	EXP 	New trial (rep=60, index=0): None
248.6609 	WARNING 	Requested image '4_of_clubs' not found but similar filename '4_of_clubs.png' exists. This will be used instead but changing the filename is advised.
248.6711 	EXP 	a_card: autoDraw = False
248.6711 	EXP 	a_card: autoDraw = False
248.6711 	EXP 	a_card: image = '4_of_clubs'
249.1629 	EXP 	a_card: autoDraw = True
250.6608 	EXP 	New trial (rep=61, index=0): None
250.6611 	WARNING 	Requested image '10_of_spades' not found but similar filename '10_of_spades.png' exists. This will be used instead but changing the filename is advised.
250.6708 	EXP 	a_card: autoDraw = False
250.6708 	EXP 	a_card: autoDraw = False
250.6708 	EXP 	a_card: image = '10_of_spades'
251.1628 	EXP 	a_card: autoDraw = True
252.6605 	EXP 	New trial (rep=62, index=0): None
252.6608 	WARNING 	Requested image '10_of_spades' not found but similar filename '10_of_spades.png' exists. This will be used instead but changing the filename is advised.
252.6681 	EXP 	a_card: autoDraw = False
252.6681 	EXP 	a_card: autoDraw = False
252.6681 	EXP 	a_card: image = '10_of_spades'
253.1625 	EXP 	a_card: autoDraw = True
254.6601 	EXP 	New trial (rep=63, index=0): None
254.6603 	WARNING 	Requested image '3_of_clubs' not found but similar filename '3_of_clubs.png' exists. This will be used instead but changing the filename is advised.
254.6681 	EXP 	a_card: autoDraw = False
254.6681 	EXP 	a_card: autoDraw = False
254.6681 	EXP 	a_card: image = '3_of_clubs'
255.1623 	EXP 	a_card: autoDraw = True
256.6599 	EXP 	New trial (rep=64, index=0): None
256.6602 	WARNING 	Requested image '3_of_clubs' not found but similar filename '3_of_clubs.png' exists. This will be used instead but changing the filename is advised.
256.6680 	EXP 	a_card: autoDraw = False
256.6680 	EXP 	a_card: autoDraw = False
256.6680 	EXP 	a_card: image = '3_of_clubs'
257.1621 	EXP 	a_card: autoDraw = True
258.6597 	EXP 	New trial (rep=65, index=0): None
258.6600 	WARNING 	Requested image '2_of_hearts' not found but similar filename '2_of_hearts.png' exists. This will be used instead but changing the filename is advised.
258.6681 	EXP 	a_card: autoDraw = False
258.6681 	EXP 	a_card: autoDraw = False
258.6681 	EXP 	a_card: image = '2_of_hearts'
259.1619 	EXP 	a_card: autoDraw = True
260.6596 	EXP 	New trial (rep=66, index=0): None
260.6599 	WARNING 	Requested image '4_of_clubs' not found but similar filename '4_of_clubs.png' exists. This will be used instead but changing the filename is advised.
260.6681 	EXP 	a_card: autoDraw = False
260.6681 	EXP 	a_card: autoDraw = False
260.6681 	EXP 	a_card: image = '4_of_clubs'
261.1617 	EXP 	a_card: autoDraw = True
262.6594 	EXP 	New trial (rep=67, index=0): None
262.6597 	WARNING 	Requested image '3_of_clubs' not found but similar filename '3_of_clubs.png' exists. This will be used instead but changing the filename is advised.
262.6680 	EXP 	a_card: autoDraw = False
262.6680 	EXP 	a_card: autoDraw = False
262.6680 	EXP 	a_card: image = '3_of_clubs'
263.1615 	EXP 	a_card: autoDraw = True
264.6592 	EXP 	New trial (rep=68, index=0): None
264.6595 	WARNING 	Requested image '10_of_diamonds' not found but similar filename '10_of_diamonds.png' exists. This will be used instead but changing the filename is advised.
264.6670 	EXP 	a_card: autoDraw = False
264.6670 	EXP 	a_card: autoDraw = False
264.6670 	EXP 	a_card: image = '10_of_diamonds'
265.1613 	EXP 	a_card: autoDraw = True
266.6591 	EXP 	New trial (rep=69, index=0): None
266.6594 	WARNING 	Requested image '3_of_clubs' not found but similar filename '3_of_clubs.png' exists. This will be used instead but changing the filename is advised.
266.6676 	EXP 	a_card: autoDraw = False
266.6676 	EXP 	a_card: autoDraw = False
266.6676 	EXP 	a_card: image = '3_of_clubs'
267.1612 	EXP 	a_card: autoDraw = True
268.6588 	EXP 	New trial (rep=70, index=0): None
268.6591 	WARNING 	Requested image '6_of_spades' not found but similar filename '6_of_spades.png' exists. This will be used instead but changing the filename is advised.
268.6671 	EXP 	a_card: autoDraw = False
268.6671 	EXP 	a_card: autoDraw = False
268.6671 	EXP 	a_card: image = '6_of_spades'
269.1609 	EXP 	a_card: autoDraw = True
270.6586 	EXP 	New trial (rep=71, index=0): None
270.6589 	WARNING 	Requested image '2_of_hearts' not found but similar filename '2_of_hearts.png' exists. This will be used instead but changing the filename is advised.
270.6677 	EXP 	a_card: autoDraw = False
270.6677 	EXP 	a_card: autoDraw = False
270.6677 	EXP 	a_card: image = '2_of_hearts'
271.1607 	EXP 	a_card: autoDraw = True
272.6585 	EXP 	New trial (rep=72, index=0): None
272.6588 	WARNING 	Requested image '10_of_spades' not found but similar filename '10_of_spades.png' exists. This will be used instead but changing the filename is advised.
272.6666 	EXP 	a_card: autoDraw = False
272.6666 	EXP 	a_card: autoDraw = False
272.6666 	EXP 	a_card: image = '10_of_spades'
273.1605 	EXP 	a_card: autoDraw = True
274.6581 	EXP 	New trial (rep=73, index=0): None
274.6584 	WARNING 	Requested image '6_of_hearts' not found but similar filename '6_of_hearts.png' exists. This will be used instead but changing the filename is advised.
274.6669 	EXP 	a_card: autoDraw = False
274.6669 	EXP 	a_card: autoDraw = False
274.6669 	EXP 	a_card: image = '6_of_hearts'
275.1603 	EXP 	a_card: autoDraw = True
276.6584 	EXP 	New trial (rep=74, index=0): None
276.6587 	WARNING 	Requested image '10_of_spades' not found but similar filename '10_of_spades.png' exists. This will be used instead but changing the filename is advised.
276.6666 	EXP 	a_card: autoDraw = False
276.6666 	EXP 	a_card: autoDraw = False
276.6666 	EXP 	a_card: image = '10_of_spades'
277.1601 	EXP 	a_card: autoDraw = True
278.6578 	EXP 	New trial (rep=75, index=0): None
278.6581 	WARNING 	Requested image '2_of_hearts' not found but similar filename '2_of_hearts.png' exists. This will be used instead but changing the filename is advised.
278.6663 	EXP 	a_card: autoDraw = False
278.6663 	EXP 	a_card: autoDraw = False
278.6663 	EXP 	a_card: image = '2_of_hearts'
279.1599 	EXP 	a_card: autoDraw = True
280.6579 	EXP 	New trial (rep=76, index=0): None
280.6582 	WARNING 	Requested image '10_of_diamonds' not found but similar filename '10_of_diamonds.png' exists. This will be used instead but changing the filename is advised.
280.6667 	EXP 	a_card: autoDraw = False
280.6667 	EXP 	a_card: autoDraw = False
280.6667 	EXP 	a_card: image = '10_of_diamonds'
281.1598 	EXP 	a_card: autoDraw = True
282.6575 	EXP 	New trial (rep=77, index=0): None
282.6578 	WARNING 	Requested image '4_of_clubs' not found but similar filename '4_of_clubs.png' exists. This will be used instead but changing the filename is advised.
282.6653 	EXP 	a_card: autoDraw = False
282.6653 	EXP 	a_card: autoDraw = False
282.6653 	EXP 	a_card: image = '4_of_clubs'
283.1595 	EXP 	a_card: autoDraw = True
284.6571 	EXP 	New trial (rep=78, index=0): None
284.6573 	WARNING 	Requested image 'ace_of_hearts' not found but similar filename 'ace_of_hearts.png' exists. This will be used instead but changing the filename is advised.
284.6653 	EXP 	a_card: autoDraw = False
284.6653 	EXP 	a_card: autoDraw = False
284.6653 	EXP 	a_card: image = 'ace_of_hearts'
285.1592 	EXP 	a_card: autoDraw = True
286.6570 	EXP 	New trial (rep=79, index=0): None
286.6572 	WARNING 	Requested image '10_of_diamonds' not found but similar filename '10_of_diamonds.png' exists. This will be used instead but changing the filename is advised.
286.6648 	EXP 	a_card: autoDraw = False
286.6648 	EXP 	a_card: autoDraw = False
286.6648 	EXP 	a_card: image = '10_of_diamonds'
287.1590 	EXP 	a_card: autoDraw = True
288.6567 	EXP 	New trial (rep=80, index=0): None
288.6570 	WARNING 	Requested image 'jack_of_diamonds' not found but similar filename 'jack_of_diamonds.png' exists. This will be used instead but changing the filename is advised.
288.6653 	EXP 	a_card: autoDraw = False
288.6653 	EXP 	a_card: autoDraw = False
288.6653 	EXP 	a_card: image = 'jack_of_diamonds'
289.1588 	EXP 	a_card: autoDraw = True
290.6565 	EXP 	New trial (rep=81, index=0): None
290.6568 	WARNING 	Requested image '6_of_spades' not found but similar filename '6_of_spades.png' exists. This will be used instead but changing the filename is advised.
290.6646 	EXP 	a_card: autoDraw = False
290.6646 	EXP 	a_card: autoDraw = False
290.6646 	EXP 	a_card: image = '6_of_spades'
291.1648 	EXP 	a_card: autoDraw = True
292.6621 	EXP 	New trial (rep=82, index=0): None
292.6623 	WARNING 	Requested image '10_of_diamonds' not found but similar filename '10_of_diamonds.png' exists. This will be used instead but changing the filename is advised.
292.6697 	EXP 	a_card: autoDraw = False
292.6697 	EXP 	a_card: image = '10_of_diamonds'
293.1645 	EXP 	a_card: autoDraw = True
294.6619 	EXP 	New trial (rep=83, index=0): None
294.6622 	WARNING 	Requested image '4_of_clubs' not found but similar filename '4_of_clubs.png' exists. This will be used instead but changing the filename is advised.
294.6726 	EXP 	a_card: autoDraw = False
294.6726 	EXP 	a_card: image = '4_of_clubs'
295.1642 	EXP 	a_card: autoDraw = True
296.6619 	EXP 	New trial (rep=84, index=0): None
296.6622 	WARNING 	Requested image '10_of_spades' not found but similar filename '10_of_spades.png' exists. This will be used instead but changing the filename is advised.
296.6734 	EXP 	a_card: autoDraw = False
296.6734 	EXP 	a_card: autoDraw = False
296.6734 	EXP 	a_card: image = '10_of_spades'
297.1641 	EXP 	a_card: autoDraw = True
298.6616 	EXP 	New trial (rep=85, index=0): None
298.6619 	WARNING 	Requested image '6_of_hearts' not found but similar filename '6_of_hearts.png' exists. This will be used instead but changing the filename is advised.
298.6699 	EXP 	a_card: autoDraw = False
298.6699 	EXP 	a_card: autoDraw = False
298.6699 	EXP 	a_card: image = '6_of_hearts'
299.1638 	EXP 	a_card: autoDraw = True
300.6614 	EXP 	New trial (rep=86, index=0): None
300.6617 	WARNING 	Requested image '6_of_spades' not found but similar filename '6_of_spades.png' exists. This will be used instead but changing the filename is advised.
300.6693 	EXP 	a_card: autoDraw = False
300.6693 	EXP 	a_card: autoDraw = False
300.6693 	EXP 	a_card: image = '6_of_spades'
301.1637 	EXP 	a_card: autoDraw = True
302.6612 	EXP 	New trial (rep=87, index=0): None
302.6615 	WARNING 	Requested image '10_of_diamonds' not found but similar filename '10_of_diamonds.png' exists. This will be used instead but changing the filename is advised.
302.6686 	EXP 	a_card: autoDraw = False
302.6686 	EXP 	a_card: autoDraw = False
302.6686 	EXP 	a_card: image = '10_of_diamonds'
303.1638 	EXP 	a_card: autoDraw = True
304.6610 	EXP 	New trial (rep=88, index=0): None
304.6613 	WARNING 	Requested image '10_of_spades' not found but similar filename '10_of_spades.png' exists. This will be used instead but changing the filename is advised.
304.6690 	EXP 	a_card: autoDraw = False
304.6690 	EXP 	a_card: autoDraw = False
304.6690 	EXP 	a_card: image = '10_of_spades'
305.1633 	EXP 	a_card: autoDraw = True
306.6609 	EXP 	New trial (rep=89, index=0): None
306.6612 	WARNING 	Requested image '4_of_clubs' not found but similar filename '4_of_clubs.png' exists. This will be used instead but changing the filename is advised.
306.6690 	EXP 	a_card: autoDraw = False
306.6690 	EXP 	a_card: autoDraw = False
306.6690 	EXP 	a_card: image = '4_of_clubs'
307.1631 	EXP 	a_card: autoDraw = True
308.6607 	EXP 	New trial (rep=90, index=0): None
308.6610 	WARNING 	Requested image '2_of_hearts' not found but similar filename '2_of_hearts.png' exists. This will be used instead but changing the filename is advised.
308.6692 	EXP 	a_card: autoDraw = False
308.6692 	EXP 	a_card: autoDraw = False
308.6692 	EXP 	a_card: image = '2_of_hearts'
309.1629 	EXP 	a_card: autoDraw = True
310.6605 	EXP 	New trial (rep=91, index=0): None
310.6607 	WARNING 	Requested image '4_of_clubs' not found but similar filename '4_of_clubs.png' exists. This will be used instead but changing the filename is advised.
310.6683 	EXP 	a_card: autoDraw = False
310.6683 	EXP 	a_card: autoDraw = False
310.6683 	EXP 	a_card: image = '4_of_clubs'
311.1626 	EXP 	a_card: autoDraw = True
312.6603 	EXP 	New trial (rep=92, index=0): None
312.6606 	WARNING 	Requested image '6_of_spades' not found but similar filename '6_of_spades.png' exists. This will be used instead but changing the filename is advised.
312.6686 	EXP 	a_card: autoDraw = False
312.6686 	EXP 	a_card: autoDraw = False
312.6686 	EXP 	a_card: image = '6_of_spades'
313.1624 	EXP 	a_card: autoDraw = True
314.6599 	EXP 	New trial (rep=93, index=0): None
314.6602 	WARNING 	Requested image '6_of_hearts' not found but similar filename '6_of_hearts.png' exists. This will be used instead but changing the filename is advised.
314.6681 	EXP 	a_card: autoDraw = False
314.6681 	EXP 	a_card: autoDraw = False
314.6681 	EXP 	a_card: image = '6_of_hearts'
315.1622 	EXP 	a_card: autoDraw = True
316.6602 	EXP 	New trial (rep=94, index=0): None
316.6606 	WARNING 	Requested image '6_of_hearts' not found but similar filename '6_of_hearts.png' exists. This will be used instead but changing the filename is advised.
316.6723 	EXP 	a_card: autoDraw = False
316.6723 	EXP 	a_card: autoDraw = False
316.6723 	EXP 	a_card: image = '6_of_hearts'
317.1621 	EXP 	a_card: autoDraw = True
318.6599 	EXP 	New trial (rep=95, index=0): None
318.6602 	WARNING 	Requested image '10_of_spades' not found but similar filename '10_of_spades.png' exists. This will be used instead but changing the filename is advised.
318.6678 	EXP 	a_card: autoDraw = False
318.6678 	EXP 	a_card: autoDraw = False
318.6678 	EXP 	a_card: image = '10_of_spades'
319.1619 	EXP 	a_card: autoDraw = True
320.6555 	EXP 	New trial (rep=96, index=0): None
320.6558 	WARNING 	Requested image '3_of_clubs' not found but similar filename '3_of_clubs.png' exists. This will be used instead but changing the filename is advised.
320.6642 	EXP 	a_card: autoDraw = False
320.6642 	EXP 	a_card: autoDraw = False
320.6642 	EXP 	a_card: image = '3_of_clubs'
321.1616 	EXP 	a_card: autoDraw = True
322.6594 	EXP 	New trial (rep=97, index=0): None
322.6597 	WARNING 	Requested image '10_of_spades' not found but similar filename '10_of_spades.png' exists. This will be used instead but changing the filename is advised.
322.6669 	EXP 	a_card: autoDraw = False
322.6669 	EXP 	a_card: autoDraw = False
322.6669 	EXP 	a_card: image = '10_of_spades'
323.1614 	EXP 	a_card: autoDraw = True
324.6594 	EXP 	New trial (rep=98, index=0): None
324.6596 	WARNING 	Requested image '10_of_diamonds' not found but similar filename '10_of_diamonds.png' exists. This will be used instead but changing the filename is advised.
324.6677 	EXP 	a_card: autoDraw = False
324.6677 	EXP 	a_card: autoDraw = False
324.6677 	EXP 	a_card: image = '10_of_diamonds'
325.1613 	EXP 	a_card: autoDraw = True
326.6588 	EXP 	New trial (rep=99, index=0): None
326.6591 	WARNING 	Requested image '6_of_hearts' not found but similar filename '6_of_hearts.png' exists. This will be used instead but changing the filename is advised.
326.6671 	EXP 	a_card: autoDraw = False
326.6671 	EXP 	a_card: autoDraw = False
326.6671 	EXP 	a_card: image = '6_of_hearts'
327.1610 	EXP 	a_card: autoDraw = True
328.6588 	EXP 	New trial (rep=100, index=0): None
328.6591 	WARNING 	Requested image '10_of_diamonds' not found but similar filename '10_of_diamonds.png' exists. This will be used instead but changing the filename is advised.
328.6667 	EXP 	a_card: autoDraw = False
328.6667 	EXP 	a_card: autoDraw = False
328.6667 	EXP 	a_card: image = '10_of_diamonds'
329.1608 	EXP 	a_card: autoDraw = True
330.6585 	EXP 	New trial (rep=101, index=0): None
330.6588 	WARNING 	Requested image 'ace_of_hearts' not found but similar filename 'ace_of_hearts.png' exists. This will be used instead but changing the filename is advised.
330.6671 	EXP 	a_card: autoDraw = False
330.6671 	EXP 	a_card: autoDraw = False
330.6671 	EXP 	a_card: image = 'ace_of_hearts'
331.1606 	EXP 	a_card: autoDraw = True
332.6583 	EXP 	New trial (rep=102, index=0): None
332.6585 	WARNING 	Requested image '2_of_hearts' not found but similar filename '2_of_hearts.png' exists. This will be used instead but changing the filename is advised.
332.6664 	EXP 	a_card: autoDraw = False
332.6664 	EXP 	a_card: autoDraw = False
332.6664 	EXP 	a_card: image = '2_of_hearts'
333.1605 	EXP 	a_card: autoDraw = True
334.6582 	EXP 	New trial (rep=103, index=0): None
334.6584 	WARNING 	Requested image '4_of_clubs' not found but similar filename '4_of_clubs.png' exists. This will be used instead but changing the filename is advised.
334.6665 	EXP 	a_card: autoDraw = False
334.6665 	EXP 	a_card: autoDraw = False
334.6665 	EXP 	a_card: image = '4_of_clubs'
335.1602 	EXP 	a_card: autoDraw = True
336.6580 	EXP 	New trial (rep=104, index=0): None
336.6583 	WARNING 	Requested image '3_of_clubs' not found but similar filename '3_of_clubs.png' exists. This will be used instead but changing the filename is advised.
336.6665 	EXP 	a_card: autoDraw = False
336.6665 	EXP 	a_card: autoDraw = False
336.6665 	EXP 	a_card: image = '3_of_clubs'
337.1600 	EXP 	a_card: autoDraw = True
338.6578 	EXP 	New trial (rep=105, index=0): None
338.6580 	WARNING 	Requested image '2_of_hearts' not found but similar filename '2_of_hearts.png' exists. This will be used instead but changing the filename is advised.
338.6660 	EXP 	a_card: autoDraw = False
338.6660 	EXP 	a_card: autoDraw = False
338.6660 	EXP 	a_card: image = '2_of_hearts'
339.1598 	EXP 	a_card: autoDraw = True
340.6574 	EXP 	New trial (rep=106, index=0): None
340.6577 	WARNING 	Requested image '3_of_clubs' not found but similar filename '3_of_clubs.png' exists. This will be used instead but changing the filename is advised.
340.6661 	EXP 	a_card: autoDraw = False
340.6661 	EXP 	a_card: autoDraw = False
340.6661 	EXP 	a_card: image = '3_of_clubs'
341.1596 	EXP 	a_card: autoDraw = True
342.6574 	EXP 	New trial (rep=107, index=0): None
342.6577 	WARNING 	Requested image '10_of_diamonds' not found but similar filename '10_of_diamonds.png' exists. This will be used instead but changing the filename is advised.
342.6654 	EXP 	a_card: autoDraw = False
342.6654 	EXP 	a_card: autoDraw = False
342.6654 	EXP 	a_card: image = '10_of_diamonds'
343.1594 	EXP 	a_card: autoDraw = True
344.6571 	EXP 	New trial (rep=108, index=0): None
344.6573 	WARNING 	Requested image '2_of_hearts' not found but similar filename '2_of_hearts.png' exists. This will be used instead but changing the filename is advised.
344.6655 	EXP 	a_card: autoDraw = False
344.6655 	EXP 	a_card: autoDraw = False
344.6655 	EXP 	a_card: image = '2_of_hearts'
345.1592 	EXP 	a_card: autoDraw = True
346.6570 	EXP 	New trial (rep=109, index=0): None
346.6572 	WARNING 	Requested image '10_of_spades' not found but similar filename '10_of_spades.png' exists. This will be used instead but changing the filename is advised.
346.6650 	EXP 	a_card: autoDraw = False
346.6650 	EXP 	a_card: autoDraw = False
346.6650 	EXP 	a_card: image = '10_of_spades'
347.1650 	EXP 	a_card: autoDraw = True
348.6625 	EXP 	New trial (rep=110, index=0): None
348.6628 	WARNING 	Requested image '6_of_spades' not found but similar filename '6_of_spades.png' exists. This will be used instead but changing the filename is advised.
348.6705 	EXP 	a_card: autoDraw = False
348.6705 	EXP 	a_card: image = '6_of_spades'
349.1648 	EXP 	a_card: autoDraw = True
350.6622 	EXP 	New trial (rep=111, index=0): None
350.6625 	WARNING 	Requested image '3_of_clubs' not found but similar filename '3_of_clubs.png' exists. This will be used instead but changing the filename is advised.
350.6724 	EXP 	a_card: autoDraw = False
350.6724 	EXP 	a_card: image = '3_of_clubs'
351.1647 	EXP 	a_card: autoDraw = True
352.6620 	EXP 	New trial (rep=112, index=0): None
352.6623 	WARNING 	Requested image 'ace_of_hearts' not found but similar filename 'ace_of_hearts.png' exists. This will be used instead but changing the filename is advised.
352.6738 	EXP 	a_card: autoDraw = False
352.6738 	EXP 	a_card: image = 'ace_of_hearts'
353.1644 	EXP 	a_card: autoDraw = True
354.6618 	EXP 	New trial (rep=113, index=0): None
354.6621 	WARNING 	Requested image '6_of_spades' not found but similar filename '6_of_spades.png' exists. This will be used instead but changing the filename is advised.
354.6697 	EXP 	a_card: autoDraw = False
354.6697 	EXP 	a_card: image = '6_of_spades'
355.1642 	EXP 	a_card: autoDraw = True
356.6619 	EXP 	New trial (rep=114, index=0): None
356.6621 	WARNING 	Requested image 'jack_of_diamonds' not found but similar filename 'jack_of_diamonds.png' exists. This will be used instead but changing the filename is advised.
356.6723 	EXP 	a_card: autoDraw = False
356.6723 	EXP 	a_card: autoDraw = False
356.6723 	EXP 	a_card: image = 'jack_of_diamonds'
357.1641 	EXP 	a_card: autoDraw = True
358.6618 	EXP 	New trial (rep=115, index=0): None
358.6621 	WARNING 	Requested image '6_of_spades' not found but similar filename '6_of_spades.png' exists. This will be used instead but changing the filename is advised.
358.6814 	EXP 	a_card: autoDraw = False
358.6814 	EXP 	a_card: autoDraw = False
358.6814 	EXP 	a_card: image = '6_of_spades'
359.1637 	EXP 	a_card: autoDraw = True
360.6615 	EXP 	New trial (rep=116, index=0): None
360.6618 	WARNING 	Requested image '4_of_clubs' not found but similar filename '4_of_clubs.png' exists. This will be used instead but changing the filename is advised.
360.6697 	EXP 	a_card: autoDraw = False
360.6697 	EXP 	a_card: autoDraw = False
360.6697 	EXP 	a_card: image = '4_of_clubs'
361.1638 	EXP 	a_card: autoDraw = True
362.6612 	EXP 	New trial (rep=117, index=0): None
362.6615 	WARNING 	Requested image '4_of_clubs' not found but similar filename '4_of_clubs.png' exists. This will be used instead but changing the filename is advised.
362.6693 	EXP 	a_card: autoDraw = False
362.6693 	EXP 	a_card: autoDraw = False
362.6693 	EXP 	a_card: image = '4_of_clubs'
363.1635 	EXP 	a_card: autoDraw = True
364.6610 	EXP 	New trial (rep=118, index=0): None
364.6613 	WARNING 	Requested image '6_of_hearts' not found but similar filename '6_of_hearts.png' exists. This will be used instead but changing the filename is advised.
364.6693 	EXP 	a_card: autoDraw = False
364.6693 	EXP 	a_card: autoDraw = False
364.6693 	EXP 	a_card: image = '6_of_hearts'
365.1633 	EXP 	a_card: autoDraw = True
366.6611 	EXP 	New trial (rep=119, index=0): None
366.6613 	WARNING 	Requested image '10_of_diamonds' not found but similar filename '10_of_diamonds.png' exists. This will be used instead but changing the filename is advised.
366.6689 	EXP 	a_card: autoDraw = False
366.6689 	EXP 	a_card: autoDraw = False
366.6689 	EXP 	a_card: image = '10_of_diamonds'
367.1631 	EXP 	a_card: autoDraw = True
368.6607 	EXP 	New trial (rep=120, index=0): None
368.6610 	WARNING 	Requested image '6_of_spades' not found but similar filename '6_of_spades.png' exists. This will be used instead but changing the filename is advised.
368.6689 	EXP 	a_card: autoDraw = False
368.6689 	EXP 	a_card: autoDraw = False
368.6689 	EXP 	a_card: image = '6_of_spades'
369.1629 	EXP 	a_card: autoDraw = True
370.6607 	EXP 	New trial (rep=121, index=0): None
370.6610 	WARNING 	Requested image '6_of_hearts' not found but similar filename '6_of_hearts.png' exists. This will be used instead but changing the filename is advised.
370.6737 	EXP 	a_card: autoDraw = False
370.6737 	EXP 	a_card: autoDraw = False
370.6737 	EXP 	a_card: image = '6_of_hearts'
371.1630 	EXP 	a_card: autoDraw = True
372.6605 	EXP 	New trial (rep=122, index=0): None
372.6608 	WARNING 	Requested image '10_of_diamonds' not found but similar filename '10_of_diamonds.png' exists. This will be used instead but changing the filename is advised.
372.6683 	EXP 	a_card: autoDraw = False
372.6683 	EXP 	a_card: autoDraw = False
372.6683 	EXP 	a_card: image = '10_of_diamonds'
373.1624 	EXP 	a_card: autoDraw = True
374.6601 	EXP 	New trial (rep=123, index=0): None
374.6604 	WARNING 	Requested image 'ace_of_hearts' not found but similar filename 'ace_of_hearts.png' exists. This will be used instead but changing the filename is advised.
374.6682 	EXP 	a_card: autoDraw = False
374.6682 	EXP 	a_card: autoDraw = False
374.6682 	EXP 	a_card: image = 'ace_of_hearts'
375.1623 	EXP 	a_card: autoDraw = True
376.6599 	EXP 	New trial (rep=124, index=0): None
376.6602 	WARNING 	Requested image '4_of_clubs' not found but similar filename '4_of_clubs.png' exists. This will be used instead but changing the filename is advised.
376.6677 	EXP 	a_card: autoDraw = False
376.6677 	EXP 	a_card: autoDraw = False
376.6677 	EXP 	a_card: image = '4_of_clubs'
377.1620 	EXP 	a_card: autoDraw = True
378.6596 	EXP 	New trial (rep=125, index=0): None
378.6599 	WARNING 	Requested image '2_of_hearts' not found but similar filename '2_of_hearts.png' exists. This will be used instead but changing the filename is advised.
378.6679 	EXP 	a_card: autoDraw = False
378.6679 	EXP 	a_card: autoDraw = False
378.6679 	EXP 	a_card: image = '2_of_hearts'
379.1618 	EXP 	a_card: autoDraw = True
380.6595 	EXP 	New trial (rep=126, index=0): None
380.6598 	WARNING 	Requested image 'jack_of_diamonds' not found but similar filename 'jack_of_diamonds.png' exists. This will be used instead but changing the filename is advised.
380.6680 	EXP 	a_card: autoDraw = False
380.6680 	EXP 	a_card: autoDraw = False
380.6680 	EXP 	a_card: image = 'jack_of_diamonds'
381.1616 	EXP 	a_card: autoDraw = True
382.6595 	EXP 	New trial (rep=127, index=0): None
382.6598 	WARNING 	Requested image '10_of_spades' not found but similar filename '10_of_spades.png' exists. This will be used instead but changing the filename is advised.
382.6671 	EXP 	a_card: autoDraw = False
382.6671 	EXP 	a_card: autoDraw = False
382.6671 	EXP 	a_card: image = '10_of_spades'
383.1614 	EXP 	a_card: autoDraw = True
384.6590 	EXP 	New trial (rep=128, index=0): None
384.6592 	WARNING 	Requested image '10_of_diamonds' not found but similar filename '10_of_diamonds.png' exists. This will be used instead but changing the filename is advised.
384.6673 	EXP 	a_card: autoDraw = False
384.6673 	EXP 	a_card: autoDraw = False
384.6673 	EXP 	a_card: image = '10_of_diamonds'
385.1612 	EXP 	a_card: autoDraw = True
386.6589 	EXP 	New trial (rep=129, index=0): None
386.6592 	WARNING 	Requested image '4_of_clubs' not found but similar filename '4_of_clubs.png' exists. This will be used instead but changing the filename is advised.
386.6676 	EXP 	a_card: autoDraw = False
386.6676 	EXP 	a_card: autoDraw = False
386.6676 	EXP 	a_card: image = '4_of_clubs'
387.1610 	EXP 	a_card: autoDraw = True
388.6585 	EXP 	New trial (rep=130, index=0): None
388.6588 	WARNING 	Requested image '3_of_clubs' not found but similar filename '3_of_clubs.png' exists. This will be used instead but changing the filename is advised.
388.6671 	EXP 	a_card: autoDraw = False
388.6671 	EXP 	a_card: autoDraw = False
388.6671 	EXP 	a_card: image = '3_of_clubs'
389.1608 	EXP 	a_card: autoDraw = True
390.6592 	EXP 	New trial (rep=131, index=0): None
390.6594 	WARNING 	Requested image '10_of_spades' not found but similar filename '10_of_spades.png' exists. This will be used instead but changing the filename is advised.
390.6668 	EXP 	a_card: autoDraw = False
390.6668 	EXP 	a_card: autoDraw = False
390.6668 	EXP 	a_card: image = '10_of_spades'
391.1606 	EXP 	a_card: autoDraw = True
392.6584 	EXP 	New trial (rep=132, index=0): None
392.6587 	WARNING 	Requested image 'jack_of_diamonds' not found but similar filename 'jack_of_diamonds.png' exists. This will be used instead but changing the filename is advised.
392.6669 	EXP 	a_card: autoDraw = False
392.6669 	EXP 	a_card: autoDraw = False
392.6669 	EXP 	a_card: image = 'jack_of_diamonds'
393.1604 	EXP 	a_card: autoDraw = True
394.6583 	EXP 	New trial (rep=133, index=0): None
394.6586 	WARNING 	Requested image 'ace_of_hearts' not found but similar filename 'ace_of_hearts.png' exists. This will be used instead but changing the filename is advised.
394.6671 	EXP 	a_card: autoDraw = False
394.6671 	EXP 	a_card: autoDraw = False
394.6671 	EXP 	a_card: image = 'ace_of_hearts'
395.1602 	EXP 	a_card: autoDraw = True
396.6579 	EXP 	New trial (rep=134, index=0): None
396.6582 	WARNING 	Requested image 'jack_of_diamonds' not found but similar filename 'jack_of_diamonds.png' exists. This will be used instead but changing the filename is advised.
396.6662 	EXP 	a_card: autoDraw = False
396.6662 	EXP 	a_card: autoDraw = False
396.6662 	EXP 	a_card: image = 'jack_of_diamonds'
397.1599 	EXP 	a_card: autoDraw = True
398.6576 	EXP 	New trial (rep=135, index=0): None
398.6579 	WARNING 	Requested image '10_of_spades' not found but similar filename '10_of_spades.png' exists. This will be used instead but changing the filename is advised.
398.6651 	EXP 	a_card: autoDraw = False
398.6651 	EXP 	a_card: autoDraw = False
398.6651 	EXP 	a_card: image = '10_of_spades'
399.1598 	EXP 	a_card: autoDraw = True
400.6574 	EXP 	New trial (rep=136, index=0): None
400.6576 	WARNING 	Requested image '6_of_spades' not found but similar filename '6_of_spades.png' exists. This will be used instead but changing the filename is advised.
400.6657 	EXP 	a_card: autoDraw = False
400.6657 	EXP 	a_card: autoDraw = False
400.6657 	EXP 	a_card: image = '6_of_spades'
401.1596 	EXP 	a_card: autoDraw = True
402.6572 	EXP 	New trial (rep=137, index=0): None
402.6575 	WARNING 	Requested image '2_of_hearts' not found but similar filename '2_of_hearts.png' exists. This will be used instead but changing the filename is advised.
402.6654 	EXP 	a_card: autoDraw = False
402.6654 	EXP 	a_card: autoDraw = False
402.6654 	EXP 	a_card: image = '2_of_hearts'
403.1654 	EXP 	a_card: autoDraw = True
404.6628 	EXP 	New trial (rep=138, index=0): None
404.6630 	WARNING 	Requested image '10_of_spades' not found but similar filename '10_of_spades.png' exists. This will be used instead but changing the filename is advised.
404.6703 	EXP 	a_card: autoDraw = False
404.6703 	EXP 	a_card: image = '10_of_spades'
405.1655 	EXP 	a_card: autoDraw = True
406.6626 	EXP 	New trial (rep=139, index=0): None
406.6629 	WARNING 	Requested image '10_of_diamonds' not found but similar filename '10_of_diamonds.png' exists. This will be used instead but changing the filename is advised.
406.6704 	EXP 	a_card: autoDraw = False
406.6704 	EXP 	a_card: image = '10_of_diamonds'
407.1650 	EXP 	a_card: autoDraw = True
408.6625 	EXP 	New trial (rep=140, index=0): None
408.6627 	WARNING 	Requested image 'jack_of_diamonds' not found but similar filename 'jack_of_diamonds.png' exists. This will be used instead but changing the filename is advised.
408.6732 	EXP 	a_card: autoDraw = False
408.6732 	EXP 	a_card: image = 'jack_of_diamonds'
409.1648 	EXP 	a_card: autoDraw = True
410.6622 	EXP 	New trial (rep=141, index=0): None
410.6625 	WARNING 	Requested image '4_of_clubs' not found but similar filename '4_of_clubs.png' exists. This will be used instead but changing the filename is advised.
410.6700 	EXP 	a_card: autoDraw = False
410.6700 	EXP 	a_card: image = '4_of_clubs'
411.1645 	EXP 	a_card: autoDraw = True
412.6620 	EXP 	New trial (rep=142, index=0): None
412.6623 	WARNING 	Requested image 'jack_of_diamonds' not found but similar filename 'jack_of_diamonds.png' exists. This will be used instead but changing the filename is advised.
412.6721 	EXP 	a_card: autoDraw = False
412.6721 	EXP 	a_card: image = 'jack_of_diamonds'
413.1644 	EXP 	a_card: autoDraw = True
414.6620 	EXP 	New trial (rep=143, index=0): None
414.6623 	WARNING 	Requested image '3_of_clubs' not found but similar filename '3_of_clubs.png' exists. This will be used instead but changing the filename is advised.
414.6704 	EXP 	a_card: autoDraw = False
414.6704 	EXP 	a_card: autoDraw = False
414.6704 	EXP 	a_card: image = '3_of_clubs'
415.1648 	EXP 	a_card: autoDraw = True
416.6618 	EXP 	New trial (rep=144, index=0): None
416.6621 	WARNING 	Requested image 'jack_of_diamonds' not found but similar filename 'jack_of_diamonds.png' exists. This will be used instead but changing the filename is advised.
416.6706 	EXP 	a_card: autoDraw = False
416.6706 	EXP 	a_card: autoDraw = False
416.6706 	EXP 	a_card: image = 'jack_of_diamonds'
417.1641 	EXP 	a_card: autoDraw = True
418.6576 	EXP 	New trial (rep=145, index=0): None
418.6579 	WARNING 	Requested image '3_of_clubs' not found but similar filename '3_of_clubs.png' exists. This will be used instead but changing the filename is advised.
418.6658 	EXP 	a_card: autoDraw = False
418.6658 	EXP 	a_card: autoDraw = False
418.6658 	EXP 	a_card: image = '3_of_clubs'
419.1638 	EXP 	a_card: autoDraw = True
420.6615 	EXP 	New trial (rep=146, index=0): None
420.6617 	WARNING 	Requested image 'jack_of_diamonds' not found but similar filename 'jack_of_diamonds.png' exists. This will be used instead but changing the filename is advised.
420.6696 	EXP 	a_card: autoDraw = False
420.6696 	EXP 	a_card: autoDraw = False
420.6696 	EXP 	a_card: image = 'jack_of_diamonds'
421.1635 	EXP 	a_card: autoDraw = True
422.6612 	EXP 	New trial (rep=147, index=0): None
422.6615 	WARNING 	Requested image 'jack_of_diamonds' not found but similar filename 'jack_of_diamonds.png' exists. This will be used instead but changing the filename is advised.
422.6695 	EXP 	a_card: autoDraw = False
422.6695 	EXP 	a_card: autoDraw = False
422.6695 	EXP 	a_card: image = 'jack_of_diamonds'
423.1634 	EXP 	a_card: autoDraw = True
424.6610 	EXP 	New trial (rep=148, index=0): None
424.6613 	WARNING 	Requested image '3_of_clubs' not found but similar filename '3_of_clubs.png' exists. This will be used instead but changing the filename is advised.
424.6698 	EXP 	a_card: autoDraw = False
424.6698 	EXP 	a_card: autoDraw = False
424.6698 	EXP 	a_card: image = '3_of_clubs'
425.1631 	EXP 	a_card: autoDraw = True
426.6608 	EXP 	New trial (rep=149, index=0): None
426.6610 	WARNING 	Requested image '6_of_hearts' not found but similar filename '6_of_hearts.png' exists. This will be used instead but changing the filename is advised.
426.6689 	EXP 	a_card: autoDraw = False
426.6689 	EXP 	a_card: autoDraw = False
426.6689 	EXP 	a_card: image = '6_of_hearts'
427.1630 	EXP 	a_card: autoDraw = True
428.6607 	EXP 	New trial (rep=150, index=0): None
428.6610 	WARNING 	Requested image 'ace_of_hearts' not found but similar filename 'ace_of_hearts.png' exists. This will be used instead but changing the filename is advised.
428.6691 	EXP 	a_card: autoDraw = False
428.6691 	EXP 	a_card: autoDraw = False
428.6691 	EXP 	a_card: image = 'ace_of_hearts'
429.1627 	EXP 	a_card: autoDraw = True
430.6608 	EXP 	New trial (rep=151, index=0): None
430.6611 	WARNING 	Requested image '6_of_hearts' not found but similar filename '6_of_hearts.png' exists. This will be used instead but changing the filename is advised.
430.6691 	EXP 	a_card: autoDraw = False
430.6691 	EXP 	a_card: autoDraw = False
430.6691 	EXP 	a_card: image = '6_of_hearts'
431.1626 	EXP 	a_card: autoDraw = True
432.6605 	EXP 	New trial (rep=152, index=0): None
432.6608 	WARNING 	Requested image '6_of_hearts' not found but similar filename '6_of_hearts.png' exists. This will be used instead but changing the filename is advised.
432.6685 	EXP 	a_card: autoDraw = False
432.6685 	EXP 	a_card: autoDraw = False
432.6685 	EXP 	a_card: image = '6_of_hearts'
433.1625 	EXP 	a_card: autoDraw = True
434.6600 	EXP 	New trial (rep=153, index=0): None
434.6603 	WARNING 	Requested image '10_of_diamonds' not found but similar filename '10_of_diamonds.png' exists. This will be used instead but changing the filename is advised.
434.6679 	EXP 	a_card: autoDraw = False
434.6679 	EXP 	a_card: autoDraw = False
434.6679 	EXP 	a_card: image = '10_of_diamonds'
435.1623 	EXP 	a_card: autoDraw = True
436.6598 	EXP 	New trial (rep=154, index=0): None
436.6601 	WARNING 	Requested image 'ace_of_hearts' not found but similar filename 'ace_of_hearts.png' exists. This will be used instead but changing the filename is advised.
436.6677 	EXP 	a_card: autoDraw = False
436.6677 	EXP 	a_card: autoDraw = False
436.6677 	EXP 	a_card: image = 'ace_of_hearts'
437.1619 	EXP 	a_card: autoDraw = True
438.6596 	EXP 	New trial (rep=155, index=0): None
438.6599 	WARNING 	Requested image '6_of_hearts' not found but similar filename '6_of_hearts.png' exists. This will be used instead but changing the filename is advised.
438.6681 	EXP 	a_card: autoDraw = False
438.6681 	EXP 	a_card: autoDraw = False
438.6681 	EXP 	a_card: image = '6_of_hearts'
439.1618 	EXP 	a_card: autoDraw = True
440.6593 	EXP 	New trial (rep=156, index=0): None
440.6595 	WARNING 	Requested image '2_of_hearts' not found but similar filename '2_of_hearts.png' exists. This will be used instead but changing the filename is advised.
440.6679 	EXP 	a_card: autoDraw = False
440.6679 	EXP 	a_card: autoDraw = False
440.6679 	EXP 	a_card: image = '2_of_hearts'
441.1615 	EXP 	a_card: autoDraw = True
442.6591 	EXP 	New trial (rep=157, index=0): None
442.6594 	WARNING 	Requested image '4_of_clubs' not found but similar filename '4_of_clubs.png' exists. This will be used instead but changing the filename is advised.
442.6668 	EXP 	a_card: autoDraw = False
442.6668 	EXP 	a_card: autoDraw = False
442.6668 	EXP 	a_card: image = '4_of_clubs'
443.1614 	EXP 	a_card: autoDraw = True
444.6589 	EXP 	New trial (rep=158, index=0): None
444.6592 	WARNING 	Requested image 'ace_of_hearts' not found but similar filename 'ace_of_hearts.png' exists. This will be used instead but changing the filename is advised.
444.6670 	EXP 	a_card: autoDraw = False
444.6670 	EXP 	a_card: autoDraw = False
444.6670 	EXP 	a_card: image = 'ace_of_hearts'
445.1611 	EXP 	a_card: autoDraw = True
446.6588 	EXP 	New trial (rep=159, index=0): None
446.6590 	WARNING 	Requested image '10_of_diamonds' not found but similar filename '10_of_diamonds.png' exists. This will be used instead but changing the filename is advised.
446.6668 	EXP 	a_card: autoDraw = False
446.6668 	EXP 	a_card: autoDraw = False
446.6668 	EXP 	a_card: image = '10_of_diamonds'
447.1609 	EXP 	a_card: autoDraw = True
448.6588 	EXP 	New trial (rep=160, index=0): None
448.6591 	WARNING 	Requested image '6_of_hearts' not found but similar filename '6_of_hearts.png' exists. This will be used instead but changing the filename is advised.
448.6670 	EXP 	a_card: autoDraw = False
448.6670 	EXP 	a_card: autoDraw = False
448.6670 	EXP 	a_card: image = '6_of_hearts'
449.1607 	EXP 	a_card: autoDraw = True
450.6585 	EXP 	New trial (rep=161, index=0): None
450.6587 	WARNING 	Requested image '10_of_diamonds' not found but similar filename '10_of_diamonds.png' exists. This will be used instead but changing the filename is advised.
450.6664 	EXP 	a_card: autoDraw = False
450.6664 	EXP 	a_card: autoDraw = False
450.6664 	EXP 	a_card: image = '10_of_diamonds'
451.1605 	EXP 	a_card: autoDraw = True
452.6582 	EXP 	New trial (rep=162, index=0): None
452.6585 	WARNING 	Requested image '10_of_diamonds' not found but similar filename '10_of_diamonds.png' exists. This will be used instead but changing the filename is advised.
452.6668 	EXP 	a_card: autoDraw = False
452.6668 	EXP 	a_card: autoDraw = False
452.6668 	EXP 	a_card: image = '10_of_diamonds'
453.1604 	EXP 	a_card: autoDraw = True
454.6581 	EXP 	New trial (rep=163, index=0): None
454.6584 	WARNING 	Requested image '3_of_clubs' not found but similar filename '3_of_clubs.png' exists. This will be used instead but changing the filename is advised.
454.6667 	EXP 	a_card: autoDraw = False
454.6667 	EXP 	a_card: autoDraw = False
454.6667 	EXP 	a_card: image = '3_of_clubs'
455.1602 	EXP 	a_card: autoDraw = True
456.6578 	EXP 	New trial (rep=164, index=0): None
456.6581 	WARNING 	Requested image '6_of_hearts' not found but similar filename '6_of_hearts.png' exists. This will be used instead but changing the filename is advised.
456.6662 	EXP 	a_card: autoDraw = False
456.6662 	EXP 	a_card: autoDraw = False
456.6662 	EXP 	a_card: image = '6_of_hearts'
457.1599 	EXP 	a_card: autoDraw = True
458.6576 	EXP 	New trial (rep=165, index=0): None
458.6578 	WARNING 	Requested image '3_of_clubs' not found but similar filename '3_of_clubs.png' exists. This will be used instead but changing the filename is advised.
458.6656 	EXP 	a_card: autoDraw = False
458.6656 	EXP 	a_card: autoDraw = False
458.6656 	EXP 	a_card: image = '3_of_clubs'
459.1597 	EXP 	a_card: autoDraw = True
460.6575 	EXP 	New trial (rep=166, index=0): None
460.6577 	WARNING 	Requested image 'jack_of_diamonds' not found but similar filename 'jack_of_diamonds.png' exists. This will be used instead but changing the filename is advised.
460.6655 	EXP 	a_card: autoDraw = False
460.6655 	EXP 	a_card: autoDraw = False
460.6655 	EXP 	a_card: image = 'jack_of_diamonds'
461.1656 	EXP 	a_card: autoDraw = True
462.6630 	EXP 	New trial (rep=167, index=0): None
462.6633 	WARNING 	Requested image '3_of_clubs' not found but similar filename '3_of_clubs.png' exists. This will be used instead but changing the filename is advised.
462.6738 	EXP 	a_card: autoDraw = False
462.6738 	EXP 	a_card: image = '3_of_clubs'
463.1653 	EXP 	a_card: autoDraw = True
464.6628 	EXP 	New trial (rep=168, index=0): None
464.6631 	WARNING 	Requested image '2_of_hearts' not found but similar filename '2_of_hearts.png' exists. This will be used instead but changing the filename is advised.
464.6712 	EXP 	a_card: autoDraw = False
464.6712 	EXP 	a_card: image = '2_of_hearts'
465.1653 	EXP 	a_card: autoDraw = True
466.6602 	EXP 	New trial (rep=169, index=0): None
466.6604 	WARNING 	Requested image 'jack_of_diamonds' not found but similar filename 'jack_of_diamonds.png' exists. This will be used instead but changing the filename is advised.
466.6683 	EXP 	a_card: autoDraw = False
466.6683 	EXP 	a_card: autoDraw = False
466.6683 	EXP 	a_card: image = 'jack_of_diamonds'
467.1649 	EXP 	a_card: autoDraw = True
468.6624 	EXP 	New trial (rep=170, index=0): None
468.6627 	WARNING 	Requested image '10_of_diamonds' not found but similar filename '10_of_diamonds.png' exists. This will be used instead but changing the filename is advised.
468.6706 	EXP 	a_card: autoDraw = False
468.6706 	EXP 	a_card: image = '10_of_diamonds'
469.1647 	EXP 	a_card: autoDraw = True
470.6622 	EXP 	New trial (rep=171, index=0): None
470.6625 	WARNING 	Requested image '6_of_hearts' not found but similar filename '6_of_hearts.png' exists. This will be used instead but changing the filename is advised.
470.6711 	EXP 	a_card: autoDraw = False
470.6711 	EXP 	a_card: image = '6_of_hearts'
471.1646 	EXP 	a_card: autoDraw = True
472.6620 	EXP 	New trial (rep=172, index=0): None
472.6623 	WARNING 	Requested image '10_of_diamonds' not found but similar filename '10_of_diamonds.png' exists. This will be used instead but changing the filename is advised.
472.6702 	EXP 	a_card: autoDraw = False
472.6702 	EXP 	a_card: image = '10_of_diamonds'
473.1646 	EXP 	a_card: autoDraw = True
474.6619 	EXP 	New trial (rep=173, index=0): None
474.6623 	WARNING 	Requested image 'jack_of_diamonds' not found but similar filename 'jack_of_diamonds.png' exists. This will be used instead but changing the filename is advised.
474.6702 	EXP 	a_card: autoDraw = False
474.6702 	EXP 	a_card: autoDraw = False
474.6702 	EXP 	a_card: image = 'jack_of_diamonds'
475.1641 	EXP 	a_card: autoDraw = True
476.6573 	EXP 	New trial (rep=174, index=0): None
476.6576 	WARNING 	Requested image 'jack_of_diamonds' not found but similar filename 'jack_of_diamonds.png' exists. This will be used instead but changing the filename is advised.
476.6658 	EXP 	a_card: autoDraw = False
476.6658 	EXP 	a_card: autoDraw = False
476.6658 	EXP 	a_card: image = 'jack_of_diamonds'
477.1639 	EXP 	a_card: autoDraw = True
478.6571 	EXP 	New trial (rep=175, index=0): None
478.6574 	WARNING 	Requested image '6_of_hearts' not found but similar filename '6_of_hearts.png' exists. This will be used instead but changing the filename is advised.
478.6653 	EXP 	a_card: autoDraw = False
478.6653 	EXP 	a_card: autoDraw = False
478.6653 	EXP 	a_card: image = '6_of_hearts'
479.1638 	EXP 	a_card: autoDraw = True
480.6613 	EXP 	New trial (rep=176, index=0): None
480.6616 	WARNING 	Requested image '6_of_hearts' not found but similar filename '6_of_hearts.png' exists. This will be used instead but changing the filename is advised.
480.6692 	EXP 	a_card: autoDraw = False
480.6692 	EXP 	a_card: autoDraw = False
480.6692 	EXP 	a_card: image = '6_of_hearts'
481.1635 	EXP 	a_card: autoDraw = True
482.6611 	EXP 	New trial (rep=177, index=0): None
482.6614 	WARNING 	Requested image 'jack_of_diamonds' not found but similar filename 'jack_of_diamonds.png' exists. This will be used instead but changing the filename is advised.
482.6694 	EXP 	a_card: autoDraw = False
482.6694 	EXP 	a_card: autoDraw = False
482.6694 	EXP 	a_card: image = 'jack_of_diamonds'
483.1634 	EXP 	a_card: autoDraw = True
484.6610 	EXP 	New trial (rep=178, index=0): None
484.6613 	WARNING 	Requested image 'jack_of_diamonds' not found but similar filename 'jack_of_diamonds.png' exists. This will be used instead but changing the filename is advised.
484.6698 	EXP 	a_card: autoDraw = False
484.6698 	EXP 	a_card: autoDraw = False
484.6698 	EXP 	a_card: image = 'jack_of_diamonds'
485.1631 	EXP 	a_card: autoDraw = True
486.6608 	EXP 	New trial (rep=179, index=0): None
486.6611 	WARNING 	Requested image 'jack_of_diamonds' not found but similar filename 'jack_of_diamonds.png' exists. This will be used instead but changing the filename is advised.
486.6693 	EXP 	a_card: autoDraw = False
486.6693 	EXP 	a_card: autoDraw = False
486.6693 	EXP 	a_card: image = 'jack_of_diamonds'
487.1629 	EXP 	a_card: autoDraw = True
488.6658 	EXP 	a_card: autoDraw = False
488.6658 	EXP 	a_card: autoDraw = False
488.6658 	EXP 	text_5: autoDraw = True
535.1380 	DATA 	Mouse: Left button down, pos=(1824,1128)
535.2609 	DATA 	Mouse:  Left button up, pos=(1824,1128)
536.2313 	DATA 	Keypress: space
536.2363 	EXP 	text_5: autoDraw = False
536.3102 	EXP 	window1: mouseVisible = True
