2.8913 	WARNING 	We strongly recommend you activate the PTB sound engine in PsychoPy prefs as the preferred audio engine. Its timing is vastly superior. Your prefs are currently set to use ['sounddevice', 'PTB', 'pyo', 'pygame'] (in that order).
7.5676 	WARNING 	User requested fullscreen with size [1707 1067], but screen is actually [2560, 1600]. Using actual size
8.1421 	EXP 	Created window1 = Window(allowGUI=True, allowStencil=False, autoLog=True, backendConf=UNKNOWN, bitsMode=UNKNOWN, blendMode='avg', bpc=(8, 8, 8), color=array([0, 0, 0]), colorSpace='rgb', depthBits=8, fullscr=<method-wrapper '__getattribute__' of attributeSetter object at 0x000002886E46E2E0>, gamma=None, gammaErrorPolicy='raise', lms=UNKNOWN, monitor=<psychopy.monitors.calibTools.Monitor object at 0x000002886E9CE640>, multiSample=False, name='window1', numSamples=2, pos=(0, 0), screen=0, size=array([2560, 1600]), stencilBits=0, stereo=False, units='height', useFBO=True, useRetina=False, viewOri=0.0, viewPos=None, viewScale=None, waitBlanking=True, winType='pyglet')
8.1423 	EXP 	window1: mouseVisible = True
8.1425 	EXP 	window1: mouseVisible = False
8.1425 	EXP 	window1: Attempting to measure frame rate of screen (0) ...
8.1426 	EXP 	window1: recordFrameIntervals = False
8.2615 	EXP 	window1: recordFrameIntervals = True
8.3960 	EXP 	Screen (0) actual frame rate measured at 82.42Hz
8.3961 	EXP 	window1: recordFrameIntervals = False
11.8399 	EXP 	Created text_2 = TextStim(__class__=<class 'psychopy.visual.text.TextStim'>, alignHoriz=method-wrapper(...), alignText='center', alignVert=method-wrapper(...), anchorHoriz='center', anchorVert='center', antialias=True, autoDraw=False, autoLog=True, bold=False, color=array([1, 1, 1]), colorSpace='rgb', contrast=1.0, depth=-1.0, flipHoriz=False, flipVert=False, font='Open Sans', fontFiles=[], height=0.05, italic=False, languageStyle='LTR', name='text_2', opacity=1.0, ori=0.0, pos=array([0., 0.]), rgb=UNKNOWN, text='press to begin\n', units='height', win=Window(...), wrapWidth=1)
11.8448 	EXP 	Created image = ImageStim(__class__=<class 'psychopy.visual.image.ImageStim'>, anchor=('center', 'center'), autoLog=True, color=array([1, 1, 1]), colorSpace='rgb', contrast=1.0, depth=-2.0, flipHoriz=False, flipVert=False, image='sin', interpolate=True, mask=None, maskParams=None, name='image', opacity=1.0, ori=0.0, pos=array([0., 0.]), size=array([300., 400.]), texRes=128.0, units='pix', win=Window(...))
11.8488 	EXP 	Created image_2 = ImageStim(__class__=<class 'psychopy.visual.image.ImageStim'>, anchor=('center', 'center'), autoLog=True, color=array([1, 1, 1]), colorSpace='rgb', contrast=1.0, depth=-3.0, flipHoriz=False, flipVert=False, image='sin', interpolate=True, mask=None, maskParams=None, name='image_2', opacity=1.0, ori=0.0, pos=array([0., 0.]), size=array([300., 400.]), texRes=128.0, units='pix', win=Window(...))
11.8527 	EXP 	Created image_3 = ImageStim(__class__=<class 'psychopy.visual.image.ImageStim'>, anchor=('center', 'center'), autoLog=True, color=array([1, 1, 1]), colorSpace='rgb', contrast=1.0, depth=-4.0, flipHoriz=False, flipVert=False, image='sin', interpolate=True, mask=None, maskParams=None, name='image_3', opacity=1.0, ori=0.0, pos=array([0., 0.]), size=array([300., 400.]), texRes=128.0, units='pix', win=Window(...))
11.8565 	EXP 	Created image_4 = ImageStim(__class__=<class 'psychopy.visual.image.ImageStim'>, anchor=('center', 'center'), autoLog=True, color=array([1, 1, 1]), colorSpace='rgb', contrast=1.0, depth=-5.0, flipHoriz=False, flipVert=False, image='sin', interpolate=True, mask=None, maskParams=None, name='image_4', opacity=1.0, ori=0.0, pos=array([0., 0.]), size=array([300., 400.]), texRes=128.0, units='pix', win=Window(...))
11.8603 	EXP 	Created image_5 = ImageStim(__class__=<class 'psychopy.visual.image.ImageStim'>, anchor=('center', 'center'), autoLog=True, color=array([1, 1, 1]), colorSpace='rgb', contrast=1.0, depth=-6.0, flipHoriz=False, flipVert=False, image='sin', interpolate=True, mask=None, maskParams=None, name='image_5', opacity=1.0, ori=0.0, pos=array([0., 0.]), size=array([300., 400.]), texRes=128.0, units='pix', win=Window(...))
11.8647 	EXP 	Created image_6 = ImageStim(__class__=<class 'psychopy.visual.image.ImageStim'>, anchor=('center', 'center'), autoLog=True, color=array([1, 1, 1]), colorSpace='rgb', contrast=1.0, depth=-7.0, flipHoriz=False, flipVert=False, image='sin', interpolate=True, mask=None, maskParams=None, name='image_6', opacity=1.0, ori=0.0, pos=array([0., 0.]), size=array([300., 400.]), texRes=128.0, units='pix', win=Window(...))
11.8690 	EXP 	Created image_7 = ImageStim(__class__=<class 'psychopy.visual.image.ImageStim'>, anchor=('center', 'center'), autoLog=True, color=array([1, 1, 1]), colorSpace='rgb', contrast=1.0, depth=-8.0, flipHoriz=False, flipVert=False, image='sin', interpolate=True, mask=None, maskParams=None, name='image_7', opacity=1.0, ori=0.0, pos=array([0., 0.]), size=array([300., 400.]), texRes=128.0, units='pix', win=Window(...))
11.8727 	EXP 	Created image_8 = ImageStim(__class__=<class 'psychopy.visual.image.ImageStim'>, anchor=('center', 'center'), autoLog=True, color=array([1, 1, 1]), colorSpace='rgb', contrast=1.0, depth=-9.0, flipHoriz=False, flipVert=False, image='sin', interpolate=True, mask=None, maskParams=None, name='image_8', opacity=1.0, ori=0.0, pos=array([0., 0.]), size=array([300., 400.]), texRes=128.0, units='pix', win=Window(...))
11.8767 	EXP 	Created image_9 = ImageStim(__class__=<class 'psychopy.visual.image.ImageStim'>, anchor=('center', 'center'), autoLog=True, color=array([1, 1, 1]), colorSpace='rgb', contrast=1.0, depth=-10.0, flipHoriz=False, flipVert=False, image='sin', interpolate=True, mask=None, maskParams=None, name='image_9', opacity=1.0, ori=0.0, pos=array([0., 0.]), size=array([300., 400.]), texRes=128.0, units='pix', win=Window(...))
11.8805 	EXP 	Created image_10 = ImageStim(__class__=<class 'psychopy.visual.image.ImageStim'>, anchor=('center', 'center'), autoLog=True, color=array([1, 1, 1]), colorSpace='rgb', contrast=1.0, depth=-1.0, flipHoriz=False, flipVert=False, image='sin', interpolate=True, mask=None, maskParams=None, name='image_10', opacity=1.0, ori=0.0, pos=array([0., 0.]), size=array([300., 400.]), texRes=128.0, units='pix', win=Window(...))
11.8965 	EXP 	text_2: autoDraw = True
13.2668 	WARNING 	Requested image '9_of_diamonds' not found but similar filename '9_of_diamonds.png' exists. This will be used instead but changing the filename is advised.
13.2877 	WARNING 	Requested image '8_of_spades' not found but similar filename '8_of_spades.png' exists. This will be used instead but changing the filename is advised.
13.2992 	WARNING 	Requested image '9_of_clubs' not found but similar filename '9_of_clubs.png' exists. This will be used instead but changing the filename is advised.
13.3103 	WARNING 	Requested image '10_of_hearts' not found but similar filename '10_of_hearts.png' exists. This will be used instead but changing the filename is advised.
13.3219 	WARNING 	Requested image 'jack_of_spades' not found but similar filename 'jack_of_spades.png' exists. This will be used instead but changing the filename is advised.
13.3341 	WARNING 	Requested image '2_of_clubs' not found but similar filename '2_of_clubs.png' exists. This will be used instead but changing the filename is advised.
13.3464 	WARNING 	Requested image '7_of_diamonds' not found but similar filename '7_of_diamonds.png' exists. This will be used instead but changing the filename is advised.
13.3577 	WARNING 	Requested image '3_of_spades' not found but similar filename '3_of_spades.png' exists. This will be used instead but changing the filename is advised.
13.3695 	WARNING 	Requested image 'ace_of_hearts' not found but similar filename 'ace_of_hearts.png' exists. This will be used instead but changing the filename is advised.
13.3975 	DATA 	Keypress: space
13.4054 	EXP 	text_2: autoDraw = False
13.4054 	EXP 	image: image = '9_of_diamonds'
13.4054 	EXP 	image_2: image = '8_of_spades'
13.4054 	EXP 	image_3: image = '9_of_clubs'
13.4054 	EXP 	image_4: image = '10_of_hearts'
13.4054 	EXP 	image_5: image = 'jack_of_spades'
13.4054 	EXP 	image_6: image = '2_of_clubs'
13.4054 	EXP 	image_7: image = '7_of_diamonds'
13.4054 	EXP 	image_8: image = '3_of_spades'
13.4054 	EXP 	image_9: image = 'ace_of_hearts'
13.4054 	EXP 	image: autoDraw = True
13.4054 	EXP 	image_2: autoDraw = True
13.4054 	EXP 	image_3: autoDraw = True
13.4054 	EXP 	image_4: autoDraw = True
13.4054 	EXP 	image_5: autoDraw = True
13.4054 	EXP 	image_6: autoDraw = True
13.4054 	EXP 	image_7: autoDraw = True
13.4054 	EXP 	image_8: autoDraw = True
13.4054 	EXP 	image_9: autoDraw = True
28.6133 	EXP 	Created sequence: random, trialTypes=1, nReps=50, seed=None
28.6138 	EXP 	New trial (rep=0, index=0): None
28.6142 	WARNING 	Requested image '9_of_diamonds' not found but similar filename '9_of_diamonds.png' exists. This will be used instead but changing the filename is advised.
28.6274 	DATA 	Keypress: space
28.6338 	EXP 	image: autoDraw = False
28.6338 	EXP 	image_2: autoDraw = False
28.6338 	EXP 	image_3: autoDraw = False
28.6338 	EXP 	image_4: autoDraw = False
28.6338 	EXP 	image_5: autoDraw = False
28.6338 	EXP 	image_6: autoDraw = False
28.6338 	EXP 	image_7: autoDraw = False
28.6338 	EXP 	image_8: autoDraw = False
28.6338 	EXP 	image_9: autoDraw = False
28.6338 	EXP 	image_10: image = '9_of_diamonds'
28.9077 	EXP 	image_10: autoDraw = True
30.1979 	EXP 	New trial (rep=1, index=0): None
30.1983 	WARNING 	Requested image '9_of_diamonds' not found but similar filename '9_of_diamonds.png' exists. This will be used instead but changing the filename is advised.
30.2148 	EXP 	image_10: autoDraw = False
30.2148 	EXP 	image_10: autoDraw = False
30.2148 	EXP 	image_10: image = '9_of_diamonds'
30.5062 	EXP 	image_10: autoDraw = True
31.7986 	EXP 	New trial (rep=2, index=0): None
31.7990 	WARNING 	Requested image '9_of_diamonds' not found but similar filename '9_of_diamonds.png' exists. This will be used instead but changing the filename is advised.
31.8152 	EXP 	image_10: autoDraw = False
31.8152 	EXP 	image_10: autoDraw = False
31.8152 	EXP 	image_10: image = '9_of_diamonds'
32.1119 	EXP 	image_10: autoDraw = True
33.4038 	EXP 	New trial (rep=3, index=0): None
33.4042 	WARNING 	Requested image '9_of_diamonds' not found but similar filename '9_of_diamonds.png' exists. This will be used instead but changing the filename is advised.
33.4225 	EXP 	image_10: autoDraw = False
33.4225 	EXP 	image_10: autoDraw = False
33.4225 	EXP 	image_10: image = '9_of_diamonds'
33.7115 	EXP 	image_10: autoDraw = True
35.0031 	EXP 	New trial (rep=4, index=0): None
35.0035 	WARNING 	Requested image '9_of_diamonds' not found but similar filename '9_of_diamonds.png' exists. This will be used instead but changing the filename is advised.
35.0207 	EXP 	image_10: autoDraw = False
35.0207 	EXP 	image_10: autoDraw = False
35.0207 	EXP 	image_10: image = '9_of_diamonds'
35.3066 	EXP 	image_10: autoDraw = True
36.6034 	EXP 	New trial (rep=5, index=0): None
36.6039 	WARNING 	Requested image '9_of_diamonds' not found but similar filename '9_of_diamonds.png' exists. This will be used instead but changing the filename is advised.
36.6210 	EXP 	image_10: autoDraw = False
36.6210 	EXP 	image_10: autoDraw = False
36.6210 	EXP 	image_10: image = '9_of_diamonds'
36.9119 	EXP 	image_10: autoDraw = True
37.2952 	DATA 	Keypress: escape
37.9046 	EXP 	window1: mouseVisible = True
