1.9966 	ERROR 	Support for the `sounddevice` audio backend is not available this session. Please install `psychopy-sounddevice` and restart the session to enable support.
5.3912 	WARNING 	User requested fullscreen with size [1707 1067], but screen is actually [2560, 1600]. Using actual size
5.7826 	EXP 	Created window1 = Window(allowGUI=True, allowStencil=False, autoLog=True, backendConf=UNKNOWN, backgroundFit=<method-wrapper '__getattribute__' of attributeSetter object at 0x000001A8B3C33F10>, backgroundImage=<method-wrapper '__getattribute__' of attributeSetter object at 0x000001A8B3C33EB0>, bitsMode=UNKNOWN, blendMode='avg', bpc=(8, 8, 8), color=array([0, 0, 0]), colorSpace='rgb', depthBits=8, fullscr=<method-wrapper '__getattribute__' of attributeSetter object at 0x000001A8B3C33BB0>, gamma=None, gammaErrorPolicy='raise', lms=UNKNOWN, monitor=<psychopy.monitors.calibTools.Monitor object at 0x000001A8B503BA00>, multiSample=False, name='window1', numSamples=2, pos=(-2560, 0), screen=0, size=array([2560, 1600]), stencilBits=0, stereo=False, units='height', useFBO=True, useRetina=False, viewOri=0.0, viewPos=None, viewScale=None, waitBlanking=True, winType='pyglet')
5.7826 	EXP 	window1: mouseVisible = True
5.7827 	EXP 	window1: backgroundImage = ''
5.7827 	EXP 	window1: backgroundFit = 'none'
5.7827 	EXP 	window1: mouseVisible = False
5.7827 	EXP 	window1: Attempting to measure frame rate of screen (0) ...
5.7827 	EXP 	window1: recordFrameIntervals = False
5.8426 	EXP 	window1: recordFrameIntervals = True
5.9094 	EXP 	Screen (0) actual frame rate measured at 165.85Hz
5.9094 	EXP 	window1: recordFrameIntervals = False
7.5530 	EXP 	Created text_2 = TextStim(__class__=<class 'psychopy.visual.text.TextStim'>, alignHoriz=method-wrapper(...), alignText='center', alignVert=method-wrapper(...), anchorHoriz='center', anchorVert='center', antialias=True, autoDraw=False, autoLog=True, bold=False, color=array([1., 1., 1.]), colorSpace='rgb', contrast=1.0, depth=-1.0, flipHoriz=False, flipVert=False, font='Open Sans', fontFiles=[], height=0.05, italic=False, languageStyle='LTR', name='text_2', opacity=1.0, ori=0.0, pos=array([0., 0.]), rgb=UNKNOWN, text='press to begin\n', units='height', win=Window(...), wrapWidth=1)
7.5694 	EXP 	Created card_1 = ImageStim(__class__=<class 'psychopy.visual.image.ImageStim'>, anchor=('center', 'center'), autoLog=True, color=array([1., 1., 1.]), colorSpace='rgb', contrast=1.0, depth=-2.0, flipHoriz=False, flipVert=False, image='default.png', interpolate=True, mask=None, maskParams=None, name='card_1', opacity=1.0, ori=0.0, pos=array([0., 0.]), size=array([300., 400.]), texRes=128.0, units='pix', win=Window(...))
7.5791 	EXP 	Created card_2 = ImageStim(__class__=<class 'psychopy.visual.image.ImageStim'>, anchor=('center', 'center'), autoLog=True, color=array([1., 1., 1.]), colorSpace='rgb', contrast=1.0, depth=-3.0, flipHoriz=False, flipVert=False, image='default.png', interpolate=True, mask=None, maskParams=None, name='card_2', opacity=1.0, ori=0.0, pos=array([0., 0.]), size=array([300., 400.]), texRes=128.0, units='pix', win=Window(...))
7.5995 	EXP 	Created card_3 = ImageStim(__class__=<class 'psychopy.visual.image.ImageStim'>, anchor=('center', 'center'), autoLog=True, color=array([1., 1., 1.]), colorSpace='rgb', contrast=1.0, depth=-4.0, flipHoriz=False, flipVert=False, image='default.png', interpolate=True, mask=None, maskParams=None, name='card_3', opacity=1.0, ori=0.0, pos=array([0., 0.]), size=array([300., 400.]), texRes=128.0, units='pix', win=Window(...))
7.6119 	EXP 	Created card_4 = ImageStim(__class__=<class 'psychopy.visual.image.ImageStim'>, anchor=('center', 'center'), autoLog=True, color=array([1., 1., 1.]), colorSpace='rgb', contrast=1.0, depth=-5.0, flipHoriz=False, flipVert=False, image='default.png', interpolate=True, mask=None, maskParams=None, name='card_4', opacity=1.0, ori=0.0, pos=array([0., 0.]), size=array([300., 400.]), texRes=128.0, units='pix', win=Window(...))
7.6242 	EXP 	Created card_5 = ImageStim(__class__=<class 'psychopy.visual.image.ImageStim'>, anchor=('center', 'center'), autoLog=True, color=array([1., 1., 1.]), colorSpace='rgb', contrast=1.0, depth=-6.0, flipHoriz=False, flipVert=False, image='default.png', interpolate=True, mask=None, maskParams=None, name='card_5', opacity=1.0, ori=0.0, pos=array([0., 0.]), size=array([300., 400.]), texRes=128.0, units='pix', win=Window(...))
7.6528 	EXP 	Created card_6 = ImageStim(__class__=<class 'psychopy.visual.image.ImageStim'>, anchor=('center', 'center'), autoLog=True, color=array([1., 1., 1.]), colorSpace='rgb', contrast=1.0, depth=-7.0, flipHoriz=False, flipVert=False, image='default.png', interpolate=True, mask=None, maskParams=None, name='card_6', opacity=1.0, ori=0.0, pos=array([0., 0.]), size=array([300., 400.]), texRes=128.0, units='pix', win=Window(...))
7.6662 	EXP 	Created card_7 = ImageStim(__class__=<class 'psychopy.visual.image.ImageStim'>, anchor=('center', 'center'), autoLog=True, color=array([1., 1., 1.]), colorSpace='rgb', contrast=1.0, depth=-8.0, flipHoriz=False, flipVert=False, image='default.png', interpolate=True, mask=None, maskParams=None, name='card_7', opacity=1.0, ori=0.0, pos=array([0., 0.]), size=array([300., 400.]), texRes=128.0, units='pix', win=Window(...))
7.6787 	EXP 	Created card_8 = ImageStim(__class__=<class 'psychopy.visual.image.ImageStim'>, anchor=('center', 'center'), autoLog=True, color=array([1., 1., 1.]), colorSpace='rgb', contrast=1.0, depth=-9.0, flipHoriz=False, flipVert=False, image='default.png', interpolate=True, mask=None, maskParams=None, name='card_8', opacity=1.0, ori=0.0, pos=array([0., 0.]), size=array([300., 400.]), texRes=128.0, units='pix', win=Window(...))
7.6899 	EXP 	Created card_9 = ImageStim(__class__=<class 'psychopy.visual.image.ImageStim'>, anchor=('center', 'center'), autoLog=True, color=array([1., 1., 1.]), colorSpace='rgb', contrast=1.0, depth=-10.0, flipHoriz=False, flipVert=False, image='default.png', interpolate=True, mask=None, maskParams=None, name='card_9', opacity=1.0, ori=0.0, pos=array([0., 0.]), size=array([300., 400.]), texRes=128.0, units='pix', win=Window(...))
7.7066 	EXP 	Created a_card = ImageStim(__class__=<class 'psychopy.visual.image.ImageStim'>, anchor=('center', 'center'), autoLog=True, color=array([1., 1., 1.]), colorSpace='rgb', contrast=1.0, depth=-2.0, flipHoriz=False, flipVert=False, image='default.png', interpolate=True, mask=None, maskParams=None, name='a_card', opacity=1.0, ori=0.0, pos=array([0., 0.]), size=array([300., 400.]), texRes=128.0, units='pix', win=Window(...))
7.7766 	EXP 	text_2: autoDraw = True
8.2578 	WARNING 	Requested image '8_of_diamonds' not found but similar filename '8_of_diamonds.png' exists. This will be used instead but changing the filename is advised.
8.2736 	WARNING 	Requested image 'queen_of_clubs' not found but similar filename 'queen_of_clubs.png' exists. This will be used instead but changing the filename is advised.
8.2930 	WARNING 	Requested image 'king_of_diamonds' not found but similar filename 'king_of_diamonds.png' exists. This will be used instead but changing the filename is advised.
8.3117 	WARNING 	Requested image '2_of_spades' not found but similar filename '2_of_spades.png' exists. This will be used instead but changing the filename is advised.
8.3284 	WARNING 	Requested image '2_of_diamonds' not found but similar filename '2_of_diamonds.png' exists. This will be used instead but changing the filename is advised.
8.3454 	WARNING 	Requested image '6_of_diamonds' not found but similar filename '6_of_diamonds.png' exists. This will be used instead but changing the filename is advised.
8.3625 	WARNING 	Requested image 'king_of_spades' not found but similar filename 'king_of_spades.png' exists. This will be used instead but changing the filename is advised.
8.3803 	WARNING 	Requested image '6_of_hearts' not found but similar filename '6_of_hearts.png' exists. This will be used instead but changing the filename is advised.
8.3969 	WARNING 	Requested image 'jack_of_hearts' not found but similar filename 'jack_of_hearts.png' exists. This will be used instead but changing the filename is advised.
8.4167 	DATA 	Keypress: space
8.4204 	EXP 	text_2: autoDraw = False
8.4204 	EXP 	card_1: image = '8_of_diamonds'
8.4204 	EXP 	card_2: image = 'queen_of_clubs'
8.4204 	EXP 	card_3: image = 'king_of_diamonds'
8.4204 	EXP 	card_4: image = '2_of_spades'
8.4204 	EXP 	card_5: image = '2_of_diamonds'
8.4204 	EXP 	card_6: image = '6_of_diamonds'
8.4204 	EXP 	card_7: image = 'king_of_spades'
8.4204 	EXP 	card_8: image = '6_of_hearts'
8.4204 	EXP 	card_9: image = 'jack_of_hearts'
8.4204 	EXP 	card_1: autoDraw = True
8.4204 	EXP 	card_2: autoDraw = True
8.4204 	EXP 	card_3: autoDraw = True
8.4204 	EXP 	card_4: autoDraw = True
8.4204 	EXP 	card_5: autoDraw = True
8.4204 	EXP 	card_6: autoDraw = True
8.4204 	EXP 	card_7: autoDraw = True
8.4204 	EXP 	card_8: autoDraw = True
8.4204 	EXP 	card_9: autoDraw = True
9.0517 	EXP 	Created sequence: random, trialTypes=1, nReps=18, seed=None
9.0518 	EXP 	New trial (rep=0, index=0): None
9.1078 	EXP 	window1: mouseVisible = True
