1.9148 	ERROR 	Support for the `sounddevice` audio backend is not available this session. Please install `psychopy-sounddevice` and restart the session to enable support.
4.9463 	WARNING 	User requested fullscreen with size [1707 1067], but screen is actually [2560, 1600]. Using actual size
5.3250 	EXP 	Created window1 = Window(allowGUI=True, allowStencil=False, autoLog=True, backendConf=UNKNOWN, backgroundFit=<method-wrapper '__getattribute__' of attributeSetter object at 0x0000025304A43DF0>, backgroundImage=<method-wrapper '__getattribute__' of attributeSetter object at 0x0000025304A43D90>, bitsMode=UNKNOWN, blendMode='avg', bpc=(8, 8, 8), color=array([0, 0, 0]), colorSpace='rgb', depthBits=8, fullscr=<method-wrapper '__getattribute__' of attributeSetter object at 0x0000025304A43A90>, gamma=None, gammaErrorPolicy='raise', lms=UNKNOWN, monitor=<psychopy.monitors.calibTools.Monitor object at 0x0000025305F088E0>, multiSample=False, name='window1', numSamples=2, pos=(-2560, 0), screen=0, size=array([2560, 1600]), stencilBits=0, stereo=False, units='height', useFBO=True, useRetina=False, viewOri=0.0, viewPos=None, viewScale=None, waitBlanking=True, winType='pyglet')
5.3250 	EXP 	window1: mouseVisible = True
5.3251 	EXP 	window1: backgroundImage = ''
5.3251 	EXP 	window1: backgroundFit = 'none'
5.3251 	EXP 	window1: mouseVisible = False
5.3251 	EXP 	window1: Attempting to measure frame rate of screen (0) ...
5.3251 	EXP 	window1: recordFrameIntervals = False
5.3873 	EXP 	window1: recordFrameIntervals = True
5.4529 	WARNING 	t of last frame was 7.36ms (=1/135)
5.4531 	EXP 	Screen (0) actual frame rate measured at 162.49Hz
5.4531 	EXP 	window1: recordFrameIntervals = False
7.0915 	EXP 	Created text_2 = TextStim(__class__=<class 'psychopy.visual.text.TextStim'>, alignHoriz=method-wrapper(...), alignText='center', alignVert=method-wrapper(...), anchorHoriz='center', anchorVert='center', antialias=True, autoDraw=False, autoLog=True, bold=False, color=array([1., 1., 1.]), colorSpace='rgb', contrast=1.0, depth=-1.0, flipHoriz=False, flipVert=False, font='Open Sans', fontFiles=[], height=0.05, italic=False, languageStyle='LTR', name='text_2', opacity=1.0, ori=0.0, pos=array([0., 0.]), rgb=UNKNOWN, text='press to begin\n', units='height', win=Window(...), wrapWidth=1)
7.1075 	EXP 	Created card_1 = ImageStim(__class__=<class 'psychopy.visual.image.ImageStim'>, anchor=('center', 'center'), autoLog=True, color=array([1., 1., 1.]), colorSpace='rgb', contrast=1.0, depth=-2.0, flipHoriz=False, flipVert=False, image='default.png', interpolate=True, mask=None, maskParams=None, name='card_1', opacity=1.0, ori=0.0, pos=array([0., 0.]), size=array([300., 400.]), texRes=128.0, units='pix', win=Window(...))
7.1181 	EXP 	Created card_2 = ImageStim(__class__=<class 'psychopy.visual.image.ImageStim'>, anchor=('center', 'center'), autoLog=True, color=array([1., 1., 1.]), colorSpace='rgb', contrast=1.0, depth=-3.0, flipHoriz=False, flipVert=False, image='default.png', interpolate=True, mask=None, maskParams=None, name='card_2', opacity=1.0, ori=0.0, pos=array([0., 0.]), size=array([300., 400.]), texRes=128.0, units='pix', win=Window(...))
7.1393 	EXP 	Created card_3 = ImageStim(__class__=<class 'psychopy.visual.image.ImageStim'>, anchor=('center', 'center'), autoLog=True, color=array([1., 1., 1.]), colorSpace='rgb', contrast=1.0, depth=-4.0, flipHoriz=False, flipVert=False, image='default.png', interpolate=True, mask=None, maskParams=None, name='card_3', opacity=1.0, ori=0.0, pos=array([0., 0.]), size=array([300., 400.]), texRes=128.0, units='pix', win=Window(...))
7.1508 	EXP 	Created card_4 = ImageStim(__class__=<class 'psychopy.visual.image.ImageStim'>, anchor=('center', 'center'), autoLog=True, color=array([1., 1., 1.]), colorSpace='rgb', contrast=1.0, depth=-5.0, flipHoriz=False, flipVert=False, image='default.png', interpolate=True, mask=None, maskParams=None, name='card_4', opacity=1.0, ori=0.0, pos=array([0., 0.]), size=array([300., 400.]), texRes=128.0, units='pix', win=Window(...))
7.1617 	EXP 	Created card_5 = ImageStim(__class__=<class 'psychopy.visual.image.ImageStim'>, anchor=('center', 'center'), autoLog=True, color=array([1., 1., 1.]), colorSpace='rgb', contrast=1.0, depth=-6.0, flipHoriz=False, flipVert=False, image='default.png', interpolate=True, mask=None, maskParams=None, name='card_5', opacity=1.0, ori=0.0, pos=array([0., 0.]), size=array([300., 400.]), texRes=128.0, units='pix', win=Window(...))
7.1858 	EXP 	Created card_6 = ImageStim(__class__=<class 'psychopy.visual.image.ImageStim'>, anchor=('center', 'center'), autoLog=True, color=array([1., 1., 1.]), colorSpace='rgb', contrast=1.0, depth=-7.0, flipHoriz=False, flipVert=False, image='default.png', interpolate=True, mask=None, maskParams=None, name='card_6', opacity=1.0, ori=0.0, pos=array([0., 0.]), size=array([300., 400.]), texRes=128.0, units='pix', win=Window(...))
7.1969 	EXP 	Created card_7 = ImageStim(__class__=<class 'psychopy.visual.image.ImageStim'>, anchor=('center', 'center'), autoLog=True, color=array([1., 1., 1.]), colorSpace='rgb', contrast=1.0, depth=-8.0, flipHoriz=False, flipVert=False, image='default.png', interpolate=True, mask=None, maskParams=None, name='card_7', opacity=1.0, ori=0.0, pos=array([0., 0.]), size=array([300., 400.]), texRes=128.0, units='pix', win=Window(...))
7.2082 	EXP 	Created card_8 = ImageStim(__class__=<class 'psychopy.visual.image.ImageStim'>, anchor=('center', 'center'), autoLog=True, color=array([1., 1., 1.]), colorSpace='rgb', contrast=1.0, depth=-9.0, flipHoriz=False, flipVert=False, image='default.png', interpolate=True, mask=None, maskParams=None, name='card_8', opacity=1.0, ori=0.0, pos=array([0., 0.]), size=array([300., 400.]), texRes=128.0, units='pix', win=Window(...))
7.2206 	EXP 	Created card_9 = ImageStim(__class__=<class 'psychopy.visual.image.ImageStim'>, anchor=('center', 'center'), autoLog=True, color=array([1., 1., 1.]), colorSpace='rgb', contrast=1.0, depth=-10.0, flipHoriz=False, flipVert=False, image='default.png', interpolate=True, mask=None, maskParams=None, name='card_9', opacity=1.0, ori=0.0, pos=array([0., 0.]), size=array([300., 400.]), texRes=128.0, units='pix', win=Window(...))
7.2373 	EXP 	Created a_card = ImageStim(__class__=<class 'psychopy.visual.image.ImageStim'>, anchor=('center', 'center'), autoLog=True, color=array([1., 1., 1.]), colorSpace='rgb', contrast=1.0, depth=-2.0, flipHoriz=False, flipVert=False, image='default.png', interpolate=True, mask=None, maskParams=None, name='a_card', opacity=1.0, ori=0.0, pos=array([0., 0.]), size=array([300., 400.]), texRes=128.0, units='pix', win=Window(...))
7.3055 	EXP 	text_2: autoDraw = True
7.9933 	WARNING 	Requested image '9_of_clubs' not found but similar filename '9_of_clubs.png' exists. This will be used instead but changing the filename is advised.
8.0087 	WARNING 	Requested image 'ace_of_diamonds' not found but similar filename 'ace_of_diamonds.png' exists. This will be used instead but changing the filename is advised.
8.0254 	WARNING 	Requested image 'queen_of_spades' not found but similar filename 'queen_of_spades.png' exists. This will be used instead but changing the filename is advised.
8.0421 	WARNING 	Requested image '9_of_diamonds' not found but similar filename '9_of_diamonds.png' exists. This will be used instead but changing the filename is advised.
8.0590 	WARNING 	Requested image '7_of_spades' not found but similar filename '7_of_spades.png' exists. This will be used instead but changing the filename is advised.
8.0807 	WARNING 	Requested image 'jack_of_diamonds' not found but similar filename 'jack_of_diamonds.png' exists. This will be used instead but changing the filename is advised.
8.0982 	WARNING 	Requested image 'ace_of_hearts' not found but similar filename 'ace_of_hearts.png' exists. This will be used instead but changing the filename is advised.
8.1157 	WARNING 	Requested image '8_of_spades' not found but similar filename '8_of_spades.png' exists. This will be used instead but changing the filename is advised.
8.1360 	WARNING 	Requested image '5_of_clubs' not found but similar filename '5_of_clubs.png' exists. This will be used instead but changing the filename is advised.
8.1557 	DATA 	Keypress: space
8.1591 	EXP 	text_2: autoDraw = False
8.1591 	EXP 	card_1: image = '9_of_clubs'
8.1591 	EXP 	card_2: image = 'ace_of_diamonds'
8.1591 	EXP 	card_3: image = 'queen_of_spades'
8.1591 	EXP 	card_4: image = '9_of_diamonds'
8.1591 	EXP 	card_5: image = '7_of_spades'
8.1591 	EXP 	card_6: image = 'jack_of_diamonds'
8.1591 	EXP 	card_7: image = 'ace_of_hearts'
8.1591 	EXP 	card_8: image = '8_of_spades'
8.1591 	EXP 	card_9: image = '5_of_clubs'
8.1591 	EXP 	card_1: autoDraw = True
8.1591 	EXP 	card_2: autoDraw = True
8.1591 	EXP 	card_3: autoDraw = True
8.1591 	EXP 	card_4: autoDraw = True
8.1591 	EXP 	card_5: autoDraw = True
8.1591 	EXP 	card_6: autoDraw = True
8.1591 	EXP 	card_7: autoDraw = True
8.1591 	EXP 	card_8: autoDraw = True
8.1591 	EXP 	card_9: autoDraw = True
8.9371 	EXP 	Created sequence: random, trialTypes=1, nReps=18, seed=None
8.9373 	EXP 	New trial (rep=0, index=0): None
8.9376 	WARNING 	Requested image '9_of_diamonds' not found but similar filename '9_of_diamonds.png' exists. This will be used instead but changing the filename is advised.
8.9542 	DATA 	Keypress: space
8.9566 	EXP 	card_1: autoDraw = False
8.9566 	EXP 	card_2: autoDraw = False
8.9566 	EXP 	card_3: autoDraw = False
8.9566 	EXP 	card_4: autoDraw = False
8.9566 	EXP 	card_5: autoDraw = False
8.9566 	EXP 	card_6: autoDraw = False
8.9566 	EXP 	card_7: autoDraw = False
8.9566 	EXP 	card_8: autoDraw = False
8.9566 	EXP 	card_9: autoDraw = False
8.9566 	EXP 	a_card: image = '9_of_diamonds'
9.2415 	EXP 	a_card: autoDraw = True
10.5394 	EXP 	New trial (rep=1, index=0): None
10.5397 	WARNING 	Requested image '9_of_clubs' not found but similar filename '9_of_clubs.png' exists. This will be used instead but changing the filename is advised.
10.5472 	EXP 	a_card: autoDraw = False
10.5472 	EXP 	a_card: image = '9_of_clubs'
10.8387 	EXP 	a_card: autoDraw = True
12.1371 	EXP 	New trial (rep=2, index=0): None
12.1374 	WARNING 	Requested image 'jack_of_diamonds' not found but similar filename 'jack_of_diamonds.png' exists. This will be used instead but changing the filename is advised.
12.1460 	EXP 	a_card: autoDraw = False
12.1460 	EXP 	a_card: autoDraw = False
12.1460 	EXP 	a_card: image = 'jack_of_diamonds'
12.4374 	EXP 	a_card: autoDraw = True
13.7363 	EXP 	New trial (rep=3, index=0): None
13.7366 	WARNING 	Requested image '5_of_clubs' not found but similar filename '5_of_clubs.png' exists. This will be used instead but changing the filename is advised.
13.7449 	EXP 	a_card: autoDraw = False
13.7449 	EXP 	a_card: autoDraw = False
13.7449 	EXP 	a_card: image = '5_of_clubs'
14.0366 	EXP 	a_card: autoDraw = True
15.3342 	EXP 	New trial (rep=4, index=0): None
15.3345 	WARNING 	Requested image 'ace_of_diamonds' not found but similar filename 'ace_of_diamonds.png' exists. This will be used instead but changing the filename is advised.
15.3428 	EXP 	a_card: autoDraw = False
15.3428 	EXP 	a_card: autoDraw = False
15.3428 	EXP 	a_card: image = 'ace_of_diamonds'
15.6402 	EXP 	a_card: autoDraw = True
16.9380 	EXP 	New trial (rep=5, index=0): None
16.9383 	WARNING 	Requested image '7_of_spades' not found but similar filename '7_of_spades.png' exists. This will be used instead but changing the filename is advised.
16.9459 	EXP 	a_card: autoDraw = False
16.9459 	EXP 	a_card: image = '7_of_spades'
17.2373 	EXP 	a_card: autoDraw = True
18.5361 	EXP 	New trial (rep=6, index=0): None
18.5364 	WARNING 	Requested image 'jack_of_diamonds' not found but similar filename 'jack_of_diamonds.png' exists. This will be used instead but changing the filename is advised.
18.5443 	EXP 	a_card: autoDraw = False
18.5443 	EXP 	a_card: autoDraw = False
18.5443 	EXP 	a_card: image = 'jack_of_diamonds'
18.8417 	EXP 	a_card: autoDraw = True
20.1396 	EXP 	New trial (rep=7, index=0): None
20.1399 	WARNING 	Requested image 'ace_of_diamonds' not found but similar filename 'ace_of_diamonds.png' exists. This will be used instead but changing the filename is advised.
20.1477 	EXP 	a_card: autoDraw = False
20.1477 	EXP 	a_card: image = 'ace_of_diamonds'
20.4391 	EXP 	a_card: autoDraw = True
21.7371 	EXP 	New trial (rep=8, index=0): None
21.7374 	WARNING 	Requested image '7_of_spades' not found but similar filename '7_of_spades.png' exists. This will be used instead but changing the filename is advised.
21.7454 	EXP 	a_card: autoDraw = False
21.7454 	EXP 	a_card: image = '7_of_spades'
22.0369 	EXP 	a_card: autoDraw = True
23.3363 	EXP 	New trial (rep=9, index=0): None
23.3366 	WARNING 	Requested image '8_of_spades' not found but similar filename '8_of_spades.png' exists. This will be used instead but changing the filename is advised.
23.3441 	EXP 	a_card: autoDraw = False
23.3441 	EXP 	a_card: autoDraw = False
23.3441 	EXP 	a_card: image = '8_of_spades'
23.6356 	EXP 	a_card: autoDraw = True
24.9334 	EXP 	New trial (rep=10, index=0): None
24.9336 	WARNING 	Requested image 'ace_of_hearts' not found but similar filename 'ace_of_hearts.png' exists. This will be used instead but changing the filename is advised.
24.9426 	EXP 	a_card: autoDraw = False
24.9426 	EXP 	a_card: autoDraw = False
24.9426 	EXP 	a_card: image = 'ace_of_hearts'
25.2342 	EXP 	a_card: autoDraw = True
26.5319 	EXP 	New trial (rep=11, index=0): None
26.5322 	WARNING 	Requested image '8_of_spades' not found but similar filename '8_of_spades.png' exists. This will be used instead but changing the filename is advised.
26.5401 	EXP 	a_card: autoDraw = False
26.5401 	EXP 	a_card: autoDraw = False
26.5401 	EXP 	a_card: image = '8_of_spades'
26.8376 	EXP 	a_card: autoDraw = True
28.1365 	EXP 	New trial (rep=12, index=0): None
28.1367 	WARNING 	Requested image '5_of_clubs' not found but similar filename '5_of_clubs.png' exists. This will be used instead but changing the filename is advised.
28.1449 	EXP 	a_card: autoDraw = False
28.1449 	EXP 	a_card: autoDraw = False
28.1449 	EXP 	a_card: image = '5_of_clubs'
28.4362 	EXP 	a_card: autoDraw = True
29.7342 	EXP 	New trial (rep=13, index=0): None
29.7344 	WARNING 	Requested image '9_of_clubs' not found but similar filename '9_of_clubs.png' exists. This will be used instead but changing the filename is advised.
29.7428 	EXP 	a_card: autoDraw = False
29.7428 	EXP 	a_card: autoDraw = False
29.7428 	EXP 	a_card: image = '9_of_clubs'
30.0344 	EXP 	a_card: autoDraw = True
31.3320 	EXP 	New trial (rep=14, index=0): None
31.3323 	WARNING 	Requested image 'ace_of_hearts' not found but similar filename 'ace_of_hearts.png' exists. This will be used instead but changing the filename is advised.
31.3409 	EXP 	a_card: autoDraw = False
31.3409 	EXP 	a_card: autoDraw = False
31.3409 	EXP 	a_card: image = 'ace_of_hearts'
31.6383 	EXP 	a_card: autoDraw = True
32.9366 	EXP 	New trial (rep=15, index=0): None
32.9368 	WARNING 	Requested image 'jack_of_diamonds' not found but similar filename 'jack_of_diamonds.png' exists. This will be used instead but changing the filename is advised.
32.9455 	EXP 	a_card: autoDraw = False
32.9455 	EXP 	a_card: autoDraw = False
32.9455 	EXP 	a_card: image = 'jack_of_diamonds'
33.2370 	EXP 	a_card: autoDraw = True
34.5348 	EXP 	New trial (rep=16, index=0): None
34.5351 	WARNING 	Requested image '9_of_diamonds' not found but similar filename '9_of_diamonds.png' exists. This will be used instead but changing the filename is advised.
34.5436 	EXP 	a_card: autoDraw = False
34.5436 	EXP 	a_card: autoDraw = False
34.5436 	EXP 	a_card: image = '9_of_diamonds'
34.8410 	EXP 	a_card: autoDraw = True
36.1389 	EXP 	New trial (rep=17, index=0): None
36.1392 	WARNING 	Requested image 'ace_of_hearts' not found but similar filename 'ace_of_hearts.png' exists. This will be used instead but changing the filename is advised.
36.1474 	EXP 	a_card: autoDraw = False
36.1474 	EXP 	a_card: image = 'ace_of_hearts'
36.4388 	EXP 	a_card: autoDraw = True
37.7423 	EXP 	a_card: autoDraw = False
37.7423 	EXP 	a_card: autoDraw = False
37.7837 	EXP 	window1: mouseVisible = True
