2.8777 	WARNING 	We strongly recommend you activate the PTB sound engine in PsychoPy prefs as the preferred audio engine. Its timing is vastly superior. Your prefs are currently set to use ['sounddevice', 'PTB', 'pyo', 'pygame'] (in that order).
7.5615 	WARNING 	User requested fullscreen with size [1707 1067], but screen is actually [2560, 1600]. Using actual size
8.1368 	EXP 	Created window1 = Window(allowGUI=True, allowStencil=False, autoLog=True, backendConf=UNKNOWN, bitsMode=UNKNOWN, blendMode='avg', bpc=(8, 8, 8), color=array([0, 0, 0]), colorSpace='rgb', depthBits=8, fullscr=<method-wrapper '__getattribute__' of attributeSetter object at 0x000002400654E310>, gamma=None, gammaErrorPolicy='raise', lms=UNKNOWN, monitor=<psychopy.monitors.calibTools.Monitor object at 0x0000024006A6E670>, multiSample=False, name='window1', numSamples=2, pos=(0, 0), screen=0, size=array([2560, 1600]), stencilBits=0, stereo=False, units='height', useFBO=True, useRetina=False, viewOri=0.0, viewPos=None, viewScale=None, waitBlanking=True, winType='pyglet')
8.1369 	EXP 	window1: mouseVisible = True
8.1371 	EXP 	window1: mouseVisible = False
8.1371 	EXP 	window1: Attempting to measure frame rate of screen (0) ...
8.1371 	EXP 	window1: recordFrameIntervals = False
8.2565 	EXP 	window1: recordFrameIntervals = True
8.3910 	EXP 	Screen (0) actual frame rate measured at 82.42Hz
8.3911 	EXP 	window1: recordFrameIntervals = False
11.7409 	EXP 	Created text_2 = TextStim(__class__=<class 'psychopy.visual.text.TextStim'>, alignHoriz=method-wrapper(...), alignText='center', alignVert=method-wrapper(...), anchorHoriz='center', anchorVert='center', antialias=True, autoDraw=False, autoLog=True, bold=False, color=array([1, 1, 1]), colorSpace='rgb', contrast=1.0, depth=-1.0, flipHoriz=False, flipVert=False, font='Open Sans', fontFiles=[], height=0.05, italic=False, languageStyle='LTR', name='text_2', opacity=1.0, ori=0.0, pos=array([0., 0.]), rgb=UNKNOWN, text='press to begin\n', units='height', win=Window(...), wrapWidth=1)
11.7463 	EXP 	Created image = ImageStim(__class__=<class 'psychopy.visual.image.ImageStim'>, anchor=('center', 'center'), autoLog=True, color=array([1, 1, 1]), colorSpace='rgb', contrast=1.0, depth=-2.0, flipHoriz=False, flipVert=False, image='sin', interpolate=True, mask=None, maskParams=None, name='image', opacity=1.0, ori=0.0, pos=array([0., 0.]), size=array([300., 400.]), texRes=128.0, units='pix', win=Window(...))
11.7501 	EXP 	Created image_2 = ImageStim(__class__=<class 'psychopy.visual.image.ImageStim'>, anchor=('center', 'center'), autoLog=True, color=array([1, 1, 1]), colorSpace='rgb', contrast=1.0, depth=-3.0, flipHoriz=False, flipVert=False, image='sin', interpolate=True, mask=None, maskParams=None, name='image_2', opacity=1.0, ori=0.0, pos=array([0., 0.]), size=array([300., 400.]), texRes=128.0, units='pix', win=Window(...))
11.7539 	EXP 	Created image_3 = ImageStim(__class__=<class 'psychopy.visual.image.ImageStim'>, anchor=('center', 'center'), autoLog=True, color=array([1, 1, 1]), colorSpace='rgb', contrast=1.0, depth=-4.0, flipHoriz=False, flipVert=False, image='sin', interpolate=True, mask=None, maskParams=None, name='image_3', opacity=1.0, ori=0.0, pos=array([0., 0.]), size=array([300., 400.]), texRes=128.0, units='pix', win=Window(...))
11.7576 	EXP 	Created image_4 = ImageStim(__class__=<class 'psychopy.visual.image.ImageStim'>, anchor=('center', 'center'), autoLog=True, color=array([1, 1, 1]), colorSpace='rgb', contrast=1.0, depth=-5.0, flipHoriz=False, flipVert=False, image='sin', interpolate=True, mask=None, maskParams=None, name='image_4', opacity=1.0, ori=0.0, pos=array([0., 0.]), size=array([300., 400.]), texRes=128.0, units='pix', win=Window(...))
11.7613 	EXP 	Created image_5 = ImageStim(__class__=<class 'psychopy.visual.image.ImageStim'>, anchor=('center', 'center'), autoLog=True, color=array([1, 1, 1]), colorSpace='rgb', contrast=1.0, depth=-6.0, flipHoriz=False, flipVert=False, image='sin', interpolate=True, mask=None, maskParams=None, name='image_5', opacity=1.0, ori=0.0, pos=array([0., 0.]), size=array([300., 400.]), texRes=128.0, units='pix', win=Window(...))
11.7654 	EXP 	Created image_6 = ImageStim(__class__=<class 'psychopy.visual.image.ImageStim'>, anchor=('center', 'center'), autoLog=True, color=array([1, 1, 1]), colorSpace='rgb', contrast=1.0, depth=-7.0, flipHoriz=False, flipVert=False, image='sin', interpolate=True, mask=None, maskParams=None, name='image_6', opacity=1.0, ori=0.0, pos=array([0., 0.]), size=array([300., 400.]), texRes=128.0, units='pix', win=Window(...))
11.7692 	EXP 	Created image_7 = ImageStim(__class__=<class 'psychopy.visual.image.ImageStim'>, anchor=('center', 'center'), autoLog=True, color=array([1, 1, 1]), colorSpace='rgb', contrast=1.0, depth=-8.0, flipHoriz=False, flipVert=False, image='sin', interpolate=True, mask=None, maskParams=None, name='image_7', opacity=1.0, ori=0.0, pos=array([0., 0.]), size=array([300., 400.]), texRes=128.0, units='pix', win=Window(...))
11.7729 	EXP 	Created image_8 = ImageStim(__class__=<class 'psychopy.visual.image.ImageStim'>, anchor=('center', 'center'), autoLog=True, color=array([1, 1, 1]), colorSpace='rgb', contrast=1.0, depth=-9.0, flipHoriz=False, flipVert=False, image='sin', interpolate=True, mask=None, maskParams=None, name='image_8', opacity=1.0, ori=0.0, pos=array([0., 0.]), size=array([300., 400.]), texRes=128.0, units='pix', win=Window(...))
11.7769 	EXP 	Created image_9 = ImageStim(__class__=<class 'psychopy.visual.image.ImageStim'>, anchor=('center', 'center'), autoLog=True, color=array([1, 1, 1]), colorSpace='rgb', contrast=1.0, depth=-10.0, flipHoriz=False, flipVert=False, image='sin', interpolate=True, mask=None, maskParams=None, name='image_9', opacity=1.0, ori=0.0, pos=array([0., 0.]), size=array([300., 400.]), texRes=128.0, units='pix', win=Window(...))
11.7808 	EXP 	Created image_10 = ImageStim(__class__=<class 'psychopy.visual.image.ImageStim'>, anchor=('center', 'center'), autoLog=True, color=array([1, 1, 1]), colorSpace='rgb', contrast=1.0, depth=0.0, flipHoriz=False, flipVert=False, image='sin', interpolate=True, mask=None, maskParams=None, name='image_10', opacity=1.0, ori=0.0, pos=array([0., 0.]), size=array([300., 400.]), texRes=128.0, units='pix', win=Window(...))
11.7943 	EXP 	text_2: autoDraw = True
13.3349 	WARNING 	Requested image '2_of_diamonds' not found but similar filename '2_of_diamonds.png' exists. This will be used instead but changing the filename is advised.
13.3475 	WARNING 	Requested image '9_of_clubs' not found but similar filename '9_of_clubs.png' exists. This will be used instead but changing the filename is advised.
13.3682 	WARNING 	Requested image '5_of_diamonds' not found but similar filename '5_of_diamonds.png' exists. This will be used instead but changing the filename is advised.
13.3801 	WARNING 	Requested image '7_of_diamonds' not found but similar filename '7_of_diamonds.png' exists. This will be used instead but changing the filename is advised.
13.3921 	WARNING 	Requested image '6_of_spades' not found but similar filename '6_of_spades.png' exists. This will be used instead but changing the filename is advised.
13.4037 	WARNING 	Requested image '3_of_hearts' not found but similar filename '3_of_hearts.png' exists. This will be used instead but changing the filename is advised.
13.4158 	WARNING 	Requested image '10_of_spades' not found but similar filename '10_of_spades.png' exists. This will be used instead but changing the filename is advised.
13.4289 	WARNING 	Requested image '4_of_hearts' not found but similar filename '4_of_hearts.png' exists. This will be used instead but changing the filename is advised.
13.4407 	WARNING 	Requested image '6_of_diamonds' not found but similar filename '6_of_diamonds.png' exists. This will be used instead but changing the filename is advised.
13.4676 	DATA 	Keypress: space
13.4737 	EXP 	text_2: autoDraw = False
13.4737 	EXP 	image: image = '2_of_diamonds'
13.4737 	EXP 	image_2: image = '9_of_clubs'
13.4737 	EXP 	image_3: image = '5_of_diamonds'
13.4737 	EXP 	image_4: image = '7_of_diamonds'
13.4737 	EXP 	image_5: image = '6_of_spades'
13.4737 	EXP 	image_6: image = '3_of_hearts'
13.4737 	EXP 	image_7: image = '10_of_spades'
13.4737 	EXP 	image_8: image = '4_of_hearts'
13.4737 	EXP 	image_9: image = '6_of_diamonds'
13.4737 	EXP 	image: autoDraw = True
13.4737 	EXP 	image_2: autoDraw = True
13.4737 	EXP 	image_3: autoDraw = True
13.4737 	EXP 	image_4: autoDraw = True
13.4737 	EXP 	image_5: autoDraw = True
13.4737 	EXP 	image_6: autoDraw = True
13.4737 	EXP 	image_7: autoDraw = True
13.4737 	EXP 	image_8: autoDraw = True
13.4737 	EXP 	image_9: autoDraw = True
17.2094 	DATA 	Keypress: space
17.2199 	EXP 	Created sequence: random, trialTypes=1, nReps=50, seed=None
17.2204 	EXP 	New trial (rep=0, index=0): None
17.2207 	WARNING 	Requested image '2_of_diamonds' not found but similar filename '2_of_diamonds.png' exists. This will be used instead but changing the filename is advised.
17.2424 	EXP 	image: autoDraw = False
17.2424 	EXP 	image_2: autoDraw = False
17.2424 	EXP 	image_3: autoDraw = False
17.2424 	EXP 	image_4: autoDraw = False
17.2424 	EXP 	image_5: autoDraw = False
17.2424 	EXP 	image_6: autoDraw = False
17.2424 	EXP 	image_7: autoDraw = False
17.2424 	EXP 	image_8: autoDraw = False
17.2424 	EXP 	image_9: autoDraw = False
17.2424 	EXP 	image_10: image = '2_of_diamonds'
17.5164 	EXP 	image_10: autoDraw = True
18.8070 	EXP 	New trial (rep=1, index=0): None
18.8074 	WARNING 	Requested image '2_of_diamonds' not found but similar filename '2_of_diamonds.png' exists. This will be used instead but changing the filename is advised.
18.8244 	EXP 	image_10: autoDraw = False
18.8244 	EXP 	image_10: autoDraw = False
18.8244 	EXP 	image_10: image = '2_of_diamonds'
19.1149 	EXP 	image_10: autoDraw = True
20.4065 	EXP 	New trial (rep=2, index=0): None
20.4069 	WARNING 	Requested image '2_of_diamonds' not found but similar filename '2_of_diamonds.png' exists. This will be used instead but changing the filename is advised.
20.4240 	EXP 	image_10: autoDraw = False
20.4240 	EXP 	image_10: autoDraw = False
20.4240 	EXP 	image_10: image = '2_of_diamonds'
20.7209 	EXP 	image_10: autoDraw = True
22.0181 	EXP 	New trial (rep=3, index=0): None
22.0184 	WARNING 	Requested image '2_of_diamonds' not found but similar filename '2_of_diamonds.png' exists. This will be used instead but changing the filename is advised.
22.0355 	EXP 	image_10: autoDraw = False
22.0355 	EXP 	image_10: autoDraw = False
22.0355 	EXP 	image_10: image = '2_of_diamonds'
22.3142 	EXP 	image_10: autoDraw = True
23.6069 	EXP 	New trial (rep=4, index=0): None
23.6073 	WARNING 	Requested image '2_of_diamonds' not found but similar filename '2_of_diamonds.png' exists. This will be used instead but changing the filename is advised.
23.6237 	EXP 	image_10: autoDraw = False
23.6237 	EXP 	image_10: autoDraw = False
23.6237 	EXP 	image_10: image = '2_of_diamonds'
23.9143 	EXP 	image_10: autoDraw = True
24.7695 	DATA 	Keypress: escape
25.3415 	EXP 	window1: mouseVisible = True
