1.9159 	ERROR 	Support for the `sounddevice` audio backend is not available this session. Please install `psychopy-sounddevice` and restart the session to enable support.
5.0191 	WARNING 	User requested fullscreen with size [2048 1280], but screen is actually [1920, 1080]. Using actual size
5.5300 	EXP 	Created window1 = Window(allowGUI=True, allowStencil=False, autoLog=True, backendConf=UNKNOWN, backgroundFit=<method-wrapper '__getattribute__' of attributeSetter object at 0x00000243A0E03BB0>, backgroundImage=<method-wrapper '__getattribute__' of attributeSetter object at 0x00000243A0E03B50>, bitsMode=UNKNOWN, blendMode='avg', bpc=(8, 8, 8), color=array([0, 0, 0]), colorSpace='rgb', depthBits=8, fullscr=<method-wrapper '__getattribute__' of attributeSetter object at 0x00000243A0E03850>, gamma=None, gammaErrorPolicy='raise', lms=UNKNOWN, monitor=<psychopy.monitors.calibTools.Monitor object at 0x00000243A755E6A0>, multiSample=False, name='window1', numSamples=2, pos=(0, 0), screen=1, size=array([1920, 1080]), stencilBits=0, stereo=False, units='height', useFBO=True, useRetina=False, viewOri=0.0, viewPos=None, viewScale=None, waitBlanking=True, winType='pyglet')
5.5301 	EXP 	window1: mouseVisible = True
5.5301 	EXP 	window1: backgroundImage = ''
5.5301 	EXP 	window1: backgroundFit = 'none'
5.5302 	EXP 	window1: mouseVisible = False
5.5302 	EXP 	window1: Attempting to measure frame rate of screen (1) ...
5.5302 	EXP 	window1: recordFrameIntervals = False
5.6966 	EXP 	window1: recordFrameIntervals = True
5.8801 	EXP 	Screen (1) actual frame rate measured at 60.17Hz
5.8802 	EXP 	window1: recordFrameIntervals = False
7.6527 	EXP 	Created text_2 = TextStim(__class__=<class 'psychopy.visual.text.TextStim'>, alignHoriz=method-wrapper(...), alignText='center', alignVert=method-wrapper(...), anchorHoriz='center', anchorVert='center', antialias=True, autoDraw=False, autoLog=True, bold=False, color=array([1., 1., 1.]), colorSpace='rgb', contrast=1.0, depth=-1.0, flipHoriz=False, flipVert=False, font='Open Sans', fontFiles=[], height=0.05, italic=False, languageStyle='LTR', name='text_2', opacity=1.0, ori=0.0, pos=array([0., 0.]), rgb=UNKNOWN, text=str(...), units='height', win=Window(...), wrapWidth=1)
7.6877 	EXP 	Created text_3 = TextStim(__class__=<class 'psychopy.visual.text.TextStim'>, alignHoriz=method-wrapper(...), alignText='center', alignVert=method-wrapper(...), anchorHoriz='center', anchorVert='center', antialias=True, autoDraw=False, autoLog=True, bold=False, color=array([1., 1., 1.]), colorSpace='rgb', contrast=1.0, depth=-1.0, flipHoriz=False, flipVert=False, font='Open Sans', fontFiles=[], height=0.03, italic=False, languageStyle='LTR', name='text_3', opacity=1.0, ori=0.0, pos=array([0.  , 0.47]), rgb=UNKNOWN, text='Choose a card. Press space to continue', units='height', win=Window(...), wrapWidth=1)
7.7304 	EXP 	Created card_1 = ImageStim(__class__=<class 'psychopy.visual.image.ImageStim'>, anchor=('center', 'center'), autoLog=True, color=array([1., 1., 1.]), colorSpace='rgb', contrast=1.0, depth=-3.0, flipHoriz=False, flipVert=False, image='default.png', interpolate=True, mask=None, maskParams=None, name='card_1', opacity=1.0, ori=0.0, pos=array([0., 0.]), size=array([0.2  , 0.266]), texRes=128.0, units='height', win=Window(...))
7.7662 	EXP 	Created card_2 = ImageStim(__class__=<class 'psychopy.visual.image.ImageStim'>, anchor=('center', 'center'), autoLog=True, color=array([1., 1., 1.]), colorSpace='rgb', contrast=1.0, depth=-4.0, flipHoriz=False, flipVert=False, image='default.png', interpolate=True, mask=None, maskParams=None, name='card_2', opacity=1.0, ori=0.0, pos=array([0., 0.]), size=array([0.2  , 0.266]), texRes=128.0, units='height', win=Window(...))
7.8360 	EXP 	Created card_3 = ImageStim(__class__=<class 'psychopy.visual.image.ImageStim'>, anchor=('center', 'center'), autoLog=True, color=array([1., 1., 1.]), colorSpace='rgb', contrast=1.0, depth=-5.0, flipHoriz=False, flipVert=False, image='default.png', interpolate=True, mask=None, maskParams=None, name='card_3', opacity=1.0, ori=0.0, pos=array([0., 0.]), size=array([0.2  , 0.266]), texRes=128.0, units='height', win=Window(...))
7.8746 	EXP 	Created card_4 = ImageStim(__class__=<class 'psychopy.visual.image.ImageStim'>, anchor=('center', 'center'), autoLog=True, color=array([1., 1., 1.]), colorSpace='rgb', contrast=1.0, depth=-6.0, flipHoriz=False, flipVert=False, image='default.png', interpolate=True, mask=None, maskParams=None, name='card_4', opacity=1.0, ori=0.0, pos=array([0., 0.]), size=array([0.2  , 0.266]), texRes=128.0, units='height', win=Window(...))
7.8903 	EXP 	Created card_5 = ImageStim(__class__=<class 'psychopy.visual.image.ImageStim'>, anchor=('center', 'center'), autoLog=True, color=array([1., 1., 1.]), colorSpace='rgb', contrast=1.0, depth=-7.0, flipHoriz=False, flipVert=False, image='default.png', interpolate=True, mask=None, maskParams=None, name='card_5', opacity=1.0, ori=0.0, pos=array([0., 0.]), size=array([0.2  , 0.266]), texRes=128.0, units='height', win=Window(...))
7.9035 	EXP 	Created card_6 = ImageStim(__class__=<class 'psychopy.visual.image.ImageStim'>, anchor=('center', 'center'), autoLog=True, color=array([1., 1., 1.]), colorSpace='rgb', contrast=1.0, depth=-8.0, flipHoriz=False, flipVert=False, image='default.png', interpolate=True, mask=None, maskParams=None, name='card_6', opacity=1.0, ori=0.0, pos=array([0., 0.]), size=array([0.2  , 0.266]), texRes=128.0, units='height', win=Window(...))
7.9157 	EXP 	Created card_7 = ImageStim(__class__=<class 'psychopy.visual.image.ImageStim'>, anchor=('center', 'center'), autoLog=True, color=array([1., 1., 1.]), colorSpace='rgb', contrast=1.0, depth=-9.0, flipHoriz=False, flipVert=False, image='default.png', interpolate=True, mask=None, maskParams=None, name='card_7', opacity=1.0, ori=0.0, pos=array([0., 0.]), size=array([0.2  , 0.266]), texRes=128.0, units='height', win=Window(...))
7.9295 	EXP 	Created card_8 = ImageStim(__class__=<class 'psychopy.visual.image.ImageStim'>, anchor=('center', 'center'), autoLog=True, color=array([1., 1., 1.]), colorSpace='rgb', contrast=1.0, depth=-10.0, flipHoriz=False, flipVert=False, image='default.png', interpolate=True, mask=None, maskParams=None, name='card_8', opacity=1.0, ori=0.0, pos=array([0., 0.]), size=array([0.2  , 0.266]), texRes=128.0, units='height', win=Window(...))
7.9418 	EXP 	Created card_9 = ImageStim(__class__=<class 'psychopy.visual.image.ImageStim'>, anchor=('center', 'center'), autoLog=True, color=array([1., 1., 1.]), colorSpace='rgb', contrast=1.0, depth=-11.0, flipHoriz=False, flipVert=False, image='default.png', interpolate=True, mask=None, maskParams=None, name='card_9', opacity=1.0, ori=0.0, pos=array([0., 0.]), size=array([0.2  , 0.266]), texRes=128.0, units='height', win=Window(...))
7.9611 	EXP 	Created text_4 = TextStim(__class__=<class 'psychopy.visual.text.TextStim'>, alignHoriz=method-wrapper(...), alignText='center', alignVert=method-wrapper(...), anchorHoriz='center', anchorVert='center', antialias=True, autoDraw=False, autoLog=True, bold=False, color=array([1., 1., 1.]), colorSpace='rgb', contrast=1.0, depth=0.0, flipHoriz=False, flipVert=False, font='Open Sans', fontFiles=[], height=0.05, italic=False, languageStyle='LTR', name='text_4', opacity=1.0, ori=0.0, pos=array([0., 0.]), rgb=UNKNOWN, text=str(...), units='height', win=Window(...), wrapWidth=1)
7.9622 	EXP 	Created text = TextStim(__class__=<class 'psychopy.visual.text.TextStim'>, alignHoriz=method-wrapper(...), alignText='center', alignVert=method-wrapper(...), anchorHoriz='center', anchorVert='center', antialias=True, autoDraw=False, autoLog=True, bold=False, color=array([1., 1., 1.]), colorSpace='rgb', contrast=1.0, depth=0.0, flipHoriz=False, flipVert=False, font='Open Sans', fontFiles=[], height=0.05, italic=False, languageStyle='LTR', name='text', opacity=1.0, ori=0.0, pos=array([0., 0.]), rgb=UNKNOWN, text='', units='height', win=Window(...), wrapWidth=1)
7.9771 	EXP 	Created card_shown = ImageStim(__class__=<class 'psychopy.visual.image.ImageStim'>, anchor=('center', 'center'), autoLog=True, color=array([1., 1., 1.]), colorSpace='rgb', contrast=1.0, depth=-2.0, flipHoriz=False, flipVert=False, image='default.png', interpolate=True, mask=None, maskParams=None, name='card_shown', opacity=1.0, ori=0.0, pos=array([0., 0.]), size=array([300., 400.]), texRes=128.0, units='pix', win=Window(...))
8.0659 	EXP 	text_2: autoDraw = True
21.5143 	WARNING 	Requested image '5_of_diamonds' not found but similar filename '5_of_diamonds.png' exists. This will be used instead but changing the filename is advised.
21.5301 	WARNING 	Requested image '6_of_diamonds' not found but similar filename '6_of_diamonds.png' exists. This will be used instead but changing the filename is advised.
21.5474 	WARNING 	Requested image 'ace_of_spades' not found but similar filename 'ace_of_spades.png' exists. This will be used instead but changing the filename is advised.
21.5652 	WARNING 	Requested image '9_of_diamonds' not found but similar filename '9_of_diamonds.png' exists. This will be used instead but changing the filename is advised.
21.5827 	WARNING 	Requested image '10_of_diamonds' not found but similar filename '10_of_diamonds.png' exists. This will be used instead but changing the filename is advised.
21.6002 	WARNING 	Requested image 'king_of_hearts' not found but similar filename 'king_of_hearts.png' exists. This will be used instead but changing the filename is advised.
21.6181 	WARNING 	Requested image '7_of_diamonds' not found but similar filename '7_of_diamonds.png' exists. This will be used instead but changing the filename is advised.
21.6356 	WARNING 	Requested image '4_of_diamonds' not found but similar filename '4_of_diamonds.png' exists. This will be used instead but changing the filename is advised.
21.6529 	WARNING 	Requested image '4_of_clubs' not found but similar filename '4_of_clubs.png' exists. This will be used instead but changing the filename is advised.
21.6746 	DATA 	Keypress: space
21.6805 	EXP 	text_2: autoDraw = False
21.6805 	EXP 	card_1: image = '5_of_diamonds'
21.6805 	EXP 	card_2: image = '6_of_diamonds'
21.6805 	EXP 	card_3: image = 'ace_of_spades'
21.6805 	EXP 	card_4: image = '9_of_diamonds'
21.6805 	EXP 	card_5: image = '10_of_diamonds'
21.6805 	EXP 	card_6: image = 'king_of_hearts'
21.6805 	EXP 	card_7: image = '7_of_diamonds'
21.6805 	EXP 	card_8: image = '4_of_diamonds'
21.6805 	EXP 	card_9: image = '4_of_clubs'
21.6805 	EXP 	text_3: autoDraw = True
21.6805 	EXP 	card_1: autoDraw = True
21.6805 	EXP 	card_2: autoDraw = True
21.6805 	EXP 	card_3: autoDraw = True
21.6805 	EXP 	card_4: autoDraw = True
21.6805 	EXP 	card_5: autoDraw = True
21.6805 	EXP 	card_6: autoDraw = True
21.6805 	EXP 	card_7: autoDraw = True
21.6805 	EXP 	card_8: autoDraw = True
21.6805 	EXP 	card_9: autoDraw = True
40.0319 	DATA 	Keypress: space
40.0637 	EXP 	text_3: autoDraw = False
40.0637 	EXP 	card_1: autoDraw = False
40.0637 	EXP 	card_2: autoDraw = False
40.0637 	EXP 	card_3: autoDraw = False
40.0637 	EXP 	card_4: autoDraw = False
40.0637 	EXP 	card_5: autoDraw = False
40.0637 	EXP 	card_6: autoDraw = False
40.0637 	EXP 	card_7: autoDraw = False
40.0637 	EXP 	card_8: autoDraw = False
40.0637 	EXP 	card_9: autoDraw = False
40.0637 	EXP 	text_4: autoDraw = True
58.9657 	EXP 	Created sequence: random, trialTypes=1, nReps=180, seed=None
58.9661 	EXP 	New trial (rep=0, index=0): None
58.9670 	DATA 	Keypress: space
58.9809 	EXP 	text_4: autoDraw = False
58.9809 	EXP 	text: autoDraw = True
59.4642 	WARNING 	Requested image '5_of_diamonds' not found but similar filename '5_of_diamonds.png' exists. This will be used instead but changing the filename is advised.
59.4975 	EXP 	text: autoDraw = False
59.4975 	EXP 	text: autoDraw = False
59.4975 	EXP 	card_shown: image = '5_of_diamonds'
59.4975 	EXP 	card_shown: autoDraw = True
60.4811 	EXP 	New trial (rep=1, index=0): None
60.4972 	EXP 	card_shown: autoDraw = False
60.4972 	EXP 	text: autoDraw = True
60.9813 	WARNING 	Requested image 'king_of_hearts' not found but similar filename 'king_of_hearts.png' exists. This will be used instead but changing the filename is advised.
60.9971 	EXP 	text: autoDraw = False
60.9971 	EXP 	card_shown: image = 'king_of_hearts'
60.9971 	EXP 	card_shown: autoDraw = True
61.9815 	EXP 	New trial (rep=2, index=0): None
61.9972 	EXP 	card_shown: autoDraw = False
61.9972 	EXP 	text: autoDraw = True
62.4808 	WARNING 	Requested image '10_of_diamonds' not found but similar filename '10_of_diamonds.png' exists. This will be used instead but changing the filename is advised.
62.4971 	EXP 	text: autoDraw = False
62.4971 	EXP 	card_shown: image = '10_of_diamonds'
62.4971 	EXP 	card_shown: autoDraw = True
62.8978 	DATA 	Keypress: escape
63.4508 	EXP 	window1: mouseVisible = True
