1.8781 	ERROR 	Support for the `sounddevice` audio backend is not available this session. Please install `psychopy-sounddevice` and restart the session to enable support.
5.9569 	WARNING 	User requested fullscreen with size [2048 1280], but screen is actually [1920, 1080]. Using actual size
6.4907 	EXP 	Created window1 = Window(allowGUI=True, allowStencil=False, autoLog=True, backendConf=UNKNOWN, backgroundFit=<method-wrapper '__getattribute__' of attributeSetter object at 0x0000017EE3149AC0>, backgroundImage=<method-wrapper '__getattribute__' of attributeSetter object at 0x0000017EE3149A60>, bitsMode=UNKNOWN, blendMode='avg', bpc=(8, 8, 8), color=array([0, 0, 0]), colorSpace='rgb', depthBits=8, fullscr=<method-wrapper '__getattribute__' of attributeSetter object at 0x0000017EE3149790>, gamma=None, gammaErrorPolicy='raise', lms=UNKNOWN, monitor=<psychopy.monitors.calibTools.Monitor object at 0x0000017EE9A71550>, multiSample=False, name='window1', numSamples=2, pos=(0, 0), screen=1, size=array([1920, 1080]), stencilBits=0, stereo=False, units='height', useFBO=True, useRetina=False, viewOri=0.0, viewPos=None, viewScale=None, waitBlanking=True, winType='pyglet')
6.4908 	EXP 	window1: mouseVisible = True
6.4908 	EXP 	window1: backgroundImage = ''
6.4908 	EXP 	window1: backgroundFit = 'none'
6.4909 	EXP 	window1: mouseVisible = False
6.4909 	EXP 	window1: Attempting to measure frame rate of screen (1) ...
6.4909 	EXP 	window1: recordFrameIntervals = False
6.6571 	EXP 	window1: recordFrameIntervals = True
6.6950 	WARNING 	t of last frame was 21.22ms (=1/47)
6.8739 	EXP 	Screen (1) actual frame rate measured at 60.01Hz
6.8739 	EXP 	window1: recordFrameIntervals = False
8.4333 	EXP 	Created text_2 = TextStim(__class__=<class 'psychopy.visual.text.TextStim'>, alignHoriz=method-wrapper(...), alignText='center', alignVert=method-wrapper(...), anchorHoriz='center', anchorVert='center', antialias=True, autoDraw=False, autoLog=True, bold=False, color=array([1., 1., 1.]), colorSpace='rgb', contrast=1.0, depth=-1.0, flipHoriz=False, flipVert=False, font='Open Sans', fontFiles=[], height=0.05, italic=False, languageStyle='LTR', name='text_2', opacity=1.0, ori=0.0, pos=array([0., 0.]), rgb=UNKNOWN, text=str(...), units='height', win=Window(...), wrapWidth=1)
8.4405 	EXP 	Created text_3 = TextStim(__class__=<class 'psychopy.visual.text.TextStim'>, alignHoriz=method-wrapper(...), alignText='center', alignVert=method-wrapper(...), anchorHoriz='center', anchorVert='center', antialias=True, autoDraw=False, autoLog=True, bold=False, color=array([1., 1., 1.]), colorSpace='rgb', contrast=1.0, depth=-1.0, flipHoriz=False, flipVert=False, font='Open Sans', fontFiles=[], height=0.03, italic=False, languageStyle='LTR', name='text_3', opacity=1.0, ori=0.0, pos=array([0.  , 0.47]), rgb=UNKNOWN, text='Choose a card. Press space to continue', units='height', win=Window(...), wrapWidth=1)
8.4535 	EXP 	Created card_1 = ImageStim(__class__=<class 'psychopy.visual.image.ImageStim'>, anchor=('center', 'center'), autoLog=True, color=array([1., 1., 1.]), colorSpace='rgb', contrast=1.0, depth=-3.0, flipHoriz=False, flipVert=False, image='default.png', interpolate=True, mask=None, maskParams=None, name='card_1', opacity=1.0, ori=0.0, pos=array([0., 0.]), size=array([0.2  , 0.266]), texRes=128.0, units='height', win=Window(...))
8.4645 	EXP 	Created card_2 = ImageStim(__class__=<class 'psychopy.visual.image.ImageStim'>, anchor=('center', 'center'), autoLog=True, color=array([1., 1., 1.]), colorSpace='rgb', contrast=1.0, depth=-4.0, flipHoriz=False, flipVert=False, image='default.png', interpolate=True, mask=None, maskParams=None, name='card_2', opacity=1.0, ori=0.0, pos=array([0., 0.]), size=array([0.2  , 0.266]), texRes=128.0, units='height', win=Window(...))
8.4779 	EXP 	Created card_3 = ImageStim(__class__=<class 'psychopy.visual.image.ImageStim'>, anchor=('center', 'center'), autoLog=True, color=array([1., 1., 1.]), colorSpace='rgb', contrast=1.0, depth=-5.0, flipHoriz=False, flipVert=False, image='default.png', interpolate=True, mask=None, maskParams=None, name='card_3', opacity=1.0, ori=0.0, pos=array([0., 0.]), size=array([0.2  , 0.266]), texRes=128.0, units='height', win=Window(...))
8.4899 	EXP 	Created card_4 = ImageStim(__class__=<class 'psychopy.visual.image.ImageStim'>, anchor=('center', 'center'), autoLog=True, color=array([1., 1., 1.]), colorSpace='rgb', contrast=1.0, depth=-6.0, flipHoriz=False, flipVert=False, image='default.png', interpolate=True, mask=None, maskParams=None, name='card_4', opacity=1.0, ori=0.0, pos=array([0., 0.]), size=array([0.2  , 0.266]), texRes=128.0, units='height', win=Window(...))
8.5011 	EXP 	Created card_5 = ImageStim(__class__=<class 'psychopy.visual.image.ImageStim'>, anchor=('center', 'center'), autoLog=True, color=array([1., 1., 1.]), colorSpace='rgb', contrast=1.0, depth=-7.0, flipHoriz=False, flipVert=False, image='default.png', interpolate=True, mask=None, maskParams=None, name='card_5', opacity=1.0, ori=0.0, pos=array([0., 0.]), size=array([0.2  , 0.266]), texRes=128.0, units='height', win=Window(...))
8.5144 	EXP 	Created card_6 = ImageStim(__class__=<class 'psychopy.visual.image.ImageStim'>, anchor=('center', 'center'), autoLog=True, color=array([1., 1., 1.]), colorSpace='rgb', contrast=1.0, depth=-8.0, flipHoriz=False, flipVert=False, image='default.png', interpolate=True, mask=None, maskParams=None, name='card_6', opacity=1.0, ori=0.0, pos=array([0., 0.]), size=array([0.2  , 0.266]), texRes=128.0, units='height', win=Window(...))
8.5269 	EXP 	Created card_7 = ImageStim(__class__=<class 'psychopy.visual.image.ImageStim'>, anchor=('center', 'center'), autoLog=True, color=array([1., 1., 1.]), colorSpace='rgb', contrast=1.0, depth=-9.0, flipHoriz=False, flipVert=False, image='default.png', interpolate=True, mask=None, maskParams=None, name='card_7', opacity=1.0, ori=0.0, pos=array([0., 0.]), size=array([0.2  , 0.266]), texRes=128.0, units='height', win=Window(...))
8.5387 	EXP 	Created card_8 = ImageStim(__class__=<class 'psychopy.visual.image.ImageStim'>, anchor=('center', 'center'), autoLog=True, color=array([1., 1., 1.]), colorSpace='rgb', contrast=1.0, depth=-10.0, flipHoriz=False, flipVert=False, image='default.png', interpolate=True, mask=None, maskParams=None, name='card_8', opacity=1.0, ori=0.0, pos=array([0., 0.]), size=array([0.2  , 0.266]), texRes=128.0, units='height', win=Window(...))
8.5518 	EXP 	Created card_9 = ImageStim(__class__=<class 'psychopy.visual.image.ImageStim'>, anchor=('center', 'center'), autoLog=True, color=array([1., 1., 1.]), colorSpace='rgb', contrast=1.0, depth=-11.0, flipHoriz=False, flipVert=False, image='default.png', interpolate=True, mask=None, maskParams=None, name='card_9', opacity=1.0, ori=0.0, pos=array([0., 0.]), size=array([0.2  , 0.266]), texRes=128.0, units='height', win=Window(...))
8.5675 	EXP 	Created text_4 = TextStim(__class__=<class 'psychopy.visual.text.TextStim'>, alignHoriz=method-wrapper(...), alignText='center', alignVert=method-wrapper(...), anchorHoriz='center', anchorVert='center', antialias=True, autoDraw=False, autoLog=True, bold=False, color=array([1., 1., 1.]), colorSpace='rgb', contrast=1.0, depth=0.0, flipHoriz=False, flipVert=False, font='Open Sans', fontFiles=[], height=0.05, italic=False, languageStyle='LTR', name='text_4', opacity=1.0, ori=0.0, pos=array([0., 0.]), rgb=UNKNOWN, text=str(...), units='height', win=Window(...), wrapWidth=1)
8.5686 	EXP 	Created text = TextStim(__class__=<class 'psychopy.visual.text.TextStim'>, alignHoriz=method-wrapper(...), alignText='center', alignVert=method-wrapper(...), anchorHoriz='center', anchorVert='center', antialias=True, autoDraw=False, autoLog=True, bold=False, color=array([1., 1., 1.]), colorSpace='rgb', contrast=1.0, depth=0.0, flipHoriz=False, flipVert=False, font='Open Sans', fontFiles=[], height=0.05, italic=False, languageStyle='LTR', name='text', opacity=1.0, ori=0.0, pos=array([0., 0.]), rgb=UNKNOWN, text='', units='height', win=Window(...), wrapWidth=1)
8.5845 	EXP 	Created card_shown = ImageStim(__class__=<class 'psychopy.visual.image.ImageStim'>, anchor=('center', 'center'), autoLog=True, color=array([1., 1., 1.]), colorSpace='rgb', contrast=1.0, depth=-2.0, flipHoriz=False, flipVert=False, image='default.png', interpolate=True, mask=None, maskParams=None, name='card_shown', opacity=1.0, ori=0.0, pos=array([0., 0.]), size=array([300., 400.]), texRes=128.0, units='pix', win=Window(...))
8.6730 	EXP 	text_2: autoDraw = True
18.7080 	WARNING 	Requested image '2_of_diamonds' not found but similar filename '2_of_diamonds.png' exists. This will be used instead but changing the filename is advised.
18.7237 	WARNING 	Requested image '4_of_diamonds' not found but similar filename '4_of_diamonds.png' exists. This will be used instead but changing the filename is advised.
18.7411 	WARNING 	Requested image '4_of_hearts' not found but similar filename '4_of_hearts.png' exists. This will be used instead but changing the filename is advised.
18.7587 	WARNING 	Requested image '7_of_diamonds' not found but similar filename '7_of_diamonds.png' exists. This will be used instead but changing the filename is advised.
18.7758 	WARNING 	Requested image '5_of_spades' not found but similar filename '5_of_spades.png' exists. This will be used instead but changing the filename is advised.
18.7931 	WARNING 	Requested image '10_of_clubs' not found but similar filename '10_of_clubs.png' exists. This will be used instead but changing the filename is advised.
18.8102 	WARNING 	Requested image '8_of_spades' not found but similar filename '8_of_spades.png' exists. This will be used instead but changing the filename is advised.
18.8302 	WARNING 	Requested image '3_of_hearts' not found but similar filename '3_of_hearts.png' exists. This will be used instead but changing the filename is advised.
18.8481 	WARNING 	Requested image '6_of_hearts' not found but similar filename '6_of_hearts.png' exists. This will be used instead but changing the filename is advised.
18.8703 	DATA 	Keypress: space
18.8907 	EXP 	text_2: autoDraw = False
18.8907 	EXP 	card_1: image = '2_of_diamonds'
18.8907 	EXP 	card_2: image = '4_of_diamonds'
18.8907 	EXP 	card_3: image = '4_of_hearts'
18.8907 	EXP 	card_4: image = '7_of_diamonds'
18.8907 	EXP 	card_5: image = '5_of_spades'
18.8907 	EXP 	card_6: image = '10_of_clubs'
18.8907 	EXP 	card_7: image = '8_of_spades'
18.8907 	EXP 	card_8: image = '3_of_hearts'
18.8907 	EXP 	card_9: image = '6_of_hearts'
18.8907 	EXP 	text_3: autoDraw = True
18.8907 	EXP 	card_1: autoDraw = True
18.8907 	EXP 	card_2: autoDraw = True
18.8907 	EXP 	card_3: autoDraw = True
18.8907 	EXP 	card_4: autoDraw = True
18.8907 	EXP 	card_5: autoDraw = True
18.8907 	EXP 	card_6: autoDraw = True
18.8907 	EXP 	card_7: autoDraw = True
18.8907 	EXP 	card_8: autoDraw = True
18.8907 	EXP 	card_9: autoDraw = True
32.9587 	DATA 	Keypress: space
32.9738 	EXP 	text_3: autoDraw = False
32.9738 	EXP 	card_1: autoDraw = False
32.9738 	EXP 	card_2: autoDraw = False
32.9738 	EXP 	card_3: autoDraw = False
32.9738 	EXP 	card_4: autoDraw = False
32.9738 	EXP 	card_5: autoDraw = False
32.9738 	EXP 	card_6: autoDraw = False
32.9738 	EXP 	card_7: autoDraw = False
32.9738 	EXP 	card_8: autoDraw = False
32.9738 	EXP 	card_9: autoDraw = False
32.9738 	EXP 	text_4: autoDraw = True
45.7920 	DATA 	Keypress: escape
46.4281 	EXP 	window1: mouseVisible = True
