1.8824 	ERROR 	Support for the `sounddevice` audio backend is not available this session. Please install `psychopy-sounddevice` and restart the session to enable support.
5.9240 	EXP 	Created window1 = Window(allowGUI=True, allowStencil=False, autoLog=True, backendConf=UNKNOWN, backgroundFit=<method-wrapper '__getattribute__' of attributeSetter object at 0x000001CD3C368520>, backgroundImage=<method-wrapper '__getattribute__' of attributeSetter object at 0x000001CD3C368FD0>, bitsMode=UNKNOWN, blendMode='avg', bpc=(8, 8, 8), color=array([-1., -1., -1.]), colorSpace='rgb', depthBits=8, fullscr=<method-wrapper '__getattribute__' of attributeSetter object at 0x000001CD3C368CD0>, gamma=None, gammaErrorPolicy='raise', lms=UNKNOWN, monitor=<psychopy.monitors.calibTools.Monitor object at 0x000001CD3D753AF0>, multiSample=False, name='window1', numSamples=2, pos=(0, 0), screen=1, size=array([1920, 1080]), stencilBits=0, stereo=False, units='height', useFBO=True, useRetina=False, viewOri=0.0, viewPos=None, viewScale=None, waitBlanking=True, winType='pyglet')
5.9241 	EXP 	window1: mouseVisible = True
5.9241 	EXP 	window1: backgroundImage = ''
5.9241 	EXP 	window1: backgroundFit = 'none'
5.9242 	EXP 	window1: mouseVisible = False
5.9242 	EXP 	window1: Attempting to measure frame rate of screen (1) ...
5.9242 	EXP 	window1: recordFrameIntervals = False
6.0903 	EXP 	window1: recordFrameIntervals = True
6.2747 	EXP 	Screen (1) actual frame rate measured at 59.64Hz
6.2748 	EXP 	window1: recordFrameIntervals = False
7.9207 	EXP 	Created text_2 = TextStim(__class__=<class 'psychopy.visual.text.TextStim'>, alignHoriz=method-wrapper(...), alignText='center', alignVert=method-wrapper(...), anchorHoriz='center', anchorVert='center', antialias=True, autoDraw=False, autoLog=True, bold=False, color=array([1., 1., 1.]), colorSpace='rgb', contrast=1.0, depth=-1.0, flipHoriz=False, flipVert=False, font='Open Sans', fontFiles=[], height=0.05, italic=False, languageStyle='LTR', name='text_2', opacity=1.0, ori=0.0, pos=array([0., 0.]), rgb=UNKNOWN, text=str(...), units='height', win=Window(...), wrapWidth=1)
7.9279 	EXP 	Created text_3 = TextStim(__class__=<class 'psychopy.visual.text.TextStim'>, alignHoriz=method-wrapper(...), alignText='center', alignVert=method-wrapper(...), anchorHoriz='center', anchorVert='center', antialias=True, autoDraw=False, autoLog=True, bold=False, color=array([1., 1., 1.]), colorSpace='rgb', contrast=1.0, depth=-1.0, flipHoriz=False, flipVert=False, font='Open Sans', fontFiles=[], height=0.03, italic=False, languageStyle='LTR', name='text_3', opacity=1.0, ori=0.0, pos=array([0.  , 0.47]), rgb=UNKNOWN, text='Choose a card. Press space to continue', units='height', win=Window(...), wrapWidth=1)
7.9408 	EXP 	Created card_1 = ImageStim(__class__=<class 'psychopy.visual.image.ImageStim'>, anchor=('center', 'center'), autoLog=True, color=array([1., 1., 1.]), colorSpace='rgb', contrast=1.0, depth=-3.0, flipHoriz=False, flipVert=False, image='default.png', interpolate=True, mask=None, maskParams=None, name='card_1', opacity=1.0, ori=0.0, pos=array([0., 0.]), size=array([0.2, 0.3]), texRes=128.0, units='height', win=Window(...))
7.9500 	EXP 	Created card_2 = ImageStim(__class__=<class 'psychopy.visual.image.ImageStim'>, anchor=('center', 'center'), autoLog=True, color=array([1., 1., 1.]), colorSpace='rgb', contrast=1.0, depth=-4.0, flipHoriz=False, flipVert=False, image='default.png', interpolate=True, mask=None, maskParams=None, name='card_2', opacity=1.0, ori=0.0, pos=array([0., 0.]), size=array([0.2  , 0.266]), texRes=128.0, units='height', win=Window(...))
7.9639 	EXP 	Created card_3 = ImageStim(__class__=<class 'psychopy.visual.image.ImageStim'>, anchor=('center', 'center'), autoLog=True, color=array([1., 1., 1.]), colorSpace='rgb', contrast=1.0, depth=-5.0, flipHoriz=False, flipVert=False, image='default.png', interpolate=True, mask=None, maskParams=None, name='card_3', opacity=1.0, ori=0.0, pos=array([0., 0.]), size=array([0.2  , 0.266]), texRes=128.0, units='height', win=Window(...))
7.9760 	EXP 	Created card_4 = ImageStim(__class__=<class 'psychopy.visual.image.ImageStim'>, anchor=('center', 'center'), autoLog=True, color=array([1., 1., 1.]), colorSpace='rgb', contrast=1.0, depth=-6.0, flipHoriz=False, flipVert=False, image='default.png', interpolate=True, mask=None, maskParams=None, name='card_4', opacity=1.0, ori=0.0, pos=array([0., 0.]), size=array([0.2  , 0.266]), texRes=128.0, units='height', win=Window(...))
7.9872 	EXP 	Created card_5 = ImageStim(__class__=<class 'psychopy.visual.image.ImageStim'>, anchor=('center', 'center'), autoLog=True, color=array([1., 1., 1.]), colorSpace='rgb', contrast=1.0, depth=-7.0, flipHoriz=False, flipVert=False, image='default.png', interpolate=True, mask=None, maskParams=None, name='card_5', opacity=1.0, ori=0.0, pos=array([0., 0.]), size=array([0.2  , 0.266]), texRes=128.0, units='height', win=Window(...))
7.9996 	EXP 	Created card_6 = ImageStim(__class__=<class 'psychopy.visual.image.ImageStim'>, anchor=('center', 'center'), autoLog=True, color=array([1., 1., 1.]), colorSpace='rgb', contrast=1.0, depth=-8.0, flipHoriz=False, flipVert=False, image='default.png', interpolate=True, mask=None, maskParams=None, name='card_6', opacity=1.0, ori=0.0, pos=array([0., 0.]), size=array([0.2  , 0.266]), texRes=128.0, units='height', win=Window(...))
8.0131 	EXP 	Created card_7 = ImageStim(__class__=<class 'psychopy.visual.image.ImageStim'>, anchor=('center', 'center'), autoLog=True, color=array([1., 1., 1.]), colorSpace='rgb', contrast=1.0, depth=-9.0, flipHoriz=False, flipVert=False, image='default.png', interpolate=True, mask=None, maskParams=None, name='card_7', opacity=1.0, ori=0.0, pos=array([0., 0.]), size=array([0.2  , 0.266]), texRes=128.0, units='height', win=Window(...))
8.0250 	EXP 	Created card_8 = ImageStim(__class__=<class 'psychopy.visual.image.ImageStim'>, anchor=('center', 'center'), autoLog=True, color=array([1., 1., 1.]), colorSpace='rgb', contrast=1.0, depth=-10.0, flipHoriz=False, flipVert=False, image='default.png', interpolate=True, mask=None, maskParams=None, name='card_8', opacity=1.0, ori=0.0, pos=array([0., 0.]), size=array([0.2  , 0.266]), texRes=128.0, units='height', win=Window(...))
8.0371 	EXP 	Created card_9 = ImageStim(__class__=<class 'psychopy.visual.image.ImageStim'>, anchor=('center', 'center'), autoLog=True, color=array([1., 1., 1.]), colorSpace='rgb', contrast=1.0, depth=-11.0, flipHoriz=False, flipVert=False, image='default.png', interpolate=True, mask=None, maskParams=None, name='card_9', opacity=1.0, ori=0.0, pos=array([0., 0.]), size=array([0.2  , 0.266]), texRes=128.0, units='height', win=Window(...))
8.0545 	EXP 	Created text_4 = TextStim(__class__=<class 'psychopy.visual.text.TextStim'>, alignHoriz=method-wrapper(...), alignText='center', alignVert=method-wrapper(...), anchorHoriz='center', anchorVert='center', antialias=True, autoDraw=False, autoLog=True, bold=False, color=array([1., 1., 1.]), colorSpace='rgb', contrast=1.0, depth=0.0, flipHoriz=False, flipVert=False, font='Open Sans', fontFiles=[], height=0.05, italic=False, languageStyle='LTR', name='text_4', opacity=1.0, ori=0.0, pos=array([0., 0.]), rgb=UNKNOWN, text=str(...), units='height', win=Window(...), wrapWidth=1)
8.0567 	EXP 	Created polygon = ShapeStim(__class__=<class 'psychopy.visual.shape.ShapeStim'>, anchor=('center', 'center'), autoDraw=False, autoLog=True, closeShape=True, color=method-wrapper(...), colorSpace='rgb', contrast=None, depth=0.0, fillColor=array([1, 1, 1]), fillColorSpace='rgb', fillRGB=array([1, 1, 1]), interpolate=True, lineColor=array([1., 1., 1.]), lineColorSpace='rgb', lineRGB=array([1, 1, 1]), lineWidth=1.0, name='polygon', opacity=1.0, ori=0.0, pos=array([0., 0.]), size=array([0.25, 0.25]), units='height', vertices=ndarray(...), win=Window(...), windingRule=None)
8.0578 	EXP 	Created text = TextStim(__class__=<class 'psychopy.visual.text.TextStim'>, alignHoriz=method-wrapper(...), alignText='center', alignVert=method-wrapper(...), anchorHoriz='center', anchorVert='center', antialias=True, autoDraw=False, autoLog=True, bold=False, color=array([1., 1., 1.]), colorSpace='rgb', contrast=1.0, depth=0.0, flipHoriz=False, flipVert=False, font='Open Sans', fontFiles=[], height=0.05, italic=False, languageStyle='LTR', name='text', opacity=1.0, ori=0.0, pos=array([0., 0.]), rgb=UNKNOWN, text='', units='height', win=Window(...), wrapWidth=1)
8.0737 	EXP 	Created a_card = ImageStim(__class__=<class 'psychopy.visual.image.ImageStim'>, anchor=('center', 'center'), autoLog=True, color=array([1., 1., 1.]), colorSpace='rgb', contrast=1.0, depth=-2.0, flipHoriz=False, flipVert=False, image='default.png', interpolate=True, mask=None, maskParams=None, name='a_card', opacity=1.0, ori=0.0, pos=array([0., 0.]), size=array([0.2  , 0.266]), texRes=128.0, units='height', win=Window(...))
8.0800 	EXP 	Created text_5 = TextStim(__class__=<class 'psychopy.visual.text.TextStim'>, alignHoriz=method-wrapper(...), alignText='center', alignVert=method-wrapper(...), anchorHoriz='center', anchorVert='center', antialias=True, autoDraw=False, autoLog=True, bold=False, color=array([1., 1., 1.]), colorSpace='rgb', contrast=1.0, depth=0.0, flipHoriz=False, flipVert=False, font='Open Sans', fontFiles=[], height=0.05, italic=False, languageStyle='LTR', name='text_5', opacity=1.0, ori=0.0, pos=array([0., 0.]), rgb=UNKNOWN, text=str(...), units='height', win=Window(...), wrapWidth=1)
8.1699 	EXP 	text_2: autoDraw = True
8.5245 	WARNING 	Requested image '8_of_hearts' not found but similar filename '8_of_hearts.png' exists. This will be used instead but changing the filename is advised.
8.5457 	WARNING 	Requested image '7_of_clubs' not found but similar filename '7_of_clubs.png' exists. This will be used instead but changing the filename is advised.
8.5634 	WARNING 	Requested image '4_of_diamonds' not found but similar filename '4_of_diamonds.png' exists. This will be used instead but changing the filename is advised.
8.5816 	WARNING 	Requested image '5_of_spades' not found but similar filename '5_of_spades.png' exists. This will be used instead but changing the filename is advised.
8.5996 	WARNING 	Requested image '10_of_hearts' not found but similar filename '10_of_hearts.png' exists. This will be used instead but changing the filename is advised.
8.6175 	WARNING 	Requested image 'ace_of_spades' not found but similar filename 'ace_of_spades.png' exists. This will be used instead but changing the filename is advised.
8.6362 	WARNING 	Requested image 'queen_of_spades' not found but similar filename 'queen_of_spades.png' exists. This will be used instead but changing the filename is advised.
8.6660 	WARNING 	Requested image 'king_of_hearts' not found but similar filename 'king_of_hearts.png' exists. This will be used instead but changing the filename is advised.
8.6874 	WARNING 	Requested image '3_of_diamonds' not found but similar filename '3_of_diamonds.png' exists. This will be used instead but changing the filename is advised.
8.7098 	DATA 	Keypress: space
8.7238 	EXP 	text_2: autoDraw = False
8.7238 	EXP 	card_1: image = '8_of_hearts'
8.7238 	EXP 	card_2: image = '7_of_clubs'
8.7238 	EXP 	card_3: image = '4_of_diamonds'
8.7238 	EXP 	card_4: image = '5_of_spades'
8.7238 	EXP 	card_5: image = '10_of_hearts'
8.7238 	EXP 	card_6: image = 'ace_of_spades'
8.7238 	EXP 	card_7: image = 'queen_of_spades'
8.7238 	EXP 	card_8: image = 'king_of_hearts'
8.7238 	EXP 	card_9: image = '3_of_diamonds'
8.7238 	EXP 	text_3: autoDraw = True
8.7238 	EXP 	card_1: autoDraw = True
8.7238 	EXP 	card_2: autoDraw = True
8.7238 	EXP 	card_3: autoDraw = True
8.7238 	EXP 	card_4: autoDraw = True
8.7238 	EXP 	card_5: autoDraw = True
8.7238 	EXP 	card_6: autoDraw = True
8.7238 	EXP 	card_7: autoDraw = True
8.7238 	EXP 	card_8: autoDraw = True
8.7238 	EXP 	card_9: autoDraw = True
33.5424 	DATA 	Keypress: escape
33.8792 	EXP 	window1: mouseVisible = True
