1.9308 	ERROR 	Support for the `sounddevice` audio backend is not available this session. Please install `psychopy-sounddevice` and restart the session to enable support.
5.2979 	WARNING 	User requested fullscreen with size [1920 1080], but screen is actually [2560, 1600]. Using actual size
5.6799 	EXP 	Created window1 = Window(allowGUI=True, allowStencil=False, autoLog=True, backendConf=UNKNOWN, backgroundFit=<method-wrapper '__getattribute__' of attributeSetter object at 0x0000013DB9075DC0>, backgroundImage=<method-wrapper '__getattribute__' of attributeSetter object at 0x0000013DB9075D60>, bitsMode=UNKNOWN, blendMode='avg', bpc=(8, 8, 8), color=array([-1., -1., -1.]), colorSpace='rgb', depthBits=8, fullscr=<method-wrapper '__getattribute__' of attributeSetter object at 0x0000013DB9075A60>, gamma=None, gammaErrorPolicy='raise', lms=UNKNOWN, monitor=<psychopy.monitors.calibTools.Monitor object at 0x0000013DBA5EC850>, multiSample=False, name='window1', numSamples=2, pos=(-2560, 0), screen=0, size=array([2560, 1600]), stencilBits=0, stereo=False, units='height', useFBO=True, useRetina=False, viewOri=0.0, viewPos=None, viewScale=None, waitBlanking=True, winType='pyglet')
5.6799 	EXP 	window1: mouseVisible = True
5.6799 	EXP 	window1: backgroundImage = ''
5.6799 	EXP 	window1: backgroundFit = 'none'
5.6800 	EXP 	window1: mouseVisible = False
5.6800 	EXP 	window1: Attempting to measure frame rate of screen (0) ...
5.6800 	EXP 	window1: recordFrameIntervals = False
5.7406 	EXP 	window1: recordFrameIntervals = True
5.8074 	EXP 	Screen (0) actual frame rate measured at 163.76Hz
5.8074 	EXP 	window1: recordFrameIntervals = False
7.4618 	EXP 	Created text_2 = TextStim(__class__=<class 'psychopy.visual.text.TextStim'>, alignHoriz=method-wrapper(...), alignText='center', alignVert=method-wrapper(...), anchorHoriz='center', anchorVert='center', antialias=True, autoDraw=False, autoLog=True, bold=False, color=array([1., 1., 1.]), colorSpace='rgb', contrast=1.0, depth=-1.0, flipHoriz=False, flipVert=False, font='Open Sans', fontFiles=[], height=0.05, italic=False, languageStyle='LTR', name='text_2', opacity=1.0, ori=0.0, pos=array([0., 0.]), rgb=UNKNOWN, text=str(...), units='height', win=Window(...), wrapWidth=1)
7.4682 	EXP 	Created text_3 = TextStim(__class__=<class 'psychopy.visual.text.TextStim'>, alignHoriz=method-wrapper(...), alignText='center', alignVert=method-wrapper(...), anchorHoriz='center', anchorVert='center', antialias=True, autoDraw=False, autoLog=True, bold=False, color=array([1., 1., 1.]), colorSpace='rgb', contrast=1.0, depth=-2.0, flipHoriz=False, flipVert=False, font='Open Sans', fontFiles=[], height=50.0, italic=False, languageStyle='LTR', name='text_3', opacity=1.0, ori=0.0, pos=array([  0., 750.]), rgb=UNKNOWN, text='Choose a card:', units='pix', win=Window(...), wrapWidth=500)
7.4853 	EXP 	Created card_1 = ImageStim(__class__=<class 'psychopy.visual.image.ImageStim'>, anchor=('center', 'center'), autoLog=True, color=array([1., 1., 1.]), colorSpace='rgb', contrast=1.0, depth=-3.0, flipHoriz=False, flipVert=False, image='default.png', interpolate=True, mask=None, maskParams=None, name='card_1', opacity=1.0, ori=0.0, pos=array([0., 0.]), size=array([300., 400.]), texRes=128.0, units='pix', win=Window(...))
7.4955 	EXP 	Created card_2 = ImageStim(__class__=<class 'psychopy.visual.image.ImageStim'>, anchor=('center', 'center'), autoLog=True, color=array([1., 1., 1.]), colorSpace='rgb', contrast=1.0, depth=-4.0, flipHoriz=False, flipVert=False, image='default.png', interpolate=True, mask=None, maskParams=None, name='card_2', opacity=1.0, ori=0.0, pos=array([0., 0.]), size=array([300., 400.]), texRes=128.0, units='pix', win=Window(...))
7.5166 	EXP 	Created card_3 = ImageStim(__class__=<class 'psychopy.visual.image.ImageStim'>, anchor=('center', 'center'), autoLog=True, color=array([1., 1., 1.]), colorSpace='rgb', contrast=1.0, depth=-5.0, flipHoriz=False, flipVert=False, image='default.png', interpolate=True, mask=None, maskParams=None, name='card_3', opacity=1.0, ori=0.0, pos=array([0., 0.]), size=array([300., 400.]), texRes=128.0, units='pix', win=Window(...))
7.5343 	EXP 	Created card_4 = ImageStim(__class__=<class 'psychopy.visual.image.ImageStim'>, anchor=('center', 'center'), autoLog=True, color=array([1., 1., 1.]), colorSpace='rgb', contrast=1.0, depth=-6.0, flipHoriz=False, flipVert=False, image='default.png', interpolate=True, mask=None, maskParams=None, name='card_4', opacity=1.0, ori=0.0, pos=array([0., 0.]), size=array([300., 400.]), texRes=128.0, units='pix', win=Window(...))
7.5479 	EXP 	Created card_5 = ImageStim(__class__=<class 'psychopy.visual.image.ImageStim'>, anchor=('center', 'center'), autoLog=True, color=array([1., 1., 1.]), colorSpace='rgb', contrast=1.0, depth=-7.0, flipHoriz=False, flipVert=False, image='default.png', interpolate=True, mask=None, maskParams=None, name='card_5', opacity=1.0, ori=0.0, pos=array([0., 0.]), size=array([300., 400.]), texRes=128.0, units='pix', win=Window(...))
7.5685 	EXP 	Created card_6 = ImageStim(__class__=<class 'psychopy.visual.image.ImageStim'>, anchor=('center', 'center'), autoLog=True, color=array([1., 1., 1.]), colorSpace='rgb', contrast=1.0, depth=-8.0, flipHoriz=False, flipVert=False, image='default.png', interpolate=True, mask=None, maskParams=None, name='card_6', opacity=1.0, ori=0.0, pos=array([0., 0.]), size=array([300., 400.]), texRes=128.0, units='pix', win=Window(...))
7.5808 	EXP 	Created card_7 = ImageStim(__class__=<class 'psychopy.visual.image.ImageStim'>, anchor=('center', 'center'), autoLog=True, color=array([1., 1., 1.]), colorSpace='rgb', contrast=1.0, depth=-9.0, flipHoriz=False, flipVert=False, image='default.png', interpolate=True, mask=None, maskParams=None, name='card_7', opacity=1.0, ori=0.0, pos=array([0., 0.]), size=array([300., 400.]), texRes=128.0, units='pix', win=Window(...))
7.5933 	EXP 	Created card_8 = ImageStim(__class__=<class 'psychopy.visual.image.ImageStim'>, anchor=('center', 'center'), autoLog=True, color=array([1., 1., 1.]), colorSpace='rgb', contrast=1.0, depth=-10.0, flipHoriz=False, flipVert=False, image='default.png', interpolate=True, mask=None, maskParams=None, name='card_8', opacity=1.0, ori=0.0, pos=array([0., 0.]), size=array([300., 400.]), texRes=128.0, units='pix', win=Window(...))
7.6078 	EXP 	Created card_9 = ImageStim(__class__=<class 'psychopy.visual.image.ImageStim'>, anchor=('center', 'center'), autoLog=True, color=array([1., 1., 1.]), colorSpace='rgb', contrast=1.0, depth=-11.0, flipHoriz=False, flipVert=False, image='default.png', interpolate=True, mask=None, maskParams=None, name='card_9', opacity=1.0, ori=0.0, pos=array([0., 0.]), size=array([300., 400.]), texRes=128.0, units='pix', win=Window(...))
7.6346 	EXP 	Created text = TextStim(__class__=<class 'psychopy.visual.text.TextStim'>, alignHoriz=method-wrapper(...), alignText='center', alignVert=method-wrapper(...), anchorHoriz='center', anchorVert='center', antialias=True, autoDraw=False, autoLog=True, bold=False, color=array([1., 1., 1.]), colorSpace='rgb', contrast=1.0, depth=0.0, flipHoriz=False, flipVert=False, font='Open Sans', fontFiles=[], height=0.05, italic=False, languageStyle='LTR', name='text', opacity=1.0, ori=0.0, pos=array([0., 0.]), rgb=UNKNOWN, text=str(...), units='height', win=Window(...), wrapWidth=1)
7.6420 	EXP 	Created text_4 = TextStim(__class__=<class 'psychopy.visual.text.TextStim'>, alignHoriz=method-wrapper(...), alignText='center', alignVert=method-wrapper(...), anchorHoriz='center', anchorVert='center', antialias=True, autoDraw=False, autoLog=True, bold=False, color=array([1., 1., 1.]), colorSpace='rgb', contrast=1.0, depth=0.0, flipHoriz=False, flipVert=False, font='Open Sans', fontFiles=[], height=0.0, italic=False, languageStyle='LTR', name='text_4', opacity=1.0, ori=0.0, pos=array([0., 0.]), rgb=UNKNOWN, text='Any text\n\nincluding line breaks', units='height', win=Window(...), wrapWidth=1)
7.6442 	EXP 	Created polygon_2 = ShapeStim(__class__=<class 'psychopy.visual.shape.ShapeStim'>, anchor=('center', 'center'), autoDraw=False, autoLog=True, closeShape=True, color=method-wrapper(...), colorSpace='rgb', contrast=None, depth=-1.0, fillColor=array([1, 1, 1]), fillColorSpace='rgb', fillRGB=array([1, 1, 1]), interpolate=True, lineColor=array([1., 1., 1.]), lineColorSpace='rgb', lineRGB=array([1, 1, 1]), lineWidth=1.0, name='polygon_2', opacity=1.0, ori=0.0, pos=array([0., 0.]), size=array([0.1, 0.1]), units='height', vertices=ndarray(...), win=Window(...), windingRule=None)
7.6469 	EXP 	Created text_6 = TextStim(__class__=<class 'psychopy.visual.text.TextStim'>, alignHoriz=method-wrapper(...), alignText='center', alignVert=method-wrapper(...), anchorHoriz='center', anchorVert='center', antialias=True, autoDraw=False, autoLog=True, bold=False, color=array([1., 1., 1.]), colorSpace='rgb', contrast=1.0, depth=0.0, flipHoriz=False, flipVert=False, font='Open Sans', fontFiles=[], height=0.0, italic=False, languageStyle='LTR', name='text_6', opacity=1.0, ori=0.0, pos=array([0., 0.]), rgb=UNKNOWN, text='Any text\n\nincluding line breaks', units='height', win=Window(...), wrapWidth=1)
7.6617 	EXP 	Created a_card = ImageStim(__class__=<class 'psychopy.visual.image.ImageStim'>, anchor=('center', 'center'), autoLog=True, color=array([1., 1., 1.]), colorSpace='rgb', contrast=1.0, depth=-2.0, flipHoriz=False, flipVert=False, image='default.png', interpolate=True, mask=None, maskParams=None, name='a_card', opacity=1.0, ori=0.0, pos=array([0., 0.]), size=array([300., 400.]), texRes=128.0, units='pix', win=Window(...))
7.6772 	EXP 	Created text_5 = TextStim(__class__=<class 'psychopy.visual.text.TextStim'>, alignHoriz=method-wrapper(...), alignText='center', alignVert=method-wrapper(...), anchorHoriz='center', anchorVert='center', antialias=True, autoDraw=False, autoLog=True, bold=False, color=array([1., 1., 1.]), colorSpace='rgb', contrast=1.0, depth=0.0, flipHoriz=False, flipVert=False, font='Open Sans', fontFiles=[], height=0.05, italic=False, languageStyle='LTR', name='text_5', opacity=1.0, ori=0.0, pos=array([0., 0.]), rgb=UNKNOWN, text=str(...), units='height', win=Window(...), wrapWidth=1)
7.7613 	EXP 	text_2: autoDraw = True
23.1400 	WARNING 	Requested image '8_of_clubs' not found but similar filename '8_of_clubs.png' exists. This will be used instead but changing the filename is advised.
23.1574 	WARNING 	Requested image '3_of_hearts' not found but similar filename '3_of_hearts.png' exists. This will be used instead but changing the filename is advised.
23.1739 	WARNING 	Requested image 'jack_of_clubs' not found but similar filename 'jack_of_clubs.png' exists. This will be used instead but changing the filename is advised.
23.1903 	WARNING 	Requested image '6_of_spades' not found but similar filename '6_of_spades.png' exists. This will be used instead but changing the filename is advised.
23.2076 	WARNING 	Requested image '10_of_diamonds' not found but similar filename '10_of_diamonds.png' exists. This will be used instead but changing the filename is advised.
23.2253 	WARNING 	Requested image 'king_of_hearts' not found but similar filename 'king_of_hearts.png' exists. This will be used instead but changing the filename is advised.
23.2413 	WARNING 	Requested image '6_of_clubs' not found but similar filename '6_of_clubs.png' exists. This will be used instead but changing the filename is advised.
23.2572 	WARNING 	Requested image 'ace_of_diamonds' not found but similar filename 'ace_of_diamonds.png' exists. This will be used instead but changing the filename is advised.
23.2736 	WARNING 	Requested image '5_of_diamonds' not found but similar filename '5_of_diamonds.png' exists. This will be used instead but changing the filename is advised.
23.2962 	EXP 	text_2: autoDraw = False
23.2962 	EXP 	card_1: image = '8_of_clubs'
23.2962 	EXP 	card_2: image = '3_of_hearts'
23.2962 	EXP 	card_3: image = 'jack_of_clubs'
23.2962 	EXP 	card_4: image = '6_of_spades'
23.2962 	EXP 	card_5: image = '10_of_diamonds'
23.2962 	EXP 	card_6: image = 'king_of_hearts'
23.2962 	EXP 	card_7: image = '6_of_clubs'
23.2962 	EXP 	card_8: image = 'ace_of_diamonds'
23.2962 	EXP 	card_9: image = '5_of_diamonds'
23.2962 	EXP 	text_3: autoDraw = True
23.2962 	EXP 	card_1: autoDraw = True
23.2962 	EXP 	card_2: autoDraw = True
23.2962 	EXP 	card_3: autoDraw = True
23.2962 	EXP 	card_4: autoDraw = True
23.2962 	EXP 	card_5: autoDraw = True
23.2962 	EXP 	card_6: autoDraw = True
23.2962 	EXP 	card_7: autoDraw = True
23.2962 	EXP 	card_8: autoDraw = True
23.2962 	EXP 	card_9: autoDraw = True
38.3695 	EXP 	text_3: autoDraw = False
38.3695 	EXP 	card_1: autoDraw = False
38.3695 	EXP 	card_2: autoDraw = False
38.3695 	EXP 	card_3: autoDraw = False
38.3695 	EXP 	card_4: autoDraw = False
38.3695 	EXP 	card_5: autoDraw = False
38.3695 	EXP 	card_6: autoDraw = False
38.3695 	EXP 	card_7: autoDraw = False
38.3695 	EXP 	card_8: autoDraw = False
38.3695 	EXP 	card_9: autoDraw = False
38.3695 	EXP 	text: autoDraw = True
41.9735 	EXP 	text: autoDraw = False
41.9735 	EXP 	text_4: autoDraw = True
41.9735 	EXP 	polygon_2: autoDraw = True
42.9696 	EXP 	Created sequence: random, trialTypes=1, nReps=180, seed=None
42.9701 	EXP 	New trial (rep=0, index=0): None
42.9734 	EXP 	text_4: autoDraw = False
42.9734 	EXP 	polygon_2: autoDraw = False
42.9734 	EXP 	text_6: autoDraw = True
43.4708 	WARNING 	Requested image '5_of_diamonds' not found but similar filename '5_of_diamonds.png' exists. This will be used instead but changing the filename is advised.
43.4904 	EXP 	text_6: autoDraw = False
43.4904 	EXP 	a_card: image = '5_of_diamonds'
43.4904 	EXP 	a_card: autoDraw = True
44.4717 	EXP 	New trial (rep=1, index=0): None
44.4768 	EXP 	a_card: autoDraw = False
44.4768 	EXP 	text_6: autoDraw = True
44.9739 	WARNING 	Requested image 'jack_of_clubs' not found but similar filename 'jack_of_clubs.png' exists. This will be used instead but changing the filename is advised.
44.9835 	EXP 	text_6: autoDraw = False
44.9835 	EXP 	a_card: image = 'jack_of_clubs'
44.9835 	EXP 	a_card: autoDraw = True
45.9743 	EXP 	New trial (rep=2, index=0): None
45.9792 	EXP 	a_card: autoDraw = False
45.9792 	EXP 	text_6: autoDraw = True
46.4707 	WARNING 	Requested image '5_of_diamonds' not found but similar filename '5_of_diamonds.png' exists. This will be used instead but changing the filename is advised.
46.4798 	EXP 	text_6: autoDraw = False
46.4798 	EXP 	a_card: image = '5_of_diamonds'
46.4798 	EXP 	a_card: autoDraw = True
47.4708 	EXP 	New trial (rep=3, index=0): None
47.4774 	EXP 	a_card: autoDraw = False
47.4774 	EXP 	text_6: autoDraw = True
47.9738 	WARNING 	Requested image 'king_of_hearts' not found but similar filename 'king_of_hearts.png' exists. This will be used instead but changing the filename is advised.
47.9831 	EXP 	text_6: autoDraw = False
47.9831 	EXP 	a_card: image = 'king_of_hearts'
47.9831 	EXP 	a_card: autoDraw = True
48.9692 	EXP 	New trial (rep=4, index=0): None
48.9732 	EXP 	a_card: autoDraw = False
48.9732 	EXP 	text_6: autoDraw = True
49.4705 	WARNING 	Requested image '5_of_diamonds' not found but similar filename '5_of_diamonds.png' exists. This will be used instead but changing the filename is advised.
49.4798 	EXP 	text_6: autoDraw = False
49.4798 	EXP 	a_card: image = '5_of_diamonds'
49.4798 	EXP 	a_card: autoDraw = True
50.4706 	EXP 	New trial (rep=5, index=0): None
50.4762 	EXP 	a_card: autoDraw = False
50.4762 	EXP 	text_6: autoDraw = True
50.9733 	WARNING 	Requested image '10_of_diamonds' not found but similar filename '10_of_diamonds.png' exists. This will be used instead but changing the filename is advised.
50.9816 	EXP 	text_6: autoDraw = False
50.9816 	EXP 	a_card: image = '10_of_diamonds'
50.9816 	EXP 	a_card: autoDraw = True
51.9735 	EXP 	New trial (rep=6, index=0): None
51.9788 	EXP 	a_card: autoDraw = False
51.9788 	EXP 	text_6: autoDraw = True
52.4701 	WARNING 	Requested image 'ace_of_diamonds' not found but similar filename 'ace_of_diamonds.png' exists. This will be used instead but changing the filename is advised.
52.4794 	EXP 	text_6: autoDraw = False
52.4794 	EXP 	a_card: image = 'ace_of_diamonds'
52.4794 	EXP 	a_card: autoDraw = True
53.4705 	EXP 	New trial (rep=7, index=0): None
53.4775 	EXP 	a_card: autoDraw = False
53.4775 	EXP 	text_6: autoDraw = True
53.9736 	WARNING 	Requested image '6_of_spades' not found but similar filename '6_of_spades.png' exists. This will be used instead but changing the filename is advised.
53.9825 	EXP 	text_6: autoDraw = False
53.9825 	EXP 	a_card: image = '6_of_spades'
53.9825 	EXP 	a_card: autoDraw = True
54.9735 	EXP 	New trial (rep=8, index=0): None
54.9797 	EXP 	a_card: autoDraw = False
54.9797 	EXP 	text_6: autoDraw = True
55.4698 	WARNING 	Requested image '5_of_diamonds' not found but similar filename '5_of_diamonds.png' exists. This will be used instead but changing the filename is advised.
55.4794 	EXP 	text_6: autoDraw = False
55.4794 	EXP 	a_card: image = '5_of_diamonds'
55.4794 	EXP 	a_card: autoDraw = True
56.4700 	EXP 	New trial (rep=9, index=0): None
56.4763 	EXP 	a_card: autoDraw = False
56.4763 	EXP 	text_6: autoDraw = True
56.9727 	WARNING 	Requested image '6_of_clubs' not found but similar filename '6_of_clubs.png' exists. This will be used instead but changing the filename is advised.
56.9815 	EXP 	text_6: autoDraw = False
56.9815 	EXP 	a_card: image = '6_of_clubs'
56.9815 	EXP 	a_card: autoDraw = True
57.9728 	EXP 	New trial (rep=10, index=0): None
57.9785 	EXP 	a_card: autoDraw = False
57.9785 	EXP 	text_6: autoDraw = True
58.4695 	WARNING 	Requested image 'ace_of_diamonds' not found but similar filename 'ace_of_diamonds.png' exists. This will be used instead but changing the filename is advised.
58.4797 	EXP 	text_6: autoDraw = False
58.4797 	EXP 	a_card: image = 'ace_of_diamonds'
58.4797 	EXP 	a_card: autoDraw = True
59.4698 	EXP 	New trial (rep=11, index=0): None
59.4764 	EXP 	a_card: autoDraw = False
59.4764 	EXP 	text_6: autoDraw = True
59.9723 	WARNING 	Requested image '5_of_diamonds' not found but similar filename '5_of_diamonds.png' exists. This will be used instead but changing the filename is advised.
59.9805 	EXP 	text_6: autoDraw = False
59.9805 	EXP 	a_card: image = '5_of_diamonds'
59.9805 	EXP 	a_card: autoDraw = True
60.9726 	EXP 	New trial (rep=12, index=0): None
60.9786 	EXP 	a_card: autoDraw = False
60.9786 	EXP 	text_6: autoDraw = True
61.4692 	WARNING 	Requested image '6_of_spades' not found but similar filename '6_of_spades.png' exists. This will be used instead but changing the filename is advised.
61.4783 	EXP 	text_6: autoDraw = False
61.4783 	EXP 	a_card: image = '6_of_spades'
61.4783 	EXP 	a_card: autoDraw = True
62.4694 	EXP 	New trial (rep=13, index=0): None
62.4781 	EXP 	a_card: autoDraw = False
62.4781 	EXP 	text_6: autoDraw = True
62.9721 	WARNING 	Requested image 'king_of_hearts' not found but similar filename 'king_of_hearts.png' exists. This will be used instead but changing the filename is advised.
62.9805 	EXP 	text_6: autoDraw = False
62.9805 	EXP 	a_card: image = 'king_of_hearts'
62.9805 	EXP 	a_card: autoDraw = True
63.9722 	EXP 	New trial (rep=14, index=0): None
63.9779 	EXP 	a_card: autoDraw = False
63.9779 	EXP 	text_6: autoDraw = True
64.4688 	WARNING 	Requested image 'ace_of_diamonds' not found but similar filename 'ace_of_diamonds.png' exists. This will be used instead but changing the filename is advised.
64.4783 	EXP 	text_6: autoDraw = False
64.4783 	EXP 	a_card: image = 'ace_of_diamonds'
64.4783 	EXP 	a_card: autoDraw = True
65.4695 	EXP 	New trial (rep=15, index=0): None
65.4746 	EXP 	a_card: autoDraw = False
65.4746 	EXP 	text_6: autoDraw = True
65.9719 	WARNING 	Requested image '5_of_diamonds' not found but similar filename '5_of_diamonds.png' exists. This will be used instead but changing the filename is advised.
65.9809 	EXP 	text_6: autoDraw = False
65.9809 	EXP 	a_card: image = '5_of_diamonds'
65.9809 	EXP 	a_card: autoDraw = True
66.9720 	EXP 	New trial (rep=16, index=0): None
66.9775 	EXP 	a_card: autoDraw = False
66.9775 	EXP 	text_6: autoDraw = True
67.4694 	WARNING 	Requested image '10_of_diamonds' not found but similar filename '10_of_diamonds.png' exists. This will be used instead but changing the filename is advised.
67.4885 	EXP 	text_6: autoDraw = False
67.4885 	EXP 	a_card: image = '10_of_diamonds'
67.4885 	EXP 	a_card: autoDraw = True
68.4693 	EXP 	New trial (rep=17, index=0): None
68.4743 	EXP 	a_card: autoDraw = False
68.4743 	EXP 	text_6: autoDraw = True
68.9715 	WARNING 	Requested image 'ace_of_diamonds' not found but similar filename 'ace_of_diamonds.png' exists. This will be used instead but changing the filename is advised.
68.9805 	EXP 	text_6: autoDraw = False
68.9805 	EXP 	a_card: image = 'ace_of_diamonds'
68.9805 	EXP 	a_card: autoDraw = True
69.9716 	EXP 	New trial (rep=18, index=0): None
69.9776 	EXP 	a_card: autoDraw = False
69.9776 	EXP 	text_6: autoDraw = True
70.4745 	WARNING 	Requested image '5_of_diamonds' not found but similar filename '5_of_diamonds.png' exists. This will be used instead but changing the filename is advised.
70.4835 	EXP 	text_6: autoDraw = False
70.4835 	EXP 	a_card: image = '5_of_diamonds'
70.4835 	EXP 	a_card: autoDraw = True
71.4747 	EXP 	New trial (rep=19, index=0): None
71.4802 	EXP 	a_card: autoDraw = False
71.4802 	EXP 	text_6: autoDraw = True
71.9712 	WARNING 	Requested image '6_of_spades' not found but similar filename '6_of_spades.png' exists. This will be used instead but changing the filename is advised.
71.9794 	EXP 	text_6: autoDraw = False
71.9794 	EXP 	a_card: image = '6_of_spades'
71.9794 	EXP 	a_card: autoDraw = True
72.9712 	EXP 	New trial (rep=20, index=0): None
72.9776 	EXP 	a_card: autoDraw = False
72.9776 	EXP 	text_6: autoDraw = True
73.4741 	WARNING 	Requested image '8_of_clubs' not found but similar filename '8_of_clubs.png' exists. This will be used instead but changing the filename is advised.
73.4831 	EXP 	text_6: autoDraw = False
73.4831 	EXP 	a_card: image = '8_of_clubs'
73.4831 	EXP 	a_card: autoDraw = True
74.4743 	EXP 	New trial (rep=21, index=0): None
74.4793 	EXP 	a_card: autoDraw = False
74.4793 	EXP 	text_6: autoDraw = True
74.9709 	WARNING 	Requested image 'jack_of_clubs' not found but similar filename 'jack_of_clubs.png' exists. This will be used instead but changing the filename is advised.
74.9793 	EXP 	text_6: autoDraw = False
74.9793 	EXP 	a_card: image = 'jack_of_clubs'
74.9793 	EXP 	a_card: autoDraw = True
75.9709 	EXP 	New trial (rep=22, index=0): None
75.9777 	EXP 	a_card: autoDraw = False
75.9777 	EXP 	text_6: autoDraw = True
76.4738 	WARNING 	Requested image '10_of_diamonds' not found but similar filename '10_of_diamonds.png' exists. This will be used instead but changing the filename is advised.
76.4828 	EXP 	text_6: autoDraw = False
76.4828 	EXP 	a_card: image = '10_of_diamonds'
76.4828 	EXP 	a_card: autoDraw = True
77.4740 	EXP 	New trial (rep=23, index=0): None
77.4791 	EXP 	a_card: autoDraw = False
77.4791 	EXP 	text_6: autoDraw = True
77.9706 	WARNING 	Requested image 'jack_of_clubs' not found but similar filename 'jack_of_clubs.png' exists. This will be used instead but changing the filename is advised.
77.9798 	EXP 	text_6: autoDraw = False
77.9798 	EXP 	a_card: image = 'jack_of_clubs'
77.9798 	EXP 	a_card: autoDraw = True
78.9708 	EXP 	New trial (rep=24, index=0): None
78.9766 	EXP 	a_card: autoDraw = False
78.9766 	EXP 	text_6: autoDraw = True
79.4735 	WARNING 	Requested image '6_of_spades' not found but similar filename '6_of_spades.png' exists. This will be used instead but changing the filename is advised.
79.4825 	EXP 	text_6: autoDraw = False
79.4825 	EXP 	a_card: image = '6_of_spades'
79.4825 	EXP 	a_card: autoDraw = True
80.4737 	EXP 	New trial (rep=25, index=0): None
80.4791 	EXP 	a_card: autoDraw = False
80.4791 	EXP 	text_6: autoDraw = True
80.9704 	WARNING 	Requested image 'king_of_hearts' not found but similar filename 'king_of_hearts.png' exists. This will be used instead but changing the filename is advised.
80.9789 	EXP 	text_6: autoDraw = False
80.9789 	EXP 	a_card: image = 'king_of_hearts'
80.9789 	EXP 	a_card: autoDraw = True
81.9706 	EXP 	New trial (rep=26, index=0): None
81.9778 	EXP 	a_card: autoDraw = False
81.9778 	EXP 	text_6: autoDraw = True
82.4731 	WARNING 	Requested image 'ace_of_diamonds' not found but similar filename 'ace_of_diamonds.png' exists. This will be used instead but changing the filename is advised.
82.4820 	EXP 	text_6: autoDraw = False
82.4820 	EXP 	a_card: image = 'ace_of_diamonds'
82.4820 	EXP 	a_card: autoDraw = True
83.4735 	EXP 	New trial (rep=27, index=0): None
83.4785 	EXP 	a_card: autoDraw = False
83.4785 	EXP 	text_6: autoDraw = True
83.9699 	WARNING 	Requested image '10_of_diamonds' not found but similar filename '10_of_diamonds.png' exists. This will be used instead but changing the filename is advised.
83.9782 	EXP 	text_6: autoDraw = False
83.9782 	EXP 	a_card: image = '10_of_diamonds'
83.9782 	EXP 	a_card: autoDraw = True
84.9702 	EXP 	New trial (rep=28, index=0): None
84.9770 	EXP 	a_card: autoDraw = False
84.9770 	EXP 	text_6: autoDraw = True
85.4730 	WARNING 	Requested image '8_of_clubs' not found but similar filename '8_of_clubs.png' exists. This will be used instead but changing the filename is advised.
85.4817 	EXP 	text_6: autoDraw = False
85.4817 	EXP 	a_card: image = '8_of_clubs'
85.4817 	EXP 	a_card: autoDraw = True
86.4731 	EXP 	New trial (rep=29, index=0): None
86.4786 	EXP 	a_card: autoDraw = False
86.4786 	EXP 	text_6: autoDraw = True
86.9697 	WARNING 	Requested image 'ace_of_diamonds' not found but similar filename 'ace_of_diamonds.png' exists. This will be used instead but changing the filename is advised.
86.9782 	EXP 	text_6: autoDraw = False
86.9782 	EXP 	a_card: image = 'ace_of_diamonds'
86.9782 	EXP 	a_card: autoDraw = True
87.9700 	EXP 	New trial (rep=30, index=0): None
87.9773 	EXP 	a_card: autoDraw = False
87.9773 	EXP 	text_6: autoDraw = True
88.4727 	WARNING 	Requested image 'jack_of_clubs' not found but similar filename 'jack_of_clubs.png' exists. This will be used instead but changing the filename is advised.
88.4822 	EXP 	text_6: autoDraw = False
88.4822 	EXP 	a_card: image = 'jack_of_clubs'
88.4822 	EXP 	a_card: autoDraw = True
89.4729 	EXP 	New trial (rep=31, index=0): None
89.4792 	EXP 	a_card: autoDraw = False
89.4792 	EXP 	text_6: autoDraw = True
89.9695 	WARNING 	Requested image '10_of_diamonds' not found but similar filename '10_of_diamonds.png' exists. This will be used instead but changing the filename is advised.
89.9817 	EXP 	text_6: autoDraw = False
89.9817 	EXP 	a_card: image = '10_of_diamonds'
89.9817 	EXP 	a_card: autoDraw = True
90.9694 	EXP 	New trial (rep=32, index=0): None
90.9750 	EXP 	a_card: autoDraw = False
90.9750 	EXP 	text_6: autoDraw = True
91.4724 	WARNING 	Requested image 'king_of_hearts' not found but similar filename 'king_of_hearts.png' exists. This will be used instead but changing the filename is advised.
91.4817 	EXP 	text_6: autoDraw = False
91.4817 	EXP 	a_card: image = 'king_of_hearts'
91.4817 	EXP 	a_card: autoDraw = True
92.4726 	EXP 	New trial (rep=33, index=0): None
92.4780 	EXP 	a_card: autoDraw = False
92.4780 	EXP 	text_6: autoDraw = True
92.9692 	WARNING 	Requested image '6_of_clubs' not found but similar filename '6_of_clubs.png' exists. This will be used instead but changing the filename is advised.
92.9790 	EXP 	text_6: autoDraw = False
92.9790 	EXP 	a_card: image = '6_of_clubs'
92.9790 	EXP 	a_card: autoDraw = True
93.9694 	EXP 	New trial (rep=34, index=0): None
93.9746 	EXP 	a_card: autoDraw = False
93.9746 	EXP 	text_6: autoDraw = True
94.4720 	WARNING 	Requested image '6_of_spades' not found but similar filename '6_of_spades.png' exists. This will be used instead but changing the filename is advised.
94.4811 	EXP 	text_6: autoDraw = False
94.4811 	EXP 	a_card: image = '6_of_spades'
94.4811 	EXP 	a_card: autoDraw = True
95.4721 	EXP 	New trial (rep=35, index=0): None
95.4779 	EXP 	a_card: autoDraw = False
95.4779 	EXP 	text_6: autoDraw = True
95.9688 	WARNING 	Requested image 'king_of_hearts' not found but similar filename 'king_of_hearts.png' exists. This will be used instead but changing the filename is advised.
95.9783 	EXP 	text_6: autoDraw = False
95.9783 	EXP 	a_card: image = 'king_of_hearts'
95.9783 	EXP 	a_card: autoDraw = True
96.9690 	EXP 	New trial (rep=36, index=0): None
96.9748 	EXP 	a_card: autoDraw = False
96.9748 	EXP 	text_6: autoDraw = True
97.4717 	WARNING 	Requested image '3_of_hearts' not found but similar filename '3_of_hearts.png' exists. This will be used instead but changing the filename is advised.
97.4810 	EXP 	text_6: autoDraw = False
97.4810 	EXP 	a_card: image = '3_of_hearts'
97.4810 	EXP 	a_card: autoDraw = True
98.4720 	EXP 	New trial (rep=37, index=0): None
98.4778 	EXP 	a_card: autoDraw = False
98.4778 	EXP 	text_6: autoDraw = True
98.9746 	WARNING 	Requested image '8_of_clubs' not found but similar filename '8_of_clubs.png' exists. This will be used instead but changing the filename is advised.
98.9829 	EXP 	text_6: autoDraw = False
98.9829 	EXP 	a_card: image = '8_of_clubs'
98.9829 	EXP 	a_card: autoDraw = True
99.9750 	EXP 	New trial (rep=38, index=0): None
99.9797 	EXP 	a_card: autoDraw = False
99.9797 	EXP 	text_6: autoDraw = True
100.4713 	WARNING 	Requested image '6_of_clubs' not found but similar filename '6_of_clubs.png' exists. This will be used instead but changing the filename is advised.
100.4808 	EXP 	text_6: autoDraw = False
100.4808 	EXP 	a_card: image = '6_of_clubs'
100.4808 	EXP 	a_card: autoDraw = True
101.4714 	EXP 	New trial (rep=39, index=0): None
101.4779 	EXP 	a_card: autoDraw = False
101.4779 	EXP 	text_6: autoDraw = True
101.9742 	WARNING 	Requested image '8_of_clubs' not found but similar filename '8_of_clubs.png' exists. This will be used instead but changing the filename is advised.
101.9831 	EXP 	text_6: autoDraw = False
101.9831 	EXP 	a_card: image = '8_of_clubs'
101.9831 	EXP 	a_card: autoDraw = True
102.9743 	EXP 	New trial (rep=40, index=0): None
102.9801 	EXP 	a_card: autoDraw = False
102.9801 	EXP 	text_6: autoDraw = True
103.4710 	WARNING 	Requested image 'ace_of_diamonds' not found but similar filename 'ace_of_diamonds.png' exists. This will be used instead but changing the filename is advised.
103.4803 	EXP 	text_6: autoDraw = False
103.4803 	EXP 	a_card: image = 'ace_of_diamonds'
103.4803 	EXP 	a_card: autoDraw = True
104.4712 	EXP 	New trial (rep=41, index=0): None
104.4780 	EXP 	a_card: autoDraw = False
104.4780 	EXP 	text_6: autoDraw = True
104.9738 	WARNING 	Requested image 'king_of_hearts' not found but similar filename 'king_of_hearts.png' exists. This will be used instead but changing the filename is advised.
104.9820 	EXP 	text_6: autoDraw = False
104.9820 	EXP 	a_card: image = 'king_of_hearts'
104.9820 	EXP 	a_card: autoDraw = True
105.9741 	EXP 	New trial (rep=42, index=0): None
105.9792 	EXP 	a_card: autoDraw = False
105.9792 	EXP 	text_6: autoDraw = True
106.4707 	WARNING 	Requested image '8_of_clubs' not found but similar filename '8_of_clubs.png' exists. This will be used instead but changing the filename is advised.
106.4797 	EXP 	text_6: autoDraw = False
106.4797 	EXP 	a_card: image = '8_of_clubs'
106.4797 	EXP 	a_card: autoDraw = True
107.4708 	EXP 	New trial (rep=43, index=0): None
107.4770 	EXP 	a_card: autoDraw = False
107.4770 	EXP 	text_6: autoDraw = True
107.9736 	WARNING 	Requested image '6_of_spades' not found but similar filename '6_of_spades.png' exists. This will be used instead but changing the filename is advised.
107.9824 	EXP 	text_6: autoDraw = False
107.9824 	EXP 	a_card: image = '6_of_spades'
107.9824 	EXP 	a_card: autoDraw = True
108.9737 	EXP 	New trial (rep=44, index=0): None
108.9789 	EXP 	a_card: autoDraw = False
108.9789 	EXP 	text_6: autoDraw = True
109.4704 	WARNING 	Requested image 'king_of_hearts' not found but similar filename 'king_of_hearts.png' exists. This will be used instead but changing the filename is advised.
109.4794 	EXP 	text_6: autoDraw = False
109.4794 	EXP 	a_card: image = 'king_of_hearts'
109.4794 	EXP 	a_card: autoDraw = True
110.4704 	EXP 	New trial (rep=45, index=0): None
110.4768 	EXP 	a_card: autoDraw = False
110.4768 	EXP 	text_6: autoDraw = True
110.9733 	WARNING 	Requested image 'jack_of_clubs' not found but similar filename 'jack_of_clubs.png' exists. This will be used instead but changing the filename is advised.
110.9817 	EXP 	text_6: autoDraw = False
110.9817 	EXP 	a_card: image = 'jack_of_clubs'
110.9817 	EXP 	a_card: autoDraw = True
111.9733 	EXP 	New trial (rep=46, index=0): None
111.9793 	EXP 	a_card: autoDraw = False
111.9793 	EXP 	text_6: autoDraw = True
112.4701 	WARNING 	Requested image '8_of_clubs' not found but similar filename '8_of_clubs.png' exists. This will be used instead but changing the filename is advised.
112.4793 	EXP 	text_6: autoDraw = False
112.4793 	EXP 	a_card: image = '8_of_clubs'
112.4793 	EXP 	a_card: autoDraw = True
113.4703 	EXP 	New trial (rep=47, index=0): None
113.4774 	EXP 	a_card: autoDraw = False
113.4774 	EXP 	text_6: autoDraw = True
113.9730 	WARNING 	Requested image '6_of_clubs' not found but similar filename '6_of_clubs.png' exists. This will be used instead but changing the filename is advised.
113.9811 	EXP 	text_6: autoDraw = False
113.9811 	EXP 	a_card: image = '6_of_clubs'
113.9811 	EXP 	a_card: autoDraw = True
114.9731 	EXP 	New trial (rep=48, index=0): None
114.9800 	EXP 	a_card: autoDraw = False
114.9800 	EXP 	text_6: autoDraw = True
115.4698 	WARNING 	Requested image 'ace_of_diamonds' not found but similar filename 'ace_of_diamonds.png' exists. This will be used instead but changing the filename is advised.
115.4794 	EXP 	text_6: autoDraw = False
115.4794 	EXP 	a_card: image = 'ace_of_diamonds'
115.4794 	EXP 	a_card: autoDraw = True
116.4699 	EXP 	New trial (rep=49, index=0): None
116.4774 	EXP 	a_card: autoDraw = False
116.4774 	EXP 	text_6: autoDraw = True
116.9727 	WARNING 	Requested image 'jack_of_clubs' not found but similar filename 'jack_of_clubs.png' exists. This will be used instead but changing the filename is advised.
116.9813 	EXP 	text_6: autoDraw = False
116.9813 	EXP 	a_card: image = 'jack_of_clubs'
116.9813 	EXP 	a_card: autoDraw = True
117.9728 	EXP 	New trial (rep=50, index=0): None
117.9784 	EXP 	a_card: autoDraw = False
117.9784 	EXP 	text_6: autoDraw = True
118.4695 	WARNING 	Requested image '6_of_clubs' not found but similar filename '6_of_clubs.png' exists. This will be used instead but changing the filename is advised.
118.4786 	EXP 	text_6: autoDraw = False
118.4786 	EXP 	a_card: image = '6_of_clubs'
118.4786 	EXP 	a_card: autoDraw = True
119.4697 	EXP 	New trial (rep=51, index=0): None
119.4752 	EXP 	a_card: autoDraw = False
119.4752 	EXP 	text_6: autoDraw = True
119.9723 	WARNING 	Requested image 'ace_of_diamonds' not found but similar filename 'ace_of_diamonds.png' exists. This will be used instead but changing the filename is advised.
119.9816 	EXP 	text_6: autoDraw = False
119.9816 	EXP 	a_card: image = 'ace_of_diamonds'
119.9816 	EXP 	a_card: autoDraw = True
120.9723 	EXP 	New trial (rep=52, index=0): None
120.9780 	EXP 	a_card: autoDraw = False
120.9780 	EXP 	text_6: autoDraw = True
121.4692 	WARNING 	Requested image 'king_of_hearts' not found but similar filename 'king_of_hearts.png' exists. This will be used instead but changing the filename is advised.
121.4791 	EXP 	text_6: autoDraw = False
121.4791 	EXP 	a_card: image = 'king_of_hearts'
121.4791 	EXP 	a_card: autoDraw = True
122.4694 	EXP 	New trial (rep=53, index=0): None
122.4748 	EXP 	a_card: autoDraw = False
122.4748 	EXP 	text_6: autoDraw = True
122.9721 	WARNING 	Requested image '6_of_spades' not found but similar filename '6_of_spades.png' exists. This will be used instead but changing the filename is advised.
122.9809 	EXP 	text_6: autoDraw = False
122.9809 	EXP 	a_card: image = '6_of_spades'
122.9809 	EXP 	a_card: autoDraw = True
123.9723 	EXP 	New trial (rep=54, index=0): None
123.9781 	EXP 	a_card: autoDraw = False
123.9781 	EXP 	text_6: autoDraw = True
124.4690 	WARNING 	Requested image '10_of_diamonds' not found but similar filename '10_of_diamonds.png' exists. This will be used instead but changing the filename is advised.
124.4793 	EXP 	text_6: autoDraw = False
124.4793 	EXP 	a_card: image = '10_of_diamonds'
124.4793 	EXP 	a_card: autoDraw = True
125.4691 	EXP 	New trial (rep=55, index=0): None
125.4744 	EXP 	a_card: autoDraw = False
125.4744 	EXP 	text_6: autoDraw = True
125.9718 	WARNING 	Requested image '6_of_spades' not found but similar filename '6_of_spades.png' exists. This will be used instead but changing the filename is advised.
125.9803 	EXP 	text_6: autoDraw = False
125.9803 	EXP 	a_card: image = '6_of_spades'
125.9803 	EXP 	a_card: autoDraw = True
126.9719 	EXP 	New trial (rep=56, index=0): None
126.9783 	EXP 	a_card: autoDraw = False
126.9783 	EXP 	text_6: autoDraw = True
127.4687 	WARNING 	Requested image '10_of_diamonds' not found but similar filename '10_of_diamonds.png' exists. This will be used instead but changing the filename is advised.
127.4800 	EXP 	text_6: autoDraw = False
127.4800 	EXP 	a_card: image = '10_of_diamonds'
127.4800 	EXP 	a_card: autoDraw = True
128.4689 	EXP 	New trial (rep=57, index=0): None
128.4742 	EXP 	a_card: autoDraw = False
128.4742 	EXP 	text_6: autoDraw = True
128.9714 	WARNING 	Requested image '3_of_hearts' not found but similar filename '3_of_hearts.png' exists. This will be used instead but changing the filename is advised.
128.9799 	EXP 	text_6: autoDraw = False
128.9799 	EXP 	a_card: image = '3_of_hearts'
128.9799 	EXP 	a_card: autoDraw = True
129.9716 	EXP 	New trial (rep=58, index=0): None
129.9782 	EXP 	a_card: autoDraw = False
129.9782 	EXP 	text_6: autoDraw = True
130.4744 	WARNING 	Requested image '5_of_diamonds' not found but similar filename '5_of_diamonds.png' exists. This will be used instead but changing the filename is advised.
130.4833 	EXP 	text_6: autoDraw = False
130.4833 	EXP 	a_card: image = '5_of_diamonds'
130.4833 	EXP 	a_card: autoDraw = True
131.4744 	EXP 	New trial (rep=59, index=0): None
131.4805 	EXP 	a_card: autoDraw = False
131.4805 	EXP 	text_6: autoDraw = True
131.9711 	WARNING 	Requested image 'jack_of_clubs' not found but similar filename 'jack_of_clubs.png' exists. This will be used instead but changing the filename is advised.
131.9797 	EXP 	text_6: autoDraw = False
131.9797 	EXP 	a_card: image = 'jack_of_clubs'
131.9797 	EXP 	a_card: autoDraw = True
132.9713 	EXP 	New trial (rep=60, index=0): None
132.9772 	EXP 	a_card: autoDraw = False
132.9772 	EXP 	text_6: autoDraw = True
133.4742 	WARNING 	Requested image '5_of_diamonds' not found but similar filename '5_of_diamonds.png' exists. This will be used instead but changing the filename is advised.
133.4832 	EXP 	text_6: autoDraw = False
133.4832 	EXP 	a_card: image = '5_of_diamonds'
133.4832 	EXP 	a_card: autoDraw = True
134.4742 	EXP 	New trial (rep=61, index=0): None
134.4796 	EXP 	a_card: autoDraw = False
134.4796 	EXP 	text_6: autoDraw = True
134.9708 	WARNING 	Requested image 'king_of_hearts' not found but similar filename 'king_of_hearts.png' exists. This will be used instead but changing the filename is advised.
134.9795 	EXP 	text_6: autoDraw = False
134.9795 	EXP 	a_card: image = 'king_of_hearts'
134.9795 	EXP 	a_card: autoDraw = True
135.9712 	EXP 	New trial (rep=62, index=0): None
135.9783 	EXP 	a_card: autoDraw = False
135.9783 	EXP 	text_6: autoDraw = True
136.4738 	WARNING 	Requested image '10_of_diamonds' not found but similar filename '10_of_diamonds.png' exists. This will be used instead but changing the filename is advised.
136.4825 	EXP 	text_6: autoDraw = False
136.4825 	EXP 	a_card: image = '10_of_diamonds'
136.4825 	EXP 	a_card: autoDraw = True
137.4741 	EXP 	New trial (rep=63, index=0): None
137.4796 	EXP 	a_card: autoDraw = False
137.4796 	EXP 	text_6: autoDraw = True
137.9706 	WARNING 	Requested image '6_of_clubs' not found but similar filename '6_of_clubs.png' exists. This will be used instead but changing the filename is advised.
137.9799 	EXP 	text_6: autoDraw = False
137.9799 	EXP 	a_card: image = '6_of_clubs'
137.9799 	EXP 	a_card: autoDraw = True
138.9711 	EXP 	New trial (rep=64, index=0): None
138.9763 	EXP 	a_card: autoDraw = False
138.9763 	EXP 	text_6: autoDraw = True
139.4735 	WARNING 	Requested image 'king_of_hearts' not found but similar filename 'king_of_hearts.png' exists. This will be used instead but changing the filename is advised.
139.4862 	EXP 	text_6: autoDraw = False
139.4862 	EXP 	a_card: image = 'king_of_hearts'
139.4862 	EXP 	a_card: autoDraw = True
140.4737 	EXP 	New trial (rep=65, index=0): None
140.4797 	EXP 	a_card: autoDraw = False
140.4797 	EXP 	text_6: autoDraw = True
140.9703 	WARNING 	Requested image '6_of_spades' not found but similar filename '6_of_spades.png' exists. This will be used instead but changing the filename is advised.
140.9789 	EXP 	text_6: autoDraw = False
140.9789 	EXP 	a_card: image = '6_of_spades'
140.9789 	EXP 	a_card: autoDraw = True
141.9706 	EXP 	New trial (rep=66, index=0): None
141.9772 	EXP 	a_card: autoDraw = False
141.9772 	EXP 	text_6: autoDraw = True
142.4732 	WARNING 	Requested image 'jack_of_clubs' not found but similar filename 'jack_of_clubs.png' exists. This will be used instead but changing the filename is advised.
142.4828 	EXP 	text_6: autoDraw = False
142.4828 	EXP 	a_card: image = 'jack_of_clubs'
142.4828 	EXP 	a_card: autoDraw = True
143.4733 	EXP 	New trial (rep=67, index=0): None
143.4789 	EXP 	a_card: autoDraw = False
143.4789 	EXP 	text_6: autoDraw = True
143.9699 	WARNING 	Requested image '6_of_spades' not found but similar filename '6_of_spades.png' exists. This will be used instead but changing the filename is advised.
143.9794 	EXP 	text_6: autoDraw = False
143.9794 	EXP 	a_card: image = '6_of_spades'
143.9794 	EXP 	a_card: autoDraw = True
144.9703 	EXP 	New trial (rep=68, index=0): None
144.9757 	EXP 	a_card: autoDraw = False
144.9757 	EXP 	text_6: autoDraw = True
145.4730 	WARNING 	Requested image 'king_of_hearts' not found but similar filename 'king_of_hearts.png' exists. This will be used instead but changing the filename is advised.
145.4826 	EXP 	text_6: autoDraw = False
145.4826 	EXP 	a_card: image = 'king_of_hearts'
145.4826 	EXP 	a_card: autoDraw = True
146.4732 	EXP 	New trial (rep=69, index=0): None
146.4785 	EXP 	a_card: autoDraw = False
146.4785 	EXP 	text_6: autoDraw = True
146.9697 	WARNING 	Requested image 'ace_of_diamonds' not found but similar filename 'ace_of_diamonds.png' exists. This will be used instead but changing the filename is advised.
146.9796 	EXP 	text_6: autoDraw = False
146.9796 	EXP 	a_card: image = 'ace_of_diamonds'
146.9796 	EXP 	a_card: autoDraw = True
147.9701 	EXP 	New trial (rep=70, index=0): None
147.9752 	EXP 	a_card: autoDraw = False
147.9752 	EXP 	text_6: autoDraw = True
148.4724 	WARNING 	Requested image '6_of_spades' not found but similar filename '6_of_spades.png' exists. This will be used instead but changing the filename is advised.
148.4808 	EXP 	text_6: autoDraw = False
148.4808 	EXP 	a_card: image = '6_of_spades'
148.4808 	EXP 	a_card: autoDraw = True
149.4731 	EXP 	New trial (rep=71, index=0): None
149.4783 	EXP 	a_card: autoDraw = False
149.4783 	EXP 	text_6: autoDraw = True
149.9694 	WARNING 	Requested image '3_of_hearts' not found but similar filename '3_of_hearts.png' exists. This will be used instead but changing the filename is advised.
149.9799 	EXP 	text_6: autoDraw = False
149.9799 	EXP 	a_card: image = '3_of_hearts'
149.9799 	EXP 	a_card: autoDraw = True
150.9695 	EXP 	New trial (rep=72, index=0): None
150.9749 	EXP 	a_card: autoDraw = False
150.9749 	EXP 	text_6: autoDraw = True
151.4723 	WARNING 	Requested image 'king_of_hearts' not found but similar filename 'king_of_hearts.png' exists. This will be used instead but changing the filename is advised.
151.4820 	EXP 	text_6: autoDraw = False
151.4820 	EXP 	a_card: image = 'king_of_hearts'
151.4820 	EXP 	a_card: autoDraw = True
152.4723 	EXP 	New trial (rep=73, index=0): None
152.4784 	EXP 	a_card: autoDraw = False
152.4784 	EXP 	text_6: autoDraw = True
152.9690 	WARNING 	Requested image '6_of_clubs' not found but similar filename '6_of_clubs.png' exists. This will be used instead but changing the filename is advised.
152.9791 	EXP 	text_6: autoDraw = False
152.9791 	EXP 	a_card: image = '6_of_clubs'
152.9791 	EXP 	a_card: autoDraw = True
153.9691 	EXP 	New trial (rep=74, index=0): None
153.9746 	EXP 	a_card: autoDraw = False
153.9746 	EXP 	text_6: autoDraw = True
154.4719 	WARNING 	Requested image 'king_of_hearts' not found but similar filename 'king_of_hearts.png' exists. This will be used instead but changing the filename is advised.
154.4814 	EXP 	text_6: autoDraw = False
154.4814 	EXP 	a_card: image = 'king_of_hearts'
154.4814 	EXP 	a_card: autoDraw = True
155.4720 	EXP 	New trial (rep=75, index=0): None
155.4784 	EXP 	a_card: autoDraw = False
155.4784 	EXP 	text_6: autoDraw = True
155.9686 	WARNING 	Requested image 'jack_of_clubs' not found but similar filename 'jack_of_clubs.png' exists. This will be used instead but changing the filename is advised.
155.9797 	EXP 	text_6: autoDraw = False
155.9797 	EXP 	a_card: image = 'jack_of_clubs'
155.9797 	EXP 	a_card: autoDraw = True
156.9688 	EXP 	New trial (rep=76, index=0): None
156.9744 	EXP 	a_card: autoDraw = False
156.9744 	EXP 	text_6: autoDraw = True
157.4715 	WARNING 	Requested image 'ace_of_diamonds' not found but similar filename 'ace_of_diamonds.png' exists. This will be used instead but changing the filename is advised.
157.4809 	EXP 	text_6: autoDraw = False
157.4809 	EXP 	a_card: image = 'ace_of_diamonds'
157.4809 	EXP 	a_card: autoDraw = True
158.4717 	EXP 	New trial (rep=77, index=0): None
158.4785 	EXP 	a_card: autoDraw = False
158.4785 	EXP 	text_6: autoDraw = True
158.9745 	WARNING 	Requested image '10_of_diamonds' not found but similar filename '10_of_diamonds.png' exists. This will be used instead but changing the filename is advised.
158.9825 	EXP 	text_6: autoDraw = False
158.9825 	EXP 	a_card: image = '10_of_diamonds'
158.9825 	EXP 	a_card: autoDraw = True
159.9748 	EXP 	New trial (rep=78, index=0): None
159.9803 	EXP 	a_card: autoDraw = False
159.9803 	EXP 	text_6: autoDraw = True
160.4712 	WARNING 	Requested image '6_of_clubs' not found but similar filename '6_of_clubs.png' exists. This will be used instead but changing the filename is advised.
160.4796 	EXP 	text_6: autoDraw = False
160.4796 	EXP 	a_card: image = '6_of_clubs'
160.4796 	EXP 	a_card: autoDraw = True
161.4715 	EXP 	New trial (rep=79, index=0): None
161.4790 	EXP 	a_card: autoDraw = False
161.4790 	EXP 	text_6: autoDraw = True
161.9742 	WARNING 	Requested image 'king_of_hearts' not found but similar filename 'king_of_hearts.png' exists. This will be used instead but changing the filename is advised.
161.9826 	EXP 	text_6: autoDraw = False
161.9826 	EXP 	a_card: image = 'king_of_hearts'
161.9826 	EXP 	a_card: autoDraw = True
162.9744 	EXP 	New trial (rep=80, index=0): None
162.9797 	EXP 	a_card: autoDraw = False
162.9797 	EXP 	text_6: autoDraw = True
163.4710 	WARNING 	Requested image '3_of_hearts' not found but similar filename '3_of_hearts.png' exists. This will be used instead but changing the filename is advised.
163.4803 	EXP 	text_6: autoDraw = False
163.4803 	EXP 	a_card: image = '3_of_hearts'
163.4803 	EXP 	a_card: autoDraw = True
164.4711 	EXP 	New trial (rep=81, index=0): None
164.4786 	EXP 	a_card: autoDraw = False
164.4786 	EXP 	text_6: autoDraw = True
164.9739 	WARNING 	Requested image '10_of_diamonds' not found but similar filename '10_of_diamonds.png' exists. This will be used instead but changing the filename is advised.
164.9818 	EXP 	text_6: autoDraw = False
164.9818 	EXP 	a_card: image = '10_of_diamonds'
164.9818 	EXP 	a_card: autoDraw = True
165.9740 	EXP 	New trial (rep=82, index=0): None
165.9804 	EXP 	a_card: autoDraw = False
165.9804 	EXP 	text_6: autoDraw = True
166.4707 	WARNING 	Requested image '6_of_clubs' not found but similar filename '6_of_clubs.png' exists. This will be used instead but changing the filename is advised.
166.4801 	EXP 	text_6: autoDraw = False
166.4801 	EXP 	a_card: image = '6_of_clubs'
166.4801 	EXP 	a_card: autoDraw = True
167.4708 	EXP 	New trial (rep=83, index=0): None
167.4780 	EXP 	a_card: autoDraw = False
167.4780 	EXP 	text_6: autoDraw = True
167.9736 	WARNING 	Requested image 'ace_of_diamonds' not found but similar filename 'ace_of_diamonds.png' exists. This will be used instead but changing the filename is advised.
167.9820 	EXP 	text_6: autoDraw = False
167.9820 	EXP 	a_card: image = 'ace_of_diamonds'
167.9820 	EXP 	a_card: autoDraw = True
168.9737 	EXP 	New trial (rep=84, index=0): None
168.9793 	EXP 	a_card: autoDraw = False
168.9793 	EXP 	text_6: autoDraw = True
169.4705 	WARNING 	Requested image '6_of_clubs' not found but similar filename '6_of_clubs.png' exists. This will be used instead but changing the filename is advised.
169.4799 	EXP 	text_6: autoDraw = False
169.4799 	EXP 	a_card: image = '6_of_clubs'
169.4799 	EXP 	a_card: autoDraw = True
170.4706 	EXP 	New trial (rep=85, index=0): None
170.4775 	EXP 	a_card: autoDraw = False
170.4775 	EXP 	text_6: autoDraw = True
170.9733 	WARNING 	Requested image 'king_of_hearts' not found but similar filename 'king_of_hearts.png' exists. This will be used instead but changing the filename is advised.
170.9821 	EXP 	text_6: autoDraw = False
170.9821 	EXP 	a_card: image = 'king_of_hearts'
170.9821 	EXP 	a_card: autoDraw = True
171.9733 	EXP 	New trial (rep=86, index=0): None
171.9790 	EXP 	a_card: autoDraw = False
171.9790 	EXP 	text_6: autoDraw = True
172.4701 	WARNING 	Requested image '6_of_spades' not found but similar filename '6_of_spades.png' exists. This will be used instead but changing the filename is advised.
172.4798 	EXP 	text_6: autoDraw = False
172.4798 	EXP 	a_card: image = '6_of_spades'
172.4798 	EXP 	a_card: autoDraw = True
173.4703 	EXP 	New trial (rep=87, index=0): None
173.4758 	EXP 	a_card: autoDraw = False
173.4758 	EXP 	text_6: autoDraw = True
173.9729 	WARNING 	Requested image '3_of_hearts' not found but similar filename '3_of_hearts.png' exists. This will be used instead but changing the filename is advised.
173.9819 	EXP 	text_6: autoDraw = False
173.9819 	EXP 	a_card: image = '3_of_hearts'
173.9819 	EXP 	a_card: autoDraw = True
174.9732 	EXP 	New trial (rep=88, index=0): None
174.9787 	EXP 	a_card: autoDraw = False
174.9787 	EXP 	text_6: autoDraw = True
175.4698 	WARNING 	Requested image '5_of_diamonds' not found but similar filename '5_of_diamonds.png' exists. This will be used instead but changing the filename is advised.
175.4790 	EXP 	text_6: autoDraw = False
175.4790 	EXP 	a_card: image = '5_of_diamonds'
175.4790 	EXP 	a_card: autoDraw = True
176.4700 	EXP 	New trial (rep=89, index=0): None
176.4753 	EXP 	a_card: autoDraw = False
176.4753 	EXP 	text_6: autoDraw = True
176.9725 	WARNING 	Requested image '6_of_clubs' not found but similar filename '6_of_clubs.png' exists. This will be used instead but changing the filename is advised.
176.9808 	EXP 	text_6: autoDraw = False
176.9808 	EXP 	a_card: image = '6_of_clubs'
176.9808 	EXP 	a_card: autoDraw = True
177.9729 	EXP 	New trial (rep=90, index=0): None
177.9786 	EXP 	a_card: autoDraw = False
177.9786 	EXP 	text_6: autoDraw = True
178.4694 	WARNING 	Requested image 'ace_of_diamonds' not found but similar filename 'ace_of_diamonds.png' exists. This will be used instead but changing the filename is advised.
178.4799 	EXP 	text_6: autoDraw = False
178.4799 	EXP 	a_card: image = 'ace_of_diamonds'
178.4799 	EXP 	a_card: autoDraw = True
179.4697 	EXP 	New trial (rep=91, index=0): None
179.4750 	EXP 	a_card: autoDraw = False
179.4750 	EXP 	text_6: autoDraw = True
179.9723 	WARNING 	Requested image 'king_of_hearts' not found but similar filename 'king_of_hearts.png' exists. This will be used instead but changing the filename is advised.
179.9811 	EXP 	text_6: autoDraw = False
179.9811 	EXP 	a_card: image = 'king_of_hearts'
179.9811 	EXP 	a_card: autoDraw = True
180.9725 	EXP 	New trial (rep=92, index=0): None
180.9784 	EXP 	a_card: autoDraw = False
180.9784 	EXP 	text_6: autoDraw = True
181.4692 	WARNING 	Requested image '6_of_spades' not found but similar filename '6_of_spades.png' exists. This will be used instead but changing the filename is advised.
181.4799 	EXP 	text_6: autoDraw = False
181.4799 	EXP 	a_card: image = '6_of_spades'
181.4799 	EXP 	a_card: autoDraw = True
182.4695 	EXP 	New trial (rep=93, index=0): None
182.4748 	EXP 	a_card: autoDraw = False
182.4748 	EXP 	text_6: autoDraw = True
182.9720 	WARNING 	Requested image '6_of_clubs' not found but similar filename '6_of_clubs.png' exists. This will be used instead but changing the filename is advised.
182.9807 	EXP 	text_6: autoDraw = False
182.9807 	EXP 	a_card: image = '6_of_clubs'
182.9807 	EXP 	a_card: autoDraw = True
183.9723 	EXP 	New trial (rep=94, index=0): None
183.9777 	EXP 	a_card: autoDraw = False
183.9777 	EXP 	text_6: autoDraw = True
184.4693 	WARNING 	Requested image '5_of_diamonds' not found but similar filename '5_of_diamonds.png' exists. This will be used instead but changing the filename is advised.
184.4813 	EXP 	text_6: autoDraw = False
184.4813 	EXP 	a_card: image = '5_of_diamonds'
184.4813 	EXP 	a_card: autoDraw = True
185.4691 	EXP 	New trial (rep=95, index=0): None
185.4744 	EXP 	a_card: autoDraw = False
185.4744 	EXP 	text_6: autoDraw = True
185.9717 	WARNING 	Requested image '10_of_diamonds' not found but similar filename '10_of_diamonds.png' exists. This will be used instead but changing the filename is advised.
185.9896 	EXP 	text_6: autoDraw = False
185.9896 	EXP 	a_card: image = '10_of_diamonds'
185.9896 	EXP 	a_card: autoDraw = True
186.9718 	EXP 	New trial (rep=96, index=0): None
186.9788 	EXP 	a_card: autoDraw = False
186.9788 	EXP 	text_6: autoDraw = True
187.4686 	WARNING 	Requested image '6_of_clubs' not found but similar filename '6_of_clubs.png' exists. This will be used instead but changing the filename is advised.
187.4796 	EXP 	text_6: autoDraw = False
187.4796 	EXP 	a_card: image = '6_of_clubs'
187.4796 	EXP 	a_card: autoDraw = True
188.4750 	EXP 	New trial (rep=97, index=0): None
188.4811 	EXP 	a_card: autoDraw = False
188.4811 	EXP 	text_6: autoDraw = True
188.9715 	WARNING 	Requested image '8_of_clubs' not found but similar filename '8_of_clubs.png' exists. This will be used instead but changing the filename is advised.
188.9831 	EXP 	text_6: autoDraw = False
188.9831 	EXP 	a_card: image = '8_of_clubs'
188.9831 	EXP 	a_card: autoDraw = True
189.9717 	EXP 	New trial (rep=98, index=0): None
189.9778 	EXP 	a_card: autoDraw = False
189.9778 	EXP 	text_6: autoDraw = True
190.4743 	WARNING 	Requested image '10_of_diamonds' not found but similar filename '10_of_diamonds.png' exists. This will be used instead but changing the filename is advised.
190.4834 	EXP 	text_6: autoDraw = False
190.4834 	EXP 	a_card: image = '10_of_diamonds'
190.4834 	EXP 	a_card: autoDraw = True
191.4689 	EXP 	New trial (rep=99, index=0): None
191.4738 	EXP 	a_card: autoDraw = False
191.4738 	EXP 	text_6: autoDraw = True
191.9712 	WARNING 	Requested image 'ace_of_diamonds' not found but similar filename 'ace_of_diamonds.png' exists. This will be used instead but changing the filename is advised.
191.9805 	EXP 	text_6: autoDraw = False
191.9805 	EXP 	a_card: image = 'ace_of_diamonds'
191.9805 	EXP 	a_card: autoDraw = True
192.9714 	EXP 	New trial (rep=100, index=0): None
192.9778 	EXP 	a_card: autoDraw = False
192.9778 	EXP 	text_6: autoDraw = True
193.4740 	WARNING 	Requested image '3_of_hearts' not found but similar filename '3_of_hearts.png' exists. This will be used instead but changing the filename is advised.
193.4834 	EXP 	text_6: autoDraw = False
193.4834 	EXP 	a_card: image = '3_of_hearts'
193.4834 	EXP 	a_card: autoDraw = True
194.4744 	EXP 	New trial (rep=101, index=0): None
194.4795 	EXP 	a_card: autoDraw = False
194.4795 	EXP 	text_6: autoDraw = True
194.9708 	WARNING 	Requested image '6_of_spades' not found but similar filename '6_of_spades.png' exists. This will be used instead but changing the filename is advised.
194.9802 	EXP 	text_6: autoDraw = False
194.9802 	EXP 	a_card: image = '6_of_spades'
194.9802 	EXP 	a_card: autoDraw = True
195.9711 	EXP 	New trial (rep=102, index=0): None
195.9782 	EXP 	a_card: autoDraw = False
195.9782 	EXP 	text_6: autoDraw = True
196.4738 	WARNING 	Requested image '6_of_clubs' not found but similar filename '6_of_clubs.png' exists. This will be used instead but changing the filename is advised.
196.4830 	EXP 	text_6: autoDraw = False
196.4830 	EXP 	a_card: image = '6_of_clubs'
196.4830 	EXP 	a_card: autoDraw = True
197.4739 	EXP 	New trial (rep=103, index=0): None
197.4809 	EXP 	a_card: autoDraw = False
197.4809 	EXP 	text_6: autoDraw = True
197.9706 	WARNING 	Requested image '3_of_hearts' not found but similar filename '3_of_hearts.png' exists. This will be used instead but changing the filename is advised.
197.9806 	EXP 	text_6: autoDraw = False
197.9806 	EXP 	a_card: image = '3_of_hearts'
197.9806 	EXP 	a_card: autoDraw = True
198.9708 	EXP 	New trial (rep=104, index=0): None
198.9761 	EXP 	a_card: autoDraw = False
198.9761 	EXP 	text_6: autoDraw = True
199.4735 	WARNING 	Requested image '8_of_clubs' not found but similar filename '8_of_clubs.png' exists. This will be used instead but changing the filename is advised.
199.4826 	EXP 	text_6: autoDraw = False
199.4826 	EXP 	a_card: image = '8_of_clubs'
199.4826 	EXP 	a_card: autoDraw = True
200.4738 	EXP 	New trial (rep=105, index=0): None
200.4791 	EXP 	a_card: autoDraw = False
200.4791 	EXP 	text_6: autoDraw = True
200.9703 	WARNING 	Requested image '10_of_diamonds' not found but similar filename '10_of_diamonds.png' exists. This will be used instead but changing the filename is advised.
200.9801 	EXP 	text_6: autoDraw = False
200.9801 	EXP 	a_card: image = '10_of_diamonds'
200.9801 	EXP 	a_card: autoDraw = True
201.9706 	EXP 	New trial (rep=106, index=0): None
201.9758 	EXP 	a_card: autoDraw = False
201.9758 	EXP 	text_6: autoDraw = True
202.4732 	WARNING 	Requested image '8_of_clubs' not found but similar filename '8_of_clubs.png' exists. This will be used instead but changing the filename is advised.
202.4823 	EXP 	text_6: autoDraw = False
202.4823 	EXP 	a_card: image = '8_of_clubs'
202.4823 	EXP 	a_card: autoDraw = True
203.4736 	EXP 	New trial (rep=107, index=0): None
203.4789 	EXP 	a_card: autoDraw = False
203.4789 	EXP 	text_6: autoDraw = True
203.9699 	WARNING 	Requested image '3_of_hearts' not found but similar filename '3_of_hearts.png' exists. This will be used instead but changing the filename is advised.
203.9802 	EXP 	text_6: autoDraw = False
203.9802 	EXP 	a_card: image = '3_of_hearts'
203.9802 	EXP 	a_card: autoDraw = True
204.9714 	EXP 	New trial (rep=108, index=0): None
204.9757 	EXP 	a_card: autoDraw = False
204.9757 	EXP 	text_6: autoDraw = True
205.4729 	WARNING 	Requested image '10_of_diamonds' not found but similar filename '10_of_diamonds.png' exists. This will be used instead but changing the filename is advised.
205.4816 	EXP 	text_6: autoDraw = False
205.4816 	EXP 	a_card: image = '10_of_diamonds'
205.4816 	EXP 	a_card: autoDraw = True
206.4730 	EXP 	New trial (rep=109, index=0): None
206.4790 	EXP 	a_card: autoDraw = False
206.4790 	EXP 	text_6: autoDraw = True
206.9695 	WARNING 	Requested image 'ace_of_diamonds' not found but similar filename 'ace_of_diamonds.png' exists. This will be used instead but changing the filename is advised.
206.9806 	EXP 	text_6: autoDraw = False
206.9806 	EXP 	a_card: image = 'ace_of_diamonds'
206.9806 	EXP 	a_card: autoDraw = True
207.9699 	EXP 	New trial (rep=110, index=0): None
207.9753 	EXP 	a_card: autoDraw = False
207.9753 	EXP 	text_6: autoDraw = True
208.4725 	WARNING 	Requested image 'king_of_hearts' not found but similar filename 'king_of_hearts.png' exists. This will be used instead but changing the filename is advised.
208.4821 	EXP 	text_6: autoDraw = False
208.4821 	EXP 	a_card: image = 'king_of_hearts'
208.4821 	EXP 	a_card: autoDraw = True
209.4726 	EXP 	New trial (rep=111, index=0): None
209.4791 	EXP 	a_card: autoDraw = False
209.4791 	EXP 	text_6: autoDraw = True
209.9692 	WARNING 	Requested image 'jack_of_clubs' not found but similar filename 'jack_of_clubs.png' exists. This will be used instead but changing the filename is advised.
209.9803 	EXP 	text_6: autoDraw = False
209.9803 	EXP 	a_card: image = 'jack_of_clubs'
209.9803 	EXP 	a_card: autoDraw = True
210.9694 	EXP 	New trial (rep=112, index=0): None
210.9749 	EXP 	a_card: autoDraw = False
210.9749 	EXP 	text_6: autoDraw = True
211.4722 	WARNING 	Requested image '10_of_diamonds' not found but similar filename '10_of_diamonds.png' exists. This will be used instead but changing the filename is advised.
211.4812 	EXP 	text_6: autoDraw = False
211.4812 	EXP 	a_card: image = '10_of_diamonds'
211.4812 	EXP 	a_card: autoDraw = True
212.4722 	EXP 	New trial (rep=113, index=0): None
212.4791 	EXP 	a_card: autoDraw = False
212.4791 	EXP 	text_6: autoDraw = True
212.9689 	WARNING 	Requested image '5_of_diamonds' not found but similar filename '5_of_diamonds.png' exists. This will be used instead but changing the filename is advised.
212.9804 	EXP 	text_6: autoDraw = False
212.9804 	EXP 	a_card: image = '5_of_diamonds'
212.9804 	EXP 	a_card: autoDraw = True
213.9692 	EXP 	New trial (rep=114, index=0): None
213.9746 	EXP 	a_card: autoDraw = False
213.9746 	EXP 	text_6: autoDraw = True
214.4718 	WARNING 	Requested image '10_of_diamonds' not found but similar filename '10_of_diamonds.png' exists. This will be used instead but changing the filename is advised.
214.4810 	EXP 	text_6: autoDraw = False
214.4810 	EXP 	a_card: image = '10_of_diamonds'
214.4810 	EXP 	a_card: autoDraw = True
215.4720 	EXP 	New trial (rep=115, index=0): None
215.4792 	EXP 	a_card: autoDraw = False
215.4792 	EXP 	text_6: autoDraw = True
215.9687 	WARNING 	Requested image '3_of_hearts' not found but similar filename '3_of_hearts.png' exists. This will be used instead but changing the filename is advised.
215.9793 	EXP 	text_6: autoDraw = False
215.9793 	EXP 	a_card: image = '3_of_hearts'
215.9793 	EXP 	a_card: autoDraw = True
216.9687 	EXP 	New trial (rep=116, index=0): None
216.9744 	EXP 	a_card: autoDraw = False
216.9744 	EXP 	text_6: autoDraw = True
217.4716 	WARNING 	Requested image '5_of_diamonds' not found but similar filename '5_of_diamonds.png' exists. This will be used instead but changing the filename is advised.
217.4813 	EXP 	text_6: autoDraw = False
217.4813 	EXP 	a_card: image = '5_of_diamonds'
217.4813 	EXP 	a_card: autoDraw = True
218.4717 	EXP 	New trial (rep=117, index=0): None
218.4792 	EXP 	a_card: autoDraw = False
218.4792 	EXP 	text_6: autoDraw = True
218.9743 	WARNING 	Requested image '8_of_clubs' not found but similar filename '8_of_clubs.png' exists. This will be used instead but changing the filename is advised.
218.9873 	EXP 	text_6: autoDraw = False
218.9873 	EXP 	a_card: image = '8_of_clubs'
218.9873 	EXP 	a_card: autoDraw = True
219.9746 	EXP 	New trial (rep=118, index=0): None
219.9797 	EXP 	a_card: autoDraw = False
219.9797 	EXP 	text_6: autoDraw = True
220.4712 	WARNING 	Requested image '10_of_diamonds' not found but similar filename '10_of_diamonds.png' exists. This will be used instead but changing the filename is advised.
220.4803 	EXP 	text_6: autoDraw = False
220.4803 	EXP 	a_card: image = '10_of_diamonds'
220.4803 	EXP 	a_card: autoDraw = True
221.4715 	EXP 	New trial (rep=119, index=0): None
221.4786 	EXP 	a_card: autoDraw = False
221.4786 	EXP 	text_6: autoDraw = True
221.9741 	WARNING 	Requested image '6_of_spades' not found but similar filename '6_of_spades.png' exists. This will be used instead but changing the filename is advised.
221.9828 	EXP 	text_6: autoDraw = False
221.9828 	EXP 	a_card: image = '6_of_spades'
221.9828 	EXP 	a_card: autoDraw = True
222.9747 	EXP 	New trial (rep=120, index=0): None
222.9814 	EXP 	a_card: autoDraw = False
222.9814 	EXP 	text_6: autoDraw = True
223.4710 	WARNING 	Requested image 'jack_of_clubs' not found but similar filename 'jack_of_clubs.png' exists. This will be used instead but changing the filename is advised.
223.4804 	EXP 	text_6: autoDraw = False
223.4804 	EXP 	a_card: image = 'jack_of_clubs'
223.4804 	EXP 	a_card: autoDraw = True
224.4712 	EXP 	New trial (rep=121, index=0): None
224.4785 	EXP 	a_card: autoDraw = False
224.4785 	EXP 	text_6: autoDraw = True
224.9738 	WARNING 	Requested image 'ace_of_diamonds' not found but similar filename 'ace_of_diamonds.png' exists. This will be used instead but changing the filename is advised.
224.9827 	EXP 	text_6: autoDraw = False
224.9827 	EXP 	a_card: image = 'ace_of_diamonds'
224.9827 	EXP 	a_card: autoDraw = True
225.9740 	EXP 	New trial (rep=122, index=0): None
225.9796 	EXP 	a_card: autoDraw = False
225.9796 	EXP 	text_6: autoDraw = True
226.4707 	WARNING 	Requested image 'jack_of_clubs' not found but similar filename 'jack_of_clubs.png' exists. This will be used instead but changing the filename is advised.
226.4814 	EXP 	text_6: autoDraw = False
226.4814 	EXP 	a_card: image = 'jack_of_clubs'
226.4814 	EXP 	a_card: autoDraw = True
227.4708 	EXP 	New trial (rep=123, index=0): None
227.4762 	EXP 	a_card: autoDraw = False
227.4762 	EXP 	text_6: autoDraw = True
227.9735 	WARNING 	Requested image '5_of_diamonds' not found but similar filename '5_of_diamonds.png' exists. This will be used instead but changing the filename is advised.
227.9825 	EXP 	text_6: autoDraw = False
227.9825 	EXP 	a_card: image = '5_of_diamonds'
227.9825 	EXP 	a_card: autoDraw = True
228.9737 	EXP 	New trial (rep=124, index=0): None
228.9792 	EXP 	a_card: autoDraw = False
228.9792 	EXP 	text_6: autoDraw = True
229.4704 	WARNING 	Requested image '10_of_diamonds' not found but similar filename '10_of_diamonds.png' exists. This will be used instead but changing the filename is advised.
229.4803 	EXP 	text_6: autoDraw = False
229.4803 	EXP 	a_card: image = '10_of_diamonds'
229.4803 	EXP 	a_card: autoDraw = True
230.4706 	EXP 	New trial (rep=125, index=0): None
230.4759 	EXP 	a_card: autoDraw = False
230.4759 	EXP 	text_6: autoDraw = True
230.9733 	WARNING 	Requested image '6_of_clubs' not found but similar filename '6_of_clubs.png' exists. This will be used instead but changing the filename is advised.
230.9821 	EXP 	text_6: autoDraw = False
230.9821 	EXP 	a_card: image = '6_of_clubs'
230.9821 	EXP 	a_card: autoDraw = True
231.9735 	EXP 	New trial (rep=126, index=0): None
231.9792 	EXP 	a_card: autoDraw = False
231.9792 	EXP 	text_6: autoDraw = True
232.4702 	WARNING 	Requested image '10_of_diamonds' not found but similar filename '10_of_diamonds.png' exists. This will be used instead but changing the filename is advised.
232.4804 	EXP 	text_6: autoDraw = False
232.4804 	EXP 	a_card: image = '10_of_diamonds'
232.4804 	EXP 	a_card: autoDraw = True
233.4703 	EXP 	New trial (rep=127, index=0): None
233.4757 	EXP 	a_card: autoDraw = False
233.4757 	EXP 	text_6: autoDraw = True
233.9729 	WARNING 	Requested image '5_of_diamonds' not found but similar filename '5_of_diamonds.png' exists. This will be used instead but changing the filename is advised.
233.9820 	EXP 	text_6: autoDraw = False
233.9820 	EXP 	a_card: image = '5_of_diamonds'
233.9820 	EXP 	a_card: autoDraw = True
234.9732 	EXP 	New trial (rep=128, index=0): None
234.9794 	EXP 	a_card: autoDraw = False
234.9794 	EXP 	text_6: autoDraw = True
235.4698 	WARNING 	Requested image '6_of_spades' not found but similar filename '6_of_spades.png' exists. This will be used instead but changing the filename is advised.
235.4805 	EXP 	text_6: autoDraw = False
235.4805 	EXP 	a_card: image = '6_of_spades'
235.4805 	EXP 	a_card: autoDraw = True
236.4701 	EXP 	New trial (rep=129, index=0): None
236.4753 	EXP 	a_card: autoDraw = False
236.4753 	EXP 	text_6: autoDraw = True
236.9730 	WARNING 	Requested image '5_of_diamonds' not found but similar filename '5_of_diamonds.png' exists. This will be used instead but changing the filename is advised.
236.9812 	EXP 	text_6: autoDraw = False
236.9812 	EXP 	a_card: image = '5_of_diamonds'
236.9812 	EXP 	a_card: autoDraw = True
237.9730 	EXP 	New trial (rep=130, index=0): None
237.9794 	EXP 	a_card: autoDraw = False
237.9794 	EXP 	text_6: autoDraw = True
238.4695 	WARNING 	Requested image 'king_of_hearts' not found but similar filename 'king_of_hearts.png' exists. This will be used instead but changing the filename is advised.
238.4815 	EXP 	text_6: autoDraw = False
238.4815 	EXP 	a_card: image = 'king_of_hearts'
238.4815 	EXP 	a_card: autoDraw = True
239.4698 	EXP 	New trial (rep=131, index=0): None
239.4750 	EXP 	a_card: autoDraw = False
239.4750 	EXP 	text_6: autoDraw = True
239.9723 	WARNING 	Requested image 'jack_of_clubs' not found but similar filename 'jack_of_clubs.png' exists. This will be used instead but changing the filename is advised.
239.9808 	EXP 	text_6: autoDraw = False
239.9808 	EXP 	a_card: image = 'jack_of_clubs'
239.9808 	EXP 	a_card: autoDraw = True
240.9726 	EXP 	New trial (rep=132, index=0): None
240.9794 	EXP 	a_card: autoDraw = False
240.9794 	EXP 	text_6: autoDraw = True
241.4693 	WARNING 	Requested image '10_of_diamonds' not found but similar filename '10_of_diamonds.png' exists. This will be used instead but changing the filename is advised.
241.4802 	EXP 	text_6: autoDraw = False
241.4802 	EXP 	a_card: image = '10_of_diamonds'
241.4802 	EXP 	a_card: autoDraw = True
242.4694 	EXP 	New trial (rep=133, index=0): None
242.4747 	EXP 	a_card: autoDraw = False
242.4747 	EXP 	text_6: autoDraw = True
242.9721 	WARNING 	Requested image '3_of_hearts' not found but similar filename '3_of_hearts.png' exists. This will be used instead but changing the filename is advised.
242.9806 	EXP 	text_6: autoDraw = False
242.9806 	EXP 	a_card: image = '3_of_hearts'
242.9806 	EXP 	a_card: autoDraw = True
243.9721 	EXP 	New trial (rep=134, index=0): None
243.9784 	EXP 	a_card: autoDraw = False
243.9784 	EXP 	text_6: autoDraw = True
244.4689 	WARNING 	Requested image '8_of_clubs' not found but similar filename '8_of_clubs.png' exists. This will be used instead but changing the filename is advised.
244.4784 	EXP 	text_6: autoDraw = False
244.4784 	EXP 	a_card: image = '8_of_clubs'
244.4784 	EXP 	a_card: autoDraw = True
245.4691 	EXP 	New trial (rep=135, index=0): None
245.4744 	EXP 	a_card: autoDraw = False
245.4744 	EXP 	text_6: autoDraw = True
245.9716 	WARNING 	Requested image '6_of_spades' not found but similar filename '6_of_spades.png' exists. This will be used instead but changing the filename is advised.
245.9799 	EXP 	text_6: autoDraw = False
245.9799 	EXP 	a_card: image = '6_of_spades'
245.9799 	EXP 	a_card: autoDraw = True
246.9719 	EXP 	New trial (rep=136, index=0): None
246.9788 	EXP 	a_card: autoDraw = False
246.9788 	EXP 	text_6: autoDraw = True
247.4686 	WARNING 	Requested image 'jack_of_clubs' not found but similar filename 'jack_of_clubs.png' exists. This will be used instead but changing the filename is advised.
247.4773 	EXP 	text_6: autoDraw = False
247.4773 	EXP 	a_card: image = 'jack_of_clubs'
247.4773 	EXP 	a_card: autoDraw = True
248.4749 	EXP 	New trial (rep=137, index=0): None
248.4804 	EXP 	a_card: autoDraw = False
248.4804 	EXP 	text_6: autoDraw = True
248.9714 	WARNING 	Requested image 'king_of_hearts' not found but similar filename 'king_of_hearts.png' exists. This will be used instead but changing the filename is advised.
248.9805 	EXP 	text_6: autoDraw = False
248.9805 	EXP 	a_card: image = 'king_of_hearts'
248.9805 	EXP 	a_card: autoDraw = True
249.9714 	EXP 	New trial (rep=138, index=0): None
249.9793 	EXP 	a_card: autoDraw = False
249.9793 	EXP 	text_6: autoDraw = True
250.4743 	WARNING 	Requested image 'ace_of_diamonds' not found but similar filename 'ace_of_diamonds.png' exists. This will be used instead but changing the filename is advised.
250.4838 	EXP 	text_6: autoDraw = False
250.4838 	EXP 	a_card: image = 'ace_of_diamonds'
250.4838 	EXP 	a_card: autoDraw = True
251.4745 	EXP 	New trial (rep=139, index=0): None
251.4809 	EXP 	a_card: autoDraw = False
251.4809 	EXP 	text_6: autoDraw = True
251.9710 	WARNING 	Requested image '6_of_clubs' not found but similar filename '6_of_clubs.png' exists. This will be used instead but changing the filename is advised.
251.9807 	EXP 	text_6: autoDraw = False
251.9807 	EXP 	a_card: image = '6_of_clubs'
251.9807 	EXP 	a_card: autoDraw = True
252.9713 	EXP 	New trial (rep=140, index=0): None
252.9767 	EXP 	a_card: autoDraw = False
252.9767 	EXP 	text_6: autoDraw = True
253.4739 	WARNING 	Requested image '6_of_spades' not found but similar filename '6_of_spades.png' exists. This will be used instead but changing the filename is advised.
253.4832 	EXP 	text_6: autoDraw = False
253.4832 	EXP 	a_card: image = '6_of_spades'
253.4832 	EXP 	a_card: autoDraw = True
254.4744 	EXP 	New trial (rep=141, index=0): None
254.4808 	EXP 	a_card: autoDraw = False
254.4808 	EXP 	text_6: autoDraw = True
254.9722 	WARNING 	Requested image '8_of_clubs' not found but similar filename '8_of_clubs.png' exists. This will be used instead but changing the filename is advised.
254.9819 	EXP 	text_6: autoDraw = False
254.9819 	EXP 	a_card: image = '8_of_clubs'
254.9819 	EXP 	a_card: autoDraw = True
255.9711 	EXP 	New trial (rep=142, index=0): None
255.9764 	EXP 	a_card: autoDraw = False
255.9764 	EXP 	text_6: autoDraw = True
256.4736 	WARNING 	Requested image '3_of_hearts' not found but similar filename '3_of_hearts.png' exists. This will be used instead but changing the filename is advised.
256.4827 	EXP 	text_6: autoDraw = False
256.4827 	EXP 	a_card: image = '3_of_hearts'
256.4827 	EXP 	a_card: autoDraw = True
257.4738 	EXP 	New trial (rep=143, index=0): None
257.4794 	EXP 	a_card: autoDraw = False
257.4794 	EXP 	text_6: autoDraw = True
257.9704 	WARNING 	Requested image 'ace_of_diamonds' not found but similar filename 'ace_of_diamonds.png' exists. This will be used instead but changing the filename is advised.
257.9803 	EXP 	text_6: autoDraw = False
257.9803 	EXP 	a_card: image = 'ace_of_diamonds'
257.9803 	EXP 	a_card: autoDraw = True
258.9705 	EXP 	New trial (rep=144, index=0): None
258.9762 	EXP 	a_card: autoDraw = False
258.9762 	EXP 	text_6: autoDraw = True
259.4733 	WARNING 	Requested image '8_of_clubs' not found but similar filename '8_of_clubs.png' exists. This will be used instead but changing the filename is advised.
259.4823 	EXP 	text_6: autoDraw = False
259.4823 	EXP 	a_card: image = '8_of_clubs'
259.4823 	EXP 	a_card: autoDraw = True
260.4735 	EXP 	New trial (rep=145, index=0): None
260.4795 	EXP 	a_card: autoDraw = False
260.4795 	EXP 	text_6: autoDraw = True
260.9715 	WARNING 	Requested image '5_of_diamonds' not found but similar filename '5_of_diamonds.png' exists. This will be used instead but changing the filename is advised.
260.9811 	EXP 	text_6: autoDraw = False
260.9811 	EXP 	a_card: image = '5_of_diamonds'
260.9811 	EXP 	a_card: autoDraw = True
261.9703 	EXP 	New trial (rep=146, index=0): None
261.9759 	EXP 	a_card: autoDraw = False
261.9759 	EXP 	text_6: autoDraw = True
262.4730 	WARNING 	Requested image 'jack_of_clubs' not found but similar filename 'jack_of_clubs.png' exists. This will be used instead but changing the filename is advised.
262.4823 	EXP 	text_6: autoDraw = False
262.4823 	EXP 	a_card: image = 'jack_of_clubs'
262.4823 	EXP 	a_card: autoDraw = True
263.4731 	EXP 	New trial (rep=147, index=0): None
263.4796 	EXP 	a_card: autoDraw = False
263.4796 	EXP 	text_6: autoDraw = True
263.9699 	WARNING 	Requested image '3_of_hearts' not found but similar filename '3_of_hearts.png' exists. This will be used instead but changing the filename is advised.
263.9811 	EXP 	text_6: autoDraw = False
263.9811 	EXP 	a_card: image = '3_of_hearts'
263.9811 	EXP 	a_card: autoDraw = True
264.9704 	EXP 	New trial (rep=148, index=0): None
264.9755 	EXP 	a_card: autoDraw = False
264.9755 	EXP 	text_6: autoDraw = True
265.4727 	WARNING 	Requested image 'ace_of_diamonds' not found but similar filename 'ace_of_diamonds.png' exists. This will be used instead but changing the filename is advised.
265.4823 	EXP 	text_6: autoDraw = False
265.4823 	EXP 	a_card: image = 'ace_of_diamonds'
265.4823 	EXP 	a_card: autoDraw = True
266.4729 	EXP 	New trial (rep=149, index=0): None
266.4795 	EXP 	a_card: autoDraw = False
266.4795 	EXP 	text_6: autoDraw = True
266.9696 	WARNING 	Requested image '6_of_spades' not found but similar filename '6_of_spades.png' exists. This will be used instead but changing the filename is advised.
266.9806 	EXP 	text_6: autoDraw = False
266.9806 	EXP 	a_card: image = '6_of_spades'
266.9806 	EXP 	a_card: autoDraw = True
267.9697 	EXP 	New trial (rep=150, index=0): None
267.9752 	EXP 	a_card: autoDraw = False
267.9752 	EXP 	text_6: autoDraw = True
268.4724 	WARNING 	Requested image 'jack_of_clubs' not found but similar filename 'jack_of_clubs.png' exists. This will be used instead but changing the filename is advised.
268.4818 	EXP 	text_6: autoDraw = False
268.4818 	EXP 	a_card: image = 'jack_of_clubs'
268.4818 	EXP 	a_card: autoDraw = True
269.4726 	EXP 	New trial (rep=151, index=0): None
269.4785 	EXP 	a_card: autoDraw = False
269.4785 	EXP 	text_6: autoDraw = True
269.9692 	WARNING 	Requested image '8_of_clubs' not found but similar filename '8_of_clubs.png' exists. This will be used instead but changing the filename is advised.
269.9791 	EXP 	text_6: autoDraw = False
269.9791 	EXP 	a_card: image = '8_of_clubs'
269.9791 	EXP 	a_card: autoDraw = True
270.9693 	EXP 	New trial (rep=152, index=0): None
270.9749 	EXP 	a_card: autoDraw = False
270.9749 	EXP 	text_6: autoDraw = True
271.4721 	WARNING 	Requested image '6_of_clubs' not found but similar filename '6_of_clubs.png' exists. This will be used instead but changing the filename is advised.
271.4815 	EXP 	text_6: autoDraw = False
271.4815 	EXP 	a_card: image = '6_of_clubs'
271.4815 	EXP 	a_card: autoDraw = True
272.4723 	EXP 	New trial (rep=153, index=0): None
272.4792 	EXP 	a_card: autoDraw = False
272.4792 	EXP 	text_6: autoDraw = True
272.9689 	WARNING 	Requested image '3_of_hearts' not found but similar filename '3_of_hearts.png' exists. This will be used instead but changing the filename is advised.
272.9769 	EXP 	text_6: autoDraw = False
272.9769 	EXP 	a_card: image = '3_of_hearts'
272.9769 	EXP 	a_card: autoDraw = True
273.9691 	EXP 	New trial (rep=154, index=0): None
273.9750 	EXP 	a_card: autoDraw = False
273.9750 	EXP 	text_6: autoDraw = True
274.4717 	WARNING 	Requested image 'king_of_hearts' not found but similar filename 'king_of_hearts.png' exists. This will be used instead but changing the filename is advised.
274.4804 	EXP 	text_6: autoDraw = False
274.4804 	EXP 	a_card: image = 'king_of_hearts'
274.4804 	EXP 	a_card: autoDraw = True
275.4719 	EXP 	New trial (rep=155, index=0): None
275.4793 	EXP 	a_card: autoDraw = False
275.4793 	EXP 	text_6: autoDraw = True
275.9685 	WARNING 	Requested image '6_of_clubs' not found but similar filename '6_of_clubs.png' exists. This will be used instead but changing the filename is advised.
275.9765 	EXP 	text_6: autoDraw = False
275.9765 	EXP 	a_card: image = '6_of_clubs'
275.9765 	EXP 	a_card: autoDraw = True
276.9689 	EXP 	New trial (rep=156, index=0): None
276.9742 	EXP 	a_card: autoDraw = False
276.9742 	EXP 	text_6: autoDraw = True
277.4716 	WARNING 	Requested image 'ace_of_diamonds' not found but similar filename 'ace_of_diamonds.png' exists. This will be used instead but changing the filename is advised.
277.4806 	EXP 	text_6: autoDraw = False
277.4806 	EXP 	a_card: image = 'ace_of_diamonds'
277.4806 	EXP 	a_card: autoDraw = True
278.4717 	EXP 	New trial (rep=157, index=0): None
278.4797 	EXP 	a_card: autoDraw = False
278.4797 	EXP 	text_6: autoDraw = True
278.9688 	WARNING 	Requested image '6_of_spades' not found but similar filename '6_of_spades.png' exists. This will be used instead but changing the filename is advised.
278.9768 	EXP 	text_6: autoDraw = False
278.9768 	EXP 	a_card: image = '6_of_spades'
278.9768 	EXP 	a_card: autoDraw = True
279.9747 	EXP 	New trial (rep=158, index=0): None
279.9801 	EXP 	a_card: autoDraw = False
279.9801 	EXP 	text_6: autoDraw = True
280.4713 	WARNING 	Requested image '3_of_hearts' not found but similar filename '3_of_hearts.png' exists. This will be used instead but changing the filename is advised.
280.4810 	EXP 	text_6: autoDraw = False
280.4810 	EXP 	a_card: image = '3_of_hearts'
280.4810 	EXP 	a_card: autoDraw = True
281.4715 	EXP 	New trial (rep=159, index=0): None
281.4769 	EXP 	a_card: autoDraw = False
281.4769 	EXP 	text_6: autoDraw = True
281.9741 	WARNING 	Requested image '6_of_clubs' not found but similar filename '6_of_clubs.png' exists. This will be used instead but changing the filename is advised.
281.9832 	EXP 	text_6: autoDraw = False
281.9832 	EXP 	a_card: image = '6_of_clubs'
281.9832 	EXP 	a_card: autoDraw = True
282.9744 	EXP 	New trial (rep=160, index=0): None
282.9798 	EXP 	a_card: autoDraw = False
282.9798 	EXP 	text_6: autoDraw = True
283.4710 	WARNING 	Requested image '6_of_clubs' not found but similar filename '6_of_clubs.png' exists. This will be used instead but changing the filename is advised.
283.4806 	EXP 	text_6: autoDraw = False
283.4806 	EXP 	a_card: image = '6_of_clubs'
283.4806 	EXP 	a_card: autoDraw = True
284.4712 	EXP 	New trial (rep=161, index=0): None
284.4765 	EXP 	a_card: autoDraw = False
284.4765 	EXP 	text_6: autoDraw = True
284.9738 	WARNING 	Requested image '3_of_hearts' not found but similar filename '3_of_hearts.png' exists. This will be used instead but changing the filename is advised.
284.9827 	EXP 	text_6: autoDraw = False
284.9827 	EXP 	a_card: image = '3_of_hearts'
284.9827 	EXP 	a_card: autoDraw = True
285.9741 	EXP 	New trial (rep=162, index=0): None
285.9795 	EXP 	a_card: autoDraw = False
285.9795 	EXP 	text_6: autoDraw = True
286.4707 	WARNING 	Requested image 'jack_of_clubs' not found but similar filename 'jack_of_clubs.png' exists. This will be used instead but changing the filename is advised.
286.4804 	EXP 	text_6: autoDraw = False
286.4804 	EXP 	a_card: image = 'jack_of_clubs'
286.4804 	EXP 	a_card: autoDraw = True
287.4709 	EXP 	New trial (rep=163, index=0): None
287.4762 	EXP 	a_card: autoDraw = False
287.4762 	EXP 	text_6: autoDraw = True
287.9737 	WARNING 	Requested image '8_of_clubs' not found but similar filename '8_of_clubs.png' exists. This will be used instead but changing the filename is advised.
287.9864 	EXP 	text_6: autoDraw = False
287.9864 	EXP 	a_card: image = '8_of_clubs'
287.9864 	EXP 	a_card: autoDraw = True
288.9737 	EXP 	New trial (rep=164, index=0): None
288.9795 	EXP 	a_card: autoDraw = False
288.9795 	EXP 	text_6: autoDraw = True
289.4708 	WARNING 	Requested image 'jack_of_clubs' not found but similar filename 'jack_of_clubs.png' exists. This will be used instead but changing the filename is advised.
289.4815 	EXP 	text_6: autoDraw = False
289.4815 	EXP 	a_card: image = 'jack_of_clubs'
289.4815 	EXP 	a_card: autoDraw = True
290.4706 	EXP 	New trial (rep=165, index=0): None
290.4759 	EXP 	a_card: autoDraw = False
290.4759 	EXP 	text_6: autoDraw = True
290.9732 	WARNING 	Requested image '3_of_hearts' not found but similar filename '3_of_hearts.png' exists. This will be used instead but changing the filename is advised.
290.9826 	EXP 	text_6: autoDraw = False
290.9826 	EXP 	a_card: image = '3_of_hearts'
290.9826 	EXP 	a_card: autoDraw = True
291.9735 	EXP 	New trial (rep=166, index=0): None
291.9794 	EXP 	a_card: autoDraw = False
291.9794 	EXP 	text_6: autoDraw = True
292.4702 	WARNING 	Requested image '8_of_clubs' not found but similar filename '8_of_clubs.png' exists. This will be used instead but changing the filename is advised.
292.4803 	EXP 	text_6: autoDraw = False
292.4803 	EXP 	a_card: image = '8_of_clubs'
292.4803 	EXP 	a_card: autoDraw = True
293.4703 	EXP 	New trial (rep=167, index=0): None
293.4756 	EXP 	a_card: autoDraw = False
293.4756 	EXP 	text_6: autoDraw = True
293.9729 	WARNING 	Requested image 'jack_of_clubs' not found but similar filename 'jack_of_clubs.png' exists. This will be used instead but changing the filename is advised.
293.9823 	EXP 	text_6: autoDraw = False
293.9823 	EXP 	a_card: image = 'jack_of_clubs'
293.9823 	EXP 	a_card: autoDraw = True
294.9730 	EXP 	New trial (rep=168, index=0): None
294.9794 	EXP 	a_card: autoDraw = False
294.9794 	EXP 	text_6: autoDraw = True
295.4698 	WARNING 	Requested image '3_of_hearts' not found but similar filename '3_of_hearts.png' exists. This will be used instead but changing the filename is advised.
295.4806 	EXP 	text_6: autoDraw = False
295.4806 	EXP 	a_card: image = '3_of_hearts'
295.4806 	EXP 	a_card: autoDraw = True
296.4699 	EXP 	New trial (rep=169, index=0): None
296.4752 	EXP 	a_card: autoDraw = False
296.4752 	EXP 	text_6: autoDraw = True
296.9725 	WARNING 	Requested image '8_of_clubs' not found but similar filename '8_of_clubs.png' exists. This will be used instead but changing the filename is advised.
296.9814 	EXP 	text_6: autoDraw = False
296.9814 	EXP 	a_card: image = '8_of_clubs'
296.9814 	EXP 	a_card: autoDraw = True
297.9729 	EXP 	New trial (rep=170, index=0): None
297.9794 	EXP 	a_card: autoDraw = False
297.9794 	EXP 	text_6: autoDraw = True
298.4695 	WARNING 	Requested image '5_of_diamonds' not found but similar filename '5_of_diamonds.png' exists. This will be used instead but changing the filename is advised.
298.4799 	EXP 	text_6: autoDraw = False
298.4799 	EXP 	a_card: image = '5_of_diamonds'
298.4799 	EXP 	a_card: autoDraw = True
299.4697 	EXP 	New trial (rep=171, index=0): None
299.4750 	EXP 	a_card: autoDraw = False
299.4750 	EXP 	text_6: autoDraw = True
299.9723 	WARNING 	Requested image 'jack_of_clubs' not found but similar filename 'jack_of_clubs.png' exists. This will be used instead but changing the filename is advised.
299.9816 	EXP 	text_6: autoDraw = False
299.9816 	EXP 	a_card: image = 'jack_of_clubs'
299.9816 	EXP 	a_card: autoDraw = True
300.9723 	EXP 	New trial (rep=172, index=0): None
300.9794 	EXP 	a_card: autoDraw = False
300.9794 	EXP 	text_6: autoDraw = True
301.4691 	WARNING 	Requested image '5_of_diamonds' not found but similar filename '5_of_diamonds.png' exists. This will be used instead but changing the filename is advised.
301.4781 	EXP 	text_6: autoDraw = False
301.4781 	EXP 	a_card: image = '5_of_diamonds'
301.4781 	EXP 	a_card: autoDraw = True
302.4694 	EXP 	New trial (rep=173, index=0): None
302.4747 	EXP 	a_card: autoDraw = False
302.4747 	EXP 	text_6: autoDraw = True
302.9719 	WARNING 	Requested image '5_of_diamonds' not found but similar filename '5_of_diamonds.png' exists. This will be used instead but changing the filename is advised.
302.9807 	EXP 	text_6: autoDraw = False
302.9807 	EXP 	a_card: image = '5_of_diamonds'
302.9807 	EXP 	a_card: autoDraw = True
303.9722 	EXP 	New trial (rep=174, index=0): None
303.9790 	EXP 	a_card: autoDraw = False
303.9790 	EXP 	text_6: autoDraw = True
304.4689 	WARNING 	Requested image '8_of_clubs' not found but similar filename '8_of_clubs.png' exists. This will be used instead but changing the filename is advised.
304.4771 	EXP 	text_6: autoDraw = False
304.4771 	EXP 	a_card: image = '8_of_clubs'
304.4771 	EXP 	a_card: autoDraw = True
305.4692 	EXP 	New trial (rep=175, index=0): None
305.4744 	EXP 	a_card: autoDraw = False
305.4744 	EXP 	text_6: autoDraw = True
305.9717 	WARNING 	Requested image '3_of_hearts' not found but similar filename '3_of_hearts.png' exists. This will be used instead but changing the filename is advised.
305.9810 	EXP 	text_6: autoDraw = False
305.9810 	EXP 	a_card: image = '3_of_hearts'
305.9810 	EXP 	a_card: autoDraw = True
306.9722 	EXP 	New trial (rep=176, index=0): None
306.9773 	EXP 	a_card: autoDraw = False
306.9773 	EXP 	text_6: autoDraw = True
307.4686 	WARNING 	Requested image '8_of_clubs' not found but similar filename '8_of_clubs.png' exists. This will be used instead but changing the filename is advised.
307.4796 	EXP 	text_6: autoDraw = False
307.4796 	EXP 	a_card: image = '8_of_clubs'
307.4796 	EXP 	a_card: autoDraw = True
308.4746 	EXP 	New trial (rep=177, index=0): None
308.4803 	EXP 	a_card: autoDraw = False
308.4803 	EXP 	text_6: autoDraw = True
308.9713 	WARNING 	Requested image '3_of_hearts' not found but similar filename '3_of_hearts.png' exists. This will be used instead but changing the filename is advised.
308.9809 	EXP 	text_6: autoDraw = False
308.9809 	EXP 	a_card: image = '3_of_hearts'
308.9809 	EXP 	a_card: autoDraw = True
309.9713 	EXP 	New trial (rep=178, index=0): None
309.9769 	EXP 	a_card: autoDraw = False
309.9769 	EXP 	text_6: autoDraw = True
310.4686 	WARNING 	Requested image '3_of_hearts' not found but similar filename '3_of_hearts.png' exists. This will be used instead but changing the filename is advised.
310.4765 	EXP 	text_6: autoDraw = False
310.4765 	EXP 	a_card: image = '3_of_hearts'
310.4765 	EXP 	a_card: autoDraw = True
311.4744 	EXP 	New trial (rep=179, index=0): None
311.4799 	EXP 	a_card: autoDraw = False
311.4799 	EXP 	text_6: autoDraw = True
311.9709 	WARNING 	Requested image '8_of_clubs' not found but similar filename '8_of_clubs.png' exists. This will be used instead but changing the filename is advised.
311.9803 	EXP 	text_6: autoDraw = False
311.9803 	EXP 	a_card: image = '8_of_clubs'
311.9803 	EXP 	a_card: autoDraw = True
312.9771 	EXP 	a_card: autoDraw = False
312.9771 	EXP 	text_5: autoDraw = True
439.2120 	EXP 	text_5: autoDraw = False
439.2362 	EXP 	window1: mouseVisible = True
