2.6831 	ERROR 	Support for the `sounddevice` audio backend is not available this session. Please install `psychopy-sounddevice` and restart the session to enable support.
6.3663 	WARNING 	User requested fullscreen with size [2048 1280], but screen is actually [1920, 1080]. Using actual size
7.7531 	EXP 	Created window1 = Window(allowGUI=True, allowStencil=False, autoLog=True, backendConf=UNKNOWN, backgroundFit=<method-wrapper '__getattribute__' of attributeSetter object at 0x00000193381E6DF0>, backgroundImage=<method-wrapper '__getattribute__' of attributeSetter object at 0x00000193381E6D90>, bitsMode=UNKNOWN, blendMode='avg', bpc=(8, 8, 8), color=array([-1., -1., -1.]), colorSpace='rgb', depthBits=8, fullscr=<method-wrapper '__getattribute__' of attributeSetter object at 0x00000193381E6A90>, gamma=None, gammaErrorPolicy='raise', lms=UNKNOWN, monitor=<psychopy.monitors.calibTools.Monitor object at 0x000001933E554910>, multiSample=False, name='window1', numSamples=2, pos=(2560, 0), screen=1, size=array([1920, 1080]), stencilBits=0, stereo=False, units='height', useFBO=True, useRetina=False, viewOri=0.0, viewPos=None, viewScale=None, waitBlanking=True, winType='pyglet')
7.7532 	EXP 	window1: mouseVisible = True
7.7532 	EXP 	window1: backgroundImage = ''
7.7532 	EXP 	window1: backgroundFit = 'none'
7.7533 	EXP 	window1: mouseVisible = False
7.7533 	EXP 	window1: Attempting to measure frame rate of screen (1) ...
7.7533 	EXP 	window1: recordFrameIntervals = False
8.0859 	EXP 	window1: recordFrameIntervals = True
8.4527 	EXP 	Screen (1) actual frame rate measured at 29.99Hz
8.4527 	EXP 	window1: recordFrameIntervals = False
10.6828 	EXP 	Created text_2 = TextStim(__class__=<class 'psychopy.visual.text.TextStim'>, alignHoriz=method-wrapper(...), alignText='center', alignVert=method-wrapper(...), anchorHoriz='center', anchorVert='center', antialias=True, autoDraw=False, autoLog=True, bold=False, color=array([1., 1., 1.]), colorSpace='rgb', contrast=1.0, depth=-1.0, flipHoriz=False, flipVert=False, font='Open Sans', fontFiles=[], height=0.05, italic=False, languageStyle='LTR', name='text_2', opacity=1.0, ori=0.0, pos=array([0., 0.]), rgb=UNKNOWN, text=str(...), units='height', win=Window(...), wrapWidth=1)
10.6913 	EXP 	Created text_3 = TextStim(__class__=<class 'psychopy.visual.text.TextStim'>, alignHoriz=method-wrapper(...), alignText='center', alignVert=method-wrapper(...), anchorHoriz='center', anchorVert='center', antialias=True, autoDraw=False, autoLog=True, bold=False, color=array([1., 1., 1.]), colorSpace='rgb', contrast=1.0, depth=-2.0, flipHoriz=False, flipVert=False, font='Open Sans', fontFiles=[], height=50.0, italic=False, languageStyle='LTR', name='text_3', opacity=1.0, ori=0.0, pos=array([  0., 750.]), rgb=UNKNOWN, text='Choose a card:', units='pix', win=Window(...), wrapWidth=500)
10.7159 	EXP 	Created card_1 = ImageStim(__class__=<class 'psychopy.visual.image.ImageStim'>, anchor=('center', 'center'), autoLog=True, color=array([1., 1., 1.]), colorSpace='rgb', contrast=1.0, depth=-3.0, flipHoriz=False, flipVert=False, image='default.png', interpolate=True, mask=None, maskParams=None, name='card_1', opacity=1.0, ori=0.0, pos=array([0., 0.]), size=array([300., 400.]), texRes=128.0, units='pix', win=Window(...))
10.7307 	EXP 	Created card_2 = ImageStim(__class__=<class 'psychopy.visual.image.ImageStim'>, anchor=('center', 'center'), autoLog=True, color=array([1., 1., 1.]), colorSpace='rgb', contrast=1.0, depth=-4.0, flipHoriz=False, flipVert=False, image='default.png', interpolate=True, mask=None, maskParams=None, name='card_2', opacity=1.0, ori=0.0, pos=array([0., 0.]), size=array([300., 400.]), texRes=128.0, units='pix', win=Window(...))
10.7481 	EXP 	Created card_3 = ImageStim(__class__=<class 'psychopy.visual.image.ImageStim'>, anchor=('center', 'center'), autoLog=True, color=array([1., 1., 1.]), colorSpace='rgb', contrast=1.0, depth=-5.0, flipHoriz=False, flipVert=False, image='default.png', interpolate=True, mask=None, maskParams=None, name='card_3', opacity=1.0, ori=0.0, pos=array([0., 0.]), size=array([300., 400.]), texRes=128.0, units='pix', win=Window(...))
10.7668 	EXP 	Created card_4 = ImageStim(__class__=<class 'psychopy.visual.image.ImageStim'>, anchor=('center', 'center'), autoLog=True, color=array([1., 1., 1.]), colorSpace='rgb', contrast=1.0, depth=-6.0, flipHoriz=False, flipVert=False, image='default.png', interpolate=True, mask=None, maskParams=None, name='card_4', opacity=1.0, ori=0.0, pos=array([0., 0.]), size=array([300., 400.]), texRes=128.0, units='pix', win=Window(...))
10.7853 	EXP 	Created card_5 = ImageStim(__class__=<class 'psychopy.visual.image.ImageStim'>, anchor=('center', 'center'), autoLog=True, color=array([1., 1., 1.]), colorSpace='rgb', contrast=1.0, depth=-7.0, flipHoriz=False, flipVert=False, image='default.png', interpolate=True, mask=None, maskParams=None, name='card_5', opacity=1.0, ori=0.0, pos=array([0., 0.]), size=array([300., 400.]), texRes=128.0, units='pix', win=Window(...))
10.8021 	EXP 	Created card_6 = ImageStim(__class__=<class 'psychopy.visual.image.ImageStim'>, anchor=('center', 'center'), autoLog=True, color=array([1., 1., 1.]), colorSpace='rgb', contrast=1.0, depth=-8.0, flipHoriz=False, flipVert=False, image='default.png', interpolate=True, mask=None, maskParams=None, name='card_6', opacity=1.0, ori=0.0, pos=array([0., 0.]), size=array([300., 400.]), texRes=128.0, units='pix', win=Window(...))
10.8177 	EXP 	Created card_7 = ImageStim(__class__=<class 'psychopy.visual.image.ImageStim'>, anchor=('center', 'center'), autoLog=True, color=array([1., 1., 1.]), colorSpace='rgb', contrast=1.0, depth=-9.0, flipHoriz=False, flipVert=False, image='default.png', interpolate=True, mask=None, maskParams=None, name='card_7', opacity=1.0, ori=0.0, pos=array([0., 0.]), size=array([300., 400.]), texRes=128.0, units='pix', win=Window(...))
10.8329 	EXP 	Created card_8 = ImageStim(__class__=<class 'psychopy.visual.image.ImageStim'>, anchor=('center', 'center'), autoLog=True, color=array([1., 1., 1.]), colorSpace='rgb', contrast=1.0, depth=-10.0, flipHoriz=False, flipVert=False, image='default.png', interpolate=True, mask=None, maskParams=None, name='card_8', opacity=1.0, ori=0.0, pos=array([0., 0.]), size=array([300., 400.]), texRes=128.0, units='pix', win=Window(...))
10.8490 	EXP 	Created card_9 = ImageStim(__class__=<class 'psychopy.visual.image.ImageStim'>, anchor=('center', 'center'), autoLog=True, color=array([1., 1., 1.]), colorSpace='rgb', contrast=1.0, depth=-11.0, flipHoriz=False, flipVert=False, image='default.png', interpolate=True, mask=None, maskParams=None, name='card_9', opacity=1.0, ori=0.0, pos=array([0., 0.]), size=array([300., 400.]), texRes=128.0, units='pix', win=Window(...))
10.8771 	EXP 	Created text = TextStim(__class__=<class 'psychopy.visual.text.TextStim'>, alignHoriz=method-wrapper(...), alignText='center', alignVert=method-wrapper(...), anchorHoriz='center', anchorVert='center', antialias=True, autoDraw=False, autoLog=True, bold=False, color=array([1., 1., 1.]), colorSpace='rgb', contrast=1.0, depth=0.0, flipHoriz=False, flipVert=False, font='Open Sans', fontFiles=[], height=0.05, italic=False, languageStyle='LTR', name='text', opacity=1.0, ori=0.0, pos=array([0., 0.]), rgb=UNKNOWN, text=str(...), units='height', win=Window(...), wrapWidth=1)
10.8865 	EXP 	Created text_4 = TextStim(__class__=<class 'psychopy.visual.text.TextStim'>, alignHoriz=method-wrapper(...), alignText='center', alignVert=method-wrapper(...), anchorHoriz='center', anchorVert='center', antialias=True, autoDraw=False, autoLog=True, bold=False, color=array([1., 1., 1.]), colorSpace='rgb', contrast=1.0, depth=0.0, flipHoriz=False, flipVert=False, font='Open Sans', fontFiles=[], height=0.0, italic=False, languageStyle='LTR', name='text_4', opacity=1.0, ori=0.0, pos=array([0., 0.]), rgb=UNKNOWN, text='Any text\n\nincluding line breaks', units='height', win=Window(...), wrapWidth=1)
10.8895 	EXP 	Created polygon_2 = ShapeStim(__class__=<class 'psychopy.visual.shape.ShapeStim'>, anchor=('center', 'center'), autoDraw=False, autoLog=True, closeShape=True, color=method-wrapper(...), colorSpace='rgb', contrast=None, depth=-1.0, fillColor=array([1, 1, 1]), fillColorSpace='rgb', fillRGB=array([1, 1, 1]), interpolate=True, lineColor=array([1., 1., 1.]), lineColorSpace='rgb', lineRGB=array([1, 1, 1]), lineWidth=1.0, name='polygon_2', opacity=1.0, ori=0.0, pos=array([0., 0.]), size=array([0.1, 0.1]), units='height', vertices=ndarray(...), win=Window(...), windingRule=None)
10.9105 	EXP 	Created a_card = ImageStim(__class__=<class 'psychopy.visual.image.ImageStim'>, anchor=('center', 'center'), autoLog=True, color=array([1., 1., 1.]), colorSpace='rgb', contrast=1.0, depth=-2.0, flipHoriz=False, flipVert=False, image='default.png', interpolate=True, mask=None, maskParams=None, name='a_card', opacity=1.0, ori=0.0, pos=array([0., 0.]), size=array([300., 400.]), texRes=128.0, units='pix', win=Window(...))
10.9287 	EXP 	Created text_5 = TextStim(__class__=<class 'psychopy.visual.text.TextStim'>, alignHoriz=method-wrapper(...), alignText='center', alignVert=method-wrapper(...), anchorHoriz='center', anchorVert='center', antialias=True, autoDraw=False, autoLog=True, bold=False, color=array([1., 1., 1.]), colorSpace='rgb', contrast=1.0, depth=0.0, flipHoriz=False, flipVert=False, font='Open Sans', fontFiles=[], height=0.05, italic=False, languageStyle='LTR', name='text_5', opacity=1.0, ori=0.0, pos=array([0., 0.]), rgb=UNKNOWN, text=str(...), units='height', win=Window(...), wrapWidth=1)
11.0366 	EXP 	text_2: autoDraw = True
16.6746 	WARNING 	Requested image '5_of_hearts' not found but similar filename '5_of_hearts.png' exists. This will be used instead but changing the filename is advised.
16.7011 	WARNING 	Requested image 'queen_of_clubs' not found but similar filename 'queen_of_clubs.png' exists. This will be used instead but changing the filename is advised.
16.7235 	WARNING 	Requested image 'queen_of_hearts' not found but similar filename 'queen_of_hearts.png' exists. This will be used instead but changing the filename is advised.
16.7459 	WARNING 	Requested image '7_of_spades' not found but similar filename '7_of_spades.png' exists. This will be used instead but changing the filename is advised.
16.7708 	WARNING 	Requested image '2_of_hearts' not found but similar filename '2_of_hearts.png' exists. This will be used instead but changing the filename is advised.
16.7962 	WARNING 	Requested image '10_of_diamonds' not found but similar filename '10_of_diamonds.png' exists. This will be used instead but changing the filename is advised.
16.8183 	WARNING 	Requested image 'ace_of_clubs' not found but similar filename 'ace_of_clubs.png' exists. This will be used instead but changing the filename is advised.
16.8406 	WARNING 	Requested image '8_of_hearts' not found but similar filename '8_of_hearts.png' exists. This will be used instead but changing the filename is advised.
16.8644 	WARNING 	Requested image '9_of_spades' not found but similar filename '9_of_spades.png' exists. This will be used instead but changing the filename is advised.
16.8947 	DATA 	Keypress: space
16.8977 	EXP 	text_2: autoDraw = False
16.8977 	EXP 	card_1: image = '5_of_hearts'
16.8977 	EXP 	card_2: image = 'queen_of_clubs'
16.8977 	EXP 	card_3: image = 'queen_of_hearts'
16.8977 	EXP 	card_4: image = '7_of_spades'
16.8977 	EXP 	card_5: image = '2_of_hearts'
16.8977 	EXP 	card_6: image = '10_of_diamonds'
16.8977 	EXP 	card_7: image = 'ace_of_clubs'
16.8977 	EXP 	card_8: image = '8_of_hearts'
16.8977 	EXP 	card_9: image = '9_of_spades'
16.8977 	EXP 	text_3: autoDraw = True
16.8977 	EXP 	card_1: autoDraw = True
16.8977 	EXP 	card_2: autoDraw = True
16.8977 	EXP 	card_3: autoDraw = True
16.8977 	EXP 	card_4: autoDraw = True
16.8977 	EXP 	card_5: autoDraw = True
16.8977 	EXP 	card_6: autoDraw = True
16.8977 	EXP 	card_7: autoDraw = True
16.8977 	EXP 	card_8: autoDraw = True
16.8977 	EXP 	card_9: autoDraw = True
19.5331 	DATA 	Keypress: space
19.5637 	EXP 	text_3: autoDraw = False
19.5637 	EXP 	card_1: autoDraw = False
19.5637 	EXP 	card_2: autoDraw = False
19.5637 	EXP 	card_3: autoDraw = False
19.5637 	EXP 	card_4: autoDraw = False
19.5637 	EXP 	card_5: autoDraw = False
19.5637 	EXP 	card_6: autoDraw = False
19.5637 	EXP 	card_7: autoDraw = False
19.5637 	EXP 	card_8: autoDraw = False
19.5637 	EXP 	card_9: autoDraw = False
19.5637 	EXP 	text: autoDraw = True
20.9044 	DATA 	Keypress: space
20.9304 	EXP 	text: autoDraw = False
20.9304 	EXP 	text_4: autoDraw = True
20.9304 	EXP 	polygon_2: autoDraw = True
21.8997 	EXP 	Created sequence: random, trialTypes=1, nReps=180, seed=None
21.9004 	EXP 	New trial (rep=0, index=0): None
21.9007 	WARNING 	Requested image '2_of_hearts' not found but similar filename '2_of_hearts.png' exists. This will be used instead but changing the filename is advised.
21.9301 	EXP 	text_4: autoDraw = False
21.9301 	EXP 	polygon_2: autoDraw = False
21.9301 	EXP 	text_4: autoDraw = False
21.9301 	EXP 	polygon_2: autoDraw = False
21.9301 	EXP 	a_card: image = '2_of_hearts'
22.4298 	EXP 	a_card: autoDraw = True
23.8980 	EXP 	New trial (rep=1, index=0): None
23.8983 	WARNING 	Requested image '5_of_hearts' not found but similar filename '5_of_hearts.png' exists. This will be used instead but changing the filename is advised.
23.9299 	EXP 	a_card: autoDraw = False
23.9299 	EXP 	a_card: autoDraw = False
23.9299 	EXP 	a_card: image = '5_of_hearts'
24.3970 	EXP 	a_card: autoDraw = True
25.8651 	EXP 	New trial (rep=2, index=0): None
25.8654 	WARNING 	Requested image '2_of_hearts' not found but similar filename '2_of_hearts.png' exists. This will be used instead but changing the filename is advised.
25.8981 	EXP 	a_card: autoDraw = False
25.8981 	EXP 	a_card: autoDraw = False
25.8981 	EXP 	a_card: image = '2_of_hearts'
26.3971 	EXP 	a_card: autoDraw = True
27.8646 	EXP 	New trial (rep=3, index=0): None
27.8649 	WARNING 	Requested image '2_of_hearts' not found but similar filename '2_of_hearts.png' exists. This will be used instead but changing the filename is advised.
27.8966 	EXP 	a_card: autoDraw = False
27.8966 	EXP 	a_card: autoDraw = False
27.8966 	EXP 	a_card: image = '2_of_hearts'
28.4299 	EXP 	a_card: autoDraw = True
29.8982 	EXP 	New trial (rep=4, index=0): None
29.8985 	WARNING 	Requested image '8_of_hearts' not found but similar filename '8_of_hearts.png' exists. This will be used instead but changing the filename is advised.
29.9299 	EXP 	a_card: autoDraw = False
29.9299 	EXP 	a_card: autoDraw = False
29.9299 	EXP 	a_card: image = '8_of_hearts'
30.3966 	EXP 	a_card: autoDraw = True
31.8655 	EXP 	New trial (rep=5, index=0): None
31.8659 	WARNING 	Requested image '8_of_hearts' not found but similar filename '8_of_hearts.png' exists. This will be used instead but changing the filename is advised.
31.8970 	EXP 	a_card: autoDraw = False
31.8970 	EXP 	a_card: autoDraw = False
31.8970 	EXP 	a_card: image = '8_of_hearts'
32.3971 	EXP 	a_card: autoDraw = True
33.8654 	EXP 	New trial (rep=6, index=0): None
33.8658 	WARNING 	Requested image 'queen_of_hearts' not found but similar filename 'queen_of_hearts.png' exists. This will be used instead but changing the filename is advised.
33.8992 	EXP 	a_card: autoDraw = False
33.8992 	EXP 	a_card: autoDraw = False
33.8992 	EXP 	a_card: image = 'queen_of_hearts'
34.3965 	EXP 	a_card: autoDraw = True
35.8645 	EXP 	New trial (rep=7, index=0): None
35.8648 	WARNING 	Requested image '10_of_diamonds' not found but similar filename '10_of_diamonds.png' exists. This will be used instead but changing the filename is advised.
35.8969 	EXP 	a_card: autoDraw = False
35.8969 	EXP 	a_card: autoDraw = False
35.8969 	EXP 	a_card: image = '10_of_diamonds'
36.4300 	EXP 	a_card: autoDraw = True
37.8983 	EXP 	New trial (rep=8, index=0): None
37.8987 	WARNING 	Requested image '2_of_hearts' not found but similar filename '2_of_hearts.png' exists. This will be used instead but changing the filename is advised.
37.9302 	EXP 	a_card: autoDraw = False
37.9302 	EXP 	a_card: autoDraw = False
37.9302 	EXP 	a_card: image = '2_of_hearts'
38.3971 	EXP 	a_card: autoDraw = True
39.4318 	DATA 	Keypress: escape
40.1178 	EXP 	window1: mouseVisible = True
