1.8889 	ERROR 	Support for the `sounddevice` audio backend is not available this session. Please install `psychopy-sounddevice` and restart the session to enable support.
5.2105 	WARNING 	User requested fullscreen with size [1707 1067], but screen is actually [2560, 1600]. Using actual size
5.5766 	EXP 	Created window1 = Window(allowGUI=True, allowStencil=False, autoLog=True, backendConf=UNKNOWN, backgroundFit=<method-wrapper '__getattribute__' of attributeSetter object at 0x000001EF87A45C10>, backgroundImage=<method-wrapper '__getattribute__' of attributeSetter object at 0x000001EF87A45BB0>, bitsMode=UNKNOWN, blendMode='avg', bpc=(8, 8, 8), color=array([0, 0, 0]), colorSpace='rgb', depthBits=8, fullscr=<method-wrapper '__getattribute__' of attributeSetter object at 0x000001EF87A458E0>, gamma=None, gammaErrorPolicy='raise', lms=UNKNOWN, monitor=<psychopy.monitors.calibTools.Monitor object at 0x000001EF88F5F7C0>, multiSample=False, name='window1', numSamples=2, pos=(-2560, 0), screen=0, size=array([2560, 1600]), stencilBits=0, stereo=False, units='height', useFBO=True, useRetina=False, viewOri=0.0, viewPos=None, viewScale=None, waitBlanking=True, winType='pyglet')
5.5766 	EXP 	window1: mouseVisible = True
5.5766 	EXP 	window1: backgroundImage = ''
5.5766 	EXP 	window1: backgroundFit = 'none'
5.5767 	EXP 	window1: mouseVisible = False
5.5767 	EXP 	window1: Attempting to measure frame rate of screen (0) ...
5.5767 	EXP 	window1: recordFrameIntervals = False
5.6370 	EXP 	window1: recordFrameIntervals = True
5.7038 	EXP 	Screen (0) actual frame rate measured at 164.75Hz
5.7038 	EXP 	window1: recordFrameIntervals = False
7.3664 	EXP 	Created text_2 = TextStim(__class__=<class 'psychopy.visual.text.TextStim'>, alignHoriz=method-wrapper(...), alignText='center', alignVert=method-wrapper(...), anchorHoriz='center', anchorVert='center', antialias=True, autoDraw=False, autoLog=True, bold=False, color=array([1., 1., 1.]), colorSpace='rgb', contrast=1.0, depth=-1.0, flipHoriz=False, flipVert=False, font='Open Sans', fontFiles=[], height=0.05, italic=False, languageStyle='LTR', name='text_2', opacity=1.0, ori=0.0, pos=array([0., 0.]), rgb=UNKNOWN, text=str(...), units='height', win=Window(...), wrapWidth=1)
7.3828 	EXP 	Created card_1 = ImageStim(__class__=<class 'psychopy.visual.image.ImageStim'>, anchor=('center', 'center'), autoLog=True, color=array([1., 1., 1.]), colorSpace='rgb', contrast=1.0, depth=-2.0, flipHoriz=False, flipVert=False, image='default.png', interpolate=True, mask=None, maskParams=None, name='card_1', opacity=1.0, ori=0.0, pos=array([0., 0.]), size=array([0.2  , 0.266]), texRes=128.0, units='height', win=Window(...))
7.3933 	EXP 	Created card_2 = ImageStim(__class__=<class 'psychopy.visual.image.ImageStim'>, anchor=('center', 'center'), autoLog=True, color=array([1., 1., 1.]), colorSpace='rgb', contrast=1.0, depth=-3.0, flipHoriz=False, flipVert=False, image='default.png', interpolate=True, mask=None, maskParams=None, name='card_2', opacity=1.0, ori=0.0, pos=array([0., 0.]), size=array([300., 400.]), texRes=128.0, units='pix', win=Window(...))
7.4145 	EXP 	Created card_3 = ImageStim(__class__=<class 'psychopy.visual.image.ImageStim'>, anchor=('center', 'center'), autoLog=True, color=array([1., 1., 1.]), colorSpace='rgb', contrast=1.0, depth=-4.0, flipHoriz=False, flipVert=False, image='default.png', interpolate=True, mask=None, maskParams=None, name='card_3', opacity=1.0, ori=0.0, pos=array([0., 0.]), size=array([300., 400.]), texRes=128.0, units='pix', win=Window(...))
7.4255 	EXP 	Created card_4 = ImageStim(__class__=<class 'psychopy.visual.image.ImageStim'>, anchor=('center', 'center'), autoLog=True, color=array([1., 1., 1.]), colorSpace='rgb', contrast=1.0, depth=-5.0, flipHoriz=False, flipVert=False, image='default.png', interpolate=True, mask=None, maskParams=None, name='card_4', opacity=1.0, ori=0.0, pos=array([0., 0.]), size=array([300., 400.]), texRes=128.0, units='pix', win=Window(...))
7.4414 	EXP 	Created card_5 = ImageStim(__class__=<class 'psychopy.visual.image.ImageStim'>, anchor=('center', 'center'), autoLog=True, color=array([1., 1., 1.]), colorSpace='rgb', contrast=1.0, depth=-6.0, flipHoriz=False, flipVert=False, image='default.png', interpolate=True, mask=None, maskParams=None, name='card_5', opacity=1.0, ori=0.0, pos=array([0., 0.]), size=array([300., 400.]), texRes=128.0, units='pix', win=Window(...))
7.4623 	EXP 	Created card_6 = ImageStim(__class__=<class 'psychopy.visual.image.ImageStim'>, anchor=('center', 'center'), autoLog=True, color=array([1., 1., 1.]), colorSpace='rgb', contrast=1.0, depth=-7.0, flipHoriz=False, flipVert=False, image='default.png', interpolate=True, mask=None, maskParams=None, name='card_6', opacity=1.0, ori=0.0, pos=array([0., 0.]), size=array([300., 400.]), texRes=128.0, units='pix', win=Window(...))
7.4734 	EXP 	Created card_7 = ImageStim(__class__=<class 'psychopy.visual.image.ImageStim'>, anchor=('center', 'center'), autoLog=True, color=array([1., 1., 1.]), colorSpace='rgb', contrast=1.0, depth=-8.0, flipHoriz=False, flipVert=False, image='default.png', interpolate=True, mask=None, maskParams=None, name='card_7', opacity=1.0, ori=0.0, pos=array([0., 0.]), size=array([300., 400.]), texRes=128.0, units='pix', win=Window(...))
7.4851 	EXP 	Created card_8 = ImageStim(__class__=<class 'psychopy.visual.image.ImageStim'>, anchor=('center', 'center'), autoLog=True, color=array([1., 1., 1.]), colorSpace='rgb', contrast=1.0, depth=-9.0, flipHoriz=False, flipVert=False, image='default.png', interpolate=True, mask=None, maskParams=None, name='card_8', opacity=1.0, ori=0.0, pos=array([0., 0.]), size=array([300., 400.]), texRes=128.0, units='pix', win=Window(...))
7.4969 	EXP 	Created card_9 = ImageStim(__class__=<class 'psychopy.visual.image.ImageStim'>, anchor=('center', 'center'), autoLog=True, color=array([1., 1., 1.]), colorSpace='rgb', contrast=1.0, depth=-10.0, flipHoriz=False, flipVert=False, image='default.png', interpolate=True, mask=None, maskParams=None, name='card_9', opacity=1.0, ori=0.0, pos=array([0., 0.]), size=array([300., 400.]), texRes=128.0, units='pix', win=Window(...))
7.4980 	EXP 	Created text = TextStim(__class__=<class 'psychopy.visual.text.TextStim'>, alignHoriz=method-wrapper(...), alignText='center', alignVert=method-wrapper(...), anchorHoriz='center', anchorVert='center', antialias=True, autoDraw=False, autoLog=True, bold=False, color=array([1., 1., 1.]), colorSpace='rgb', contrast=1.0, depth=0.0, flipHoriz=False, flipVert=False, font='Open Sans', fontFiles=[], height=0.05, italic=False, languageStyle='LTR', name='text', opacity=1.0, ori=0.0, pos=array([0., 0.]), rgb=UNKNOWN, text='', units='height', win=Window(...), wrapWidth=1)
7.5156 	EXP 	Created card_shown = ImageStim(__class__=<class 'psychopy.visual.image.ImageStim'>, anchor=('center', 'center'), autoLog=True, color=array([1., 1., 1.]), colorSpace='rgb', contrast=1.0, depth=-2.0, flipHoriz=False, flipVert=False, image='default.png', interpolate=True, mask=None, maskParams=None, name='card_shown', opacity=1.0, ori=0.0, pos=array([0., 0.]), size=array([300., 400.]), texRes=128.0, units='pix', win=Window(...))
7.6096 	EXP 	text_2: autoDraw = True
8.4308 	WARNING 	Requested image '4_of_diamonds' not found but similar filename '4_of_diamonds.png' exists. This will be used instead but changing the filename is advised.
8.4478 	WARNING 	Requested image '2_of_hearts' not found but similar filename '2_of_hearts.png' exists. This will be used instead but changing the filename is advised.
8.4659 	WARNING 	Requested image '3_of_spades' not found but similar filename '3_of_spades.png' exists. This will be used instead but changing the filename is advised.
8.4837 	WARNING 	Requested image '5_of_diamonds' not found but similar filename '5_of_diamonds.png' exists. This will be used instead but changing the filename is advised.
8.5013 	WARNING 	Requested image '10_of_spades' not found but similar filename '10_of_spades.png' exists. This will be used instead but changing the filename is advised.
8.5188 	WARNING 	Requested image 'king_of_hearts' not found but similar filename 'king_of_hearts.png' exists. This will be used instead but changing the filename is advised.
8.5367 	WARNING 	Requested image '9_of_hearts' not found but similar filename '9_of_hearts.png' exists. This will be used instead but changing the filename is advised.
8.5545 	WARNING 	Requested image 'queen_of_hearts' not found but similar filename 'queen_of_hearts.png' exists. This will be used instead but changing the filename is advised.
8.5726 	WARNING 	Requested image '5_of_hearts' not found but similar filename '5_of_hearts.png' exists. This will be used instead but changing the filename is advised.
8.5929 	DATA 	Keypress: space
8.5984 	EXP 	text_2: autoDraw = False
8.5984 	EXP 	card_1: image = '4_of_diamonds'
8.5984 	EXP 	card_2: image = '2_of_hearts'
8.5984 	EXP 	card_3: image = '3_of_spades'
8.5984 	EXP 	card_4: image = '5_of_diamonds'
8.5984 	EXP 	card_5: image = '10_of_spades'
8.5984 	EXP 	card_6: image = 'king_of_hearts'
8.5984 	EXP 	card_7: image = '9_of_hearts'
8.5984 	EXP 	card_8: image = 'queen_of_hearts'
8.5984 	EXP 	card_9: image = '5_of_hearts'
8.5984 	EXP 	card_1: autoDraw = True
8.5984 	EXP 	card_2: autoDraw = True
8.5984 	EXP 	card_3: autoDraw = True
8.5984 	EXP 	card_4: autoDraw = True
8.5984 	EXP 	card_5: autoDraw = True
8.5984 	EXP 	card_6: autoDraw = True
8.5984 	EXP 	card_7: autoDraw = True
8.5984 	EXP 	card_8: autoDraw = True
8.5984 	EXP 	card_9: autoDraw = True
16.5263 	DATA 	Keypress: escape
16.8249 	EXP 	window1: mouseVisible = True
